INFO|2020-11-03 21:09:58,256|pysph.solver.application|Started as:
cavity.py --max-steps 50
INFO|2020-11-03 21:09:58,256|pysph.solver.application|Running on Hope with address 192.168.0.28
INFO|2020-11-03 21:09:58,256|pysph.solver.application|Using OpenMP schedule dynamic,64
INFO|2020-11-03 21:09:58,271|pysph.solver.application|Generating output in E:\IIT Bombay - Miscellaneous\Winter Project\SLP-Smoothed-Particle-Hydrodynamics\SLP\Cavity\cavity_output
INFO|2020-11-03 21:09:58,508|compyle.ext_module|Precompiled code from: C:\Users\prajw\.pysph\source\py3.8-win-amd64\m_6c296a427edb0d7b2266e878cbc941af.pyx
INFO|2020-11-03 21:09:58,641|compyle.ext_module|Precompiled code from: C:\Users\prajw\.pysph\source\py3.8-win-amd64\m_8351e0fbf20041513a70224c5c5ebe5e.pyx
INFO|2020-11-03 21:09:59,347|pysph.solver.application|----------------------------------------------------------------------
No of particles:
  fluid: 2500
  solid: 1344
  Total: 3844
----------------------------------------------------------------------
INFO|2020-11-03 21:09:59,349|pysph.solver.application|Using kernel:
----------------------------------------------------------------------
  WendlandQuintic(dim=2)
----------------------------------------------------------------------
INFO|2020-11-03 21:09:59,349|pysph.solver.application|Using nnps:
----------------------------------------------------------------------
  LinkedListNNPS(dim=2)
----------------------------------------------------------------------
INFO|2020-11-03 21:09:59,349|pysph.solver.application|Using integrator:
----------------------------------------------------------------------
  RK4Integrator(fluid=RK4Step())
----------------------------------------------------------------------
INFO|2020-11-03 21:09:59,350|pysph.solver.application|Using equations:
----------------------------------------------------------------------
MultiStageEquations(groups=[
  [
  # Stage 0
  Group(equations=[
      EvaluateNumberDensity(dest='solid', sources=['fluid'], hij_fac=0.5)
    ],
    real=False, update_nnps=False, iterate=False, max_iterations=1,
    min_iterations=0, start_idx=0), 
  Group(equations=[
      GradientCorrectionPreStep(dest='fluid', sources=['fluid', 'solid'],
      dim=2), 
      GradientCorrection(dest='fluid', sources=['fluid', 'solid'], dim=2,
      tol=0.1), 
      ContinuityEquationDeltaSPHPreStep(dest='fluid', sources=['fluid',
      'solid'])
    ],
    real=False, update_nnps=False, iterate=False, max_iterations=1,
    min_iterations=0, start_idx=0), 
  Group(equations=[
      ContinuityEquation(dest='fluid', sources=['fluid', 'solid']), 
      ContinuityEquationDeltaSPH(dest='fluid', sources=['fluid', 'solid'],
      c0=10.0, delta=0.1)
    ],
    real=False, update_nnps=False, iterate=False, max_iterations=1,
    min_iterations=0, start_idx=0), 
  Group(equations=[
      IsothermalEOS(dest='fluid', sources=None, rho0=1.0, c0=10.0, p0=0.0)
    ],
    real=False, update_nnps=False, iterate=False, max_iterations=1,
    min_iterations=0, start_idx=0), 
  Group(equations=[
      SetWallVelocity(dest='solid', sources=['fluid']), 
      SetPressureSolid(dest='solid', sources=['fluid'], rho0=1.0, p0=100.0,
      b=1.0, gx=0.0, gy=0.0, gz=0.0, hij_fac=0.5)
    ],
    real=False, update_nnps=False, iterate=False, max_iterations=1,
    min_iterations=0, start_idx=0), 
  Group(equations=[
      LaminarViscosityDeltaSPHPreStep(dest='fluid', sources=['fluid'],
      fx=0.0, fy=0.0, fz=0.0), 
      LaminarViscosityDeltaSPH(dest='fluid', sources=['fluid'], dim=2,
      rho0=1.0, nu=0.01), 
      SolidWallNoSlipBC(dest='fluid', sources=['solid'], nu=0.01), 
      Spatial_Acceleration(dest='fluid', sources=['fluid'])
    ],
    real=True, update_nnps=False, iterate=False, max_iterations=1,
    min_iterations=0, start_idx=0)
  # End Stage 0
  ],
  [
  # Stage 1
  Group(equations=[
      GradientCorrectionPreStep(dest='fluid', sources=['fluid', 'solid'],
      dim=2), 
      GradientCorrection(dest='fluid', sources=['fluid', 'solid'], dim=2,
      tol=0.1), 
      PST_PreStep_1(dest='fluid', sources=['fluid', 'solid'], dim=2,
      boundedFlow=True), 
      PST_PreStep_2(dest='fluid', sources=['fluid', 'solid'], H=0.0, dim=2,
      boundedFlow=True)
    ],
    real=False, update_nnps=False, iterate=False, max_iterations=1,
    min_iterations=0, start_idx=0)
  # End Stage 1
  ],
])
----------------------------------------------------------------------
INFO|2020-11-03 21:09:59,356|pysph.solver.application|Callbacks:
----------------------------------------------------------------------

INFO|2020-11-03 21:09:59,356|pysph.solver.application|Pre-step callbacks:
[]

INFO|2020-11-03 21:09:59,357|pysph.solver.application|Post-step callbacks:
[]

INFO|2020-11-03 21:09:59,357|pysph.solver.application|Post-stage callbacks:
[]
----------------------------------------------------------------------

INFO|2020-11-03 21:09:59,357|pysph.solver.application|Setup took: 1.11138 secs
INFO|2020-11-03 21:09:59,358|pysph.solver.solver|Writing output at time 0, iteration 0, dt = 0.000545455
