INFO|2020-10-10 19:37:30,443|pysph.solver.application|Started as:
Cavity-PySPH.py --openmp --nx 200 -d HR
INFO|2020-10-10 19:37:30,443|pysph.solver.application|Running on Hope with address 192.168.0.25
INFO|2020-10-10 19:37:30,443|pysph.solver.application|Using OpenMP schedule dynamic,64
INFO|2020-10-10 19:37:30,628|pysph.solver.application|Generating output in E:\IIT Bombay\Winter Project - 2019\SLP-Smoothed-Particle-Hydrodynamics\SLP\Cavity\HR
INFO|2020-10-10 19:37:30,836|compyle.ext_module|Precompiled code from: C:\Users\prajw\.pysph\source\py3.8-win-amd64\m_9d65b2eacce878d140310245fdbf6c12.pyx
INFO|2020-10-10 19:37:30,965|pysph.solver.application|----------------------------------------------------------------------
No of particles:
  fluid: 40000
  solid: 4521
  Total: 44521
----------------------------------------------------------------------
INFO|2020-10-10 19:37:30,967|pysph.solver.application|Using kernel:
----------------------------------------------------------------------
  WendlandQuintic(dim=2)
----------------------------------------------------------------------
INFO|2020-10-10 19:37:30,967|pysph.solver.application|Using nnps:
----------------------------------------------------------------------
  LinkedListNNPS(dim=2)
----------------------------------------------------------------------
INFO|2020-10-10 19:37:30,967|pysph.solver.application|Using integrator:
----------------------------------------------------------------------
  PECIntegrator(fluid=TransportVelocityStep_DPSPH())
----------------------------------------------------------------------
INFO|2020-10-10 19:37:30,971|pysph.solver.application|Using equations:
----------------------------------------------------------------------
[
Group(equations=[
    GradientCorrectionPreStep(dest='fluid', sources=['fluid', 'solid'],
    dim=2), 
    GradientCorrection(dest='fluid', sources=['fluid', 'solid'], dim=2,
    tol=0.1), 
    ContinuityEquationDeltaSPHPreStep(dest='fluid', sources=['fluid',
    'solid'])
  ],
  real=False, update_nnps=False, iterate=False, max_iterations=1,
  min_iterations=0, start_idx=0),
Group(equations=[
    ContinuityEquation(dest='fluid', sources=['fluid', 'solid']), 
    ContinuityEquationDeltaSPH(dest='fluid', sources=['fluid', 'solid'],
    c0=10.0, delta=0.1)
  ],
  real=False, update_nnps=False, iterate=False, max_iterations=1,
  min_iterations=0, start_idx=0),
Group(equations=[
    IsothermalEOS(dest='fluid', sources=None, rho0=1.0, c0=10.0, p0=0.0), 
    SetWallVelocity(dest='solid', sources=['fluid'])
  ],
  real=False, update_nnps=False, iterate=False, max_iterations=1,
  min_iterations=0, start_idx=0),
Group(equations=[
    SolidWallPressureBC(dest='solid', sources=['fluid'], rho0=1.0,
    p0=100.0, b=1.0, gx=0.0, gy=0.0, gz=0.0)
  ],
  real=False, update_nnps=False, iterate=False, max_iterations=1,
  min_iterations=0, start_idx=0),
Group(equations=[
    MomentumEquationPressureGradient(dest='fluid', sources=['fluid',
    'solid'], pb=100.0, gx=0.0, gy=0.0, gz=0.0, tdamp=0.0), 
    LaminarViscosityDeltaSPHPreStep(dest='fluid', sources=['fluid'],
    fx=0.0, fy=0.0, fz=0.0), 
    LaminarViscosityDeltaSPH(dest='fluid', sources=['fluid'], dim=2,
    rho0=1.0, nu=0.01), 
    SolidWallNoSlipBC(dest='fluid', sources=['solid'], nu=0.01)
  ],
  real=True, update_nnps=False, iterate=False, max_iterations=1,
  min_iterations=0, start_idx=0)
]
----------------------------------------------------------------------
INFO|2020-10-10 19:37:30,971|pysph.solver.application|Callbacks:
----------------------------------------------------------------------

INFO|2020-10-10 19:37:30,971|pysph.solver.application|Pre-step callbacks:
[]

INFO|2020-10-10 19:37:30,972|pysph.solver.application|Post-step callbacks:
[]

INFO|2020-10-10 19:37:30,972|pysph.solver.application|Post-stage callbacks:
[]
----------------------------------------------------------------------

INFO|2020-10-10 19:37:30,972|pysph.solver.application|Setup took: 0.53886 secs
INFO|2020-10-10 19:37:30,973|pysph.solver.solver|Writing output at time 0, iteration 0, dt = 6.04545e-05
INFO|2020-10-10 19:38:16,751|pysph.solver.solver|Writing output at time 0.0302273, iteration 500, dt = 6.04545e-05
INFO|2020-10-10 19:39:03,047|pysph.solver.solver|Writing output at time 0.0604545, iteration 1000, dt = 6.04545e-05
INFO|2020-10-10 19:39:48,400|pysph.solver.application|Started as:
Cavity-PySPH.py --openmp --nx 200 -d HR --pfreq 200
INFO|2020-10-10 19:39:48,400|pysph.solver.application|Running on Hope with address 192.168.0.25
INFO|2020-10-10 19:39:48,400|pysph.solver.application|Using OpenMP schedule dynamic,64
INFO|2020-10-10 19:39:48,582|pysph.solver.application|Generating output in E:\IIT Bombay\Winter Project - 2019\SLP-Smoothed-Particle-Hydrodynamics\SLP\Cavity\HR
INFO|2020-10-10 19:39:48,791|compyle.ext_module|Precompiled code from: C:\Users\prajw\.pysph\source\py3.8-win-amd64\m_9d65b2eacce878d140310245fdbf6c12.pyx
INFO|2020-10-10 19:39:48,793|pysph.solver.application|----------------------------------------------------------------------
No of particles:
  fluid: 40000
  solid: 4521
  Total: 44521
----------------------------------------------------------------------
INFO|2020-10-10 19:39:48,794|pysph.solver.application|Using kernel:
----------------------------------------------------------------------
  WendlandQuintic(dim=2)
----------------------------------------------------------------------
INFO|2020-10-10 19:39:48,794|pysph.solver.application|Using nnps:
----------------------------------------------------------------------
  LinkedListNNPS(dim=2)
----------------------------------------------------------------------
INFO|2020-10-10 19:39:48,794|pysph.solver.application|Using integrator:
----------------------------------------------------------------------
  PECIntegrator(fluid=TransportVelocityStep_DPSPH())
----------------------------------------------------------------------
INFO|2020-10-10 19:39:48,799|pysph.solver.application|Using equations:
----------------------------------------------------------------------
[
Group(equations=[
    GradientCorrectionPreStep(dest='fluid', sources=['fluid', 'solid'],
    dim=2), 
    GradientCorrection(dest='fluid', sources=['fluid', 'solid'], dim=2,
    tol=0.1), 
    ContinuityEquationDeltaSPHPreStep(dest='fluid', sources=['fluid',
    'solid'])
  ],
  real=False, update_nnps=False, iterate=False, max_iterations=1,
  min_iterations=0, start_idx=0),
Group(equations=[
    ContinuityEquation(dest='fluid', sources=['fluid', 'solid']), 
    ContinuityEquationDeltaSPH(dest='fluid', sources=['fluid', 'solid'],
    c0=10.0, delta=0.1)
  ],
  real=False, update_nnps=False, iterate=False, max_iterations=1,
  min_iterations=0, start_idx=0),
Group(equations=[
    IsothermalEOS(dest='fluid', sources=None, rho0=1.0, c0=10.0, p0=0.0), 
    SetWallVelocity(dest='solid', sources=['fluid'])
  ],
  real=False, update_nnps=False, iterate=False, max_iterations=1,
  min_iterations=0, start_idx=0),
Group(equations=[
    SolidWallPressureBC(dest='solid', sources=['fluid'], rho0=1.0,
    p0=100.0, b=1.0, gx=0.0, gy=0.0, gz=0.0)
  ],
  real=False, update_nnps=False, iterate=False, max_iterations=1,
  min_iterations=0, start_idx=0),
Group(equations=[
    MomentumEquationPressureGradient(dest='fluid', sources=['fluid',
    'solid'], pb=100.0, gx=0.0, gy=0.0, gz=0.0, tdamp=0.0), 
    LaminarViscosityDeltaSPHPreStep(dest='fluid', sources=['fluid'],
    fx=0.0, fy=0.0, fz=0.0), 
    LaminarViscosityDeltaSPH(dest='fluid', sources=['fluid'], dim=2,
    rho0=1.0, nu=0.01), 
    SolidWallNoSlipBC(dest='fluid', sources=['solid'], nu=0.01)
  ],
  real=True, update_nnps=False, iterate=False, max_iterations=1,
  min_iterations=0, start_idx=0)
]
----------------------------------------------------------------------
INFO|2020-10-10 19:39:48,799|pysph.solver.application|Callbacks:
----------------------------------------------------------------------

INFO|2020-10-10 19:39:48,799|pysph.solver.application|Pre-step callbacks:
[]

INFO|2020-10-10 19:39:48,800|pysph.solver.application|Post-step callbacks:
[]

INFO|2020-10-10 19:39:48,800|pysph.solver.application|Post-stage callbacks:
[]
----------------------------------------------------------------------

INFO|2020-10-10 19:39:48,800|pysph.solver.application|Setup took: 0.40772 secs
INFO|2020-10-10 19:39:48,802|pysph.solver.solver|Writing output at time 0, iteration 0, dt = 6.04545e-05
INFO|2020-10-10 19:40:07,955|pysph.solver.solver|Writing output at time 0.0120909, iteration 200, dt = 6.04545e-05
INFO|2020-10-10 19:40:30,945|pysph.solver.solver|Writing output at time 0.0241818, iteration 400, dt = 6.04545e-05
INFO|2020-10-10 19:40:53,102|pysph.solver.solver|Writing output at time 0.0362727, iteration 600, dt = 6.04545e-05
INFO|2020-10-10 19:41:14,966|pysph.solver.solver|Writing output at time 0.0483636, iteration 800, dt = 6.04545e-05
INFO|2020-10-10 19:41:39,053|pysph.solver.solver|Writing output at time 0.0604545, iteration 1000, dt = 6.04545e-05
INFO|2020-10-10 19:42:01,458|pysph.solver.solver|Writing output at time 0.0725455, iteration 1200, dt = 6.04545e-05
INFO|2020-10-10 19:42:23,146|pysph.solver.solver|Writing output at time 0.0846364, iteration 1400, dt = 6.04545e-05
INFO|2020-10-10 19:42:46,209|pysph.solver.solver|Writing output at time 0.0967273, iteration 1600, dt = 6.04545e-05
INFO|2020-10-10 19:43:07,999|pysph.solver.solver|Writing output at time 0.108818, iteration 1800, dt = 6.04545e-05
INFO|2020-10-10 19:43:30,348|pysph.solver.solver|Writing output at time 0.120909, iteration 2000, dt = 6.04545e-05
INFO|2020-10-10 19:43:52,002|pysph.solver.solver|Writing output at time 0.133, iteration 2200, dt = 6.04545e-05
INFO|2020-10-10 19:44:13,765|pysph.solver.solver|Writing output at time 0.145091, iteration 2400, dt = 6.04545e-05
INFO|2020-10-10 19:44:35,663|pysph.solver.solver|Writing output at time 0.157182, iteration 2600, dt = 6.04545e-05
INFO|2020-10-10 19:45:01,805|pysph.solver.solver|Writing output at time 0.169273, iteration 2800, dt = 6.04545e-05
INFO|2020-10-10 19:45:32,101|pysph.solver.solver|Writing output at time 0.181364, iteration 3000, dt = 6.04545e-05
INFO|2020-10-10 19:45:56,217|pysph.solver.solver|Writing output at time 0.193455, iteration 3200, dt = 6.04545e-05
INFO|2020-10-10 19:46:19,990|pysph.solver.solver|Writing output at time 0.205545, iteration 3400, dt = 6.04545e-05
INFO|2020-10-10 19:46:42,480|pysph.solver.solver|Writing output at time 0.217636, iteration 3600, dt = 6.04545e-05
INFO|2020-10-10 19:47:05,777|pysph.solver.solver|Writing output at time 0.229727, iteration 3800, dt = 6.04545e-05
INFO|2020-10-10 19:47:29,689|pysph.solver.solver|Writing output at time 0.241818, iteration 4000, dt = 6.04545e-05
INFO|2020-10-10 19:47:52,215|pysph.solver.solver|Writing output at time 0.253909, iteration 4200, dt = 6.04545e-05
INFO|2020-10-10 19:48:15,261|pysph.solver.solver|Writing output at time 0.266, iteration 4400, dt = 6.04545e-05
INFO|2020-10-10 19:48:40,530|pysph.solver.solver|Writing output at time 0.278091, iteration 4600, dt = 6.04545e-05
INFO|2020-10-10 19:49:08,415|pysph.solver.solver|Writing output at time 0.290182, iteration 4800, dt = 6.04545e-05
INFO|2020-10-10 19:49:34,240|pysph.solver.solver|Writing output at time 0.302273, iteration 5000, dt = 6.04545e-05
INFO|2020-10-10 19:49:58,386|pysph.solver.solver|Writing output at time 0.314364, iteration 5200, dt = 6.04545e-05
INFO|2020-10-10 19:50:20,729|pysph.solver.solver|Writing output at time 0.326455, iteration 5400, dt = 6.04545e-05
INFO|2020-10-10 19:50:43,821|pysph.solver.solver|Writing output at time 0.338545, iteration 5600, dt = 6.04545e-05
INFO|2020-10-10 19:51:06,857|pysph.solver.solver|Writing output at time 0.350636, iteration 5800, dt = 6.04545e-05
INFO|2020-10-10 19:51:29,378|pysph.solver.solver|Writing output at time 0.362727, iteration 6000, dt = 6.04545e-05
INFO|2020-10-10 19:51:52,558|pysph.solver.solver|Writing output at time 0.374818, iteration 6200, dt = 6.04545e-05
INFO|2020-10-10 19:52:16,706|pysph.solver.solver|Writing output at time 0.386909, iteration 6400, dt = 6.04545e-05
INFO|2020-10-10 19:52:39,283|pysph.solver.solver|Writing output at time 0.399, iteration 6600, dt = 6.04545e-05
INFO|2020-10-10 19:53:01,826|pysph.solver.solver|Writing output at time 0.411091, iteration 6800, dt = 6.04545e-05
INFO|2020-10-10 19:53:24,418|pysph.solver.solver|Writing output at time 0.423182, iteration 7000, dt = 6.04545e-05
INFO|2020-10-10 19:53:47,776|pysph.solver.solver|Writing output at time 0.435273, iteration 7200, dt = 6.04545e-05
INFO|2020-10-10 19:54:15,187|pysph.solver.solver|Writing output at time 0.447364, iteration 7400, dt = 6.04545e-05
INFO|2020-10-10 19:54:39,466|pysph.solver.solver|Writing output at time 0.459455, iteration 7600, dt = 6.04545e-05
INFO|2020-10-10 19:55:02,211|pysph.solver.solver|Writing output at time 0.471545, iteration 7800, dt = 6.04545e-05
INFO|2020-10-10 19:55:25,155|pysph.solver.solver|Writing output at time 0.483636, iteration 8000, dt = 6.04545e-05
INFO|2020-10-10 19:55:48,955|pysph.solver.solver|Writing output at time 0.495727, iteration 8200, dt = 6.04545e-05
INFO|2020-10-10 19:56:11,824|pysph.solver.solver|Writing output at time 0.507818, iteration 8400, dt = 6.04545e-05
INFO|2020-10-10 19:56:35,094|pysph.solver.solver|Writing output at time 0.519909, iteration 8600, dt = 6.04545e-05
INFO|2020-10-10 19:56:58,190|pysph.solver.solver|Writing output at time 0.532, iteration 8800, dt = 6.04545e-05
INFO|2020-10-10 19:57:22,111|pysph.solver.solver|Writing output at time 0.544091, iteration 9000, dt = 6.04545e-05
INFO|2020-10-10 19:57:46,571|pysph.solver.solver|Writing output at time 0.556182, iteration 9200, dt = 6.04545e-05
INFO|2020-10-10 19:58:09,061|pysph.solver.solver|Writing output at time 0.568273, iteration 9400, dt = 6.04545e-05
INFO|2020-10-10 19:58:31,646|pysph.solver.solver|Writing output at time 0.580364, iteration 9600, dt = 6.04545e-05
INFO|2020-10-10 19:58:54,641|pysph.solver.solver|Writing output at time 0.592455, iteration 9800, dt = 6.04545e-05
INFO|2020-10-10 19:59:18,782|pysph.solver.solver|Writing output at time 0.604545, iteration 10000, dt = 6.04545e-05
INFO|2020-10-10 19:59:41,255|pysph.solver.solver|Writing output at time 0.616636, iteration 10200, dt = 6.04545e-05
INFO|2020-10-10 20:00:05,497|pysph.solver.solver|Writing output at time 0.628727, iteration 10400, dt = 6.04545e-05
INFO|2020-10-10 20:00:33,078|pysph.solver.solver|Writing output at time 0.640818, iteration 10600, dt = 6.04545e-05
INFO|2020-10-10 20:01:03,356|pysph.solver.solver|Writing output at time 0.652909, iteration 10800, dt = 6.04545e-05
INFO|2020-10-10 20:01:35,595|pysph.solver.solver|Writing output at time 0.665, iteration 11000, dt = 6.04545e-05
INFO|2020-10-10 20:02:03,396|pysph.solver.solver|Writing output at time 0.677091, iteration 11200, dt = 6.04545e-05
INFO|2020-10-10 20:02:26,890|pysph.solver.solver|Writing output at time 0.689182, iteration 11400, dt = 6.04545e-05
INFO|2020-10-10 20:02:49,340|pysph.solver.solver|Writing output at time 0.701273, iteration 11600, dt = 6.04545e-05
INFO|2020-10-10 20:03:12,724|pysph.solver.solver|Writing output at time 0.713364, iteration 11800, dt = 6.04545e-05
INFO|2020-10-10 20:03:36,658|pysph.solver.solver|Writing output at time 0.725455, iteration 12000, dt = 6.04545e-05
INFO|2020-10-10 20:04:05,829|pysph.solver.solver|Writing output at time 0.737545, iteration 12200, dt = 6.04545e-05
INFO|2020-10-10 20:04:30,527|pysph.solver.solver|Writing output at time 0.749636, iteration 12400, dt = 6.04545e-05
INFO|2020-10-10 20:04:57,116|pysph.solver.solver|Writing output at time 0.761727, iteration 12600, dt = 6.04545e-05
INFO|2020-10-10 20:05:23,130|pysph.solver.solver|Writing output at time 0.773818, iteration 12800, dt = 6.04545e-05
INFO|2020-10-10 20:05:46,795|pysph.solver.solver|Writing output at time 0.785909, iteration 13000, dt = 6.04545e-05
INFO|2020-10-10 20:06:09,342|pysph.solver.solver|Writing output at time 0.798, iteration 13200, dt = 6.04545e-05
INFO|2020-10-10 20:06:31,637|pysph.solver.solver|Writing output at time 0.810091, iteration 13400, dt = 6.04545e-05
INFO|2020-10-10 20:06:53,659|pysph.solver.solver|Writing output at time 0.822182, iteration 13600, dt = 6.04545e-05
INFO|2020-10-10 20:07:21,190|pysph.solver.solver|Writing output at time 0.834273, iteration 13800, dt = 6.04545e-05
INFO|2020-10-10 20:07:48,782|pysph.solver.solver|Writing output at time 0.846364, iteration 14000, dt = 6.04545e-05
INFO|2020-10-10 20:08:15,757|pysph.solver.solver|Writing output at time 0.858455, iteration 14200, dt = 6.04545e-05
INFO|2020-10-10 20:08:41,409|pysph.solver.solver|Writing output at time 0.870545, iteration 14400, dt = 6.04545e-05
INFO|2020-10-10 20:09:04,082|pysph.solver.solver|Writing output at time 0.882636, iteration 14600, dt = 6.04545e-05
INFO|2020-10-10 20:09:26,568|pysph.solver.solver|Writing output at time 0.894727, iteration 14800, dt = 6.04545e-05
INFO|2020-10-10 20:09:49,528|pysph.solver.solver|Writing output at time 0.906818, iteration 15000, dt = 6.04545e-05
INFO|2020-10-10 20:10:12,216|pysph.solver.solver|Writing output at time 0.918909, iteration 15200, dt = 6.04545e-05
INFO|2020-10-10 20:10:34,983|pysph.solver.solver|Writing output at time 0.931, iteration 15400, dt = 6.04545e-05
INFO|2020-10-10 20:10:58,417|pysph.solver.solver|Writing output at time 0.943091, iteration 15600, dt = 6.04545e-05
INFO|2020-10-10 20:11:23,240|pysph.solver.solver|Writing output at time 0.955182, iteration 15800, dt = 6.04545e-05
INFO|2020-10-10 20:11:46,914|pysph.solver.solver|Writing output at time 0.967273, iteration 16000, dt = 6.04545e-05
INFO|2020-10-10 20:12:13,127|pysph.solver.solver|Writing output at time 0.979364, iteration 16200, dt = 6.04545e-05
INFO|2020-10-10 20:12:36,141|pysph.solver.solver|Writing output at time 0.991455, iteration 16400, dt = 6.04545e-05
INFO|2020-10-10 20:13:00,737|pysph.solver.solver|Writing output at time 1.00355, iteration 16600, dt = 6.04545e-05
INFO|2020-10-10 20:13:26,442|pysph.solver.solver|Writing output at time 1.01564, iteration 16800, dt = 6.04545e-05
INFO|2020-10-10 20:13:49,368|pysph.solver.solver|Writing output at time 1.02773, iteration 17000, dt = 6.04545e-05
INFO|2020-10-10 20:14:12,360|pysph.solver.solver|Writing output at time 1.03982, iteration 17200, dt = 6.04545e-05
INFO|2020-10-10 20:14:36,396|pysph.solver.solver|Writing output at time 1.05191, iteration 17400, dt = 6.04545e-05
INFO|2020-10-10 20:14:59,424|pysph.solver.solver|Writing output at time 1.064, iteration 17600, dt = 6.04545e-05
INFO|2020-10-10 20:15:22,932|pysph.solver.solver|Writing output at time 1.07609, iteration 17800, dt = 6.04545e-05
INFO|2020-10-10 20:15:46,677|pysph.solver.solver|Writing output at time 1.08818, iteration 18000, dt = 6.04545e-05
INFO|2020-10-10 20:16:10,518|pysph.solver.solver|Writing output at time 1.10027, iteration 18200, dt = 6.04545e-05
INFO|2020-10-10 20:16:34,293|pysph.solver.solver|Writing output at time 1.11236, iteration 18400, dt = 6.04545e-05
INFO|2020-10-10 20:16:56,935|pysph.solver.solver|Writing output at time 1.12445, iteration 18600, dt = 6.04545e-05
INFO|2020-10-10 20:17:19,926|pysph.solver.solver|Writing output at time 1.13655, iteration 18800, dt = 6.04545e-05
INFO|2020-10-10 20:17:43,213|pysph.solver.solver|Writing output at time 1.14864, iteration 19000, dt = 6.04545e-05
INFO|2020-10-10 20:18:07,051|pysph.solver.solver|Writing output at time 1.16073, iteration 19200, dt = 6.04545e-05
INFO|2020-10-10 20:18:32,278|pysph.solver.solver|Writing output at time 1.17282, iteration 19400, dt = 6.04545e-05
INFO|2020-10-10 20:18:55,958|pysph.solver.solver|Writing output at time 1.18491, iteration 19600, dt = 6.04545e-05
INFO|2020-10-10 20:19:19,521|pysph.solver.solver|Writing output at time 1.197, iteration 19800, dt = 6.04545e-05
INFO|2020-10-10 20:19:43,911|pysph.solver.solver|Writing output at time 1.20909, iteration 20000, dt = 6.04545e-05
INFO|2020-10-10 20:20:08,642|pysph.solver.solver|Writing output at time 1.22118, iteration 20200, dt = 6.04545e-05
INFO|2020-10-10 20:20:31,536|pysph.solver.solver|Writing output at time 1.23327, iteration 20400, dt = 6.04545e-05
INFO|2020-10-10 20:20:54,536|pysph.solver.solver|Writing output at time 1.24536, iteration 20600, dt = 6.04545e-05
INFO|2020-10-10 20:21:17,547|pysph.solver.solver|Writing output at time 1.25745, iteration 20800, dt = 6.04545e-05
INFO|2020-10-10 20:21:40,911|pysph.solver.solver|Writing output at time 1.26955, iteration 21000, dt = 6.04545e-05
INFO|2020-10-10 20:22:05,679|pysph.solver.solver|Writing output at time 1.28164, iteration 21200, dt = 6.04545e-05
INFO|2020-10-10 20:22:29,646|pysph.solver.solver|Writing output at time 1.29373, iteration 21400, dt = 6.04545e-05
INFO|2020-10-10 20:22:53,017|pysph.solver.solver|Writing output at time 1.30582, iteration 21600, dt = 6.04545e-05
INFO|2020-10-10 20:23:16,425|pysph.solver.solver|Writing output at time 1.31791, iteration 21800, dt = 6.04545e-05
INFO|2020-10-10 20:23:39,173|pysph.solver.solver|Writing output at time 1.33, iteration 22000, dt = 6.04545e-05
INFO|2020-10-10 20:24:02,558|pysph.solver.solver|Writing output at time 1.34209, iteration 22200, dt = 6.04545e-05
INFO|2020-10-10 20:24:27,622|pysph.solver.solver|Writing output at time 1.35418, iteration 22400, dt = 6.04545e-05
INFO|2020-10-10 20:24:53,810|pysph.solver.solver|Writing output at time 1.36627, iteration 22600, dt = 6.04545e-05
INFO|2020-10-10 20:25:18,997|pysph.solver.solver|Writing output at time 1.37836, iteration 22800, dt = 6.04545e-05
INFO|2020-10-10 20:25:43,605|pysph.solver.solver|Writing output at time 1.39045, iteration 23000, dt = 6.04545e-05
INFO|2020-10-10 20:26:06,497|pysph.solver.solver|Writing output at time 1.40255, iteration 23200, dt = 6.04545e-05
INFO|2020-10-10 20:26:29,416|pysph.solver.solver|Writing output at time 1.41464, iteration 23400, dt = 6.04545e-05
INFO|2020-10-10 20:26:52,011|pysph.solver.solver|Writing output at time 1.42673, iteration 23600, dt = 6.04545e-05
INFO|2020-10-10 20:27:14,770|pysph.solver.solver|Writing output at time 1.43882, iteration 23800, dt = 6.04545e-05
INFO|2020-10-10 20:27:37,716|pysph.solver.solver|Writing output at time 1.45091, iteration 24000, dt = 6.04545e-05
INFO|2020-10-10 20:28:00,956|pysph.solver.solver|Writing output at time 1.463, iteration 24200, dt = 6.04545e-05
INFO|2020-10-10 20:28:23,964|pysph.solver.solver|Writing output at time 1.47509, iteration 24400, dt = 6.04545e-05
INFO|2020-10-10 20:28:47,225|pysph.solver.solver|Writing output at time 1.48718, iteration 24600, dt = 6.04545e-05
INFO|2020-10-10 20:29:10,496|pysph.solver.solver|Writing output at time 1.49927, iteration 24800, dt = 6.04545e-05
INFO|2020-10-10 20:29:33,432|pysph.solver.solver|Writing output at time 1.51136, iteration 25000, dt = 6.04545e-05
INFO|2020-10-10 20:29:57,854|pysph.solver.solver|Writing output at time 1.52345, iteration 25200, dt = 6.04545e-05
INFO|2020-10-10 20:30:23,745|pysph.solver.solver|Writing output at time 1.53555, iteration 25400, dt = 6.04545e-05
INFO|2020-10-10 20:30:48,033|pysph.solver.solver|Writing output at time 1.54764, iteration 25600, dt = 6.04545e-05
INFO|2020-10-10 20:31:12,205|pysph.solver.solver|Writing output at time 1.55973, iteration 25800, dt = 6.04545e-05
INFO|2020-10-10 20:31:35,241|pysph.solver.solver|Writing output at time 1.57182, iteration 26000, dt = 6.04545e-05
INFO|2020-10-10 20:31:57,815|pysph.solver.solver|Writing output at time 1.58391, iteration 26200, dt = 6.04545e-05
INFO|2020-10-10 20:32:20,639|pysph.solver.solver|Writing output at time 1.596, iteration 26400, dt = 6.04545e-05
INFO|2020-10-10 20:32:43,319|pysph.solver.solver|Writing output at time 1.60809, iteration 26600, dt = 6.04545e-05
INFO|2020-10-10 20:33:06,735|pysph.solver.solver|Writing output at time 1.62018, iteration 26800, dt = 6.04545e-05
INFO|2020-10-10 20:33:34,864|pysph.solver.solver|Writing output at time 1.63227, iteration 27000, dt = 6.04545e-05
INFO|2020-10-10 20:34:00,896|pysph.solver.solver|Writing output at time 1.64436, iteration 27200, dt = 6.04545e-05
INFO|2020-10-10 20:34:26,423|pysph.solver.solver|Writing output at time 1.65645, iteration 27400, dt = 6.04545e-05
INFO|2020-10-10 20:34:51,519|pysph.solver.solver|Writing output at time 1.66855, iteration 27600, dt = 6.04545e-05
INFO|2020-10-10 20:35:16,608|pysph.solver.solver|Writing output at time 1.68064, iteration 27800, dt = 6.04545e-05
INFO|2020-10-10 20:35:41,299|pysph.solver.solver|Writing output at time 1.69273, iteration 28000, dt = 6.04545e-05
INFO|2020-10-10 20:36:04,780|pysph.solver.solver|Writing output at time 1.70482, iteration 28200, dt = 6.04545e-05
INFO|2020-10-10 20:36:28,484|pysph.solver.solver|Writing output at time 1.71691, iteration 28400, dt = 6.04545e-05
INFO|2020-10-10 20:36:55,316|pysph.solver.solver|Writing output at time 1.729, iteration 28600, dt = 6.04545e-05
INFO|2020-10-10 20:37:19,552|pysph.solver.solver|Writing output at time 1.74109, iteration 28800, dt = 6.04545e-05
INFO|2020-10-10 20:37:44,272|pysph.solver.solver|Writing output at time 1.75318, iteration 29000, dt = 6.04545e-05
INFO|2020-10-10 20:38:08,175|pysph.solver.solver|Writing output at time 1.76527, iteration 29200, dt = 6.04545e-05
INFO|2020-10-10 20:38:30,853|pysph.solver.solver|Writing output at time 1.77736, iteration 29400, dt = 6.04545e-05
INFO|2020-10-10 20:38:53,463|pysph.solver.solver|Writing output at time 1.78945, iteration 29600, dt = 6.04545e-05
INFO|2020-10-10 20:39:16,548|pysph.solver.solver|Writing output at time 1.80155, iteration 29800, dt = 6.04545e-05
INFO|2020-10-10 20:39:39,785|pysph.solver.solver|Writing output at time 1.81364, iteration 30000, dt = 6.04545e-05
INFO|2020-10-10 20:40:02,401|pysph.solver.solver|Writing output at time 1.82573, iteration 30200, dt = 6.04545e-05
INFO|2020-10-10 20:40:25,320|pysph.solver.solver|Writing output at time 1.83782, iteration 30400, dt = 6.04545e-05
INFO|2020-10-10 20:40:48,350|pysph.solver.solver|Writing output at time 1.84991, iteration 30600, dt = 6.04545e-05
INFO|2020-10-10 20:41:11,246|pysph.solver.solver|Writing output at time 1.862, iteration 30800, dt = 6.04545e-05
INFO|2020-10-10 20:41:34,449|pysph.solver.solver|Writing output at time 1.87409, iteration 31000, dt = 6.04545e-05
INFO|2020-10-10 20:42:00,602|pysph.solver.solver|Writing output at time 1.88618, iteration 31200, dt = 6.04545e-05
INFO|2020-10-10 20:42:27,166|pysph.solver.solver|Writing output at time 1.89827, iteration 31400, dt = 6.04545e-05
INFO|2020-10-10 20:42:51,936|pysph.solver.solver|Writing output at time 1.91036, iteration 31600, dt = 6.04545e-05
INFO|2020-10-10 20:43:17,975|pysph.solver.solver|Writing output at time 1.92245, iteration 31800, dt = 6.04545e-05
INFO|2020-10-10 20:43:42,508|pysph.solver.solver|Writing output at time 1.93455, iteration 32000, dt = 6.04545e-05
INFO|2020-10-10 20:44:06,628|pysph.solver.solver|Writing output at time 1.94664, iteration 32200, dt = 6.04545e-05
INFO|2020-10-10 20:44:31,270|pysph.solver.solver|Writing output at time 1.95873, iteration 32400, dt = 6.04545e-05
INFO|2020-10-10 20:44:54,447|pysph.solver.solver|Writing output at time 1.97082, iteration 32600, dt = 6.04545e-05
INFO|2020-10-10 20:45:17,917|pysph.solver.solver|Writing output at time 1.98291, iteration 32800, dt = 6.04545e-05
INFO|2020-10-10 20:45:42,273|pysph.solver.solver|Writing output at time 1.995, iteration 33000, dt = 6.04545e-05
INFO|2020-10-10 20:46:07,198|pysph.solver.solver|Writing output at time 2.00709, iteration 33200, dt = 6.04545e-05
INFO|2020-10-10 20:46:31,599|pysph.solver.solver|Writing output at time 2.01918, iteration 33400, dt = 6.04545e-05
INFO|2020-10-10 20:46:55,186|pysph.solver.solver|Writing output at time 2.03127, iteration 33600, dt = 6.04545e-05
INFO|2020-10-10 20:47:18,659|pysph.solver.solver|Writing output at time 2.04336, iteration 33800, dt = 6.04545e-05
INFO|2020-10-10 20:47:41,778|pysph.solver.solver|Writing output at time 2.05545, iteration 34000, dt = 6.04545e-05
INFO|2020-10-10 20:48:05,013|pysph.solver.solver|Writing output at time 2.06755, iteration 34200, dt = 6.04545e-05
INFO|2020-10-10 20:48:28,859|pysph.solver.solver|Writing output at time 2.07964, iteration 34400, dt = 6.04545e-05
INFO|2020-10-10 20:48:52,578|pysph.solver.solver|Writing output at time 2.09173, iteration 34600, dt = 6.04545e-05
INFO|2020-10-10 20:49:15,495|pysph.solver.solver|Writing output at time 2.10382, iteration 34800, dt = 6.04545e-05
INFO|2020-10-10 20:49:38,479|pysph.solver.solver|Writing output at time 2.11591, iteration 35000, dt = 6.04545e-05
INFO|2020-10-10 20:50:03,185|pysph.solver.solver|Writing output at time 2.128, iteration 35200, dt = 6.04545e-05
INFO|2020-10-10 20:50:27,504|pysph.solver.solver|Writing output at time 2.14009, iteration 35400, dt = 6.04545e-05
INFO|2020-10-10 20:50:52,566|pysph.solver.solver|Writing output at time 2.15218, iteration 35600, dt = 6.04545e-05
INFO|2020-10-10 20:51:17,333|pysph.solver.solver|Writing output at time 2.16427, iteration 35800, dt = 6.04545e-05
INFO|2020-10-10 20:51:40,711|pysph.solver.solver|Writing output at time 2.17636, iteration 36000, dt = 6.04545e-05
INFO|2020-10-10 20:52:04,697|pysph.solver.solver|Writing output at time 2.18845, iteration 36200, dt = 6.04545e-05
INFO|2020-10-10 20:52:29,885|pysph.solver.solver|Writing output at time 2.20055, iteration 36400, dt = 6.04545e-05
INFO|2020-10-10 20:52:56,878|pysph.solver.solver|Writing output at time 2.21264, iteration 36600, dt = 6.04545e-05
INFO|2020-10-10 20:53:21,402|pysph.solver.solver|Writing output at time 2.22473, iteration 36800, dt = 6.04545e-05
INFO|2020-10-10 20:53:44,275|pysph.solver.solver|Writing output at time 2.23682, iteration 37000, dt = 6.04545e-05
INFO|2020-10-10 20:54:06,896|pysph.solver.solver|Writing output at time 2.24891, iteration 37200, dt = 6.04545e-05
INFO|2020-10-10 20:54:29,455|pysph.solver.solver|Writing output at time 2.261, iteration 37400, dt = 6.04545e-05
INFO|2020-10-10 20:54:51,826|pysph.solver.solver|Writing output at time 2.27309, iteration 37600, dt = 6.04545e-05
INFO|2020-10-10 20:55:14,429|pysph.solver.solver|Writing output at time 2.28518, iteration 37800, dt = 6.04545e-05
INFO|2020-10-10 20:55:36,944|pysph.solver.solver|Writing output at time 2.29727, iteration 38000, dt = 6.04545e-05
INFO|2020-10-10 20:55:59,191|pysph.solver.solver|Writing output at time 2.30936, iteration 38200, dt = 6.04545e-05
INFO|2020-10-10 20:56:21,610|pysph.solver.solver|Writing output at time 2.32145, iteration 38400, dt = 6.04545e-05
INFO|2020-10-10 20:56:43,918|pysph.solver.solver|Writing output at time 2.33355, iteration 38600, dt = 6.04545e-05
INFO|2020-10-10 20:57:06,735|pysph.solver.solver|Writing output at time 2.34564, iteration 38800, dt = 6.04545e-05
INFO|2020-10-10 20:57:29,370|pysph.solver.solver|Writing output at time 2.35773, iteration 39000, dt = 6.04545e-05
INFO|2020-10-10 20:57:51,675|pysph.solver.solver|Writing output at time 2.36982, iteration 39200, dt = 6.04545e-05
INFO|2020-10-10 20:58:14,092|pysph.solver.solver|Writing output at time 2.38191, iteration 39400, dt = 6.04545e-05
INFO|2020-10-10 20:58:36,430|pysph.solver.solver|Writing output at time 2.394, iteration 39600, dt = 6.04545e-05
INFO|2020-10-10 20:58:59,327|pysph.solver.solver|Writing output at time 2.40609, iteration 39800, dt = 6.04545e-05
INFO|2020-10-10 20:59:23,521|pysph.solver.solver|Writing output at time 2.41818, iteration 40000, dt = 6.04545e-05
INFO|2020-10-10 20:59:47,053|pysph.solver.solver|Writing output at time 2.43027, iteration 40200, dt = 6.04545e-05
INFO|2020-10-10 21:00:14,898|pysph.solver.solver|Writing output at time 2.44236, iteration 40400, dt = 6.04545e-05
INFO|2020-10-10 21:00:39,907|pysph.solver.solver|Writing output at time 2.45445, iteration 40600, dt = 6.04545e-05
INFO|2020-10-10 21:01:02,788|pysph.solver.solver|Writing output at time 2.46655, iteration 40800, dt = 6.04545e-05
INFO|2020-10-10 21:01:26,026|pysph.solver.solver|Writing output at time 2.47864, iteration 41000, dt = 6.04545e-05
INFO|2020-10-10 21:01:48,551|pysph.solver.solver|Writing output at time 2.49073, iteration 41200, dt = 6.04545e-05
INFO|2020-10-10 21:02:13,019|pysph.solver.solver|Writing output at time 2.50282, iteration 41400, dt = 6.04545e-05
INFO|2020-10-10 21:02:38,130|pysph.solver.solver|Writing output at time 2.51491, iteration 41600, dt = 6.04545e-05
INFO|2020-10-10 21:03:01,439|pysph.solver.solver|Writing output at time 2.527, iteration 41800, dt = 6.04545e-05
INFO|2020-10-10 21:03:25,625|pysph.solver.solver|Writing output at time 2.53909, iteration 42000, dt = 6.04545e-05
INFO|2020-10-10 21:03:49,593|pysph.solver.solver|Writing output at time 2.55118, iteration 42200, dt = 6.04545e-05
INFO|2020-10-10 21:04:12,635|pysph.solver.solver|Writing output at time 2.56327, iteration 42400, dt = 6.04545e-05
INFO|2020-10-10 21:04:36,273|pysph.solver.solver|Writing output at time 2.57536, iteration 42600, dt = 6.04545e-05
INFO|2020-10-10 21:04:59,955|pysph.solver.solver|Writing output at time 2.58745, iteration 42800, dt = 6.04545e-05
INFO|2020-10-10 21:05:23,305|pysph.solver.solver|Writing output at time 2.59955, iteration 43000, dt = 6.04545e-05
INFO|2020-10-10 21:05:46,439|pysph.solver.solver|Writing output at time 2.61164, iteration 43200, dt = 6.04545e-05
INFO|2020-10-10 21:06:09,277|pysph.solver.solver|Writing output at time 2.62373, iteration 43400, dt = 6.04545e-05
INFO|2020-10-10 21:06:32,670|pysph.solver.solver|Writing output at time 2.63582, iteration 43600, dt = 6.04545e-05
INFO|2020-10-10 21:06:55,741|pysph.solver.solver|Writing output at time 2.64791, iteration 43800, dt = 6.04545e-05
INFO|2020-10-10 21:07:18,532|pysph.solver.solver|Writing output at time 2.66, iteration 44000, dt = 6.04545e-05
INFO|2020-10-10 21:07:42,300|pysph.solver.solver|Writing output at time 2.67209, iteration 44200, dt = 6.04545e-05
INFO|2020-10-10 21:08:06,008|pysph.solver.solver|Writing output at time 2.68418, iteration 44400, dt = 6.04545e-05
INFO|2020-10-10 21:08:29,016|pysph.solver.solver|Writing output at time 2.69627, iteration 44600, dt = 6.04545e-05
INFO|2020-10-10 21:08:52,475|pysph.solver.solver|Writing output at time 2.70836, iteration 44800, dt = 6.04545e-05
INFO|2020-10-10 21:09:16,620|pysph.solver.solver|Writing output at time 2.72045, iteration 45000, dt = 6.04545e-05
INFO|2020-10-10 21:09:40,751|pysph.solver.solver|Writing output at time 2.73255, iteration 45200, dt = 6.04545e-05
INFO|2020-10-10 21:10:06,796|pysph.solver.solver|Writing output at time 2.74464, iteration 45400, dt = 6.04545e-05
INFO|2020-10-10 21:10:31,293|pysph.solver.solver|Writing output at time 2.75673, iteration 45600, dt = 6.04545e-05
INFO|2020-10-10 21:10:55,200|pysph.solver.solver|Writing output at time 2.76882, iteration 45800, dt = 6.04545e-05
INFO|2020-10-10 21:11:19,160|pysph.solver.solver|Writing output at time 2.78091, iteration 46000, dt = 6.04545e-05
INFO|2020-10-10 21:11:42,737|pysph.solver.solver|Writing output at time 2.793, iteration 46200, dt = 6.04545e-05
INFO|2020-10-10 21:12:05,368|pysph.solver.solver|Writing output at time 2.80509, iteration 46400, dt = 6.04545e-05
INFO|2020-10-10 21:12:27,976|pysph.solver.solver|Writing output at time 2.81718, iteration 46600, dt = 6.04545e-05
INFO|2020-10-10 21:12:50,568|pysph.solver.solver|Writing output at time 2.82927, iteration 46800, dt = 6.04545e-05
INFO|2020-10-10 21:13:14,763|pysph.solver.solver|Writing output at time 2.84136, iteration 47000, dt = 6.04545e-05
INFO|2020-10-10 21:13:37,589|pysph.solver.solver|Writing output at time 2.85345, iteration 47200, dt = 6.04545e-05
INFO|2020-10-10 21:14:00,103|pysph.solver.solver|Writing output at time 2.86555, iteration 47400, dt = 6.04545e-05
INFO|2020-10-10 21:14:22,868|pysph.solver.solver|Writing output at time 2.87764, iteration 47600, dt = 6.04545e-05
INFO|2020-10-10 21:14:45,759|pysph.solver.solver|Writing output at time 2.88973, iteration 47800, dt = 6.04545e-05
INFO|2020-10-10 21:15:08,816|pysph.solver.solver|Writing output at time 2.90182, iteration 48000, dt = 6.04545e-05
INFO|2020-10-10 21:15:32,645|pysph.solver.solver|Writing output at time 2.91391, iteration 48200, dt = 6.04545e-05
INFO|2020-10-10 21:15:56,243|pysph.solver.solver|Writing output at time 2.926, iteration 48400, dt = 6.04545e-05
INFO|2020-10-10 21:16:18,841|pysph.solver.solver|Writing output at time 2.93809, iteration 48600, dt = 6.04545e-05
INFO|2020-10-10 21:16:41,591|pysph.solver.solver|Writing output at time 2.95018, iteration 48800, dt = 6.04545e-05
INFO|2020-10-10 21:17:04,732|pysph.solver.solver|Writing output at time 2.96227, iteration 49000, dt = 6.04545e-05
INFO|2020-10-10 21:17:27,538|pysph.solver.solver|Writing output at time 2.97436, iteration 49200, dt = 6.04545e-05
INFO|2020-10-10 21:17:50,908|pysph.solver.solver|Writing output at time 2.98645, iteration 49400, dt = 6.04545e-05
INFO|2020-10-10 21:18:14,902|pysph.solver.solver|Writing output at time 2.99855, iteration 49600, dt = 6.04545e-05
INFO|2020-10-10 21:18:39,445|pysph.solver.solver|Writing output at time 3.01064, iteration 49800, dt = 6.04545e-05
INFO|2020-10-10 21:19:06,139|pysph.solver.solver|Writing output at time 3.02273, iteration 50000, dt = 6.04545e-05
INFO|2020-10-10 21:19:30,148|pysph.solver.solver|Writing output at time 3.03482, iteration 50200, dt = 6.04545e-05
INFO|2020-10-10 21:19:53,220|pysph.solver.solver|Writing output at time 3.04691, iteration 50400, dt = 6.04545e-05
INFO|2020-10-10 21:20:16,196|pysph.solver.solver|Writing output at time 3.059, iteration 50600, dt = 6.04545e-05
INFO|2020-10-10 21:20:39,068|pysph.solver.solver|Writing output at time 3.07109, iteration 50800, dt = 6.04545e-05
INFO|2020-10-10 21:21:02,055|pysph.solver.solver|Writing output at time 3.08318, iteration 51000, dt = 6.04545e-05
INFO|2020-10-10 21:21:24,738|pysph.solver.solver|Writing output at time 3.09527, iteration 51200, dt = 6.04545e-05
INFO|2020-10-10 21:21:47,536|pysph.solver.solver|Writing output at time 3.10736, iteration 51400, dt = 6.04545e-05
INFO|2020-10-10 21:22:10,183|pysph.solver.solver|Writing output at time 3.11945, iteration 51600, dt = 6.04545e-05
INFO|2020-10-10 21:22:33,146|pysph.solver.solver|Writing output at time 3.13155, iteration 51800, dt = 6.04545e-05
INFO|2020-10-10 21:22:55,718|pysph.solver.solver|Writing output at time 3.14364, iteration 52000, dt = 6.04545e-05
INFO|2020-10-10 21:23:18,434|pysph.solver.solver|Writing output at time 3.15573, iteration 52200, dt = 6.04545e-05
INFO|2020-10-10 21:23:43,380|pysph.solver.solver|Writing output at time 3.16782, iteration 52400, dt = 6.04545e-05
INFO|2020-10-10 21:24:08,533|pysph.solver.solver|Writing output at time 3.17991, iteration 52600, dt = 6.04545e-05
INFO|2020-10-10 21:24:31,385|pysph.solver.solver|Writing output at time 3.192, iteration 52800, dt = 6.04545e-05
INFO|2020-10-10 21:24:55,600|pysph.solver.solver|Writing output at time 3.20409, iteration 53000, dt = 6.04545e-05
INFO|2020-10-10 21:25:19,713|pysph.solver.solver|Writing output at time 3.21618, iteration 53200, dt = 6.04545e-05
INFO|2020-10-10 21:25:42,633|pysph.solver.solver|Writing output at time 3.22827, iteration 53400, dt = 6.04545e-05
INFO|2020-10-10 21:26:05,421|pysph.solver.solver|Writing output at time 3.24036, iteration 53600, dt = 6.04545e-05
INFO|2020-10-10 21:26:28,554|pysph.solver.solver|Writing output at time 3.25245, iteration 53800, dt = 6.04545e-05
INFO|2020-10-10 21:26:53,545|pysph.solver.solver|Writing output at time 3.26455, iteration 54000, dt = 6.04545e-05
INFO|2020-10-10 21:27:17,071|pysph.solver.solver|Writing output at time 3.27664, iteration 54200, dt = 6.04545e-05
