INFO|2020-06-22 17:18:50,608|pysph.solver.application|Started as:
/home/prajwal/pysph/pysph/examples/taylor_green.py --openmp --nx 50 --pfreq 100 --perturb 0 --scheme wcsph
INFO|2020-06-22 17:18:50,608|pysph.solver.application|Running on Hope with address 127.0.1.1
INFO|2020-06-22 17:18:50,609|pysph.solver.application|Using OpenMP
INFO|2020-06-22 17:18:50,609|pysph.solver.application|Using OpenMP schedule dynamic,64
INFO|2020-06-22 17:18:50,625|pysph.solver.application|Generating output in /home/prajwal/Desktop/Winter_Project/SLP-Smoothed-Particle-Hydrodynamics/SLP/Taylor Green Vortex/Output/nx_50/perturb_0/taylor_green_output
INFO|2020-06-22 17:18:50,779|compyle.ext_module|Precompiled code from: /home/prajwal/.pysph/source/py3.6-linux-x86_64/m_857fe8ea217ae343e34aef70f8690b83.pyx
INFO|2020-06-22 17:18:50,815|pysph.solver.application|Started multiprocessing interface on 0.0.0.0:8800
INFO|2020-06-22 17:18:50,816|pysph.solver.application|----------------------------------------------------------------------
No of particles:
  fluid: 3844
----------------------------------------------------------------------
INFO|2020-06-22 17:18:50,816|pysph.solver.application|Using kernel:
----------------------------------------------------------------------
  QuinticSpline(dim=2)
----------------------------------------------------------------------
INFO|2020-06-22 17:18:50,816|pysph.solver.application|Using nnps:
----------------------------------------------------------------------
  LinkedListNNPS(dim=2)
----------------------------------------------------------------------
INFO|2020-06-22 17:18:50,816|pysph.solver.application|Using integrator:
----------------------------------------------------------------------
  PECIntegrator(fluid=WCSPHStep())
----------------------------------------------------------------------
INFO|2020-06-22 17:18:50,818|pysph.solver.application|Using equations:
----------------------------------------------------------------------
[
Group(equations=[
    TaitEOS(dest='fluid', sources=None, rho0=1.0, c0=10.0, gamma=7.0,
    p0=0.0)
  ],
  real=False, update_nnps=False, iterate=False, max_iterations=1,
  min_iterations=0, pre=None, post=None),
Group(equations=[
    ContinuityEquation(dest='fluid', sources=['fluid']), 
    MomentumEquation(dest='fluid', sources=['fluid'], c0=10.0, alpha=0.0,
    beta=0.0, gx=0.0, gy=0.0, gz=0.0, tensile_correction=False), 
    LaminarViscosity(dest='fluid', sources=['fluid'], nu=0.01, eta=0.01), 
    XSPHCorrection(dest='fluid', sources=['fluid'], eps=0.5)
  ],
  real=True, update_nnps=False, iterate=False, max_iterations=1,
  min_iterations=0, pre=None, post=None)
]
----------------------------------------------------------------------
INFO|2020-06-22 17:18:50,818|pysph.solver.application|Callbacks:
----------------------------------------------------------------------

INFO|2020-06-22 17:18:50,818|pysph.solver.application|Pre-step callbacks:
[]

INFO|2020-06-22 17:18:50,818|pysph.solver.application|Post-step callbacks:
[]

INFO|2020-06-22 17:18:50,818|pysph.solver.application|Post-stage callbacks:
[]
----------------------------------------------------------------------

INFO|2020-06-22 17:18:50,818|pysph.solver.application|Setup took: 0.22236 secs
INFO|2020-06-22 17:18:50,820|pysph.solver.solver|Writing output at time 0, iteration 0, dt = 0.000454545
INFO|2020-06-22 17:18:53,257|pysph.solver.solver|Writing output at time 0.0454545, iteration 100, dt = 0.000454545
INFO|2020-06-22 17:18:55,691|pysph.solver.solver|Writing output at time 0.0909091, iteration 200, dt = 0.000454545
INFO|2020-06-22 17:18:57,919|pysph.solver.solver|Writing output at time 0.136364, iteration 300, dt = 0.000454545
INFO|2020-06-22 17:19:00,519|pysph.solver.solver|Writing output at time 0.181818, iteration 400, dt = 0.000454545
INFO|2020-06-22 17:19:03,070|pysph.solver.solver|Writing output at time 0.227273, iteration 500, dt = 0.000454545
INFO|2020-06-22 17:19:07,214|pysph.solver.solver|Writing output at time 0.272727, iteration 600, dt = 0.000454545
INFO|2020-06-22 17:19:10,258|pysph.solver.solver|Writing output at time 0.318182, iteration 700, dt = 0.000454545
INFO|2020-06-22 17:19:12,668|pysph.solver.solver|Writing output at time 0.363636, iteration 800, dt = 0.000454545
INFO|2020-06-22 17:19:14,806|pysph.solver.solver|Writing output at time 0.409091, iteration 900, dt = 0.000454545
INFO|2020-06-22 17:19:16,869|pysph.solver.solver|Writing output at time 0.454545, iteration 1000, dt = 0.000454545
INFO|2020-06-22 17:19:18,977|pysph.solver.solver|Writing output at time 0.5, iteration 1100, dt = 0.000454545
INFO|2020-06-22 17:19:21,030|pysph.solver.solver|Writing output at time 0.545455, iteration 1200, dt = 0.000454545
INFO|2020-06-22 17:19:23,173|pysph.solver.solver|Writing output at time 0.590909, iteration 1300, dt = 0.000454545
INFO|2020-06-22 17:19:25,527|pysph.solver.solver|Writing output at time 0.636364, iteration 1400, dt = 0.000454545
INFO|2020-06-22 17:19:27,682|pysph.solver.solver|Writing output at time 0.681818, iteration 1500, dt = 0.000454545
INFO|2020-06-22 17:19:29,634|pysph.solver.solver|Writing output at time 0.727273, iteration 1600, dt = 0.000454545
INFO|2020-06-22 17:19:31,595|pysph.solver.solver|Writing output at time 0.772727, iteration 1700, dt = 0.000454545
INFO|2020-06-22 17:19:33,576|pysph.solver.solver|Writing output at time 0.818182, iteration 1800, dt = 0.000454545
INFO|2020-06-22 17:19:35,587|pysph.solver.solver|Writing output at time 0.863636, iteration 1900, dt = 0.000454545
INFO|2020-06-22 17:19:37,695|pysph.solver.solver|Writing output at time 0.909091, iteration 2000, dt = 0.000454545
INFO|2020-06-22 17:19:39,984|pysph.solver.solver|Writing output at time 0.954545, iteration 2100, dt = 0.000454545
INFO|2020-06-22 17:19:41,979|pysph.solver.solver|Writing output at time 1, iteration 2200, dt = 0.000454545
INFO|2020-06-22 17:19:44,080|pysph.solver.solver|Writing output at time 1.04545, iteration 2300, dt = 0.000454545
INFO|2020-06-22 17:19:46,162|pysph.solver.solver|Writing output at time 1.09091, iteration 2400, dt = 0.000454545
INFO|2020-06-22 17:19:48,310|pysph.solver.solver|Writing output at time 1.13636, iteration 2500, dt = 0.000454545
INFO|2020-06-22 17:19:50,634|pysph.solver.solver|Writing output at time 1.18182, iteration 2600, dt = 0.000454545
INFO|2020-06-22 17:19:52,740|pysph.solver.solver|Writing output at time 1.22727, iteration 2700, dt = 0.000454545
INFO|2020-06-22 17:19:55,014|pysph.solver.solver|Writing output at time 1.27273, iteration 2800, dt = 0.000454545
INFO|2020-06-22 17:19:57,067|pysph.solver.solver|Writing output at time 1.31818, iteration 2900, dt = 0.000454545
INFO|2020-06-22 17:19:59,349|pysph.solver.solver|Writing output at time 1.36364, iteration 3000, dt = 0.000454545
INFO|2020-06-22 17:20:01,424|pysph.solver.solver|Writing output at time 1.40909, iteration 3100, dt = 0.000454545
INFO|2020-06-22 17:20:03,517|pysph.solver.solver|Writing output at time 1.45455, iteration 3200, dt = 0.000454545
INFO|2020-06-22 17:20:05,598|pysph.solver.solver|Writing output at time 1.5, iteration 3300, dt = 0.000454545
INFO|2020-06-22 17:20:07,692|pysph.solver.solver|Writing output at time 1.54545, iteration 3400, dt = 0.000454545
INFO|2020-06-22 17:20:10,070|pysph.solver.solver|Writing output at time 1.59091, iteration 3500, dt = 0.000454545
INFO|2020-06-22 17:20:12,151|pysph.solver.solver|Writing output at time 1.63636, iteration 3600, dt = 0.000454545
INFO|2020-06-22 17:20:14,240|pysph.solver.solver|Writing output at time 1.68182, iteration 3700, dt = 0.000454545
INFO|2020-06-22 17:20:16,305|pysph.solver.solver|Writing output at time 1.72727, iteration 3800, dt = 0.000454545
INFO|2020-06-22 17:20:18,348|pysph.solver.solver|Writing output at time 1.77273, iteration 3900, dt = 0.000454545
INFO|2020-06-22 17:20:20,581|pysph.solver.solver|Writing output at time 1.81818, iteration 4000, dt = 0.000454545
INFO|2020-06-22 17:20:22,617|pysph.solver.solver|Writing output at time 1.86364, iteration 4100, dt = 0.000454545
INFO|2020-06-22 17:20:24,553|pysph.solver.solver|Writing output at time 1.90909, iteration 4200, dt = 0.000454545
INFO|2020-06-22 17:20:26,716|pysph.solver.solver|Writing output at time 1.95455, iteration 4300, dt = 0.000454545
INFO|2020-06-22 17:20:28,717|pysph.solver.solver|Writing output at time 2, iteration 4400, dt = 0.000454545
INFO|2020-06-22 17:20:28,731|pysph.solver.application|Run took: 97.91180 secs
INFO|2020-06-22 17:20:28,797|compyle.ext_module|Precompiled code from: /home/prajwal/.pysph/source/py3.6-linux-x86_64/m_2ffac77820430cb65526aa9866e8c98c.pyx
