INFO|2020-06-14 08:21:59,913|pysph.solver.application|Started as:
Taylor_Green.py
INFO|2020-06-14 08:21:59,913|pysph.solver.application|Running on Hope with address 127.0.1.1
INFO|2020-06-14 08:21:59,913|pysph.solver.application|Using OpenMP schedule dynamic,64
INFO|2020-06-14 08:21:59,916|pysph.solver.application|Generating output in /home/prajwal/Desktop/Winter_Project/SLP-Smoothed-Particle-Hydrodynamics/SLP/Taylor_Green_output
INFO|2020-06-14 08:21:59,990|compyle.ext_module|Precompiled code from: /home/prajwal/.pysph/source/py3.6-linux-x86_64/m_1a145878965f536a740026deb21329b0.pyx
INFO|2020-06-14 08:22:00,047|pysph.solver.application|Started multiprocessing interface on 0.0.0.0:8800
INFO|2020-06-14 08:22:00,118|compyle.ext_module|Precompiled code from: /home/prajwal/.pysph/source/py3.6-linux-x86_64/m_a40f5b95d380da55cf662cebf1c1c294.pyx
INFO|2020-06-14 08:22:00,119|pysph.solver.application|----------------------------------------------------------------------
No of particles:
  fluid: 2401
----------------------------------------------------------------------
INFO|2020-06-14 08:22:00,119|pysph.solver.application|Using kernel:
----------------------------------------------------------------------
  QuinticSpline(dim=2)
----------------------------------------------------------------------
INFO|2020-06-14 08:22:00,120|pysph.solver.application|Using nnps:
----------------------------------------------------------------------
  LinkedListNNPS(dim=2)
----------------------------------------------------------------------
INFO|2020-06-14 08:22:00,120|pysph.solver.application|Using integrator:
----------------------------------------------------------------------
  EulerIntegrator(fluid=EulerStep())
----------------------------------------------------------------------
INFO|2020-06-14 08:22:00,120|pysph.solver.application|Using equations:
----------------------------------------------------------------------
[
Group(equations=[
    EOS_DeltaPlus_SPH(dest='fluid', sources=['fluid'], rho0=1000.0,
    c0=15.0)
  ],
  real=False, update_nnps=False, iterate=False, max_iterations=1,
  min_iterations=0, pre=None, post=None),
Group(equations=[
    ContinuityEquation_DeltaPlus_SPH(dest='fluid', sources=['fluid'],
    delta=0.1, c0=15.0, H=0.02), 
    MomentumEquation_DeltaPlus_SPH(dest='fluid', sources=['fluid'], dim=2,
    mu=10.0, fx=0.0, fy=0.0, fz=0.0)
  ],
  real=True, update_nnps=False, iterate=False, max_iterations=1,
  min_iterations=0, pre=None, post=None)
]
----------------------------------------------------------------------
INFO|2020-06-14 08:22:00,120|pysph.solver.application|Callbacks:
----------------------------------------------------------------------

INFO|2020-06-14 08:22:00,120|pysph.solver.application|Pre-step callbacks:
[]

INFO|2020-06-14 08:22:00,121|pysph.solver.application|Post-step callbacks:
[<bound method SimpleRemesher.post_step of <pysph.solver.tools.SimpleRemesher object at 0x7f074b303d68>>]

INFO|2020-06-14 08:22:00,121|pysph.solver.application|Post-stage callbacks:
[]
----------------------------------------------------------------------

INFO|2020-06-14 08:22:00,121|pysph.solver.application|Setup took: 0.20966 secs
INFO|2020-06-14 08:22:00,121|pysph.solver.solver|Writing output at time 0, iteration 0, dt = 3.125e-05
INFO|2020-06-14 08:22:00,662|pysph.solver.solver|Writing output at time 0.003125, iteration 100, dt = 3.125e-05
INFO|2020-06-14 08:22:01,150|pysph.solver.solver|Writing output at time 0.00625, iteration 200, dt = 3.125e-05
INFO|2020-06-14 08:22:01,710|pysph.solver.solver|Writing output at time 0.009375, iteration 300, dt = 3.125e-05
INFO|2020-06-14 08:22:02,577|pysph.solver.solver|Writing output at time 0.0125, iteration 400, dt = 3.125e-05
INFO|2020-06-14 08:22:03,143|pysph.solver.solver|Writing output at time 0.015625, iteration 500, dt = 3.125e-05
INFO|2020-06-14 08:22:03,667|pysph.solver.solver|Writing output at time 0.01875, iteration 600, dt = 3.125e-05
INFO|2020-06-14 08:22:04,173|pysph.solver.solver|Writing output at time 0.021875, iteration 700, dt = 3.125e-05
INFO|2020-06-14 08:22:04,872|pysph.solver.solver|Writing output at time 0.025, iteration 800, dt = 3.125e-05
INFO|2020-06-14 08:22:05,472|pysph.solver.solver|Writing output at time 0.028125, iteration 900, dt = 3.125e-05
INFO|2020-06-14 08:22:06,018|pysph.solver.solver|Writing output at time 0.03125, iteration 1000, dt = 3.125e-05
INFO|2020-06-14 08:22:06,697|pysph.solver.solver|Writing output at time 0.034375, iteration 1100, dt = 3.125e-05
INFO|2020-06-14 08:22:07,434|pysph.solver.solver|Writing output at time 0.0375, iteration 1200, dt = 3.125e-05
INFO|2020-06-14 08:22:13,287|pysph.solver.application|Started as:
Taylor_Green.py --openmp
INFO|2020-06-14 08:22:13,287|pysph.solver.application|Running on Hope with address 127.0.1.1
INFO|2020-06-14 08:22:13,287|pysph.solver.application|Using OpenMP
INFO|2020-06-14 08:22:13,287|pysph.solver.application|Using OpenMP schedule dynamic,64
INFO|2020-06-14 08:22:13,292|pysph.solver.application|Generating output in /home/prajwal/Desktop/Winter_Project/SLP-Smoothed-Particle-Hydrodynamics/SLP/Taylor_Green_output
INFO|2020-06-14 08:22:13,359|compyle.ext_module|Precompiled code from: /home/prajwal/.pysph/source/py3.6-linux-x86_64/m_48de6ef5f4237b32313429971ce93110.pyx
INFO|2020-06-14 08:22:13,393|pysph.solver.application|Started multiprocessing interface on 0.0.0.0:8800
INFO|2020-06-14 08:22:13,438|compyle.ext_module|Precompiled code from: /home/prajwal/.pysph/source/py3.6-linux-x86_64/m_de295794af9531fda121d8baa9ea4db7.pyx
INFO|2020-06-14 08:22:13,439|pysph.solver.application|----------------------------------------------------------------------
No of particles:
  fluid: 2401
----------------------------------------------------------------------
INFO|2020-06-14 08:22:13,439|pysph.solver.application|Using kernel:
----------------------------------------------------------------------
  QuinticSpline(dim=2)
----------------------------------------------------------------------
INFO|2020-06-14 08:22:13,439|pysph.solver.application|Using nnps:
----------------------------------------------------------------------
  LinkedListNNPS(dim=2)
----------------------------------------------------------------------
INFO|2020-06-14 08:22:13,439|pysph.solver.application|Using integrator:
----------------------------------------------------------------------
  EulerIntegrator(fluid=EulerStep())
----------------------------------------------------------------------
INFO|2020-06-14 08:22:13,440|pysph.solver.application|Using equations:
----------------------------------------------------------------------
[
Group(equations=[
    EOS_DeltaPlus_SPH(dest='fluid', sources=['fluid'], rho0=1000.0,
    c0=15.0)
  ],
  real=False, update_nnps=False, iterate=False, max_iterations=1,
  min_iterations=0, pre=None, post=None),
Group(equations=[
    ContinuityEquation_DeltaPlus_SPH(dest='fluid', sources=['fluid'],
    delta=0.1, c0=15.0, H=0.02), 
    MomentumEquation_DeltaPlus_SPH(dest='fluid', sources=['fluid'], dim=2,
    mu=10.0, fx=0.0, fy=0.0, fz=0.0)
  ],
  real=True, update_nnps=False, iterate=False, max_iterations=1,
  min_iterations=0, pre=None, post=None)
]
----------------------------------------------------------------------
INFO|2020-06-14 08:22:13,440|pysph.solver.application|Callbacks:
----------------------------------------------------------------------

INFO|2020-06-14 08:22:13,440|pysph.solver.application|Pre-step callbacks:
[]

INFO|2020-06-14 08:22:13,440|pysph.solver.application|Post-step callbacks:
[<bound method SimpleRemesher.post_step of <pysph.solver.tools.SimpleRemesher object at 0x7f830a8a8080>>]

INFO|2020-06-14 08:22:13,440|pysph.solver.application|Post-stage callbacks:
[]
----------------------------------------------------------------------

INFO|2020-06-14 08:22:13,440|pysph.solver.application|Setup took: 0.15462 secs
INFO|2020-06-14 08:22:13,441|pysph.solver.solver|Writing output at time 0, iteration 0, dt = 3.125e-05
INFO|2020-06-14 08:22:13,742|pysph.solver.solver|Writing output at time 0.003125, iteration 100, dt = 3.125e-05
INFO|2020-06-14 08:22:13,998|pysph.solver.solver|Writing output at time 0.00625, iteration 200, dt = 3.125e-05
INFO|2020-06-14 08:22:14,235|pysph.solver.solver|Writing output at time 0.009375, iteration 300, dt = 3.125e-05
INFO|2020-06-14 08:22:14,461|pysph.solver.solver|Writing output at time 0.0125, iteration 400, dt = 3.125e-05
INFO|2020-06-14 08:22:14,684|pysph.solver.solver|Writing output at time 0.015625, iteration 500, dt = 3.125e-05
INFO|2020-06-14 08:22:14,929|pysph.solver.solver|Writing output at time 0.01875, iteration 600, dt = 3.125e-05
INFO|2020-06-14 08:22:15,176|pysph.solver.solver|Writing output at time 0.021875, iteration 700, dt = 3.125e-05
INFO|2020-06-14 08:22:15,401|pysph.solver.solver|Writing output at time 0.025, iteration 800, dt = 3.125e-05
INFO|2020-06-14 08:22:15,631|pysph.solver.solver|Writing output at time 0.028125, iteration 900, dt = 3.125e-05
INFO|2020-06-14 08:22:15,849|pysph.solver.solver|Writing output at time 0.03125, iteration 1000, dt = 3.125e-05
INFO|2020-06-14 08:22:16,100|pysph.solver.solver|Writing output at time 0.034375, iteration 1100, dt = 3.125e-05
INFO|2020-06-14 08:22:16,332|pysph.solver.solver|Writing output at time 0.0375, iteration 1200, dt = 3.125e-05
INFO|2020-06-14 08:22:16,551|pysph.solver.solver|Writing output at time 0.040625, iteration 1300, dt = 3.125e-05
INFO|2020-06-14 08:22:16,799|pysph.solver.solver|Writing output at time 0.04375, iteration 1400, dt = 3.125e-05
INFO|2020-06-14 08:22:17,035|pysph.solver.solver|Writing output at time 0.046875, iteration 1500, dt = 3.125e-05
INFO|2020-06-14 08:22:17,257|pysph.solver.solver|Writing output at time 0.05, iteration 1600, dt = 3.125e-05
INFO|2020-06-14 08:22:17,479|pysph.solver.solver|Writing output at time 0.053125, iteration 1700, dt = 3.125e-05
INFO|2020-06-14 08:22:17,713|pysph.solver.solver|Writing output at time 0.05625, iteration 1800, dt = 3.125e-05
INFO|2020-06-14 08:22:17,935|pysph.solver.solver|Writing output at time 0.059375, iteration 1900, dt = 3.125e-05
INFO|2020-06-14 08:22:18,159|pysph.solver.solver|Writing output at time 0.0625, iteration 2000, dt = 3.125e-05
INFO|2020-06-14 08:22:18,423|pysph.solver.solver|Writing output at time 0.065625, iteration 2100, dt = 3.125e-05
INFO|2020-06-14 08:22:18,648|pysph.solver.solver|Writing output at time 0.06875, iteration 2200, dt = 3.125e-05
INFO|2020-06-14 08:22:18,877|pysph.solver.solver|Writing output at time 0.071875, iteration 2300, dt = 3.125e-05
INFO|2020-06-14 08:22:19,112|pysph.solver.solver|Writing output at time 0.075, iteration 2400, dt = 3.125e-05
INFO|2020-06-14 08:22:19,336|pysph.solver.solver|Writing output at time 0.078125, iteration 2500, dt = 3.125e-05
INFO|2020-06-14 08:22:19,560|pysph.solver.solver|Writing output at time 0.08125, iteration 2600, dt = 3.125e-05
INFO|2020-06-14 08:22:19,825|pysph.solver.solver|Writing output at time 0.084375, iteration 2700, dt = 3.125e-05
INFO|2020-06-14 08:22:20,059|pysph.solver.solver|Writing output at time 0.0875, iteration 2800, dt = 3.125e-05
INFO|2020-06-14 08:22:20,292|pysph.solver.solver|Writing output at time 0.090625, iteration 2900, dt = 3.125e-05
INFO|2020-06-14 08:22:20,533|pysph.solver.solver|Writing output at time 0.09375, iteration 3000, dt = 3.125e-05
INFO|2020-06-14 08:22:20,764|pysph.solver.solver|Writing output at time 0.096875, iteration 3100, dt = 3.125e-05
INFO|2020-06-14 08:22:20,996|pysph.solver.solver|Writing output at time 0.1, iteration 3200, dt = 3.125e-05
INFO|2020-06-14 08:22:21,241|pysph.solver.solver|Writing output at time 0.103125, iteration 3300, dt = 3.125e-05
INFO|2020-06-14 08:22:21,508|pysph.solver.solver|Writing output at time 0.10625, iteration 3400, dt = 3.125e-05
INFO|2020-06-14 08:22:21,741|pysph.solver.solver|Writing output at time 0.109375, iteration 3500, dt = 3.125e-05
INFO|2020-06-14 08:22:21,986|pysph.solver.solver|Writing output at time 0.1125, iteration 3600, dt = 3.125e-05
INFO|2020-06-14 08:22:22,218|pysph.solver.solver|Writing output at time 0.115625, iteration 3700, dt = 3.125e-05
INFO|2020-06-14 08:22:22,449|pysph.solver.solver|Writing output at time 0.11875, iteration 3800, dt = 3.125e-05
INFO|2020-06-14 08:22:22,691|pysph.solver.solver|Writing output at time 0.121875, iteration 3900, dt = 3.125e-05
INFO|2020-06-14 08:22:22,948|pysph.solver.solver|Writing output at time 0.125, iteration 4000, dt = 3.125e-05
INFO|2020-06-14 08:22:23,179|pysph.solver.solver|Writing output at time 0.128125, iteration 4100, dt = 3.125e-05
INFO|2020-06-14 08:22:23,413|pysph.solver.solver|Writing output at time 0.13125, iteration 4200, dt = 3.125e-05
INFO|2020-06-14 08:22:23,647|pysph.solver.solver|Writing output at time 0.134375, iteration 4300, dt = 3.125e-05
INFO|2020-06-14 08:22:23,874|pysph.solver.solver|Writing output at time 0.1375, iteration 4400, dt = 3.125e-05
INFO|2020-06-14 08:22:24,102|pysph.solver.solver|Writing output at time 0.140625, iteration 4500, dt = 3.125e-05
INFO|2020-06-14 08:22:24,345|pysph.solver.solver|Writing output at time 0.14375, iteration 4600, dt = 3.125e-05
INFO|2020-06-14 08:22:24,582|pysph.solver.solver|Writing output at time 0.146875, iteration 4700, dt = 3.125e-05
INFO|2020-06-14 08:22:24,813|pysph.solver.solver|Writing output at time 0.15, iteration 4800, dt = 3.125e-05
INFO|2020-06-14 08:22:25,036|pysph.solver.solver|Writing output at time 0.153125, iteration 4900, dt = 3.125e-05
INFO|2020-06-14 08:22:25,262|pysph.solver.solver|Writing output at time 0.15625, iteration 5000, dt = 3.125e-05
INFO|2020-06-14 08:22:25,493|pysph.solver.solver|Writing output at time 0.159375, iteration 5100, dt = 3.125e-05
INFO|2020-06-14 08:22:25,716|pysph.solver.solver|Writing output at time 0.1625, iteration 5200, dt = 3.125e-05
INFO|2020-06-14 08:22:26,000|pysph.solver.solver|Writing output at time 0.165625, iteration 5300, dt = 3.125e-05
INFO|2020-06-14 08:22:26,227|pysph.solver.solver|Writing output at time 0.16875, iteration 5400, dt = 3.125e-05
INFO|2020-06-14 08:22:26,447|pysph.solver.solver|Writing output at time 0.171875, iteration 5500, dt = 3.125e-05
INFO|2020-06-14 08:22:26,679|pysph.solver.solver|Writing output at time 0.175, iteration 5600, dt = 3.125e-05
INFO|2020-06-14 08:22:26,927|pysph.solver.solver|Writing output at time 0.178125, iteration 5700, dt = 3.125e-05
INFO|2020-06-14 08:22:27,163|pysph.solver.solver|Writing output at time 0.18125, iteration 5800, dt = 3.125e-05
INFO|2020-06-14 08:22:27,430|pysph.solver.solver|Writing output at time 0.184375, iteration 5900, dt = 3.125e-05
INFO|2020-06-14 08:22:27,657|pysph.solver.solver|Writing output at time 0.1875, iteration 6000, dt = 3.125e-05
INFO|2020-06-14 08:22:27,885|pysph.solver.solver|Writing output at time 0.190625, iteration 6100, dt = 3.125e-05
INFO|2020-06-14 08:22:28,121|pysph.solver.solver|Writing output at time 0.19375, iteration 6200, dt = 3.125e-05
INFO|2020-06-14 08:22:28,351|pysph.solver.solver|Writing output at time 0.196875, iteration 6300, dt = 3.125e-05
INFO|2020-06-14 08:22:28,579|pysph.solver.solver|Writing output at time 0.2, iteration 6400, dt = 3.125e-05
INFO|2020-06-14 08:22:28,819|pysph.solver.solver|Writing output at time 0.203125, iteration 6500, dt = 3.125e-05
INFO|2020-06-14 08:22:29,081|pysph.solver.solver|Writing output at time 0.20625, iteration 6600, dt = 3.125e-05
INFO|2020-06-14 08:22:29,308|pysph.solver.solver|Writing output at time 0.209375, iteration 6700, dt = 3.125e-05
INFO|2020-06-14 08:22:29,546|pysph.solver.solver|Writing output at time 0.2125, iteration 6800, dt = 3.125e-05
INFO|2020-06-14 08:22:29,774|pysph.solver.solver|Writing output at time 0.215625, iteration 6900, dt = 3.125e-05
INFO|2020-06-14 08:22:30,001|pysph.solver.solver|Writing output at time 0.21875, iteration 7000, dt = 3.125e-05
INFO|2020-06-14 08:22:30,242|pysph.solver.solver|Writing output at time 0.221875, iteration 7100, dt = 3.125e-05
INFO|2020-06-14 08:22:30,502|pysph.solver.solver|Writing output at time 0.225, iteration 7200, dt = 3.125e-05
INFO|2020-06-14 08:22:30,734|pysph.solver.solver|Writing output at time 0.228125, iteration 7300, dt = 3.125e-05
INFO|2020-06-14 08:22:30,977|pysph.solver.solver|Writing output at time 0.23125, iteration 7400, dt = 3.125e-05
INFO|2020-06-14 08:22:31,203|pysph.solver.solver|Writing output at time 0.234375, iteration 7500, dt = 3.125e-05
INFO|2020-06-14 08:22:31,432|pysph.solver.solver|Writing output at time 0.2375, iteration 7600, dt = 3.125e-05
INFO|2020-06-14 08:22:31,666|pysph.solver.solver|Writing output at time 0.240625, iteration 7700, dt = 3.125e-05
INFO|2020-06-14 08:22:31,891|pysph.solver.solver|Writing output at time 0.24375, iteration 7800, dt = 3.125e-05
INFO|2020-06-14 08:22:32,139|pysph.solver.solver|Writing output at time 0.246875, iteration 7900, dt = 3.125e-05
INFO|2020-06-14 08:22:32,370|pysph.solver.solver|Writing output at time 0.25, iteration 8000, dt = 3.125e-05
INFO|2020-06-14 08:22:32,591|pysph.solver.solver|Writing output at time 0.253125, iteration 8100, dt = 3.125e-05
INFO|2020-06-14 08:22:32,813|pysph.solver.solver|Writing output at time 0.25625, iteration 8200, dt = 3.125e-05
INFO|2020-06-14 08:22:33,045|pysph.solver.solver|Writing output at time 0.259375, iteration 8300, dt = 3.125e-05
INFO|2020-06-14 08:22:33,271|pysph.solver.solver|Writing output at time 0.2625, iteration 8400, dt = 3.125e-05
INFO|2020-06-14 08:22:33,514|pysph.solver.solver|Writing output at time 0.265625, iteration 8500, dt = 3.125e-05
INFO|2020-06-14 08:22:33,747|pysph.solver.solver|Writing output at time 0.26875, iteration 8600, dt = 3.125e-05
INFO|2020-06-14 08:22:33,960|pysph.solver.solver|Writing output at time 0.271875, iteration 8700, dt = 3.125e-05
INFO|2020-06-14 08:22:34,174|pysph.solver.solver|Writing output at time 0.275, iteration 8800, dt = 3.125e-05
INFO|2020-06-14 08:22:34,438|pysph.solver.solver|Writing output at time 0.278125, iteration 8900, dt = 3.125e-05
INFO|2020-06-14 08:22:34,705|pysph.solver.solver|Writing output at time 0.28125, iteration 9000, dt = 3.125e-05
INFO|2020-06-14 08:22:34,940|pysph.solver.solver|Writing output at time 0.284375, iteration 9100, dt = 3.125e-05
INFO|2020-06-14 08:22:35,217|pysph.solver.solver|Writing output at time 0.2875, iteration 9200, dt = 3.125e-05
INFO|2020-06-14 08:22:35,453|pysph.solver.solver|Writing output at time 0.290625, iteration 9300, dt = 3.125e-05
INFO|2020-06-14 08:22:35,687|pysph.solver.solver|Writing output at time 0.29375, iteration 9400, dt = 3.125e-05
INFO|2020-06-14 08:22:35,965|pysph.solver.solver|Writing output at time 0.296875, iteration 9500, dt = 3.125e-05
INFO|2020-06-14 08:22:36,192|pysph.solver.solver|Writing output at time 0.3, iteration 9600, dt = 3.125e-05
INFO|2020-06-14 08:22:36,419|pysph.solver.solver|Writing output at time 0.303125, iteration 9700, dt = 3.125e-05
INFO|2020-06-14 08:22:36,697|pysph.solver.solver|Writing output at time 0.30625, iteration 9800, dt = 3.125e-05
INFO|2020-06-14 08:22:36,938|pysph.solver.solver|Writing output at time 0.309375, iteration 9900, dt = 3.125e-05
INFO|2020-06-14 08:22:37,199|pysph.solver.solver|Writing output at time 0.3125, iteration 10000, dt = 3.125e-05
INFO|2020-06-14 08:22:37,446|pysph.solver.solver|Writing output at time 0.315625, iteration 10100, dt = 3.125e-05
INFO|2020-06-14 08:22:37,686|pysph.solver.solver|Writing output at time 0.31875, iteration 10200, dt = 3.125e-05
INFO|2020-06-14 08:22:37,940|pysph.solver.solver|Writing output at time 0.321875, iteration 10300, dt = 3.125e-05
INFO|2020-06-14 08:22:38,210|pysph.solver.solver|Writing output at time 0.325, iteration 10400, dt = 3.125e-05
INFO|2020-06-14 08:22:38,443|pysph.solver.solver|Writing output at time 0.328125, iteration 10500, dt = 3.125e-05
INFO|2020-06-14 08:22:38,693|pysph.solver.solver|Writing output at time 0.33125, iteration 10600, dt = 3.125e-05
INFO|2020-06-14 08:22:38,935|pysph.solver.solver|Writing output at time 0.334375, iteration 10700, dt = 3.125e-05
INFO|2020-06-14 08:22:39,164|pysph.solver.solver|Writing output at time 0.3375, iteration 10800, dt = 3.125e-05
INFO|2020-06-14 08:22:39,409|pysph.solver.solver|Writing output at time 0.340625, iteration 10900, dt = 3.125e-05
INFO|2020-06-14 08:22:39,659|pysph.solver.solver|Writing output at time 0.34375, iteration 11000, dt = 3.125e-05
INFO|2020-06-14 08:22:39,890|pysph.solver.solver|Writing output at time 0.346875, iteration 11100, dt = 3.125e-05
INFO|2020-06-14 08:22:40,129|pysph.solver.solver|Writing output at time 0.35, iteration 11200, dt = 3.125e-05
INFO|2020-06-14 08:22:40,357|pysph.solver.solver|Writing output at time 0.353125, iteration 11300, dt = 3.125e-05
INFO|2020-06-14 08:22:40,587|pysph.solver.solver|Writing output at time 0.35625, iteration 11400, dt = 3.125e-05
INFO|2020-06-14 08:22:40,831|pysph.solver.solver|Writing output at time 0.359375, iteration 11500, dt = 3.125e-05
INFO|2020-06-14 08:22:41,064|pysph.solver.solver|Writing output at time 0.3625, iteration 11600, dt = 3.125e-05
INFO|2020-06-14 08:22:41,327|pysph.solver.solver|Writing output at time 0.365625, iteration 11700, dt = 3.125e-05
INFO|2020-06-14 08:22:41,566|pysph.solver.solver|Writing output at time 0.36875, iteration 11800, dt = 3.125e-05
INFO|2020-06-14 08:22:41,797|pysph.solver.solver|Writing output at time 0.371875, iteration 11900, dt = 3.125e-05
INFO|2020-06-14 08:22:42,030|pysph.solver.solver|Writing output at time 0.375, iteration 12000, dt = 3.125e-05
INFO|2020-06-14 08:22:42,272|pysph.solver.solver|Writing output at time 0.378125, iteration 12100, dt = 3.125e-05
INFO|2020-06-14 08:22:42,507|pysph.solver.solver|Writing output at time 0.38125, iteration 12200, dt = 3.125e-05
INFO|2020-06-14 08:22:42,795|pysph.solver.solver|Writing output at time 0.384375, iteration 12300, dt = 3.125e-05
INFO|2020-06-14 08:22:43,043|pysph.solver.solver|Writing output at time 0.3875, iteration 12400, dt = 3.125e-05
INFO|2020-06-14 08:22:43,281|pysph.solver.solver|Writing output at time 0.390625, iteration 12500, dt = 3.125e-05
INFO|2020-06-14 08:22:43,527|pysph.solver.solver|Writing output at time 0.39375, iteration 12600, dt = 3.125e-05
INFO|2020-06-14 08:22:43,772|pysph.solver.solver|Writing output at time 0.396875, iteration 12700, dt = 3.125e-05
INFO|2020-06-14 08:22:44,012|pysph.solver.solver|Writing output at time 0.4, iteration 12800, dt = 3.125e-05
INFO|2020-06-14 08:22:44,280|pysph.solver.solver|Writing output at time 0.403125, iteration 12900, dt = 3.125e-05
INFO|2020-06-14 08:22:44,512|pysph.solver.solver|Writing output at time 0.40625, iteration 13000, dt = 3.125e-05
INFO|2020-06-14 08:22:44,838|pysph.solver.solver|Writing output at time 0.409375, iteration 13100, dt = 3.125e-05
INFO|2020-06-14 08:22:45,117|pysph.solver.solver|Writing output at time 0.4125, iteration 13200, dt = 3.125e-05
INFO|2020-06-14 08:22:45,368|pysph.solver.solver|Writing output at time 0.415625, iteration 13300, dt = 3.125e-05
INFO|2020-06-14 08:22:45,617|pysph.solver.solver|Writing output at time 0.41875, iteration 13400, dt = 3.125e-05
INFO|2020-06-14 08:22:45,907|pysph.solver.solver|Writing output at time 0.421875, iteration 13500, dt = 3.125e-05
INFO|2020-06-14 08:22:46,145|pysph.solver.solver|Writing output at time 0.425, iteration 13600, dt = 3.125e-05
INFO|2020-06-14 08:22:46,388|pysph.solver.solver|Writing output at time 0.428125, iteration 13700, dt = 3.125e-05
INFO|2020-06-14 08:22:46,620|pysph.solver.solver|Writing output at time 0.43125, iteration 13800, dt = 3.125e-05
INFO|2020-06-14 08:22:46,852|pysph.solver.solver|Writing output at time 0.434375, iteration 13900, dt = 3.125e-05
INFO|2020-06-14 08:22:47,113|pysph.solver.solver|Writing output at time 0.4375, iteration 14000, dt = 3.125e-05
INFO|2020-06-14 08:22:47,369|pysph.solver.solver|Writing output at time 0.440625, iteration 14100, dt = 3.125e-05
INFO|2020-06-14 08:22:47,634|pysph.solver.solver|Writing output at time 0.44375, iteration 14200, dt = 3.125e-05
INFO|2020-06-14 08:22:47,872|pysph.solver.solver|Writing output at time 0.446875, iteration 14300, dt = 3.125e-05
INFO|2020-06-14 08:22:48,098|pysph.solver.solver|Writing output at time 0.45, iteration 14400, dt = 3.125e-05
INFO|2020-06-14 08:22:48,326|pysph.solver.solver|Writing output at time 0.453125, iteration 14500, dt = 3.125e-05
INFO|2020-06-14 08:22:48,563|pysph.solver.solver|Writing output at time 0.45625, iteration 14600, dt = 3.125e-05
INFO|2020-06-14 08:22:48,817|pysph.solver.solver|Writing output at time 0.459375, iteration 14700, dt = 3.125e-05
INFO|2020-06-14 08:22:49,051|pysph.solver.solver|Writing output at time 0.4625, iteration 14800, dt = 3.125e-05
INFO|2020-06-14 08:22:49,295|pysph.solver.solver|Writing output at time 0.465625, iteration 14900, dt = 3.125e-05
INFO|2020-06-14 08:22:49,529|pysph.solver.solver|Writing output at time 0.46875, iteration 15000, dt = 3.125e-05
INFO|2020-06-14 08:22:49,761|pysph.solver.solver|Writing output at time 0.471875, iteration 15100, dt = 3.125e-05
INFO|2020-06-14 08:22:50,007|pysph.solver.solver|Writing output at time 0.475, iteration 15200, dt = 3.125e-05
INFO|2020-06-14 08:22:50,240|pysph.solver.solver|Writing output at time 0.478125, iteration 15300, dt = 3.125e-05
INFO|2020-06-14 08:22:50,503|pysph.solver.solver|Writing output at time 0.48125, iteration 15400, dt = 3.125e-05
INFO|2020-06-14 08:22:50,740|pysph.solver.solver|Writing output at time 0.484375, iteration 15500, dt = 3.125e-05
INFO|2020-06-14 08:22:50,982|pysph.solver.solver|Writing output at time 0.4875, iteration 15600, dt = 3.125e-05
INFO|2020-06-14 08:22:51,221|pysph.solver.solver|Writing output at time 0.490625, iteration 15700, dt = 3.125e-05
INFO|2020-06-14 08:22:51,459|pysph.solver.solver|Writing output at time 0.49375, iteration 15800, dt = 3.125e-05
INFO|2020-06-14 08:22:51,692|pysph.solver.solver|Writing output at time 0.496875, iteration 15900, dt = 3.125e-05
INFO|2020-06-14 08:22:51,968|pysph.solver.solver|Writing output at time 0.5, iteration 16000, dt = 3.125e-05
INFO|2020-06-14 08:22:52,204|pysph.solver.solver|Writing output at time 0.503125, iteration 16100, dt = 3.125e-05
INFO|2020-06-14 08:22:52,439|pysph.solver.solver|Writing output at time 0.50625, iteration 16200, dt = 3.125e-05
INFO|2020-06-14 08:22:52,684|pysph.solver.solver|Writing output at time 0.509375, iteration 16300, dt = 3.125e-05
INFO|2020-06-14 08:22:52,918|pysph.solver.solver|Writing output at time 0.5125, iteration 16400, dt = 3.125e-05
INFO|2020-06-14 08:22:53,220|pysph.solver.solver|Writing output at time 0.515625, iteration 16500, dt = 3.125e-05
INFO|2020-06-14 08:22:53,532|pysph.solver.solver|Writing output at time 0.51875, iteration 16600, dt = 3.125e-05
INFO|2020-06-14 08:22:53,784|pysph.solver.solver|Writing output at time 0.521875, iteration 16700, dt = 3.125e-05
INFO|2020-06-14 08:22:54,097|pysph.solver.solver|Writing output at time 0.525, iteration 16800, dt = 3.125e-05
INFO|2020-06-14 08:22:54,378|pysph.solver.solver|Writing output at time 0.528125, iteration 16900, dt = 3.125e-05
INFO|2020-06-14 08:22:54,637|pysph.solver.solver|Writing output at time 0.53125, iteration 17000, dt = 3.125e-05
INFO|2020-06-14 08:22:54,925|pysph.solver.solver|Writing output at time 0.534375, iteration 17100, dt = 3.125e-05
INFO|2020-06-14 08:22:55,174|pysph.solver.solver|Writing output at time 0.5375, iteration 17200, dt = 3.125e-05
INFO|2020-06-14 08:22:55,415|pysph.solver.solver|Writing output at time 0.540625, iteration 17300, dt = 3.125e-05
INFO|2020-06-14 08:22:55,657|pysph.solver.solver|Writing output at time 0.54375, iteration 17400, dt = 3.125e-05
INFO|2020-06-14 08:22:55,920|pysph.solver.solver|Writing output at time 0.546875, iteration 17500, dt = 3.125e-05
INFO|2020-06-14 08:22:56,160|pysph.solver.solver|Writing output at time 0.55, iteration 17600, dt = 3.125e-05
INFO|2020-06-14 08:22:56,390|pysph.solver.solver|Writing output at time 0.553125, iteration 17700, dt = 3.125e-05
INFO|2020-06-14 08:22:56,637|pysph.solver.solver|Writing output at time 0.55625, iteration 17800, dt = 3.125e-05
INFO|2020-06-14 08:22:56,865|pysph.solver.solver|Writing output at time 0.559375, iteration 17900, dt = 3.125e-05
INFO|2020-06-14 08:22:57,083|pysph.solver.solver|Writing output at time 0.5625, iteration 18000, dt = 3.125e-05
INFO|2020-06-14 08:22:57,303|pysph.solver.solver|Writing output at time 0.565625, iteration 18100, dt = 3.125e-05
INFO|2020-06-14 08:22:57,529|pysph.solver.solver|Writing output at time 0.56875, iteration 18200, dt = 3.125e-05
INFO|2020-06-14 08:22:57,756|pysph.solver.solver|Writing output at time 0.571875, iteration 18300, dt = 3.125e-05
INFO|2020-06-14 08:22:58,003|pysph.solver.solver|Writing output at time 0.575, iteration 18400, dt = 3.125e-05
INFO|2020-06-14 08:22:58,230|pysph.solver.solver|Writing output at time 0.578125, iteration 18500, dt = 3.125e-05
INFO|2020-06-14 08:22:58,454|pysph.solver.solver|Writing output at time 0.58125, iteration 18600, dt = 3.125e-05
INFO|2020-06-14 08:22:58,674|pysph.solver.solver|Writing output at time 0.584375, iteration 18700, dt = 3.125e-05
INFO|2020-06-14 08:22:58,899|pysph.solver.solver|Writing output at time 0.5875, iteration 18800, dt = 3.125e-05
INFO|2020-06-14 08:22:59,137|pysph.solver.solver|Writing output at time 0.590625, iteration 18900, dt = 3.125e-05
INFO|2020-06-14 08:22:59,356|pysph.solver.solver|Writing output at time 0.59375, iteration 19000, dt = 3.125e-05
INFO|2020-06-14 08:22:59,610|pysph.solver.solver|Writing output at time 0.596875, iteration 19100, dt = 3.125e-05
INFO|2020-06-14 08:22:59,845|pysph.solver.solver|Writing output at time 0.6, iteration 19200, dt = 3.125e-05
INFO|2020-06-14 08:23:00,098|pysph.solver.solver|Writing output at time 0.603125, iteration 19300, dt = 3.125e-05
INFO|2020-06-14 08:23:00,380|pysph.solver.solver|Writing output at time 0.60625, iteration 19400, dt = 3.125e-05
INFO|2020-06-14 08:23:00,630|pysph.solver.solver|Writing output at time 0.609375, iteration 19500, dt = 3.125e-05
INFO|2020-06-14 08:23:00,873|pysph.solver.solver|Writing output at time 0.6125, iteration 19600, dt = 3.125e-05
INFO|2020-06-14 08:23:01,154|pysph.solver.solver|Writing output at time 0.615625, iteration 19700, dt = 3.125e-05
INFO|2020-06-14 08:23:01,394|pysph.solver.solver|Writing output at time 0.61875, iteration 19800, dt = 3.125e-05
INFO|2020-06-14 08:23:01,630|pysph.solver.solver|Writing output at time 0.621875, iteration 19900, dt = 3.125e-05
INFO|2020-06-14 08:23:01,882|pysph.solver.solver|Writing output at time 0.625, iteration 20000, dt = 3.125e-05
INFO|2020-06-14 08:23:02,119|pysph.solver.solver|Writing output at time 0.628125, iteration 20100, dt = 3.125e-05
INFO|2020-06-14 08:23:02,354|pysph.solver.solver|Writing output at time 0.63125, iteration 20200, dt = 3.125e-05
INFO|2020-06-14 08:23:02,625|pysph.solver.solver|Writing output at time 0.634375, iteration 20300, dt = 3.125e-05
INFO|2020-06-14 08:23:02,861|pysph.solver.solver|Writing output at time 0.6375, iteration 20400, dt = 3.125e-05
INFO|2020-06-14 08:23:03,082|pysph.solver.solver|Writing output at time 0.640625, iteration 20500, dt = 3.125e-05
INFO|2020-06-14 08:23:03,323|pysph.solver.solver|Writing output at time 0.64375, iteration 20600, dt = 3.125e-05
INFO|2020-06-14 08:23:03,544|pysph.solver.solver|Writing output at time 0.646875, iteration 20700, dt = 3.125e-05
INFO|2020-06-14 08:23:03,764|pysph.solver.solver|Writing output at time 0.65, iteration 20800, dt = 3.125e-05
INFO|2020-06-14 08:23:03,999|pysph.solver.solver|Writing output at time 0.653125, iteration 20900, dt = 3.125e-05
INFO|2020-06-14 08:23:04,249|pysph.solver.solver|Writing output at time 0.65625, iteration 21000, dt = 3.125e-05
INFO|2020-06-14 08:23:04,469|pysph.solver.solver|Writing output at time 0.659375, iteration 21100, dt = 3.125e-05
INFO|2020-06-14 08:23:04,701|pysph.solver.solver|Writing output at time 0.6625, iteration 21200, dt = 3.125e-05
INFO|2020-06-14 08:23:04,921|pysph.solver.solver|Writing output at time 0.665625, iteration 21300, dt = 3.125e-05
INFO|2020-06-14 08:23:05,143|pysph.solver.solver|Writing output at time 0.66875, iteration 21400, dt = 3.125e-05
INFO|2020-06-14 08:23:05,379|pysph.solver.solver|Writing output at time 0.671875, iteration 21500, dt = 3.125e-05
INFO|2020-06-14 08:23:05,624|pysph.solver.solver|Writing output at time 0.675, iteration 21600, dt = 3.125e-05
INFO|2020-06-14 08:23:05,848|pysph.solver.solver|Writing output at time 0.678125, iteration 21700, dt = 3.125e-05
INFO|2020-06-14 08:23:06,097|pysph.solver.solver|Writing output at time 0.68125, iteration 21800, dt = 3.125e-05
INFO|2020-06-14 08:23:06,316|pysph.solver.solver|Writing output at time 0.684375, iteration 21900, dt = 3.125e-05
INFO|2020-06-14 08:23:06,534|pysph.solver.solver|Writing output at time 0.6875, iteration 22000, dt = 3.125e-05
INFO|2020-06-14 08:23:06,764|pysph.solver.solver|Writing output at time 0.690625, iteration 22100, dt = 3.125e-05
INFO|2020-06-14 08:23:06,984|pysph.solver.solver|Writing output at time 0.69375, iteration 22200, dt = 3.125e-05
INFO|2020-06-14 08:23:07,231|pysph.solver.solver|Writing output at time 0.696875, iteration 22300, dt = 3.125e-05
INFO|2020-06-14 08:23:07,463|pysph.solver.solver|Writing output at time 0.7, iteration 22400, dt = 3.125e-05
INFO|2020-06-14 08:23:07,681|pysph.solver.solver|Writing output at time 0.703125, iteration 22500, dt = 3.125e-05
INFO|2020-06-14 08:23:07,901|pysph.solver.solver|Writing output at time 0.70625, iteration 22600, dt = 3.125e-05
INFO|2020-06-14 08:23:08,133|pysph.solver.solver|Writing output at time 0.709375, iteration 22700, dt = 3.125e-05
INFO|2020-06-14 08:23:08,386|pysph.solver.solver|Writing output at time 0.7125, iteration 22800, dt = 3.125e-05
INFO|2020-06-14 08:23:08,612|pysph.solver.solver|Writing output at time 0.715625, iteration 22900, dt = 3.125e-05
INFO|2020-06-14 08:23:08,881|pysph.solver.solver|Writing output at time 0.71875, iteration 23000, dt = 3.125e-05
INFO|2020-06-14 08:23:09,110|pysph.solver.solver|Writing output at time 0.721875, iteration 23100, dt = 3.125e-05
INFO|2020-06-14 08:23:09,339|pysph.solver.solver|Writing output at time 0.725, iteration 23200, dt = 3.125e-05
INFO|2020-06-14 08:23:09,579|pysph.solver.solver|Writing output at time 0.728125, iteration 23300, dt = 3.125e-05
INFO|2020-06-14 08:23:09,808|pysph.solver.solver|Writing output at time 0.73125, iteration 23400, dt = 3.125e-05
INFO|2020-06-14 08:23:10,037|pysph.solver.solver|Writing output at time 0.734375, iteration 23500, dt = 3.125e-05
INFO|2020-06-14 08:23:10,300|pysph.solver.solver|Writing output at time 0.7375, iteration 23600, dt = 3.125e-05
INFO|2020-06-14 08:23:10,534|pysph.solver.solver|Writing output at time 0.740625, iteration 23700, dt = 3.125e-05
INFO|2020-06-14 08:23:10,765|pysph.solver.solver|Writing output at time 0.74375, iteration 23800, dt = 3.125e-05
INFO|2020-06-14 08:23:11,013|pysph.solver.solver|Writing output at time 0.746875, iteration 23900, dt = 3.125e-05
INFO|2020-06-14 08:23:11,247|pysph.solver.solver|Writing output at time 0.75, iteration 24000, dt = 3.125e-05
INFO|2020-06-14 08:23:11,479|pysph.solver.solver|Writing output at time 0.753125, iteration 24100, dt = 3.125e-05
INFO|2020-06-14 08:23:11,752|pysph.solver.solver|Writing output at time 0.75625, iteration 24200, dt = 3.125e-05
INFO|2020-06-14 08:23:11,994|pysph.solver.solver|Writing output at time 0.759375, iteration 24300, dt = 3.125e-05
INFO|2020-06-14 08:23:12,233|pysph.solver.solver|Writing output at time 0.7625, iteration 24400, dt = 3.125e-05
INFO|2020-06-14 08:23:12,474|pysph.solver.solver|Writing output at time 0.765625, iteration 24500, dt = 3.125e-05
INFO|2020-06-14 08:23:12,711|pysph.solver.solver|Writing output at time 0.76875, iteration 24600, dt = 3.125e-05
INFO|2020-06-14 08:23:12,952|pysph.solver.solver|Writing output at time 0.771875, iteration 24700, dt = 3.125e-05
INFO|2020-06-14 08:23:13,192|pysph.solver.solver|Writing output at time 0.775, iteration 24800, dt = 3.125e-05
INFO|2020-06-14 08:23:13,445|pysph.solver.solver|Writing output at time 0.778125, iteration 24900, dt = 3.125e-05
INFO|2020-06-14 08:23:13,684|pysph.solver.solver|Writing output at time 0.78125, iteration 25000, dt = 3.125e-05
INFO|2020-06-14 08:23:13,907|pysph.solver.solver|Writing output at time 0.784375, iteration 25100, dt = 3.125e-05
INFO|2020-06-14 08:23:14,129|pysph.solver.solver|Writing output at time 0.7875, iteration 25200, dt = 3.125e-05
INFO|2020-06-14 08:23:14,352|pysph.solver.solver|Writing output at time 0.790625, iteration 25300, dt = 3.125e-05
INFO|2020-06-14 08:23:14,577|pysph.solver.solver|Writing output at time 0.79375, iteration 25400, dt = 3.125e-05
INFO|2020-06-14 08:23:14,827|pysph.solver.solver|Writing output at time 0.796875, iteration 25500, dt = 3.125e-05
INFO|2020-06-14 08:23:15,060|pysph.solver.solver|Writing output at time 0.8, iteration 25600, dt = 3.125e-05
INFO|2020-06-14 08:23:15,288|pysph.solver.solver|Writing output at time 0.803125, iteration 25700, dt = 3.125e-05
INFO|2020-06-14 08:23:15,513|pysph.solver.solver|Writing output at time 0.80625, iteration 25800, dt = 3.125e-05
INFO|2020-06-14 08:23:15,740|pysph.solver.solver|Writing output at time 0.809375, iteration 25900, dt = 3.125e-05
INFO|2020-06-14 08:23:15,972|pysph.solver.solver|Writing output at time 0.8125, iteration 26000, dt = 3.125e-05
INFO|2020-06-14 08:23:16,196|pysph.solver.solver|Writing output at time 0.815625, iteration 26100, dt = 3.125e-05
INFO|2020-06-14 08:23:16,454|pysph.solver.solver|Writing output at time 0.81875, iteration 26200, dt = 3.125e-05
INFO|2020-06-14 08:23:16,689|pysph.solver.solver|Writing output at time 0.821875, iteration 26300, dt = 3.125e-05
INFO|2020-06-14 08:23:16,913|pysph.solver.solver|Writing output at time 0.825, iteration 26400, dt = 3.125e-05
INFO|2020-06-14 08:23:17,141|pysph.solver.solver|Writing output at time 0.828125, iteration 26500, dt = 3.125e-05
INFO|2020-06-14 08:23:17,372|pysph.solver.solver|Writing output at time 0.83125, iteration 26600, dt = 3.125e-05
INFO|2020-06-14 08:23:17,597|pysph.solver.solver|Writing output at time 0.834375, iteration 26700, dt = 3.125e-05
INFO|2020-06-14 08:23:17,955|pysph.solver.solver|Writing output at time 0.8375, iteration 26800, dt = 3.125e-05
INFO|2020-06-14 08:23:18,297|pysph.solver.solver|Writing output at time 0.840625, iteration 26900, dt = 3.125e-05
INFO|2020-06-14 08:23:18,564|pysph.solver.solver|Writing output at time 0.84375, iteration 27000, dt = 3.125e-05
INFO|2020-06-14 08:23:18,810|pysph.solver.solver|Writing output at time 0.846875, iteration 27100, dt = 3.125e-05
INFO|2020-06-14 08:23:19,046|pysph.solver.solver|Writing output at time 0.85, iteration 27200, dt = 3.125e-05
INFO|2020-06-14 08:23:19,494|pysph.solver.solver|Writing output at time 0.853125, iteration 27300, dt = 3.125e-05
INFO|2020-06-14 08:23:19,726|pysph.solver.solver|Writing output at time 0.85625, iteration 27400, dt = 3.125e-05
INFO|2020-06-14 08:23:19,963|pysph.solver.solver|Writing output at time 0.859375, iteration 27500, dt = 3.125e-05
INFO|2020-06-14 08:23:20,199|pysph.solver.solver|Writing output at time 0.8625, iteration 27600, dt = 3.125e-05
INFO|2020-06-14 08:23:20,432|pysph.solver.solver|Writing output at time 0.865625, iteration 27700, dt = 3.125e-05
INFO|2020-06-14 08:23:20,671|pysph.solver.solver|Writing output at time 0.86875, iteration 27800, dt = 3.125e-05
INFO|2020-06-14 08:23:20,932|pysph.solver.solver|Writing output at time 0.871875, iteration 27900, dt = 3.125e-05
INFO|2020-06-14 08:23:21,166|pysph.solver.solver|Writing output at time 0.875, iteration 28000, dt = 3.125e-05
INFO|2020-06-14 08:23:21,407|pysph.solver.solver|Writing output at time 0.878125, iteration 28100, dt = 3.125e-05
INFO|2020-06-14 08:23:21,641|pysph.solver.solver|Writing output at time 0.88125, iteration 28200, dt = 3.125e-05
INFO|2020-06-14 08:23:21,876|pysph.solver.solver|Writing output at time 0.884375, iteration 28300, dt = 3.125e-05
INFO|2020-06-14 08:23:22,117|pysph.solver.solver|Writing output at time 0.8875, iteration 28400, dt = 3.125e-05
INFO|2020-06-14 08:23:22,367|pysph.solver.solver|Writing output at time 0.890625, iteration 28500, dt = 3.125e-05
INFO|2020-06-14 08:23:22,624|pysph.solver.solver|Writing output at time 0.89375, iteration 28600, dt = 3.125e-05
INFO|2020-06-14 08:23:22,860|pysph.solver.solver|Writing output at time 0.896875, iteration 28700, dt = 3.125e-05
INFO|2020-06-14 08:23:23,136|pysph.solver.solver|Writing output at time 0.9, iteration 28800, dt = 3.125e-05
INFO|2020-06-14 08:23:23,397|pysph.solver.solver|Writing output at time 0.903125, iteration 28900, dt = 3.125e-05
INFO|2020-06-14 08:23:23,661|pysph.solver.solver|Writing output at time 0.90625, iteration 29000, dt = 3.125e-05
INFO|2020-06-14 08:23:23,895|pysph.solver.solver|Writing output at time 0.909375, iteration 29100, dt = 3.125e-05
INFO|2020-06-14 08:23:24,161|pysph.solver.solver|Writing output at time 0.9125, iteration 29200, dt = 3.125e-05
INFO|2020-06-14 08:23:24,436|pysph.solver.solver|Writing output at time 0.915625, iteration 29300, dt = 3.125e-05
INFO|2020-06-14 08:23:24,669|pysph.solver.solver|Writing output at time 0.91875, iteration 29400, dt = 3.125e-05
INFO|2020-06-14 08:23:24,911|pysph.solver.solver|Writing output at time 0.921875, iteration 29500, dt = 3.125e-05
INFO|2020-06-14 08:23:25,145|pysph.solver.solver|Writing output at time 0.925, iteration 29600, dt = 3.125e-05
INFO|2020-06-14 08:23:25,377|pysph.solver.solver|Writing output at time 0.928125, iteration 29700, dt = 3.125e-05
INFO|2020-06-14 08:23:25,649|pysph.solver.solver|Writing output at time 0.93125, iteration 29800, dt = 3.125e-05
INFO|2020-06-14 08:23:25,880|pysph.solver.solver|Writing output at time 0.934375, iteration 29900, dt = 3.125e-05
INFO|2020-06-14 08:23:26,124|pysph.solver.solver|Writing output at time 0.9375, iteration 30000, dt = 3.125e-05
INFO|2020-06-14 08:23:26,373|pysph.solver.solver|Writing output at time 0.940625, iteration 30100, dt = 3.125e-05
INFO|2020-06-14 08:23:26,592|pysph.solver.solver|Writing output at time 0.94375, iteration 30200, dt = 3.125e-05
INFO|2020-06-14 08:23:26,824|pysph.solver.solver|Writing output at time 0.946875, iteration 30300, dt = 3.125e-05
INFO|2020-06-14 08:23:27,081|pysph.solver.solver|Writing output at time 0.95, iteration 30400, dt = 3.125e-05
INFO|2020-06-14 08:23:27,316|pysph.solver.solver|Writing output at time 0.953125, iteration 30500, dt = 3.125e-05
INFO|2020-06-14 08:23:27,549|pysph.solver.solver|Writing output at time 0.95625, iteration 30600, dt = 3.125e-05
INFO|2020-06-14 08:23:27,796|pysph.solver.solver|Writing output at time 0.959375, iteration 30700, dt = 3.125e-05
INFO|2020-06-14 08:23:28,032|pysph.solver.solver|Writing output at time 0.9625, iteration 30800, dt = 3.125e-05
INFO|2020-06-14 08:23:28,266|pysph.solver.solver|Writing output at time 0.965625, iteration 30900, dt = 3.125e-05
INFO|2020-06-14 08:23:28,511|pysph.solver.solver|Writing output at time 0.96875, iteration 31000, dt = 3.125e-05
INFO|2020-06-14 08:23:28,782|pysph.solver.solver|Writing output at time 0.971875, iteration 31100, dt = 3.125e-05
INFO|2020-06-14 08:23:29,020|pysph.solver.solver|Writing output at time 0.975, iteration 31200, dt = 3.125e-05
INFO|2020-06-14 08:23:29,263|pysph.solver.solver|Writing output at time 0.978125, iteration 31300, dt = 3.125e-05
INFO|2020-06-14 08:23:29,502|pysph.solver.solver|Writing output at time 0.98125, iteration 31400, dt = 3.125e-05
INFO|2020-06-14 08:23:29,738|pysph.solver.solver|Writing output at time 0.984375, iteration 31500, dt = 3.125e-05
INFO|2020-06-14 08:23:29,985|pysph.solver.solver|Writing output at time 0.9875, iteration 31600, dt = 3.125e-05
INFO|2020-06-14 08:23:30,253|pysph.solver.solver|Writing output at time 0.990625, iteration 31700, dt = 3.125e-05
INFO|2020-06-14 08:23:30,495|pysph.solver.solver|Writing output at time 0.99375, iteration 31800, dt = 3.125e-05
INFO|2020-06-14 08:23:30,734|pysph.solver.solver|Writing output at time 0.996875, iteration 31900, dt = 3.125e-05
INFO|2020-06-14 08:23:30,970|pysph.solver.solver|Writing output at time 1, iteration 32000, dt = 3.125e-05
INFO|2020-06-14 08:23:31,215|pysph.solver.solver|Writing output at time 1.00313, iteration 32100, dt = 3.125e-05
INFO|2020-06-14 08:23:31,452|pysph.solver.solver|Writing output at time 1.00625, iteration 32200, dt = 3.125e-05
INFO|2020-06-14 08:23:31,719|pysph.solver.solver|Writing output at time 1.00938, iteration 32300, dt = 3.125e-05
INFO|2020-06-14 08:23:31,965|pysph.solver.solver|Writing output at time 1.0125, iteration 32400, dt = 3.125e-05
INFO|2020-06-14 08:23:32,200|pysph.solver.solver|Writing output at time 1.01563, iteration 32500, dt = 3.125e-05
INFO|2020-06-14 08:23:32,431|pysph.solver.solver|Writing output at time 1.01875, iteration 32600, dt = 3.125e-05
INFO|2020-06-14 08:23:32,671|pysph.solver.solver|Writing output at time 1.02188, iteration 32700, dt = 3.125e-05
INFO|2020-06-14 08:23:32,914|pysph.solver.solver|Writing output at time 1.025, iteration 32800, dt = 3.125e-05
INFO|2020-06-14 08:23:33,178|pysph.solver.solver|Writing output at time 1.02813, iteration 32900, dt = 3.125e-05
INFO|2020-06-14 08:23:33,424|pysph.solver.solver|Writing output at time 1.03125, iteration 33000, dt = 3.125e-05
INFO|2020-06-14 08:23:33,658|pysph.solver.solver|Writing output at time 1.03438, iteration 33100, dt = 3.125e-05
INFO|2020-06-14 08:23:33,893|pysph.solver.solver|Writing output at time 1.0375, iteration 33200, dt = 3.125e-05
INFO|2020-06-14 08:23:34,140|pysph.solver.solver|Writing output at time 1.04063, iteration 33300, dt = 3.125e-05
INFO|2020-06-14 08:23:34,374|pysph.solver.solver|Writing output at time 1.04375, iteration 33400, dt = 3.125e-05
INFO|2020-06-14 08:23:34,626|pysph.solver.solver|Writing output at time 1.04688, iteration 33500, dt = 3.125e-05
INFO|2020-06-14 08:23:34,898|pysph.solver.solver|Writing output at time 1.05, iteration 33600, dt = 3.125e-05
INFO|2020-06-14 08:23:35,205|pysph.solver.solver|Writing output at time 1.05313, iteration 33700, dt = 3.125e-05
INFO|2020-06-14 08:23:35,486|pysph.solver.solver|Writing output at time 1.05625, iteration 33800, dt = 3.125e-05
INFO|2020-06-14 08:23:35,736|pysph.solver.solver|Writing output at time 1.05938, iteration 33900, dt = 3.125e-05
INFO|2020-06-14 08:23:36,003|pysph.solver.solver|Writing output at time 1.0625, iteration 34000, dt = 3.125e-05
INFO|2020-06-14 08:23:36,278|pysph.solver.solver|Writing output at time 1.06563, iteration 34100, dt = 3.125e-05
INFO|2020-06-14 08:23:36,518|pysph.solver.solver|Writing output at time 1.06875, iteration 34200, dt = 3.125e-05
INFO|2020-06-14 08:23:36,751|pysph.solver.solver|Writing output at time 1.07188, iteration 34300, dt = 3.125e-05
INFO|2020-06-14 08:23:36,997|pysph.solver.solver|Writing output at time 1.075, iteration 34400, dt = 3.125e-05
INFO|2020-06-14 08:23:37,232|pysph.solver.solver|Writing output at time 1.07813, iteration 34500, dt = 3.125e-05
INFO|2020-06-14 08:23:37,470|pysph.solver.solver|Writing output at time 1.08125, iteration 34600, dt = 3.125e-05
INFO|2020-06-14 08:23:37,731|pysph.solver.solver|Writing output at time 1.08438, iteration 34700, dt = 3.125e-05
INFO|2020-06-14 08:23:37,968|pysph.solver.solver|Writing output at time 1.0875, iteration 34800, dt = 3.125e-05
INFO|2020-06-14 08:23:38,678|pysph.solver.solver|Writing output at time 1.09063, iteration 34900, dt = 3.125e-05
INFO|2020-06-14 08:23:38,976|pysph.solver.solver|Writing output at time 1.09375, iteration 35000, dt = 3.125e-05
INFO|2020-06-14 08:23:39,322|pysph.solver.solver|Writing output at time 1.09688, iteration 35100, dt = 3.125e-05
INFO|2020-06-14 08:23:39,968|pysph.solver.solver|Writing output at time 1.1, iteration 35200, dt = 3.125e-05
INFO|2020-06-14 08:23:40,260|pysph.solver.solver|Writing output at time 1.10313, iteration 35300, dt = 3.125e-05
INFO|2020-06-14 08:23:40,542|pysph.solver.solver|Writing output at time 1.10625, iteration 35400, dt = 3.125e-05
INFO|2020-06-14 08:23:40,829|pysph.solver.solver|Writing output at time 1.10938, iteration 35500, dt = 3.125e-05
INFO|2020-06-14 08:23:41,097|pysph.solver.solver|Writing output at time 1.1125, iteration 35600, dt = 3.125e-05
INFO|2020-06-14 08:23:41,341|pysph.solver.solver|Writing output at time 1.11563, iteration 35700, dt = 3.125e-05
INFO|2020-06-14 08:23:41,586|pysph.solver.solver|Writing output at time 1.11875, iteration 35800, dt = 3.125e-05
INFO|2020-06-14 08:23:41,887|pysph.solver.solver|Writing output at time 1.12188, iteration 35900, dt = 3.125e-05
INFO|2020-06-14 08:23:42,134|pysph.solver.solver|Writing output at time 1.125, iteration 36000, dt = 3.125e-05
INFO|2020-06-14 08:23:42,395|pysph.solver.solver|Writing output at time 1.12813, iteration 36100, dt = 3.125e-05
INFO|2020-06-14 08:23:42,630|pysph.solver.solver|Writing output at time 1.13125, iteration 36200, dt = 3.125e-05
INFO|2020-06-14 08:23:42,892|pysph.solver.solver|Writing output at time 1.13438, iteration 36300, dt = 3.125e-05
INFO|2020-06-14 08:23:43,143|pysph.solver.solver|Writing output at time 1.1375, iteration 36400, dt = 3.125e-05
INFO|2020-06-14 08:23:43,384|pysph.solver.solver|Writing output at time 1.14063, iteration 36500, dt = 3.125e-05
INFO|2020-06-14 08:23:43,625|pysph.solver.solver|Writing output at time 1.14375, iteration 36600, dt = 3.125e-05
INFO|2020-06-14 08:23:43,907|pysph.solver.solver|Writing output at time 1.14688, iteration 36700, dt = 3.125e-05
INFO|2020-06-14 08:23:44,155|pysph.solver.solver|Writing output at time 1.15, iteration 36800, dt = 3.125e-05
INFO|2020-06-14 08:23:44,419|pysph.solver.solver|Writing output at time 1.15313, iteration 36900, dt = 3.125e-05
INFO|2020-06-14 08:23:44,672|pysph.solver.solver|Writing output at time 1.15625, iteration 37000, dt = 3.125e-05
INFO|2020-06-14 08:23:44,925|pysph.solver.solver|Writing output at time 1.15938, iteration 37100, dt = 3.125e-05
INFO|2020-06-14 08:23:45,168|pysph.solver.solver|Writing output at time 1.1625, iteration 37200, dt = 3.125e-05
INFO|2020-06-14 08:23:45,450|pysph.solver.solver|Writing output at time 1.16563, iteration 37300, dt = 3.125e-05
INFO|2020-06-14 08:23:45,698|pysph.solver.solver|Writing output at time 1.16875, iteration 37400, dt = 3.125e-05
INFO|2020-06-14 08:23:45,974|pysph.solver.solver|Writing output at time 1.17188, iteration 37500, dt = 3.125e-05
INFO|2020-06-14 08:23:46,209|pysph.solver.solver|Writing output at time 1.175, iteration 37600, dt = 3.125e-05
INFO|2020-06-14 08:23:46,442|pysph.solver.solver|Writing output at time 1.17813, iteration 37700, dt = 3.125e-05
INFO|2020-06-14 08:23:46,690|pysph.solver.solver|Writing output at time 1.18125, iteration 37800, dt = 3.125e-05
INFO|2020-06-14 08:23:46,950|pysph.solver.solver|Writing output at time 1.18438, iteration 37900, dt = 3.125e-05
INFO|2020-06-14 08:23:47,255|pysph.solver.solver|Writing output at time 1.1875, iteration 38000, dt = 3.125e-05
INFO|2020-06-14 08:23:47,528|pysph.solver.solver|Writing output at time 1.19063, iteration 38100, dt = 3.125e-05
INFO|2020-06-14 08:23:47,779|pysph.solver.solver|Writing output at time 1.19375, iteration 38200, dt = 3.125e-05
INFO|2020-06-14 08:23:48,028|pysph.solver.solver|Writing output at time 1.19688, iteration 38300, dt = 3.125e-05
INFO|2020-06-14 08:23:48,269|pysph.solver.solver|Writing output at time 1.2, iteration 38400, dt = 3.125e-05
INFO|2020-06-14 08:23:48,534|pysph.solver.solver|Writing output at time 1.20313, iteration 38500, dt = 3.125e-05
INFO|2020-06-14 08:23:48,782|pysph.solver.solver|Writing output at time 1.20625, iteration 38600, dt = 3.125e-05
INFO|2020-06-14 08:23:49,013|pysph.solver.solver|Writing output at time 1.20938, iteration 38700, dt = 3.125e-05
INFO|2020-06-14 08:23:49,243|pysph.solver.solver|Writing output at time 1.2125, iteration 38800, dt = 3.125e-05
INFO|2020-06-14 08:23:49,486|pysph.solver.solver|Writing output at time 1.21563, iteration 38900, dt = 3.125e-05
INFO|2020-06-14 08:23:49,724|pysph.solver.solver|Writing output at time 1.21875, iteration 39000, dt = 3.125e-05
INFO|2020-06-14 08:23:49,978|pysph.solver.solver|Writing output at time 1.22187, iteration 39100, dt = 3.125e-05
INFO|2020-06-14 08:23:50,225|pysph.solver.solver|Writing output at time 1.225, iteration 39200, dt = 3.125e-05
INFO|2020-06-14 08:23:50,455|pysph.solver.solver|Writing output at time 1.22812, iteration 39300, dt = 3.125e-05
INFO|2020-06-14 08:23:50,686|pysph.solver.solver|Writing output at time 1.23125, iteration 39400, dt = 3.125e-05
INFO|2020-06-14 08:23:50,930|pysph.solver.solver|Writing output at time 1.23437, iteration 39500, dt = 3.125e-05
INFO|2020-06-14 08:23:51,161|pysph.solver.solver|Writing output at time 1.2375, iteration 39600, dt = 3.125e-05
INFO|2020-06-14 08:23:51,392|pysph.solver.solver|Writing output at time 1.24062, iteration 39700, dt = 3.125e-05
INFO|2020-06-14 08:23:51,666|pysph.solver.solver|Writing output at time 1.24375, iteration 39800, dt = 3.125e-05
INFO|2020-06-14 08:23:51,897|pysph.solver.solver|Writing output at time 1.24687, iteration 39900, dt = 3.125e-05
INFO|2020-06-14 08:23:52,129|pysph.solver.solver|Writing output at time 1.25, iteration 40000, dt = 3.125e-05
INFO|2020-06-14 08:23:52,375|pysph.solver.solver|Writing output at time 1.25312, iteration 40100, dt = 3.125e-05
INFO|2020-06-14 08:23:52,606|pysph.solver.solver|Writing output at time 1.25625, iteration 40200, dt = 3.125e-05
INFO|2020-06-14 08:23:52,837|pysph.solver.solver|Writing output at time 1.25937, iteration 40300, dt = 3.125e-05
INFO|2020-06-14 08:23:53,132|pysph.solver.solver|Writing output at time 1.2625, iteration 40400, dt = 3.125e-05
INFO|2020-06-14 08:23:53,355|pysph.solver.solver|Writing output at time 1.26562, iteration 40500, dt = 3.125e-05
INFO|2020-06-14 08:23:53,583|pysph.solver.solver|Writing output at time 1.26875, iteration 40600, dt = 3.125e-05
INFO|2020-06-14 08:23:53,820|pysph.solver.solver|Writing output at time 1.27187, iteration 40700, dt = 3.125e-05
INFO|2020-06-14 08:23:54,046|pysph.solver.solver|Writing output at time 1.275, iteration 40800, dt = 3.125e-05
INFO|2020-06-14 08:23:54,269|pysph.solver.solver|Writing output at time 1.27812, iteration 40900, dt = 3.125e-05
INFO|2020-06-14 08:23:54,508|pysph.solver.solver|Writing output at time 1.28125, iteration 41000, dt = 3.125e-05
INFO|2020-06-14 08:23:54,761|pysph.solver.solver|Writing output at time 1.28437, iteration 41100, dt = 3.125e-05
INFO|2020-06-14 08:23:54,991|pysph.solver.solver|Writing output at time 1.2875, iteration 41200, dt = 3.125e-05
INFO|2020-06-14 08:23:55,227|pysph.solver.solver|Writing output at time 1.29062, iteration 41300, dt = 3.125e-05
INFO|2020-06-14 08:23:55,452|pysph.solver.solver|Writing output at time 1.29375, iteration 41400, dt = 3.125e-05
INFO|2020-06-14 08:23:55,675|pysph.solver.solver|Writing output at time 1.29687, iteration 41500, dt = 3.125e-05
INFO|2020-06-14 08:23:55,939|pysph.solver.solver|Writing output at time 1.3, iteration 41600, dt = 3.125e-05
INFO|2020-06-14 08:23:56,220|pysph.solver.solver|Writing output at time 1.30312, iteration 41700, dt = 3.125e-05
INFO|2020-06-14 08:23:56,476|pysph.solver.solver|Writing output at time 1.30625, iteration 41800, dt = 3.125e-05
INFO|2020-06-14 08:23:56,766|pysph.solver.solver|Writing output at time 1.30937, iteration 41900, dt = 3.125e-05
INFO|2020-06-14 08:23:57,097|pysph.solver.solver|Writing output at time 1.3125, iteration 42000, dt = 3.125e-05
INFO|2020-06-14 08:23:57,456|pysph.solver.solver|Writing output at time 1.31562, iteration 42100, dt = 3.125e-05
INFO|2020-06-14 08:23:57,925|pysph.solver.solver|Writing output at time 1.31875, iteration 42200, dt = 3.125e-05
INFO|2020-06-14 08:23:58,426|pysph.solver.solver|Writing output at time 1.32187, iteration 42300, dt = 3.125e-05
INFO|2020-06-14 08:23:59,096|pysph.solver.solver|Writing output at time 1.325, iteration 42400, dt = 3.125e-05
INFO|2020-06-14 08:23:59,555|pysph.solver.solver|Writing output at time 1.32812, iteration 42500, dt = 3.125e-05
INFO|2020-06-14 08:23:59,800|pysph.solver.solver|Writing output at time 1.33125, iteration 42600, dt = 3.125e-05
INFO|2020-06-14 08:24:00,112|pysph.solver.solver|Writing output at time 1.33437, iteration 42700, dt = 3.125e-05
INFO|2020-06-14 08:24:00,722|pysph.solver.solver|Writing output at time 1.3375, iteration 42800, dt = 3.125e-05
INFO|2020-06-14 08:24:01,175|pysph.solver.solver|Writing output at time 1.34062, iteration 42900, dt = 3.125e-05
INFO|2020-06-14 08:24:01,486|pysph.solver.solver|Writing output at time 1.34375, iteration 43000, dt = 3.125e-05
INFO|2020-06-14 08:24:01,955|pysph.solver.solver|Writing output at time 1.34687, iteration 43100, dt = 3.125e-05
INFO|2020-06-14 08:24:02,354|pysph.solver.solver|Writing output at time 1.35, iteration 43200, dt = 3.125e-05
INFO|2020-06-14 08:24:02,620|pysph.solver.solver|Writing output at time 1.35312, iteration 43300, dt = 3.125e-05
INFO|2020-06-14 08:24:02,857|pysph.solver.solver|Writing output at time 1.35625, iteration 43400, dt = 3.125e-05
INFO|2020-06-14 08:24:03,115|pysph.solver.solver|Writing output at time 1.35937, iteration 43500, dt = 3.125e-05
INFO|2020-06-14 08:24:03,371|pysph.solver.solver|Writing output at time 1.3625, iteration 43600, dt = 3.125e-05
INFO|2020-06-14 08:24:03,629|pysph.solver.solver|Writing output at time 1.36562, iteration 43700, dt = 3.125e-05
INFO|2020-06-14 08:24:03,899|pysph.solver.solver|Writing output at time 1.36875, iteration 43800, dt = 3.125e-05
INFO|2020-06-14 08:24:04,189|pysph.solver.solver|Writing output at time 1.37187, iteration 43900, dt = 3.125e-05
INFO|2020-06-14 08:24:04,409|pysph.solver.solver|Writing output at time 1.375, iteration 44000, dt = 3.125e-05
INFO|2020-06-14 08:24:04,627|pysph.solver.solver|Writing output at time 1.37812, iteration 44100, dt = 3.125e-05
INFO|2020-06-14 08:24:05,001|pysph.solver.solver|Writing output at time 1.38125, iteration 44200, dt = 3.125e-05
INFO|2020-06-14 08:24:05,639|pysph.solver.solver|Writing output at time 1.38437, iteration 44300, dt = 3.125e-05
INFO|2020-06-14 08:24:06,154|pysph.solver.solver|Writing output at time 1.3875, iteration 44400, dt = 3.125e-05
INFO|2020-06-14 08:24:06,511|pysph.solver.solver|Writing output at time 1.39062, iteration 44500, dt = 3.125e-05
INFO|2020-06-14 08:24:06,809|pysph.solver.solver|Writing output at time 1.39375, iteration 44600, dt = 3.125e-05
INFO|2020-06-14 08:24:07,193|pysph.solver.solver|Writing output at time 1.39687, iteration 44700, dt = 3.125e-05
INFO|2020-06-14 08:24:07,526|pysph.solver.solver|Writing output at time 1.4, iteration 44800, dt = 3.125e-05
INFO|2020-06-14 08:24:07,835|pysph.solver.solver|Writing output at time 1.40312, iteration 44900, dt = 3.125e-05
INFO|2020-06-14 08:24:08,073|pysph.solver.solver|Writing output at time 1.40625, iteration 45000, dt = 3.125e-05
INFO|2020-06-14 08:24:08,310|pysph.solver.solver|Writing output at time 1.40937, iteration 45100, dt = 3.125e-05
INFO|2020-06-14 08:24:08,578|pysph.solver.solver|Writing output at time 1.4125, iteration 45200, dt = 3.125e-05
INFO|2020-06-14 08:24:08,812|pysph.solver.solver|Writing output at time 1.41562, iteration 45300, dt = 3.125e-05
INFO|2020-06-14 08:24:09,060|pysph.solver.solver|Writing output at time 1.41875, iteration 45400, dt = 3.125e-05
INFO|2020-06-14 08:24:09,292|pysph.solver.solver|Writing output at time 1.42187, iteration 45500, dt = 3.125e-05
INFO|2020-06-14 08:24:09,521|pysph.solver.solver|Writing output at time 1.425, iteration 45600, dt = 3.125e-05
INFO|2020-06-14 08:24:09,760|pysph.solver.solver|Writing output at time 1.42812, iteration 45700, dt = 3.125e-05
INFO|2020-06-14 08:24:10,154|pysph.solver.solver|Writing output at time 1.43125, iteration 45800, dt = 3.125e-05
INFO|2020-06-14 08:24:10,564|pysph.solver.solver|Writing output at time 1.43437, iteration 45900, dt = 3.125e-05
INFO|2020-06-14 08:24:10,989|pysph.solver.solver|Writing output at time 1.4375, iteration 46000, dt = 3.125e-05
INFO|2020-06-14 08:24:11,451|pysph.solver.solver|Writing output at time 1.44062, iteration 46100, dt = 3.125e-05
INFO|2020-06-14 08:24:11,687|pysph.solver.solver|Writing output at time 1.44375, iteration 46200, dt = 3.125e-05
INFO|2020-06-14 08:24:11,964|pysph.solver.solver|Writing output at time 1.44687, iteration 46300, dt = 3.125e-05
INFO|2020-06-14 08:24:12,236|pysph.solver.solver|Writing output at time 1.45, iteration 46400, dt = 3.125e-05
INFO|2020-06-14 08:24:12,487|pysph.solver.solver|Writing output at time 1.45312, iteration 46500, dt = 3.125e-05
INFO|2020-06-14 08:24:12,743|pysph.solver.solver|Writing output at time 1.45625, iteration 46600, dt = 3.125e-05
INFO|2020-06-14 08:24:13,010|pysph.solver.solver|Writing output at time 1.45937, iteration 46700, dt = 3.125e-05
INFO|2020-06-14 08:24:13,249|pysph.solver.solver|Writing output at time 1.4625, iteration 46800, dt = 3.125e-05
INFO|2020-06-14 08:24:13,480|pysph.solver.solver|Writing output at time 1.46562, iteration 46900, dt = 3.125e-05
INFO|2020-06-14 08:24:13,708|pysph.solver.solver|Writing output at time 1.46875, iteration 47000, dt = 3.125e-05
INFO|2020-06-14 08:24:13,941|pysph.solver.solver|Writing output at time 1.47187, iteration 47100, dt = 3.125e-05
INFO|2020-06-14 08:24:14,171|pysph.solver.solver|Writing output at time 1.475, iteration 47200, dt = 3.125e-05
INFO|2020-06-14 08:24:14,398|pysph.solver.solver|Writing output at time 1.47812, iteration 47300, dt = 3.125e-05
INFO|2020-06-14 08:24:14,668|pysph.solver.solver|Writing output at time 1.48125, iteration 47400, dt = 3.125e-05
INFO|2020-06-14 08:24:14,902|pysph.solver.solver|Writing output at time 1.48437, iteration 47500, dt = 3.125e-05
INFO|2020-06-14 08:24:15,134|pysph.solver.solver|Writing output at time 1.4875, iteration 47600, dt = 3.125e-05
INFO|2020-06-14 08:24:15,375|pysph.solver.solver|Writing output at time 1.49062, iteration 47700, dt = 3.125e-05
INFO|2020-06-14 08:24:15,609|pysph.solver.solver|Writing output at time 1.49375, iteration 47800, dt = 3.125e-05
INFO|2020-06-14 08:24:15,842|pysph.solver.solver|Writing output at time 1.49687, iteration 47900, dt = 3.125e-05
INFO|2020-06-14 08:24:16,132|pysph.solver.solver|Writing output at time 1.5, iteration 48000, dt = 3.125e-05
INFO|2020-06-14 08:24:16,363|pysph.solver.solver|Writing output at time 1.50312, iteration 48100, dt = 3.125e-05
INFO|2020-06-14 08:24:16,593|pysph.solver.solver|Writing output at time 1.50625, iteration 48200, dt = 3.125e-05
INFO|2020-06-14 08:24:16,835|pysph.solver.solver|Writing output at time 1.50937, iteration 48300, dt = 3.125e-05
INFO|2020-06-14 08:24:17,069|pysph.solver.solver|Writing output at time 1.5125, iteration 48400, dt = 3.125e-05
INFO|2020-06-14 08:24:17,298|pysph.solver.solver|Writing output at time 1.51562, iteration 48500, dt = 3.125e-05
INFO|2020-06-14 08:24:17,563|pysph.solver.solver|Writing output at time 1.51875, iteration 48600, dt = 3.125e-05
INFO|2020-06-14 08:24:17,796|pysph.solver.solver|Writing output at time 1.52187, iteration 48700, dt = 3.125e-05
INFO|2020-06-14 08:24:18,024|pysph.solver.solver|Writing output at time 1.525, iteration 48800, dt = 3.125e-05
INFO|2020-06-14 08:24:18,265|pysph.solver.solver|Writing output at time 1.52812, iteration 48900, dt = 3.125e-05
INFO|2020-06-14 08:24:18,492|pysph.solver.solver|Writing output at time 1.53125, iteration 49000, dt = 3.125e-05
INFO|2020-06-14 08:24:18,721|pysph.solver.solver|Writing output at time 1.53437, iteration 49100, dt = 3.125e-05
INFO|2020-06-14 08:24:18,964|pysph.solver.solver|Writing output at time 1.5375, iteration 49200, dt = 3.125e-05
INFO|2020-06-14 08:24:19,221|pysph.solver.solver|Writing output at time 1.54062, iteration 49300, dt = 3.125e-05
INFO|2020-06-14 08:24:19,451|pysph.solver.solver|Writing output at time 1.54375, iteration 49400, dt = 3.125e-05
INFO|2020-06-14 08:24:19,690|pysph.solver.solver|Writing output at time 1.54687, iteration 49500, dt = 3.125e-05
INFO|2020-06-14 08:24:19,917|pysph.solver.solver|Writing output at time 1.55, iteration 49600, dt = 3.125e-05
INFO|2020-06-14 08:24:20,146|pysph.solver.solver|Writing output at time 1.55312, iteration 49700, dt = 3.125e-05
INFO|2020-06-14 08:24:20,385|pysph.solver.solver|Writing output at time 1.55625, iteration 49800, dt = 3.125e-05
INFO|2020-06-14 08:24:20,638|pysph.solver.solver|Writing output at time 1.55937, iteration 49900, dt = 3.125e-05
INFO|2020-06-14 08:24:20,881|pysph.solver.solver|Writing output at time 1.5625, iteration 50000, dt = 3.125e-05
INFO|2020-06-14 08:24:21,123|pysph.solver.solver|Writing output at time 1.56562, iteration 50100, dt = 3.125e-05
INFO|2020-06-14 08:24:21,351|pysph.solver.solver|Writing output at time 1.56875, iteration 50200, dt = 3.125e-05
INFO|2020-06-14 08:24:21,580|pysph.solver.solver|Writing output at time 1.57187, iteration 50300, dt = 3.125e-05
INFO|2020-06-14 08:24:21,820|pysph.solver.solver|Writing output at time 1.575, iteration 50400, dt = 3.125e-05
INFO|2020-06-14 08:24:22,050|pysph.solver.solver|Writing output at time 1.57812, iteration 50500, dt = 3.125e-05
INFO|2020-06-14 08:24:22,310|pysph.solver.solver|Writing output at time 1.58125, iteration 50600, dt = 3.125e-05
INFO|2020-06-14 08:24:22,553|pysph.solver.solver|Writing output at time 1.58437, iteration 50700, dt = 3.125e-05
INFO|2020-06-14 08:24:22,781|pysph.solver.solver|Writing output at time 1.5875, iteration 50800, dt = 3.125e-05
INFO|2020-06-14 08:24:23,015|pysph.solver.solver|Writing output at time 1.59062, iteration 50900, dt = 3.125e-05
INFO|2020-06-14 08:24:23,257|pysph.solver.solver|Writing output at time 1.59375, iteration 51000, dt = 3.125e-05
INFO|2020-06-14 08:24:23,497|pysph.solver.solver|Writing output at time 1.59687, iteration 51100, dt = 3.125e-05
INFO|2020-06-14 08:24:23,763|pysph.solver.solver|Writing output at time 1.6, iteration 51200, dt = 3.125e-05
INFO|2020-06-14 08:24:24,005|pysph.solver.solver|Writing output at time 1.60312, iteration 51300, dt = 3.125e-05
INFO|2020-06-14 08:24:24,243|pysph.solver.solver|Writing output at time 1.60625, iteration 51400, dt = 3.125e-05
INFO|2020-06-14 08:24:24,487|pysph.solver.solver|Writing output at time 1.60937, iteration 51500, dt = 3.125e-05
INFO|2020-06-14 08:24:24,720|pysph.solver.solver|Writing output at time 1.6125, iteration 51600, dt = 3.125e-05
INFO|2020-06-14 08:24:24,953|pysph.solver.solver|Writing output at time 1.61562, iteration 51700, dt = 3.125e-05
INFO|2020-06-14 08:24:25,224|pysph.solver.solver|Writing output at time 1.61875, iteration 51800, dt = 3.125e-05
INFO|2020-06-14 08:24:25,463|pysph.solver.solver|Writing output at time 1.62187, iteration 51900, dt = 3.125e-05
INFO|2020-06-14 08:24:25,696|pysph.solver.solver|Writing output at time 1.625, iteration 52000, dt = 3.125e-05
INFO|2020-06-14 08:24:25,961|pysph.solver.solver|Writing output at time 1.62812, iteration 52100, dt = 3.125e-05
INFO|2020-06-14 08:24:26,192|pysph.solver.solver|Writing output at time 1.63125, iteration 52200, dt = 3.125e-05
INFO|2020-06-14 08:24:26,423|pysph.solver.solver|Writing output at time 1.63437, iteration 52300, dt = 3.125e-05
INFO|2020-06-14 08:24:26,667|pysph.solver.solver|Writing output at time 1.6375, iteration 52400, dt = 3.125e-05
INFO|2020-06-14 08:24:26,927|pysph.solver.solver|Writing output at time 1.64062, iteration 52500, dt = 3.125e-05
INFO|2020-06-14 08:24:27,154|pysph.solver.solver|Writing output at time 1.64375, iteration 52600, dt = 3.125e-05
INFO|2020-06-14 08:24:27,394|pysph.solver.solver|Writing output at time 1.64687, iteration 52700, dt = 3.125e-05
INFO|2020-06-14 08:24:27,623|pysph.solver.solver|Writing output at time 1.65, iteration 52800, dt = 3.125e-05
INFO|2020-06-14 08:24:27,850|pysph.solver.solver|Writing output at time 1.65312, iteration 52900, dt = 3.125e-05
INFO|2020-06-14 08:24:28,093|pysph.solver.solver|Writing output at time 1.65625, iteration 53000, dt = 3.125e-05
INFO|2020-06-14 08:24:28,349|pysph.solver.solver|Writing output at time 1.65937, iteration 53100, dt = 3.125e-05
INFO|2020-06-14 08:24:28,583|pysph.solver.solver|Writing output at time 1.6625, iteration 53200, dt = 3.125e-05
INFO|2020-06-14 08:24:28,830|pysph.solver.solver|Writing output at time 1.66562, iteration 53300, dt = 3.125e-05
INFO|2020-06-14 08:24:29,063|pysph.solver.solver|Writing output at time 1.66875, iteration 53400, dt = 3.125e-05
INFO|2020-06-14 08:24:29,293|pysph.solver.solver|Writing output at time 1.67187, iteration 53500, dt = 3.125e-05
INFO|2020-06-14 08:24:29,532|pysph.solver.solver|Writing output at time 1.675, iteration 53600, dt = 3.125e-05
INFO|2020-06-14 08:24:29,778|pysph.solver.solver|Writing output at time 1.67812, iteration 53700, dt = 3.125e-05
INFO|2020-06-14 08:24:30,019|pysph.solver.solver|Writing output at time 1.68125, iteration 53800, dt = 3.125e-05
INFO|2020-06-14 08:24:30,261|pysph.solver.solver|Writing output at time 1.68437, iteration 53900, dt = 3.125e-05
INFO|2020-06-14 08:24:30,492|pysph.solver.solver|Writing output at time 1.6875, iteration 54000, dt = 3.125e-05
INFO|2020-06-14 08:24:30,720|pysph.solver.solver|Writing output at time 1.69062, iteration 54100, dt = 3.125e-05
INFO|2020-06-14 08:24:30,962|pysph.solver.solver|Writing output at time 1.69375, iteration 54200, dt = 3.125e-05
INFO|2020-06-14 08:24:31,193|pysph.solver.solver|Writing output at time 1.69687, iteration 54300, dt = 3.125e-05
INFO|2020-06-14 08:24:31,453|pysph.solver.solver|Writing output at time 1.7, iteration 54400, dt = 3.125e-05
INFO|2020-06-14 08:24:31,686|pysph.solver.solver|Writing output at time 1.70312, iteration 54500, dt = 3.125e-05
INFO|2020-06-14 08:24:31,910|pysph.solver.solver|Writing output at time 1.70625, iteration 54600, dt = 3.125e-05
INFO|2020-06-14 08:24:32,137|pysph.solver.solver|Writing output at time 1.70937, iteration 54700, dt = 3.125e-05
INFO|2020-06-14 08:24:32,373|pysph.solver.solver|Writing output at time 1.7125, iteration 54800, dt = 3.125e-05
INFO|2020-06-14 08:24:32,599|pysph.solver.solver|Writing output at time 1.71562, iteration 54900, dt = 3.125e-05
INFO|2020-06-14 08:24:32,855|pysph.solver.solver|Writing output at time 1.71875, iteration 55000, dt = 3.125e-05
INFO|2020-06-14 08:24:33,089|pysph.solver.solver|Writing output at time 1.72187, iteration 55100, dt = 3.125e-05
INFO|2020-06-14 08:24:33,311|pysph.solver.solver|Writing output at time 1.725, iteration 55200, dt = 3.125e-05
INFO|2020-06-14 08:24:33,534|pysph.solver.solver|Writing output at time 1.72812, iteration 55300, dt = 3.125e-05
INFO|2020-06-14 08:24:33,768|pysph.solver.solver|Writing output at time 1.73125, iteration 55400, dt = 3.125e-05
INFO|2020-06-14 08:24:33,990|pysph.solver.solver|Writing output at time 1.73437, iteration 55500, dt = 3.125e-05
INFO|2020-06-14 08:24:34,213|pysph.solver.solver|Writing output at time 1.7375, iteration 55600, dt = 3.125e-05
INFO|2020-06-14 08:24:34,475|pysph.solver.solver|Writing output at time 1.74062, iteration 55700, dt = 3.125e-05
INFO|2020-06-14 08:24:34,698|pysph.solver.solver|Writing output at time 1.74375, iteration 55800, dt = 3.125e-05
INFO|2020-06-14 08:24:34,924|pysph.solver.solver|Writing output at time 1.74687, iteration 55900, dt = 3.125e-05
INFO|2020-06-14 08:24:35,159|pysph.solver.solver|Writing output at time 1.75, iteration 56000, dt = 3.125e-05
INFO|2020-06-14 08:24:35,383|pysph.solver.solver|Writing output at time 1.75312, iteration 56100, dt = 3.125e-05
INFO|2020-06-14 08:24:35,607|pysph.solver.solver|Writing output at time 1.75625, iteration 56200, dt = 3.125e-05
INFO|2020-06-14 08:24:35,841|pysph.solver.solver|Writing output at time 1.75937, iteration 56300, dt = 3.125e-05
INFO|2020-06-14 08:24:36,111|pysph.solver.solver|Writing output at time 1.7625, iteration 56400, dt = 3.125e-05
INFO|2020-06-14 08:24:36,344|pysph.solver.solver|Writing output at time 1.76562, iteration 56500, dt = 3.125e-05
INFO|2020-06-14 08:24:36,580|pysph.solver.solver|Writing output at time 1.76875, iteration 56600, dt = 3.125e-05
INFO|2020-06-14 08:24:36,808|pysph.solver.solver|Writing output at time 1.77187, iteration 56700, dt = 3.125e-05
INFO|2020-06-14 08:24:37,036|pysph.solver.solver|Writing output at time 1.775, iteration 56800, dt = 3.125e-05
INFO|2020-06-14 08:24:37,275|pysph.solver.solver|Writing output at time 1.77812, iteration 56900, dt = 3.125e-05
INFO|2020-06-14 08:24:37,529|pysph.solver.solver|Writing output at time 1.78125, iteration 57000, dt = 3.125e-05
INFO|2020-06-14 08:24:37,762|pysph.solver.solver|Writing output at time 1.78437, iteration 57100, dt = 3.125e-05
INFO|2020-06-14 08:24:37,997|pysph.solver.solver|Writing output at time 1.7875, iteration 57200, dt = 3.125e-05
INFO|2020-06-14 08:24:38,228|pysph.solver.solver|Writing output at time 1.79062, iteration 57300, dt = 3.125e-05
INFO|2020-06-14 08:24:38,457|pysph.solver.solver|Writing output at time 1.79375, iteration 57400, dt = 3.125e-05
INFO|2020-06-14 08:24:38,692|pysph.solver.solver|Writing output at time 1.79687, iteration 57500, dt = 3.125e-05
INFO|2020-06-14 08:24:38,924|pysph.solver.solver|Writing output at time 1.8, iteration 57600, dt = 3.125e-05
INFO|2020-06-14 08:24:39,188|pysph.solver.solver|Writing output at time 1.80312, iteration 57700, dt = 3.125e-05
INFO|2020-06-14 08:24:39,425|pysph.solver.solver|Writing output at time 1.80625, iteration 57800, dt = 3.125e-05
INFO|2020-06-14 08:24:39,652|pysph.solver.solver|Writing output at time 1.80937, iteration 57900, dt = 3.125e-05
INFO|2020-06-14 08:24:39,886|pysph.solver.solver|Writing output at time 1.8125, iteration 58000, dt = 3.125e-05
INFO|2020-06-14 08:24:40,119|pysph.solver.solver|Writing output at time 1.81562, iteration 58100, dt = 3.125e-05
INFO|2020-06-14 08:24:40,348|pysph.solver.solver|Writing output at time 1.81875, iteration 58200, dt = 3.125e-05
INFO|2020-06-14 08:24:40,613|pysph.solver.solver|Writing output at time 1.82187, iteration 58300, dt = 3.125e-05
INFO|2020-06-14 08:24:40,845|pysph.solver.solver|Writing output at time 1.825, iteration 58400, dt = 3.125e-05
INFO|2020-06-14 08:24:41,098|pysph.solver.solver|Writing output at time 1.82812, iteration 58500, dt = 3.125e-05
INFO|2020-06-14 08:24:41,376|pysph.solver.solver|Writing output at time 1.83125, iteration 58600, dt = 3.125e-05
INFO|2020-06-14 08:24:41,639|pysph.solver.solver|Writing output at time 1.83437, iteration 58700, dt = 3.125e-05
INFO|2020-06-14 08:24:41,909|pysph.solver.solver|Writing output at time 1.8375, iteration 58800, dt = 3.125e-05
INFO|2020-06-14 08:24:42,239|pysph.solver.solver|Writing output at time 1.84062, iteration 58900, dt = 3.125e-05
INFO|2020-06-14 08:24:42,604|pysph.solver.solver|Writing output at time 1.84375, iteration 59000, dt = 3.125e-05
INFO|2020-06-14 08:24:43,117|pysph.solver.solver|Writing output at time 1.84687, iteration 59100, dt = 3.125e-05
INFO|2020-06-14 08:24:43,568|pysph.solver.solver|Writing output at time 1.85, iteration 59200, dt = 3.125e-05
INFO|2020-06-14 08:24:43,921|pysph.solver.solver|Writing output at time 1.85312, iteration 59300, dt = 3.125e-05
INFO|2020-06-14 08:24:44,547|pysph.solver.solver|Writing output at time 1.85625, iteration 59400, dt = 3.125e-05
INFO|2020-06-14 08:24:44,991|pysph.solver.solver|Writing output at time 1.85937, iteration 59500, dt = 3.125e-05
INFO|2020-06-14 08:24:45,381|pysph.solver.solver|Writing output at time 1.8625, iteration 59600, dt = 3.125e-05
INFO|2020-06-14 08:24:45,749|pysph.solver.solver|Writing output at time 1.86562, iteration 59700, dt = 3.125e-05
INFO|2020-06-14 08:24:46,056|pysph.solver.solver|Writing output at time 1.86875, iteration 59800, dt = 3.125e-05
INFO|2020-06-14 08:24:46,294|pysph.solver.solver|Writing output at time 1.87187, iteration 59900, dt = 3.125e-05
INFO|2020-06-14 08:24:46,580|pysph.solver.solver|Writing output at time 1.875, iteration 60000, dt = 3.125e-05
INFO|2020-06-14 08:24:46,872|pysph.solver.solver|Writing output at time 1.87812, iteration 60100, dt = 3.125e-05
INFO|2020-06-14 08:24:47,163|pysph.solver.solver|Writing output at time 1.88125, iteration 60200, dt = 3.125e-05
INFO|2020-06-14 08:24:47,449|pysph.solver.solver|Writing output at time 1.88437, iteration 60300, dt = 3.125e-05
INFO|2020-06-14 08:24:47,732|pysph.solver.solver|Writing output at time 1.8875, iteration 60400, dt = 3.125e-05
INFO|2020-06-14 08:24:47,999|pysph.solver.solver|Writing output at time 1.89062, iteration 60500, dt = 3.125e-05
INFO|2020-06-14 08:24:48,277|pysph.solver.solver|Writing output at time 1.89375, iteration 60600, dt = 3.125e-05
INFO|2020-06-14 08:24:48,515|pysph.solver.solver|Writing output at time 1.89687, iteration 60700, dt = 3.125e-05
INFO|2020-06-14 08:24:48,747|pysph.solver.solver|Writing output at time 1.9, iteration 60800, dt = 3.125e-05
INFO|2020-06-14 08:24:48,977|pysph.solver.solver|Writing output at time 1.90312, iteration 60900, dt = 3.125e-05
INFO|2020-06-14 08:24:49,206|pysph.solver.solver|Writing output at time 1.90625, iteration 61000, dt = 3.125e-05
INFO|2020-06-14 08:24:49,428|pysph.solver.solver|Writing output at time 1.90937, iteration 61100, dt = 3.125e-05
INFO|2020-06-14 08:24:49,650|pysph.solver.solver|Writing output at time 1.9125, iteration 61200, dt = 3.125e-05
INFO|2020-06-14 08:24:49,911|pysph.solver.solver|Writing output at time 1.91562, iteration 61300, dt = 3.125e-05
INFO|2020-06-14 08:24:50,137|pysph.solver.solver|Writing output at time 1.91875, iteration 61400, dt = 3.125e-05
INFO|2020-06-14 08:24:50,363|pysph.solver.solver|Writing output at time 1.92187, iteration 61500, dt = 3.125e-05
INFO|2020-06-14 08:24:50,595|pysph.solver.solver|Writing output at time 1.925, iteration 61600, dt = 3.125e-05
INFO|2020-06-14 08:24:50,819|pysph.solver.solver|Writing output at time 1.92812, iteration 61700, dt = 3.125e-05
INFO|2020-06-14 08:24:51,043|pysph.solver.solver|Writing output at time 1.93125, iteration 61800, dt = 3.125e-05
INFO|2020-06-14 08:24:51,309|pysph.solver.solver|Writing output at time 1.93437, iteration 61900, dt = 3.125e-05
INFO|2020-06-14 08:24:51,533|pysph.solver.solver|Writing output at time 1.9375, iteration 62000, dt = 3.125e-05
INFO|2020-06-14 08:24:51,757|pysph.solver.solver|Writing output at time 1.94062, iteration 62100, dt = 3.125e-05
INFO|2020-06-14 08:24:51,993|pysph.solver.solver|Writing output at time 1.94375, iteration 62200, dt = 3.125e-05
INFO|2020-06-14 08:24:52,218|pysph.solver.solver|Writing output at time 1.94687, iteration 62300, dt = 3.125e-05
INFO|2020-06-14 08:24:52,441|pysph.solver.solver|Writing output at time 1.95, iteration 62400, dt = 3.125e-05
INFO|2020-06-14 08:24:52,677|pysph.solver.solver|Writing output at time 1.95312, iteration 62500, dt = 3.125e-05
INFO|2020-06-14 08:24:52,936|pysph.solver.solver|Writing output at time 1.95625, iteration 62600, dt = 3.125e-05
INFO|2020-06-14 08:24:53,173|pysph.solver.solver|Writing output at time 1.95937, iteration 62700, dt = 3.125e-05
INFO|2020-06-14 08:24:53,412|pysph.solver.solver|Writing output at time 1.9625, iteration 62800, dt = 3.125e-05
INFO|2020-06-14 08:24:53,644|pysph.solver.solver|Writing output at time 1.96562, iteration 62900, dt = 3.125e-05
INFO|2020-06-14 08:24:53,879|pysph.solver.solver|Writing output at time 1.96875, iteration 63000, dt = 3.125e-05
INFO|2020-06-14 08:24:54,122|pysph.solver.solver|Writing output at time 1.97187, iteration 63100, dt = 3.125e-05
INFO|2020-06-14 08:24:54,383|pysph.solver.solver|Writing output at time 1.975, iteration 63200, dt = 3.125e-05
INFO|2020-06-14 08:24:54,631|pysph.solver.solver|Writing output at time 1.97812, iteration 63300, dt = 3.125e-05
INFO|2020-06-14 08:24:54,874|pysph.solver.solver|Writing output at time 1.98125, iteration 63400, dt = 3.125e-05
INFO|2020-06-14 08:24:55,107|pysph.solver.solver|Writing output at time 1.98437, iteration 63500, dt = 3.125e-05
INFO|2020-06-14 08:24:55,353|pysph.solver.solver|Writing output at time 1.9875, iteration 63600, dt = 3.125e-05
INFO|2020-06-14 08:24:55,585|pysph.solver.solver|Writing output at time 1.99062, iteration 63700, dt = 3.125e-05
INFO|2020-06-14 08:24:55,849|pysph.solver.solver|Writing output at time 1.99375, iteration 63800, dt = 3.125e-05
INFO|2020-06-14 08:24:56,125|pysph.solver.solver|Writing output at time 1.99687, iteration 63900, dt = 3.125e-05
INFO|2020-06-14 08:24:56,358|pysph.solver.solver|Writing output at time 2, iteration 64000, dt = 3.125e-05
INFO|2020-06-14 08:24:56,360|pysph.solver.application|Run took: 162.91990 secs
INFO|2020-06-14 08:28:43,326|pysph.solver.application|Started as:
Taylor_Green.py --openmp
INFO|2020-06-14 08:28:43,326|pysph.solver.application|Running on Hope with address 127.0.1.1
INFO|2020-06-14 08:28:43,326|pysph.solver.application|Using OpenMP
INFO|2020-06-14 08:28:43,326|pysph.solver.application|Using OpenMP schedule dynamic,64
INFO|2020-06-14 08:28:43,328|pysph.solver.application|Generating output in /home/prajwal/Desktop/Winter_Project/SLP-Smoothed-Particle-Hydrodynamics/SLP/Taylor_Green_output
INFO|2020-06-14 08:28:43,394|compyle.ext_module|Precompiled code from: /home/prajwal/.pysph/source/py3.6-linux-x86_64/m_48de6ef5f4237b32313429971ce93110.pyx
INFO|2020-06-14 08:28:43,427|pysph.solver.application|Started multiprocessing interface on 0.0.0.0:8800
INFO|2020-06-14 08:28:43,474|compyle.ext_module|Precompiled code from: /home/prajwal/.pysph/source/py3.6-linux-x86_64/m_de295794af9531fda121d8baa9ea4db7.pyx
INFO|2020-06-14 08:28:43,475|pysph.solver.application|----------------------------------------------------------------------
No of particles:
  fluid: 2401
----------------------------------------------------------------------
INFO|2020-06-14 08:28:43,475|pysph.solver.application|Using kernel:
----------------------------------------------------------------------
  QuinticSpline(dim=2)
----------------------------------------------------------------------
INFO|2020-06-14 08:28:43,475|pysph.solver.application|Using nnps:
----------------------------------------------------------------------
  LinkedListNNPS(dim=2)
----------------------------------------------------------------------
INFO|2020-06-14 08:28:43,475|pysph.solver.application|Using integrator:
----------------------------------------------------------------------
  EulerIntegrator(fluid=EulerStep())
----------------------------------------------------------------------
INFO|2020-06-14 08:28:43,476|pysph.solver.application|Using equations:
----------------------------------------------------------------------
[
Group(equations=[
    EOS_DeltaPlus_SPH(dest='fluid', sources=['fluid'], rho0=1000.0,
    c0=15.0)
  ],
  real=False, update_nnps=False, iterate=False, max_iterations=1,
  min_iterations=0, pre=None, post=None),
Group(equations=[
    ContinuityEquation_DeltaPlus_SPH(dest='fluid', sources=['fluid'],
    delta=0.1, c0=15.0, H=0.02), 
    MomentumEquation_DeltaPlus_SPH(dest='fluid', sources=['fluid'], dim=2,
    mu=10.0, fx=0.0, fy=0.0, fz=0.0)
  ],
  real=True, update_nnps=False, iterate=False, max_iterations=1,
  min_iterations=0, pre=None, post=None)
]
----------------------------------------------------------------------
INFO|2020-06-14 08:28:43,476|pysph.solver.application|Callbacks:
----------------------------------------------------------------------

INFO|2020-06-14 08:28:43,476|pysph.solver.application|Pre-step callbacks:
[]

INFO|2020-06-14 08:28:43,476|pysph.solver.application|Post-step callbacks:
[<bound method SimpleRemesher.post_step of <pysph.solver.tools.SimpleRemesher object at 0x7f3379d88160>>]

INFO|2020-06-14 08:28:43,476|pysph.solver.application|Post-stage callbacks:
[]
----------------------------------------------------------------------

INFO|2020-06-14 08:28:43,476|pysph.solver.application|Setup took: 0.15233 secs
INFO|2020-06-14 08:28:43,477|pysph.solver.solver|Writing output at time 0, iteration 0, dt = 3.125e-05
INFO|2020-06-14 08:28:43,760|pysph.solver.solver|Writing output at time 0.003125, iteration 100, dt = 3.125e-05
INFO|2020-06-14 08:28:44,077|pysph.solver.solver|Writing output at time 0.00625, iteration 200, dt = 3.125e-05
INFO|2020-06-14 08:28:44,371|pysph.solver.solver|Writing output at time 0.009375, iteration 300, dt = 3.125e-05
INFO|2020-06-14 08:28:45,110|pysph.solver.solver|Writing output at time 0.0125, iteration 400, dt = 3.125e-05
INFO|2020-06-14 08:28:45,644|pysph.solver.solver|Writing output at time 0.015625, iteration 500, dt = 3.125e-05
INFO|2020-06-14 08:28:45,968|pysph.solver.solver|Writing output at time 0.01875, iteration 600, dt = 3.125e-05
INFO|2020-06-14 08:28:46,218|pysph.solver.solver|Writing output at time 0.021875, iteration 700, dt = 3.125e-05
INFO|2020-06-14 08:28:46,467|pysph.solver.solver|Writing output at time 0.025, iteration 800, dt = 3.125e-05
INFO|2020-06-14 08:28:46,717|pysph.solver.solver|Writing output at time 0.028125, iteration 900, dt = 3.125e-05
INFO|2020-06-14 08:28:46,957|pysph.solver.solver|Writing output at time 0.03125, iteration 1000, dt = 3.125e-05
INFO|2020-06-14 08:28:47,204|pysph.solver.solver|Writing output at time 0.034375, iteration 1100, dt = 3.125e-05
INFO|2020-06-14 08:28:47,578|pysph.solver.solver|Writing output at time 0.0375, iteration 1200, dt = 3.125e-05
INFO|2020-06-14 08:28:47,812|pysph.solver.solver|Writing output at time 0.040625, iteration 1300, dt = 3.125e-05
INFO|2020-06-14 08:28:48,058|pysph.solver.solver|Writing output at time 0.04375, iteration 1400, dt = 3.125e-05
INFO|2020-06-14 08:28:48,296|pysph.solver.solver|Writing output at time 0.046875, iteration 1500, dt = 3.125e-05
INFO|2020-06-14 08:28:48,530|pysph.solver.solver|Writing output at time 0.05, iteration 1600, dt = 3.125e-05
INFO|2020-06-14 08:28:48,775|pysph.solver.solver|Writing output at time 0.053125, iteration 1700, dt = 3.125e-05
INFO|2020-06-14 08:28:49,058|pysph.solver.solver|Writing output at time 0.05625, iteration 1800, dt = 3.125e-05
INFO|2020-06-14 08:28:49,300|pysph.solver.solver|Writing output at time 0.059375, iteration 1900, dt = 3.125e-05
INFO|2020-06-14 08:28:49,605|pysph.solver.solver|Writing output at time 0.0625, iteration 2000, dt = 3.125e-05
INFO|2020-06-14 08:28:49,978|pysph.solver.solver|Writing output at time 0.065625, iteration 2100, dt = 3.125e-05
INFO|2020-06-14 08:28:50,335|pysph.solver.solver|Writing output at time 0.06875, iteration 2200, dt = 3.125e-05
INFO|2020-06-14 08:28:50,663|pysph.solver.solver|Writing output at time 0.071875, iteration 2300, dt = 3.125e-05
INFO|2020-06-14 08:28:50,946|pysph.solver.solver|Writing output at time 0.075, iteration 2400, dt = 3.125e-05
INFO|2020-06-14 08:28:51,217|pysph.solver.solver|Writing output at time 0.078125, iteration 2500, dt = 3.125e-05
INFO|2020-06-14 08:28:51,486|pysph.solver.solver|Writing output at time 0.08125, iteration 2600, dt = 3.125e-05
INFO|2020-06-14 08:28:51,756|pysph.solver.solver|Writing output at time 0.084375, iteration 2700, dt = 3.125e-05
INFO|2020-06-14 08:28:52,017|pysph.solver.solver|Writing output at time 0.0875, iteration 2800, dt = 3.125e-05
INFO|2020-06-14 08:28:52,306|pysph.solver.solver|Writing output at time 0.090625, iteration 2900, dt = 3.125e-05
INFO|2020-06-14 08:28:52,555|pysph.solver.solver|Writing output at time 0.09375, iteration 3000, dt = 3.125e-05
INFO|2020-06-14 08:28:52,807|pysph.solver.solver|Writing output at time 0.096875, iteration 3100, dt = 3.125e-05
INFO|2020-06-14 08:28:53,161|pysph.solver.solver|Writing output at time 0.1, iteration 3200, dt = 3.125e-05
INFO|2020-06-14 08:28:53,499|pysph.solver.solver|Writing output at time 0.103125, iteration 3300, dt = 3.125e-05
INFO|2020-06-14 08:28:53,795|pysph.solver.solver|Writing output at time 0.10625, iteration 3400, dt = 3.125e-05
INFO|2020-06-14 08:28:54,053|pysph.solver.solver|Writing output at time 0.109375, iteration 3500, dt = 3.125e-05
INFO|2020-06-14 08:28:54,315|pysph.solver.solver|Writing output at time 0.1125, iteration 3600, dt = 3.125e-05
INFO|2020-06-14 08:28:54,580|pysph.solver.solver|Writing output at time 0.115625, iteration 3700, dt = 3.125e-05
INFO|2020-06-14 08:28:54,836|pysph.solver.solver|Writing output at time 0.11875, iteration 3800, dt = 3.125e-05
INFO|2020-06-14 08:28:55,168|pysph.solver.solver|Writing output at time 0.121875, iteration 3900, dt = 3.125e-05
INFO|2020-06-14 08:28:55,445|pysph.solver.solver|Writing output at time 0.125, iteration 4000, dt = 3.125e-05
INFO|2020-06-14 08:28:55,688|pysph.solver.solver|Writing output at time 0.128125, iteration 4100, dt = 3.125e-05
INFO|2020-06-14 08:28:56,010|pysph.solver.solver|Writing output at time 0.13125, iteration 4200, dt = 3.125e-05
INFO|2020-06-14 08:28:56,338|pysph.solver.solver|Writing output at time 0.134375, iteration 4300, dt = 3.125e-05
INFO|2020-06-14 08:28:56,592|pysph.solver.solver|Writing output at time 0.1375, iteration 4400, dt = 3.125e-05
INFO|2020-06-14 08:28:56,854|pysph.solver.solver|Writing output at time 0.140625, iteration 4500, dt = 3.125e-05
INFO|2020-06-14 08:28:57,090|pysph.solver.solver|Writing output at time 0.14375, iteration 4600, dt = 3.125e-05
INFO|2020-06-14 08:28:57,340|pysph.solver.solver|Writing output at time 0.146875, iteration 4700, dt = 3.125e-05
INFO|2020-06-14 08:33:33,129|pysph.solver.application|Started as:
Taylor_Green.py --openmp
INFO|2020-06-14 08:33:33,129|pysph.solver.application|Running on Hope with address 127.0.1.1
INFO|2020-06-14 08:33:33,129|pysph.solver.application|Using OpenMP
INFO|2020-06-14 08:33:33,129|pysph.solver.application|Using OpenMP schedule dynamic,64
INFO|2020-06-14 08:33:33,132|pysph.solver.application|Generating output in /home/prajwal/Desktop/Winter_Project/SLP-Smoothed-Particle-Hydrodynamics/SLP/Taylor_Green_output
INFO|2020-06-14 08:33:33,197|compyle.ext_module|Precompiled code from: /home/prajwal/.pysph/source/py3.6-linux-x86_64/m_48de6ef5f4237b32313429971ce93110.pyx
INFO|2020-06-14 08:33:33,231|pysph.solver.application|Started multiprocessing interface on 0.0.0.0:8800
INFO|2020-06-14 08:33:33,276|compyle.ext_module|Precompiled code from: /home/prajwal/.pysph/source/py3.6-linux-x86_64/m_de295794af9531fda121d8baa9ea4db7.pyx
INFO|2020-06-14 08:33:33,277|pysph.solver.application|----------------------------------------------------------------------
No of particles:
  fluid: 2401
----------------------------------------------------------------------
INFO|2020-06-14 08:33:33,277|pysph.solver.application|Using kernel:
----------------------------------------------------------------------
  QuinticSpline(dim=2)
----------------------------------------------------------------------
INFO|2020-06-14 08:33:33,277|pysph.solver.application|Using nnps:
----------------------------------------------------------------------
  LinkedListNNPS(dim=2)
----------------------------------------------------------------------
INFO|2020-06-14 08:33:33,277|pysph.solver.application|Using integrator:
----------------------------------------------------------------------
  EulerIntegrator(fluid=EulerStep())
----------------------------------------------------------------------
INFO|2020-06-14 08:33:33,278|pysph.solver.application|Using equations:
----------------------------------------------------------------------
[
Group(equations=[
    EOS_DeltaPlus_SPH(dest='fluid', sources=['fluid'], rho0=1000.0,
    c0=15.0)
  ],
  real=False, update_nnps=False, iterate=False, max_iterations=1,
  min_iterations=0, pre=None, post=None),
Group(equations=[
    ContinuityEquation_DeltaPlus_SPH(dest='fluid', sources=['fluid'],
    delta=0.1, c0=15.0, H=0.02), 
    MomentumEquation_DeltaPlus_SPH(dest='fluid', sources=['fluid'], dim=2,
    mu=10.0, fx=0.0, fy=0.0, fz=0.0)
  ],
  real=True, update_nnps=False, iterate=False, max_iterations=1,
  min_iterations=0, pre=None, post=None)
]
----------------------------------------------------------------------
INFO|2020-06-14 08:33:33,278|pysph.solver.application|Callbacks:
----------------------------------------------------------------------

INFO|2020-06-14 08:33:33,278|pysph.solver.application|Pre-step callbacks:
[]

INFO|2020-06-14 08:33:33,278|pysph.solver.application|Post-step callbacks:
[<bound method SimpleRemesher.post_step of <pysph.solver.tools.SimpleRemesher object at 0x7f66804531d0>>]

INFO|2020-06-14 08:33:33,278|pysph.solver.application|Post-stage callbacks:
[]
----------------------------------------------------------------------

INFO|2020-06-14 08:33:33,278|pysph.solver.application|Setup took: 0.15079 secs
INFO|2020-06-14 08:33:33,279|pysph.solver.solver|Writing output at time 0, iteration 0, dt = 3.125e-05
INFO|2020-06-14 08:33:33,316|pysph.solver.solver|Writing output at time 0.0003125, iteration 10, dt = 3.125e-05
INFO|2020-06-14 08:33:33,319|pysph.solver.application|Run took: 0.04073 secs
INFO|2020-06-14 08:33:33,372|compyle.ext_module|Compiling code at: /home/prajwal/.pysph/source/py3.6-linux-x86_64/m_5a4b3754ad21c17a14004a2fc89d76cf.pyx
INFO|2020-06-14 08:35:45,524|pysph.solver.application|Started as:
Taylor_Green.py --openmp
INFO|2020-06-14 08:35:45,524|pysph.solver.application|Running on Hope with address 127.0.1.1
INFO|2020-06-14 08:35:45,524|pysph.solver.application|Using OpenMP
INFO|2020-06-14 08:35:45,524|pysph.solver.application|Using OpenMP schedule dynamic,64
INFO|2020-06-14 08:35:45,528|pysph.solver.application|Generating output in /home/prajwal/Desktop/Winter_Project/SLP-Smoothed-Particle-Hydrodynamics/SLP/Taylor_Green_output
INFO|2020-06-14 08:35:45,597|compyle.ext_module|Precompiled code from: /home/prajwal/.pysph/source/py3.6-linux-x86_64/m_48de6ef5f4237b32313429971ce93110.pyx
INFO|2020-06-14 08:35:45,630|pysph.solver.application|Started multiprocessing interface on 0.0.0.0:8800
INFO|2020-06-14 08:35:45,676|compyle.ext_module|Precompiled code from: /home/prajwal/.pysph/source/py3.6-linux-x86_64/m_de295794af9531fda121d8baa9ea4db7.pyx
INFO|2020-06-14 08:35:45,677|pysph.solver.application|----------------------------------------------------------------------
No of particles:
  fluid: 2401
----------------------------------------------------------------------
INFO|2020-06-14 08:35:45,677|pysph.solver.application|Using kernel:
----------------------------------------------------------------------
  QuinticSpline(dim=2)
----------------------------------------------------------------------
INFO|2020-06-14 08:35:45,678|pysph.solver.application|Using nnps:
----------------------------------------------------------------------
  LinkedListNNPS(dim=2)
----------------------------------------------------------------------
INFO|2020-06-14 08:35:45,678|pysph.solver.application|Using integrator:
----------------------------------------------------------------------
  EulerIntegrator(fluid=EulerStep())
----------------------------------------------------------------------
INFO|2020-06-14 08:35:45,678|pysph.solver.application|Using equations:
----------------------------------------------------------------------
[
Group(equations=[
    EOS_DeltaPlus_SPH(dest='fluid', sources=['fluid'], rho0=1000.0,
    c0=15.0)
  ],
  real=False, update_nnps=False, iterate=False, max_iterations=1,
  min_iterations=0, pre=None, post=None),
Group(equations=[
    ContinuityEquation_DeltaPlus_SPH(dest='fluid', sources=['fluid'],
    delta=0.1, c0=15.0, H=0.02), 
    MomentumEquation_DeltaPlus_SPH(dest='fluid', sources=['fluid'], dim=2,
    mu=10.0, fx=0.0, fy=0.0, fz=0.0)
  ],
  real=True, update_nnps=False, iterate=False, max_iterations=1,
  min_iterations=0, pre=None, post=None)
]
----------------------------------------------------------------------
INFO|2020-06-14 08:35:45,678|pysph.solver.application|Callbacks:
----------------------------------------------------------------------

INFO|2020-06-14 08:35:45,678|pysph.solver.application|Pre-step callbacks:
[]

INFO|2020-06-14 08:35:45,678|pysph.solver.application|Post-step callbacks:
[<bound method SimpleRemesher.post_step of <pysph.solver.tools.SimpleRemesher object at 0x7f58e8fb5d68>>]

INFO|2020-06-14 08:35:45,678|pysph.solver.application|Post-stage callbacks:
[]
----------------------------------------------------------------------

INFO|2020-06-14 08:35:45,678|pysph.solver.application|Setup took: 0.15596 secs
INFO|2020-06-14 08:35:45,679|pysph.solver.solver|Writing output at time 0, iteration 0, dt = 3.125e-05
INFO|2020-06-14 08:35:45,966|pysph.solver.solver|Writing output at time 0.003125, iteration 100, dt = 3.125e-05
INFO|2020-06-14 08:35:46,212|pysph.solver.solver|Writing output at time 0.00625, iteration 200, dt = 3.125e-05
INFO|2020-06-14 08:35:46,439|pysph.solver.solver|Writing output at time 0.009375, iteration 300, dt = 3.125e-05
INFO|2020-06-14 08:35:46,679|pysph.solver.solver|Writing output at time 0.0125, iteration 400, dt = 3.125e-05
INFO|2020-06-14 08:35:46,935|pysph.solver.solver|Writing output at time 0.015625, iteration 500, dt = 3.125e-05
INFO|2020-06-14 08:35:47,165|pysph.solver.solver|Writing output at time 0.01875, iteration 600, dt = 3.125e-05
INFO|2020-06-14 08:35:47,404|pysph.solver.solver|Writing output at time 0.021875, iteration 700, dt = 3.125e-05
INFO|2020-06-14 08:35:47,631|pysph.solver.solver|Writing output at time 0.025, iteration 800, dt = 3.125e-05
INFO|2020-06-14 08:35:47,859|pysph.solver.solver|Writing output at time 0.028125, iteration 900, dt = 3.125e-05
INFO|2020-06-14 08:35:48,119|pysph.solver.solver|Writing output at time 0.03125, iteration 1000, dt = 3.125e-05
INFO|2020-06-14 08:35:48,358|pysph.solver.solver|Writing output at time 0.034375, iteration 1100, dt = 3.125e-05
