INFO|2020-06-22 17:09:47,366|pysph.solver.application|Started as:
Taylor_Green_3.py --openmp --pfreq 20
INFO|2020-06-22 17:09:47,366|pysph.solver.application|Running on Hope with address 127.0.1.1
INFO|2020-06-22 17:09:47,366|pysph.solver.application|Using OpenMP
INFO|2020-06-22 17:09:47,367|pysph.solver.application|Using OpenMP schedule dynamic,64
INFO|2020-06-22 17:09:47,370|pysph.solver.application|Generating output in /home/prajwal/Desktop/Winter_Project/SLP-Smoothed-Particle-Hydrodynamics/SLP/Taylor Green Vortex/Taylor_Green_3_output
INFO|2020-06-22 17:09:47,487|compyle.ext_module|Precompiled code from: /home/prajwal/.pysph/source/py3.6-linux-x86_64/m_0c5e133bbbccc64f7ee497e1ae1aa117.pyx
INFO|2020-06-22 17:09:47,553|compyle.ext_module|Precompiled code from: /home/prajwal/.pysph/source/py3.6-linux-x86_64/m_0fe536394b4a728fbeaea957dad49482.pyx
INFO|2020-06-22 17:09:47,608|pysph.solver.application|Started multiprocessing interface on 0.0.0.0:8800
INFO|2020-06-22 17:09:47,608|pysph.solver.application|----------------------------------------------------------------------
No of particles:
  fluid: 1444
----------------------------------------------------------------------
INFO|2020-06-22 17:09:47,608|pysph.solver.application|Using kernel:
----------------------------------------------------------------------
  WendlandQuintic(dim=2)
----------------------------------------------------------------------
INFO|2020-06-22 17:09:47,609|pysph.solver.application|Using nnps:
----------------------------------------------------------------------
  LinkedListNNPS(dim=2)
----------------------------------------------------------------------
INFO|2020-06-22 17:09:47,609|pysph.solver.application|Using integrator:
----------------------------------------------------------------------
  EulerIntegrator_DPSPH(fluid=EulerStep_DPSPH())
----------------------------------------------------------------------
INFO|2020-06-22 17:09:47,609|pysph.solver.application|Using equations:
----------------------------------------------------------------------
MultiStageEquations(groups=[
  [
  # Stage 0
  Group(equations=[
      EOS_DPSPH(dest='fluid', sources=['fluid'], rho0=1000.0, c0=15.0)
    ],
    real=False, update_nnps=False, iterate=False, max_iterations=1,
    min_iterations=0, pre=None, post=None), 
  Group(equations=[
      RenormalizationTensor2D_DPSPH(dest='fluid', sources=['fluid'], dim=2), 
      RDGC_DPSPH(dest='fluid', sources=['fluid'], dim=2), 
      ContinuityEquation_RDGC_DPSPH(dest='fluid', sources=['fluid'],
      delta=0.1, c0=15.0, H=0.03333333333333333, dim=2), 
      MomentumEquation_DPSPH(dest='fluid', sources=['fluid'], dim=2,
      mu=10.0, fx=0.0, fy=0.0, fz=0.0)
    ],
    real=True, update_nnps=False, iterate=False, max_iterations=1,
    min_iterations=0, pre=None, post=None)
  # End Stage 0
  ],
  [
  # Stage 1
  Group(equations=[
      AverageSpacing(dest='fluid', sources=['fluid'], dim=2), 
      ParticleShiftingTechnique(dest='fluid', sources=['fluid'],
      H=0.03333333333333333, dim=2, cfl=0.5, Uc0=15.0, R_coeff=0.2,
      n_exp=4.0, Rh=0.115)
    ],
    real=True, update_nnps=False, iterate=False, max_iterations=1,
    min_iterations=0, pre=None, post=None)
  # End Stage 1
  ],
])
----------------------------------------------------------------------
INFO|2020-06-22 17:09:47,610|pysph.solver.application|Callbacks:
----------------------------------------------------------------------

INFO|2020-06-22 17:09:47,610|pysph.solver.application|Pre-step callbacks:
[]

INFO|2020-06-22 17:09:47,611|pysph.solver.application|Post-step callbacks:
[]

INFO|2020-06-22 17:09:47,611|pysph.solver.application|Post-stage callbacks:
[]
----------------------------------------------------------------------

INFO|2020-06-22 17:09:47,611|pysph.solver.application|Setup took: 0.24718 secs
INFO|2020-06-22 17:09:47,614|pysph.solver.solver|Writing output at time 0, iteration 0, dt = 0.000520833
INFO|2020-06-22 17:09:47,858|pysph.solver.solver|Writing output at time 0.0104167, iteration 20, dt = 0.000520833
INFO|2020-06-22 17:09:48,052|pysph.solver.solver|Writing output at time 0.0208333, iteration 40, dt = 0.000520833
INFO|2020-06-22 17:09:48,220|pysph.solver.solver|Writing output at time 0.03125, iteration 60, dt = 0.000520833
INFO|2020-06-22 17:09:48,379|pysph.solver.solver|Writing output at time 0.0416667, iteration 80, dt = 0.000520833
INFO|2020-06-22 17:09:48,540|pysph.solver.solver|Writing output at time 0.0520833, iteration 100, dt = 0.000520833
INFO|2020-06-22 17:09:48,729|pysph.solver.solver|Writing output at time 0.0625, iteration 120, dt = 0.000520833
INFO|2020-06-22 17:09:48,892|pysph.solver.solver|Writing output at time 0.0729167, iteration 140, dt = 0.000520833
INFO|2020-06-22 17:09:49,056|pysph.solver.solver|Writing output at time 0.0833333, iteration 160, dt = 0.000520833
INFO|2020-06-22 17:09:49,231|pysph.solver.solver|Writing output at time 0.09375, iteration 180, dt = 0.000520833
INFO|2020-06-22 17:09:49,406|pysph.solver.solver|Writing output at time 0.104167, iteration 200, dt = 0.000520833
INFO|2020-06-22 17:09:49,607|pysph.solver.solver|Writing output at time 0.114583, iteration 220, dt = 0.000520833
INFO|2020-06-22 17:09:49,789|pysph.solver.solver|Writing output at time 0.125, iteration 240, dt = 0.000520833
INFO|2020-06-22 17:09:50,052|pysph.solver.solver|Writing output at time 0.135417, iteration 260, dt = 0.000520833
INFO|2020-06-22 17:09:50,257|pysph.solver.solver|Writing output at time 0.145833, iteration 280, dt = 0.000520833
INFO|2020-06-22 17:09:50,432|pysph.solver.solver|Writing output at time 0.15625, iteration 300, dt = 0.000520833
INFO|2020-06-22 17:09:50,605|pysph.solver.solver|Writing output at time 0.166667, iteration 320, dt = 0.000520833
INFO|2020-06-22 17:09:50,774|pysph.solver.solver|Writing output at time 0.177083, iteration 340, dt = 0.000520833
INFO|2020-06-22 17:09:50,988|pysph.solver.solver|Writing output at time 0.1875, iteration 360, dt = 0.000520833
INFO|2020-06-22 17:09:51,155|pysph.solver.solver|Writing output at time 0.197917, iteration 380, dt = 0.000520833
INFO|2020-06-22 17:09:51,336|pysph.solver.solver|Writing output at time 0.208333, iteration 400, dt = 0.000520833
INFO|2020-06-22 17:09:51,516|pysph.solver.solver|Writing output at time 0.21875, iteration 420, dt = 0.000520833
INFO|2020-06-22 17:09:51,682|pysph.solver.solver|Writing output at time 0.229167, iteration 440, dt = 0.000520833
INFO|2020-06-22 17:09:51,847|pysph.solver.solver|Writing output at time 0.239583, iteration 460, dt = 0.000520833
INFO|2020-06-22 17:09:52,020|pysph.solver.solver|Writing output at time 0.25, iteration 480, dt = 0.000520833
INFO|2020-06-22 17:09:52,180|pysph.solver.solver|Writing output at time 0.260417, iteration 500, dt = 0.000520833
INFO|2020-06-22 17:09:52,354|pysph.solver.solver|Writing output at time 0.270833, iteration 520, dt = 0.000520833
INFO|2020-06-22 17:09:52,544|pysph.solver.solver|Writing output at time 0.28125, iteration 540, dt = 0.000520833
INFO|2020-06-22 17:09:52,720|pysph.solver.solver|Writing output at time 0.291667, iteration 560, dt = 0.000520833
INFO|2020-06-22 17:09:52,886|pysph.solver.solver|Writing output at time 0.302083, iteration 580, dt = 0.000520833
INFO|2020-06-22 17:09:53,061|pysph.solver.solver|Writing output at time 0.3125, iteration 600, dt = 0.000520833
INFO|2020-06-22 17:09:53,245|pysph.solver.solver|Writing output at time 0.322917, iteration 620, dt = 0.000520833
INFO|2020-06-22 17:09:53,424|pysph.solver.solver|Writing output at time 0.333333, iteration 640, dt = 0.000520833
INFO|2020-06-22 17:09:53,597|pysph.solver.solver|Writing output at time 0.34375, iteration 660, dt = 0.000520833
INFO|2020-06-22 17:09:53,765|pysph.solver.solver|Writing output at time 0.354167, iteration 680, dt = 0.000520833
INFO|2020-06-22 17:09:53,932|pysph.solver.solver|Writing output at time 0.364583, iteration 700, dt = 0.000520833
INFO|2020-06-22 17:09:54,163|pysph.solver.solver|Writing output at time 0.375, iteration 720, dt = 0.000520833
INFO|2020-06-22 17:09:54,349|pysph.solver.solver|Writing output at time 0.385417, iteration 740, dt = 0.000520833
INFO|2020-06-22 17:09:54,509|pysph.solver.solver|Writing output at time 0.395833, iteration 760, dt = 0.000520833
INFO|2020-06-22 17:09:54,675|pysph.solver.solver|Writing output at time 0.40625, iteration 780, dt = 0.000520833
INFO|2020-06-22 17:09:54,849|pysph.solver.solver|Writing output at time 0.416667, iteration 800, dt = 0.000520833
INFO|2020-06-22 17:09:55,011|pysph.solver.solver|Writing output at time 0.427083, iteration 820, dt = 0.000520833
INFO|2020-06-22 17:09:55,177|pysph.solver.solver|Writing output at time 0.4375, iteration 840, dt = 0.000520833
INFO|2020-06-22 17:09:55,358|pysph.solver.solver|Writing output at time 0.447917, iteration 860, dt = 0.000520833
INFO|2020-06-22 17:09:55,572|pysph.solver.solver|Writing output at time 0.458333, iteration 880, dt = 0.000520833
INFO|2020-06-22 17:09:55,752|pysph.solver.solver|Writing output at time 0.46875, iteration 900, dt = 0.000520833
INFO|2020-06-22 17:09:55,919|pysph.solver.solver|Writing output at time 0.479167, iteration 920, dt = 0.000520833
INFO|2020-06-22 17:09:56,139|pysph.solver.solver|Writing output at time 0.489583, iteration 940, dt = 0.000520833
INFO|2020-06-22 17:09:56,344|pysph.solver.solver|Writing output at time 0.5, iteration 960, dt = 0.000520833
INFO|2020-06-22 17:09:56,515|pysph.solver.solver|Writing output at time 0.510417, iteration 980, dt = 0.000520833
INFO|2020-06-22 17:09:56,682|pysph.solver.solver|Writing output at time 0.520833, iteration 1000, dt = 0.000520833
INFO|2020-06-22 17:09:56,902|pysph.solver.solver|Writing output at time 0.53125, iteration 1020, dt = 0.000520833
INFO|2020-06-22 17:09:57,104|pysph.solver.solver|Writing output at time 0.541667, iteration 1040, dt = 0.000520833
INFO|2020-06-22 17:09:57,318|pysph.solver.solver|Writing output at time 0.552083, iteration 1060, dt = 0.000520833
INFO|2020-06-22 17:09:57,491|pysph.solver.solver|Writing output at time 0.5625, iteration 1080, dt = 0.000520833
INFO|2020-06-22 17:09:57,722|pysph.solver.solver|Writing output at time 0.572917, iteration 1100, dt = 0.000520833
INFO|2020-06-22 17:09:57,897|pysph.solver.solver|Writing output at time 0.583333, iteration 1120, dt = 0.000520833
INFO|2020-06-22 17:09:58,069|pysph.solver.solver|Writing output at time 0.59375, iteration 1140, dt = 0.000520833
INFO|2020-06-22 17:09:58,262|pysph.solver.solver|Writing output at time 0.604167, iteration 1160, dt = 0.000520833
INFO|2020-06-22 17:09:58,856|pysph.solver.solver|Writing output at time 0.614583, iteration 1180, dt = 0.000520833
INFO|2020-06-22 17:09:59,187|pysph.solver.solver|Writing output at time 0.625, iteration 1200, dt = 0.000520833
INFO|2020-06-22 17:09:59,461|pysph.solver.solver|Writing output at time 0.635417, iteration 1220, dt = 0.000520833
INFO|2020-06-22 17:09:59,726|pysph.solver.solver|Writing output at time 0.645833, iteration 1240, dt = 0.000520833
INFO|2020-06-22 17:10:00,344|pysph.solver.solver|Writing output at time 0.65625, iteration 1260, dt = 0.000520833
INFO|2020-06-22 17:10:00,550|pysph.solver.solver|Writing output at time 0.666667, iteration 1280, dt = 0.000520833
INFO|2020-06-22 17:10:00,725|pysph.solver.solver|Writing output at time 0.677083, iteration 1300, dt = 0.000520833
INFO|2020-06-22 17:10:00,914|pysph.solver.solver|Writing output at time 0.6875, iteration 1320, dt = 0.000520833
INFO|2020-06-22 17:10:01,136|pysph.solver.solver|Writing output at time 0.697917, iteration 1340, dt = 0.000520833
INFO|2020-06-22 17:10:01,318|pysph.solver.solver|Writing output at time 0.708333, iteration 1360, dt = 0.000520833
INFO|2020-06-22 17:10:01,510|pysph.solver.solver|Writing output at time 0.71875, iteration 1380, dt = 0.000520833
INFO|2020-06-22 17:10:02,304|pysph.solver.solver|Writing output at time 0.729167, iteration 1400, dt = 0.000520833
INFO|2020-06-22 17:10:02,604|pysph.solver.solver|Writing output at time 0.739583, iteration 1420, dt = 0.000520833
INFO|2020-06-22 17:10:02,806|pysph.solver.solver|Writing output at time 0.75, iteration 1440, dt = 0.000520833
INFO|2020-06-22 17:10:03,415|pysph.solver.solver|Writing output at time 0.760417, iteration 1460, dt = 0.000520833
INFO|2020-06-22 17:10:03,919|pysph.solver.solver|Writing output at time 0.770833, iteration 1480, dt = 0.000520833
INFO|2020-06-22 17:10:04,282|pysph.solver.solver|Writing output at time 0.78125, iteration 1500, dt = 0.000520833
INFO|2020-06-22 17:10:04,477|pysph.solver.solver|Writing output at time 0.791667, iteration 1520, dt = 0.000520833
INFO|2020-06-22 17:10:05,053|pysph.solver.solver|Writing output at time 0.802083, iteration 1540, dt = 0.000520833
INFO|2020-06-22 17:10:05,343|pysph.solver.solver|Writing output at time 0.8125, iteration 1560, dt = 0.000520833
INFO|2020-06-22 17:10:05,522|pysph.solver.solver|Writing output at time 0.822917, iteration 1580, dt = 0.000520833
INFO|2020-06-22 17:10:05,703|pysph.solver.solver|Writing output at time 0.833333, iteration 1600, dt = 0.000520833
INFO|2020-06-22 17:10:05,878|pysph.solver.solver|Writing output at time 0.84375, iteration 1620, dt = 0.000520833
INFO|2020-06-22 17:10:06,188|pysph.solver.solver|Writing output at time 0.854167, iteration 1640, dt = 0.000520833
INFO|2020-06-22 17:10:06,400|pysph.solver.solver|Writing output at time 0.864583, iteration 1660, dt = 0.000520833
INFO|2020-06-22 17:10:06,580|pysph.solver.solver|Writing output at time 0.875, iteration 1680, dt = 0.000520833
INFO|2020-06-22 17:10:06,776|pysph.solver.solver|Writing output at time 0.885417, iteration 1700, dt = 0.000520833
INFO|2020-06-22 17:10:06,956|pysph.solver.solver|Writing output at time 0.895833, iteration 1720, dt = 0.000520833
INFO|2020-06-22 17:10:07,140|pysph.solver.solver|Writing output at time 0.90625, iteration 1740, dt = 0.000520833
INFO|2020-06-22 17:10:07,339|pysph.solver.solver|Writing output at time 0.916667, iteration 1760, dt = 0.000520833
INFO|2020-06-22 17:10:07,528|pysph.solver.solver|Writing output at time 0.927083, iteration 1780, dt = 0.000520833
INFO|2020-06-22 17:10:07,707|pysph.solver.solver|Writing output at time 0.9375, iteration 1800, dt = 0.000520833
INFO|2020-06-22 17:10:07,927|pysph.solver.solver|Writing output at time 0.947917, iteration 1820, dt = 0.000520833
INFO|2020-06-22 17:10:08,392|pysph.solver.solver|Writing output at time 0.958333, iteration 1840, dt = 0.000520833
INFO|2020-06-22 17:10:08,568|pysph.solver.solver|Writing output at time 0.96875, iteration 1860, dt = 0.000520833
INFO|2020-06-22 17:10:08,740|pysph.solver.solver|Writing output at time 0.979167, iteration 1880, dt = 0.000520833
INFO|2020-06-22 17:10:08,925|pysph.solver.solver|Writing output at time 0.989583, iteration 1900, dt = 0.000520833
INFO|2020-06-22 17:10:09,120|pysph.solver.solver|Writing output at time 1, iteration 1920, dt = 0.000520833
INFO|2020-06-22 17:10:09,308|pysph.solver.solver|Writing output at time 1.01042, iteration 1940, dt = 0.000520833
INFO|2020-06-22 17:10:09,533|pysph.solver.solver|Writing output at time 1.02083, iteration 1960, dt = 0.000520833
INFO|2020-06-22 17:10:09,711|pysph.solver.solver|Writing output at time 1.03125, iteration 1980, dt = 0.000520833
INFO|2020-06-22 17:10:09,898|pysph.solver.solver|Writing output at time 1.04167, iteration 2000, dt = 0.000520833
INFO|2020-06-22 17:10:10,096|pysph.solver.solver|Writing output at time 1.05208, iteration 2020, dt = 0.000520833
INFO|2020-06-22 17:10:10,296|pysph.solver.solver|Writing output at time 1.0625, iteration 2040, dt = 0.000520833
INFO|2020-06-22 17:10:10,492|pysph.solver.solver|Writing output at time 1.07292, iteration 2060, dt = 0.000520833
INFO|2020-06-22 17:10:10,670|pysph.solver.solver|Writing output at time 1.08333, iteration 2080, dt = 0.000520833
INFO|2020-06-22 17:10:10,846|pysph.solver.solver|Writing output at time 1.09375, iteration 2100, dt = 0.000520833
INFO|2020-06-22 17:10:11,064|pysph.solver.solver|Writing output at time 1.10417, iteration 2120, dt = 0.000520833
INFO|2020-06-22 17:10:11,263|pysph.solver.solver|Writing output at time 1.11458, iteration 2140, dt = 0.000520833
INFO|2020-06-22 17:10:11,443|pysph.solver.solver|Writing output at time 1.125, iteration 2160, dt = 0.000520833
INFO|2020-06-22 17:10:11,638|pysph.solver.solver|Writing output at time 1.13542, iteration 2180, dt = 0.000520833
INFO|2020-06-22 17:10:11,808|pysph.solver.solver|Writing output at time 1.14583, iteration 2200, dt = 0.000520833
INFO|2020-06-22 17:10:11,988|pysph.solver.solver|Writing output at time 1.15625, iteration 2220, dt = 0.000520833
INFO|2020-06-22 17:10:12,169|pysph.solver.solver|Writing output at time 1.16667, iteration 2240, dt = 0.000520833
INFO|2020-06-22 17:10:12,363|pysph.solver.solver|Writing output at time 1.17708, iteration 2260, dt = 0.000520833
INFO|2020-06-22 17:10:12,584|pysph.solver.solver|Writing output at time 1.1875, iteration 2280, dt = 0.000520833
INFO|2020-06-22 17:10:12,761|pysph.solver.solver|Writing output at time 1.19792, iteration 2300, dt = 0.000520833
INFO|2020-06-22 17:10:12,943|pysph.solver.solver|Writing output at time 1.20833, iteration 2320, dt = 0.000520833
INFO|2020-06-22 17:10:13,126|pysph.solver.solver|Writing output at time 1.21875, iteration 2340, dt = 0.000520833
INFO|2020-06-22 17:10:13,322|pysph.solver.solver|Writing output at time 1.22917, iteration 2360, dt = 0.000520833
INFO|2020-06-22 17:10:13,499|pysph.solver.solver|Writing output at time 1.23958, iteration 2380, dt = 0.000520833
INFO|2020-06-22 17:10:13,687|pysph.solver.solver|Writing output at time 1.25, iteration 2400, dt = 0.000520833
INFO|2020-06-22 17:10:13,865|pysph.solver.solver|Writing output at time 1.26042, iteration 2420, dt = 0.000520833
INFO|2020-06-22 17:10:14,165|pysph.solver.solver|Writing output at time 1.27083, iteration 2440, dt = 0.000520833
INFO|2020-06-22 17:10:14,354|pysph.solver.solver|Writing output at time 1.28125, iteration 2460, dt = 0.000520833
INFO|2020-06-22 17:10:14,548|pysph.solver.solver|Writing output at time 1.29167, iteration 2480, dt = 0.000520833
INFO|2020-06-22 17:10:14,741|pysph.solver.solver|Writing output at time 1.30208, iteration 2500, dt = 0.000520833
INFO|2020-06-22 17:10:14,928|pysph.solver.solver|Writing output at time 1.3125, iteration 2520, dt = 0.000520833
INFO|2020-06-22 17:10:15,122|pysph.solver.solver|Writing output at time 1.32292, iteration 2540, dt = 0.000520833
INFO|2020-06-22 17:10:15,334|pysph.solver.solver|Writing output at time 1.33333, iteration 2560, dt = 0.000520833
INFO|2020-06-22 17:10:15,558|pysph.solver.solver|Writing output at time 1.34375, iteration 2580, dt = 0.000520833
INFO|2020-06-22 17:10:15,755|pysph.solver.solver|Writing output at time 1.35417, iteration 2600, dt = 0.000520833
INFO|2020-06-22 17:10:15,956|pysph.solver.solver|Writing output at time 1.36458, iteration 2620, dt = 0.000520833
INFO|2020-06-22 17:10:16,152|pysph.solver.solver|Writing output at time 1.375, iteration 2640, dt = 0.000520833
INFO|2020-06-22 17:10:16,369|pysph.solver.solver|Writing output at time 1.38542, iteration 2660, dt = 0.000520833
INFO|2020-06-22 17:10:16,578|pysph.solver.solver|Writing output at time 1.39583, iteration 2680, dt = 0.000520833
INFO|2020-06-22 17:10:16,781|pysph.solver.solver|Writing output at time 1.40625, iteration 2700, dt = 0.000520833
INFO|2020-06-22 17:10:16,977|pysph.solver.solver|Writing output at time 1.41667, iteration 2720, dt = 0.000520833
INFO|2020-06-22 17:10:17,184|pysph.solver.solver|Writing output at time 1.42708, iteration 2740, dt = 0.000520833
INFO|2020-06-22 17:10:17,390|pysph.solver.solver|Writing output at time 1.4375, iteration 2760, dt = 0.000520833
INFO|2020-06-22 17:10:17,583|pysph.solver.solver|Writing output at time 1.44792, iteration 2780, dt = 0.000520833
INFO|2020-06-22 17:10:17,780|pysph.solver.solver|Writing output at time 1.45833, iteration 2800, dt = 0.000520833
INFO|2020-06-22 17:10:17,986|pysph.solver.solver|Writing output at time 1.46875, iteration 2820, dt = 0.000520833
INFO|2020-06-22 17:10:18,182|pysph.solver.solver|Writing output at time 1.47917, iteration 2840, dt = 0.000520833
INFO|2020-06-22 17:10:18,391|pysph.solver.solver|Writing output at time 1.48958, iteration 2860, dt = 0.000520833
INFO|2020-06-22 17:10:18,619|pysph.solver.solver|Writing output at time 1.5, iteration 2880, dt = 0.000520833
INFO|2020-06-22 17:10:18,815|pysph.solver.solver|Writing output at time 1.51042, iteration 2900, dt = 0.000520833
INFO|2020-06-22 17:10:19,021|pysph.solver.solver|Writing output at time 1.52083, iteration 2920, dt = 0.000520833
INFO|2020-06-22 17:10:19,229|pysph.solver.solver|Writing output at time 1.53125, iteration 2940, dt = 0.000520833
INFO|2020-06-22 17:10:19,432|pysph.solver.solver|Writing output at time 1.54167, iteration 2960, dt = 0.000520833
INFO|2020-06-22 17:10:19,624|pysph.solver.solver|Writing output at time 1.55208, iteration 2980, dt = 0.000520833
INFO|2020-06-22 17:10:19,814|pysph.solver.solver|Writing output at time 1.5625, iteration 3000, dt = 0.000520833
INFO|2020-06-22 17:10:20,014|pysph.solver.solver|Writing output at time 1.57292, iteration 3020, dt = 0.000520833
INFO|2020-06-22 17:10:20,248|pysph.solver.solver|Writing output at time 1.58333, iteration 3040, dt = 0.000520833
INFO|2020-06-22 17:10:20,435|pysph.solver.solver|Writing output at time 1.59375, iteration 3060, dt = 0.000520833
INFO|2020-06-22 17:10:20,630|pysph.solver.solver|Writing output at time 1.60417, iteration 3080, dt = 0.000520833
INFO|2020-06-22 17:10:20,827|pysph.solver.solver|Writing output at time 1.61458, iteration 3100, dt = 0.000520833
INFO|2020-06-22 17:10:21,020|pysph.solver.solver|Writing output at time 1.625, iteration 3120, dt = 0.000520833
INFO|2020-06-22 17:10:21,228|pysph.solver.solver|Writing output at time 1.63542, iteration 3140, dt = 0.000520833
INFO|2020-06-22 17:10:21,429|pysph.solver.solver|Writing output at time 1.64583, iteration 3160, dt = 0.000520833
INFO|2020-06-22 17:10:21,651|pysph.solver.solver|Writing output at time 1.65625, iteration 3180, dt = 0.000520833
INFO|2020-06-22 17:10:21,855|pysph.solver.solver|Writing output at time 1.66667, iteration 3200, dt = 0.000520833
INFO|2020-06-22 17:10:22,051|pysph.solver.solver|Writing output at time 1.67708, iteration 3220, dt = 0.000520833
INFO|2020-06-22 17:10:22,262|pysph.solver.solver|Writing output at time 1.6875, iteration 3240, dt = 0.000520833
INFO|2020-06-22 17:10:22,455|pysph.solver.solver|Writing output at time 1.69792, iteration 3260, dt = 0.000520833
INFO|2020-06-22 17:10:22,653|pysph.solver.solver|Writing output at time 1.70833, iteration 3280, dt = 0.000520833
INFO|2020-06-22 17:10:22,850|pysph.solver.solver|Writing output at time 1.71875, iteration 3300, dt = 0.000520833
INFO|2020-06-22 17:10:23,045|pysph.solver.solver|Writing output at time 1.72917, iteration 3320, dt = 0.000520833
INFO|2020-06-22 17:10:23,287|pysph.solver.solver|Writing output at time 1.73958, iteration 3340, dt = 0.000520833
INFO|2020-06-22 17:10:23,479|pysph.solver.solver|Writing output at time 1.75, iteration 3360, dt = 0.000520833
INFO|2020-06-22 17:10:23,691|pysph.solver.solver|Writing output at time 1.76042, iteration 3380, dt = 0.000520833
INFO|2020-06-22 17:10:23,896|pysph.solver.solver|Writing output at time 1.77083, iteration 3400, dt = 0.000520833
INFO|2020-06-22 17:10:24,110|pysph.solver.solver|Writing output at time 1.78125, iteration 3420, dt = 0.000520833
INFO|2020-06-22 17:10:24,331|pysph.solver.solver|Writing output at time 1.79167, iteration 3440, dt = 0.000520833
INFO|2020-06-22 17:10:24,531|pysph.solver.solver|Writing output at time 1.80208, iteration 3460, dt = 0.000520833
INFO|2020-06-22 17:10:24,757|pysph.solver.solver|Writing output at time 1.8125, iteration 3480, dt = 0.000520833
INFO|2020-06-22 17:10:25,056|pysph.solver.solver|Writing output at time 1.82292, iteration 3500, dt = 0.000520833
INFO|2020-06-22 17:10:25,273|pysph.solver.solver|Writing output at time 1.83333, iteration 3520, dt = 0.000520833
INFO|2020-06-22 17:10:25,469|pysph.solver.solver|Writing output at time 1.84375, iteration 3540, dt = 0.000520833
INFO|2020-06-22 17:10:25,683|pysph.solver.solver|Writing output at time 1.85417, iteration 3560, dt = 0.000520833
INFO|2020-06-22 17:10:25,873|pysph.solver.solver|Writing output at time 1.86458, iteration 3580, dt = 0.000520833
INFO|2020-06-22 17:10:26,072|pysph.solver.solver|Writing output at time 1.875, iteration 3600, dt = 0.000520833
INFO|2020-06-22 17:10:26,317|pysph.solver.solver|Writing output at time 1.88542, iteration 3620, dt = 0.000520833
INFO|2020-06-22 17:10:26,508|pysph.solver.solver|Writing output at time 1.89583, iteration 3640, dt = 0.000520833
INFO|2020-06-22 17:10:26,699|pysph.solver.solver|Writing output at time 1.90625, iteration 3660, dt = 0.000520833
INFO|2020-06-22 17:10:26,897|pysph.solver.solver|Writing output at time 1.91667, iteration 3680, dt = 0.000520833
INFO|2020-06-22 17:10:27,096|pysph.solver.solver|Writing output at time 1.92708, iteration 3700, dt = 0.000520833
INFO|2020-06-22 17:10:27,315|pysph.solver.solver|Writing output at time 1.9375, iteration 3720, dt = 0.000520833
INFO|2020-06-22 17:10:27,513|pysph.solver.solver|Writing output at time 1.94792, iteration 3740, dt = 0.000520833
INFO|2020-06-22 17:10:27,763|pysph.solver.solver|Writing output at time 1.95833, iteration 3760, dt = 0.000520833
INFO|2020-06-22 17:10:27,968|pysph.solver.solver|Writing output at time 1.96875, iteration 3780, dt = 0.000520833
INFO|2020-06-22 17:10:28,168|pysph.solver.solver|Writing output at time 1.97917, iteration 3800, dt = 0.000520833
INFO|2020-06-22 17:10:28,378|pysph.solver.solver|Writing output at time 1.98958, iteration 3820, dt = 0.000520833
INFO|2020-06-22 17:10:28,590|pysph.solver.solver|Writing output at time 2, iteration 3840, dt = 0.000520833
INFO|2020-06-22 17:10:28,592|pysph.solver.application|Run took: 40.97878 secs
INFO|2020-06-22 17:10:28,653|compyle.ext_module|Precompiled code from: /home/prajwal/.pysph/source/py3.6-linux-x86_64/m_25a958e554d2fd92b4c5823a697fbacd.pyx
