INFO|2020-06-18 04:32:46,490|pysph.solver.application|Started as:
Taylor_Green.py --openmp
INFO|2020-06-18 04:32:46,490|pysph.solver.application|Running on Hope with address 127.0.1.1
INFO|2020-06-18 04:32:46,490|pysph.solver.application|Using OpenMP
INFO|2020-06-18 04:32:46,490|pysph.solver.application|Using OpenMP schedule dynamic,64
INFO|2020-06-18 04:32:46,496|pysph.solver.application|Generating output in /home/prajwal/Desktop/Winter_Project/SLP-Smoothed-Particle-Hydrodynamics/SLP/Taylor_Green_output
INFO|2020-06-18 04:32:46,570|compyle.ext_module|Compiling code at: /home/prajwal/.pysph/source/py3.6-linux-x86_64/m_e71ddae54ff63281aec115231f1d09f7.pyx
INFO|2020-06-18 04:32:53,325|pysph.solver.application|Started multiprocessing interface on 0.0.0.0:8800
INFO|2020-06-18 04:32:53,325|pysph.solver.application|----------------------------------------------------------------------
No of particles:
  fluid: 3844
----------------------------------------------------------------------
INFO|2020-06-18 04:32:53,326|pysph.solver.application|Using kernel:
----------------------------------------------------------------------
  QuinticSpline(dim=2)
----------------------------------------------------------------------
INFO|2020-06-18 04:32:53,326|pysph.solver.application|Using nnps:
----------------------------------------------------------------------
  LinkedListNNPS(dim=2)
----------------------------------------------------------------------
INFO|2020-06-18 04:32:53,326|pysph.solver.application|Using integrator:
----------------------------------------------------------------------
  EulerIntegrator(fluid=EulerStep())
----------------------------------------------------------------------
INFO|2020-06-18 04:32:53,326|pysph.solver.application|Using equations:
----------------------------------------------------------------------
[
Group(equations=[
    EOS_DPSPH(dest='fluid', sources=['fluid'], rho0=1000.0, c0=15.0)
  ],
  real=False, update_nnps=False, iterate=False, max_iterations=1,
  min_iterations=0, pre=None, post=None),
Group(equations=[
    ContinuityEquation_DPSPH(dest='fluid', sources=['fluid'], delta=0.1,
    c0=15.0, H=0.02, dim=2), 
    MomentumEquation_DPSPH(dest='fluid', sources=['fluid'], dim=2,
    mu=10.0, fx=0.0, fy=0.0, fz=0.0)
  ],
  real=True, update_nnps=False, iterate=False, max_iterations=1,
  min_iterations=0, pre=None, post=None)
]
----------------------------------------------------------------------
INFO|2020-06-18 04:32:53,326|pysph.solver.application|Callbacks:
----------------------------------------------------------------------

INFO|2020-06-18 04:32:53,326|pysph.solver.application|Pre-step callbacks:
[]

INFO|2020-06-18 04:32:53,326|pysph.solver.application|Post-step callbacks:
[]

INFO|2020-06-18 04:32:53,326|pysph.solver.application|Post-stage callbacks:
[]
----------------------------------------------------------------------

INFO|2020-06-18 04:32:53,326|pysph.solver.application|Setup took: 6.83865 secs
INFO|2020-06-18 04:32:53,327|pysph.solver.solver|Writing output at time 0, iteration 0, dt = 0.0003125
INFO|2020-06-18 04:32:54,498|pysph.solver.solver|Writing output at time 0.03125, iteration 100, dt = 0.0003125
INFO|2020-06-18 04:32:55,637|pysph.solver.solver|Writing output at time 0.0625, iteration 200, dt = 0.0003125
INFO|2020-06-18 04:32:57,075|pysph.solver.solver|Writing output at time 0.09375, iteration 300, dt = 0.0003125
INFO|2020-06-18 04:32:58,224|pysph.solver.solver|Writing output at time 0.125, iteration 400, dt = 0.0003125
INFO|2020-06-18 04:32:59,316|pysph.solver.solver|Writing output at time 0.15625, iteration 500, dt = 0.0003125
INFO|2020-06-18 04:33:00,462|pysph.solver.solver|Writing output at time 0.1875, iteration 600, dt = 0.0003125
INFO|2020-06-18 04:33:03,261|pysph.solver.solver|Writing output at time 0.21875, iteration 700, dt = 0.0003125
INFO|2020-06-18 04:33:04,303|pysph.solver.solver|Writing output at time 0.25, iteration 800, dt = 0.0003125
INFO|2020-06-18 04:33:06,963|pysph.solver.solver|Writing output at time 0.28125, iteration 900, dt = 0.0003125
INFO|2020-06-18 04:33:08,080|pysph.solver.solver|Writing output at time 0.3125, iteration 1000, dt = 0.0003125
INFO|2020-06-18 04:33:09,549|pysph.solver.solver|Writing output at time 0.34375, iteration 1100, dt = 0.0003125
INFO|2020-06-18 04:33:10,548|pysph.solver.solver|Writing output at time 0.375, iteration 1200, dt = 0.0003125
INFO|2020-06-18 04:33:11,519|pysph.solver.solver|Writing output at time 0.40625, iteration 1300, dt = 0.0003125
INFO|2020-06-18 04:33:12,766|pysph.solver.solver|Writing output at time 0.4375, iteration 1400, dt = 0.0003125
INFO|2020-06-18 04:33:14,316|pysph.solver.solver|Writing output at time 0.46875, iteration 1500, dt = 0.0003125
INFO|2020-06-18 04:33:15,348|pysph.solver.solver|Writing output at time 0.5, iteration 1600, dt = 0.0003125
INFO|2020-06-18 04:33:16,747|pysph.solver.solver|Writing output at time 0.53125, iteration 1700, dt = 0.0003125
INFO|2020-06-18 04:33:18,284|pysph.solver.solver|Writing output at time 0.5625, iteration 1800, dt = 0.0003125
INFO|2020-06-18 04:33:20,213|pysph.solver.solver|Writing output at time 0.59375, iteration 1900, dt = 0.0003125
INFO|2020-06-18 04:33:21,218|pysph.solver.solver|Writing output at time 0.625, iteration 2000, dt = 0.0003125
INFO|2020-06-18 04:33:22,174|pysph.solver.solver|Writing output at time 0.65625, iteration 2100, dt = 0.0003125
INFO|2020-06-18 04:33:24,056|pysph.solver.solver|Writing output at time 0.6875, iteration 2200, dt = 0.0003125
INFO|2020-06-18 04:33:25,649|pysph.solver.solver|Writing output at time 0.71875, iteration 2300, dt = 0.0003125
INFO|2020-06-18 04:33:26,995|pysph.solver.solver|Writing output at time 0.75, iteration 2400, dt = 0.0003125
INFO|2020-06-18 04:33:33,490|pysph.solver.solver|Writing output at time 0.78125, iteration 2500, dt = 0.0003125
INFO|2020-06-18 04:33:34,937|pysph.solver.solver|Writing output at time 0.8125, iteration 2600, dt = 0.0003125
INFO|2020-06-18 04:33:35,927|pysph.solver.solver|Writing output at time 0.84375, iteration 2700, dt = 0.0003125
INFO|2020-06-18 04:33:37,333|pysph.solver.solver|Writing output at time 0.875, iteration 2800, dt = 0.0003125
INFO|2020-06-18 04:33:38,412|pysph.solver.solver|Writing output at time 0.90625, iteration 2900, dt = 0.0003125
INFO|2020-06-18 04:33:39,785|pysph.solver.solver|Writing output at time 0.9375, iteration 3000, dt = 0.0003125
INFO|2020-06-18 04:33:40,958|pysph.solver.solver|Writing output at time 0.96875, iteration 3100, dt = 0.0003125
INFO|2020-06-18 04:33:42,273|pysph.solver.solver|Writing output at time 1, iteration 3200, dt = 0.0003125
INFO|2020-06-18 04:33:43,343|pysph.solver.solver|Writing output at time 1.03125, iteration 3300, dt = 0.0003125
INFO|2020-06-18 04:33:44,468|pysph.solver.solver|Writing output at time 1.0625, iteration 3400, dt = 0.0003125
INFO|2020-06-18 04:33:45,430|pysph.solver.solver|Writing output at time 1.09375, iteration 3500, dt = 0.0003125
INFO|2020-06-18 04:33:46,596|pysph.solver.solver|Writing output at time 1.125, iteration 3600, dt = 0.0003125
INFO|2020-06-18 04:33:47,866|pysph.solver.solver|Writing output at time 1.15625, iteration 3700, dt = 0.0003125
INFO|2020-06-18 04:33:48,883|pysph.solver.solver|Writing output at time 1.1875, iteration 3800, dt = 0.0003125
INFO|2020-06-18 04:33:49,859|pysph.solver.solver|Writing output at time 1.21875, iteration 3900, dt = 0.0003125
INFO|2020-06-18 04:33:50,851|pysph.solver.solver|Writing output at time 1.25, iteration 4000, dt = 0.0003125
INFO|2020-06-18 04:33:51,870|pysph.solver.solver|Writing output at time 1.28125, iteration 4100, dt = 0.0003125
INFO|2020-06-18 04:33:52,839|pysph.solver.solver|Writing output at time 1.3125, iteration 4200, dt = 0.0003125
INFO|2020-06-18 04:33:53,861|pysph.solver.solver|Writing output at time 1.34375, iteration 4300, dt = 0.0003125
INFO|2020-06-18 04:33:54,858|pysph.solver.solver|Writing output at time 1.375, iteration 4400, dt = 0.0003125
INFO|2020-06-18 04:33:55,821|pysph.solver.solver|Writing output at time 1.40625, iteration 4500, dt = 0.0003125
INFO|2020-06-18 04:33:56,818|pysph.solver.solver|Writing output at time 1.4375, iteration 4600, dt = 0.0003125
INFO|2020-06-18 04:33:57,895|pysph.solver.solver|Writing output at time 1.46875, iteration 4700, dt = 0.0003125
INFO|2020-06-18 04:33:59,019|pysph.solver.solver|Writing output at time 1.5, iteration 4800, dt = 0.0003125
INFO|2020-06-18 04:34:00,643|pysph.solver.solver|Writing output at time 1.53125, iteration 4900, dt = 0.0003125
INFO|2020-06-18 04:34:01,774|pysph.solver.solver|Writing output at time 1.5625, iteration 5000, dt = 0.0003125
INFO|2020-06-18 04:34:02,803|pysph.solver.solver|Writing output at time 1.59375, iteration 5100, dt = 0.0003125
INFO|2020-06-18 04:34:03,809|pysph.solver.solver|Writing output at time 1.625, iteration 5200, dt = 0.0003125
INFO|2020-06-18 04:34:04,884|pysph.solver.solver|Writing output at time 1.65625, iteration 5300, dt = 0.0003125
INFO|2020-06-18 04:34:05,966|pysph.solver.solver|Writing output at time 1.6875, iteration 5400, dt = 0.0003125
INFO|2020-06-18 04:34:07,234|pysph.solver.solver|Writing output at time 1.71875, iteration 5500, dt = 0.0003125
INFO|2020-06-18 04:34:09,396|pysph.solver.solver|Writing output at time 1.75, iteration 5600, dt = 0.0003125
INFO|2020-06-18 04:34:10,624|pysph.solver.solver|Writing output at time 1.78125, iteration 5700, dt = 0.0003125
INFO|2020-06-18 04:34:12,085|pysph.solver.solver|Writing output at time 1.8125, iteration 5800, dt = 0.0003125
INFO|2020-06-18 04:34:13,085|pysph.solver.solver|Writing output at time 1.84375, iteration 5900, dt = 0.0003125
INFO|2020-06-18 04:34:14,306|pysph.solver.solver|Writing output at time 1.875, iteration 6000, dt = 0.0003125
INFO|2020-06-18 04:34:15,378|pysph.solver.solver|Writing output at time 1.90625, iteration 6100, dt = 0.0003125
INFO|2020-06-18 04:34:16,391|pysph.solver.solver|Writing output at time 1.9375, iteration 6200, dt = 0.0003125
INFO|2020-06-18 04:34:17,437|pysph.solver.solver|Writing output at time 1.96875, iteration 6300, dt = 0.0003125
INFO|2020-06-18 04:34:18,435|pysph.solver.solver|Writing output at time 2, iteration 6400, dt = 0.0003125
INFO|2020-06-18 04:34:18,448|pysph.solver.application|Run took: 85.12133 secs
