INFO|2020-06-22 17:07:46,719|pysph.solver.application|Started as:
/home/prajwal/pysph/pysph/examples/taylor_green.py --openmp --nx 30 --pfreq 20 --perturb 0.2 --scheme edac
INFO|2020-06-22 17:07:46,719|pysph.solver.application|Running on Hope with address 127.0.1.1
INFO|2020-06-22 17:07:46,719|pysph.solver.application|Using OpenMP
INFO|2020-06-22 17:07:46,719|pysph.solver.application|Using OpenMP schedule dynamic,64
INFO|2020-06-22 17:07:46,725|pysph.solver.application|Generating output in /home/prajwal/Desktop/Winter_Project/SLP-Smoothed-Particle-Hydrodynamics/SLP/Taylor Green Vortex/Output/nx_30/perturb_0.2/taylor_green_output
INFO|2020-06-22 17:07:46,860|compyle.ext_module|Precompiled code from: /home/prajwal/.pysph/source/py3.6-linux-x86_64/m_52cdc7c45b9f50e09043f401b704c263.pyx
INFO|2020-06-22 17:07:46,895|pysph.solver.application|Started multiprocessing interface on 0.0.0.0:8800
INFO|2020-06-22 17:07:46,895|pysph.solver.application|----------------------------------------------------------------------
No of particles:
  fluid: 1764
----------------------------------------------------------------------
INFO|2020-06-22 17:07:46,896|pysph.solver.application|Using kernel:
----------------------------------------------------------------------
  QuinticSpline(dim=2)
----------------------------------------------------------------------
INFO|2020-06-22 17:07:46,896|pysph.solver.application|Using nnps:
----------------------------------------------------------------------
  LinkedListNNPS(dim=2)
----------------------------------------------------------------------
INFO|2020-06-22 17:07:46,896|pysph.solver.application|Using integrator:
----------------------------------------------------------------------
  PECIntegrator(fluid=EDACTVFStep())
----------------------------------------------------------------------
INFO|2020-06-22 17:07:46,898|pysph.solver.application|Using equations:
----------------------------------------------------------------------
[
Group(equations=[
    SummationDensity(dest='fluid', sources=['fluid']), 
    ComputeAveragePressure(dest='fluid', sources=['fluid'])
  ],
  real=False, update_nnps=False, iterate=False, max_iterations=1,
  min_iterations=0, pre=None, post=None),
Group(equations=[
    MomentumEquationPressureGradient(dest='fluid', sources=['fluid'],
    pb=100.0, gx=0.0, gy=0.0, gz=0.0, tdamp=0.0), 
    MomentumEquationViscosity(dest='fluid', sources=['fluid'], nu=0.01), 
    MomentumEquationArtificialStress(dest='fluid', sources=['fluid']), 
    EDACEquation(dest='fluid', sources=['fluid'], cs=10.0,
    nu=0.020833333333333332, rho0=1.0)
  ],
  real=True, update_nnps=False, iterate=False, max_iterations=1,
  min_iterations=0, pre=None, post=None)
]
----------------------------------------------------------------------
INFO|2020-06-22 17:07:46,898|pysph.solver.application|Callbacks:
----------------------------------------------------------------------

INFO|2020-06-22 17:07:46,898|pysph.solver.application|Pre-step callbacks:
[]

INFO|2020-06-22 17:07:46,898|pysph.solver.application|Post-step callbacks:
[]

INFO|2020-06-22 17:07:46,898|pysph.solver.application|Post-stage callbacks:
[]
----------------------------------------------------------------------

INFO|2020-06-22 17:07:46,898|pysph.solver.application|Setup took: 0.18329 secs
INFO|2020-06-22 17:07:46,899|pysph.solver.solver|Writing output at time 0, iteration 0, dt = 0.000757576
INFO|2020-06-22 17:07:47,249|pysph.solver.solver|Writing output at time 0.0151515, iteration 20, dt = 0.000757576
INFO|2020-06-22 17:07:47,509|pysph.solver.solver|Writing output at time 0.030303, iteration 40, dt = 0.000757576
INFO|2020-06-22 17:07:47,815|pysph.solver.solver|Writing output at time 0.0454545, iteration 60, dt = 0.000757576
INFO|2020-06-22 17:07:48,082|pysph.solver.solver|Writing output at time 0.0606061, iteration 80, dt = 0.000757576
INFO|2020-06-22 17:07:48,358|pysph.solver.solver|Writing output at time 0.0757576, iteration 100, dt = 0.000757576
INFO|2020-06-22 17:07:48,670|pysph.solver.solver|Writing output at time 0.0909091, iteration 120, dt = 0.000757576
INFO|2020-06-22 17:07:48,952|pysph.solver.solver|Writing output at time 0.106061, iteration 140, dt = 0.000757576
INFO|2020-06-22 17:07:49,201|pysph.solver.solver|Writing output at time 0.121212, iteration 160, dt = 0.000757576
INFO|2020-06-22 17:07:49,522|pysph.solver.solver|Writing output at time 0.136364, iteration 180, dt = 0.000757576
INFO|2020-06-22 17:07:49,795|pysph.solver.solver|Writing output at time 0.151515, iteration 200, dt = 0.000757576
INFO|2020-06-22 17:07:50,099|pysph.solver.solver|Writing output at time 0.166667, iteration 220, dt = 0.000757576
INFO|2020-06-22 17:07:50,362|pysph.solver.solver|Writing output at time 0.181818, iteration 240, dt = 0.000757576
INFO|2020-06-22 17:07:50,629|pysph.solver.solver|Writing output at time 0.19697, iteration 260, dt = 0.000757576
INFO|2020-06-22 17:07:50,934|pysph.solver.solver|Writing output at time 0.212121, iteration 280, dt = 0.000757576
INFO|2020-06-22 17:07:51,203|pysph.solver.solver|Writing output at time 0.227273, iteration 300, dt = 0.000757576
INFO|2020-06-22 17:07:51,478|pysph.solver.solver|Writing output at time 0.242424, iteration 320, dt = 0.000757576
INFO|2020-06-22 17:07:51,758|pysph.solver.solver|Writing output at time 0.257576, iteration 340, dt = 0.000757576
INFO|2020-06-22 17:07:52,025|pysph.solver.solver|Writing output at time 0.272727, iteration 360, dt = 0.000757576
INFO|2020-06-22 17:07:52,343|pysph.solver.solver|Writing output at time 0.287879, iteration 380, dt = 0.000757576
INFO|2020-06-22 17:07:52,616|pysph.solver.solver|Writing output at time 0.30303, iteration 400, dt = 0.000757576
INFO|2020-06-22 17:07:52,907|pysph.solver.solver|Writing output at time 0.318182, iteration 420, dt = 0.000757576
INFO|2020-06-22 17:07:53,167|pysph.solver.solver|Writing output at time 0.333333, iteration 440, dt = 0.000757576
INFO|2020-06-22 17:07:53,426|pysph.solver.solver|Writing output at time 0.348485, iteration 460, dt = 0.000757576
INFO|2020-06-22 17:07:53,694|pysph.solver.solver|Writing output at time 0.363636, iteration 480, dt = 0.000757576
INFO|2020-06-22 17:07:53,974|pysph.solver.solver|Writing output at time 0.378788, iteration 500, dt = 0.000757576
INFO|2020-06-22 17:07:54,249|pysph.solver.solver|Writing output at time 0.393939, iteration 520, dt = 0.000757576
INFO|2020-06-22 17:07:54,518|pysph.solver.solver|Writing output at time 0.409091, iteration 540, dt = 0.000757576
INFO|2020-06-22 17:07:54,782|pysph.solver.solver|Writing output at time 0.424242, iteration 560, dt = 0.000757576
INFO|2020-06-22 17:07:55,043|pysph.solver.solver|Writing output at time 0.439394, iteration 580, dt = 0.000757576
INFO|2020-06-22 17:07:55,298|pysph.solver.solver|Writing output at time 0.454545, iteration 600, dt = 0.000757576
INFO|2020-06-22 17:07:55,583|pysph.solver.solver|Writing output at time 0.469697, iteration 620, dt = 0.000757576
INFO|2020-06-22 17:07:55,856|pysph.solver.solver|Writing output at time 0.484848, iteration 640, dt = 0.000757576
INFO|2020-06-22 17:07:56,118|pysph.solver.solver|Writing output at time 0.5, iteration 660, dt = 0.000757576
INFO|2020-06-22 17:07:56,381|pysph.solver.solver|Writing output at time 0.515152, iteration 680, dt = 0.000757576
INFO|2020-06-22 17:07:56,642|pysph.solver.solver|Writing output at time 0.530303, iteration 700, dt = 0.000757576
INFO|2020-06-22 17:07:56,969|pysph.solver.solver|Writing output at time 0.545455, iteration 720, dt = 0.000757576
INFO|2020-06-22 17:07:57,252|pysph.solver.solver|Writing output at time 0.560606, iteration 740, dt = 0.000757576
INFO|2020-06-22 17:07:57,508|pysph.solver.solver|Writing output at time 0.575758, iteration 760, dt = 0.000757576
INFO|2020-06-22 17:07:57,777|pysph.solver.solver|Writing output at time 0.590909, iteration 780, dt = 0.000757576
INFO|2020-06-22 17:07:58,041|pysph.solver.solver|Writing output at time 0.606061, iteration 800, dt = 0.000757576
INFO|2020-06-22 17:07:58,292|pysph.solver.solver|Writing output at time 0.621212, iteration 820, dt = 0.000757576
INFO|2020-06-22 17:07:58,596|pysph.solver.solver|Writing output at time 0.636364, iteration 840, dt = 0.000757576
INFO|2020-06-22 17:07:58,876|pysph.solver.solver|Writing output at time 0.651515, iteration 860, dt = 0.000757576
INFO|2020-06-22 17:07:59,142|pysph.solver.solver|Writing output at time 0.666667, iteration 880, dt = 0.000757576
INFO|2020-06-22 17:07:59,396|pysph.solver.solver|Writing output at time 0.681818, iteration 900, dt = 0.000757576
INFO|2020-06-22 17:07:59,665|pysph.solver.solver|Writing output at time 0.69697, iteration 920, dt = 0.000757576
INFO|2020-06-22 17:07:59,948|pysph.solver.solver|Writing output at time 0.712121, iteration 940, dt = 0.000757576
INFO|2020-06-22 17:08:00,252|pysph.solver.solver|Writing output at time 0.727273, iteration 960, dt = 0.000757576
INFO|2020-06-22 17:08:00,511|pysph.solver.solver|Writing output at time 0.742424, iteration 980, dt = 0.000757576
INFO|2020-06-22 17:08:00,798|pysph.solver.solver|Writing output at time 0.757576, iteration 1000, dt = 0.000757576
INFO|2020-06-22 17:08:01,084|pysph.solver.solver|Writing output at time 0.772727, iteration 1020, dt = 0.000757576
INFO|2020-06-22 17:08:01,360|pysph.solver.solver|Writing output at time 0.787879, iteration 1040, dt = 0.000757576
INFO|2020-06-22 17:08:01,655|pysph.solver.solver|Writing output at time 0.80303, iteration 1060, dt = 0.000757576
INFO|2020-06-22 17:08:01,939|pysph.solver.solver|Writing output at time 0.818182, iteration 1080, dt = 0.000757576
INFO|2020-06-22 17:08:02,248|pysph.solver.solver|Writing output at time 0.833333, iteration 1100, dt = 0.000757576
INFO|2020-06-22 17:08:02,519|pysph.solver.solver|Writing output at time 0.848485, iteration 1120, dt = 0.000757576
INFO|2020-06-22 17:08:02,811|pysph.solver.solver|Writing output at time 0.863636, iteration 1140, dt = 0.000757576
INFO|2020-06-22 17:08:03,090|pysph.solver.solver|Writing output at time 0.878788, iteration 1160, dt = 0.000757576
INFO|2020-06-22 17:08:03,388|pysph.solver.solver|Writing output at time 0.893939, iteration 1180, dt = 0.000757576
INFO|2020-06-22 17:08:03,657|pysph.solver.solver|Writing output at time 0.909091, iteration 1200, dt = 0.000757576
INFO|2020-06-22 17:08:03,953|pysph.solver.solver|Writing output at time 0.924242, iteration 1220, dt = 0.000757576
INFO|2020-06-22 17:08:04,246|pysph.solver.solver|Writing output at time 0.939394, iteration 1240, dt = 0.000757576
INFO|2020-06-22 17:08:04,510|pysph.solver.solver|Writing output at time 0.954545, iteration 1260, dt = 0.000757576
INFO|2020-06-22 17:08:04,819|pysph.solver.solver|Writing output at time 0.969697, iteration 1280, dt = 0.000757576
INFO|2020-06-22 17:08:05,085|pysph.solver.solver|Writing output at time 0.984848, iteration 1300, dt = 0.000757576
INFO|2020-06-22 17:08:05,592|pysph.solver.solver|Writing output at time 1, iteration 1320, dt = 0.000757576
INFO|2020-06-22 17:08:05,981|pysph.solver.solver|Writing output at time 1.01515, iteration 1340, dt = 0.000757576
INFO|2020-06-22 17:08:06,542|pysph.solver.solver|Writing output at time 1.0303, iteration 1360, dt = 0.000757576
INFO|2020-06-22 17:08:06,981|pysph.solver.solver|Writing output at time 1.04545, iteration 1380, dt = 0.000757576
INFO|2020-06-22 17:08:07,432|pysph.solver.solver|Writing output at time 1.06061, iteration 1400, dt = 0.000757576
INFO|2020-06-22 17:08:08,198|pysph.solver.solver|Writing output at time 1.07576, iteration 1420, dt = 0.000757576
INFO|2020-06-22 17:08:08,815|pysph.solver.solver|Writing output at time 1.09091, iteration 1440, dt = 0.000757576
INFO|2020-06-22 17:08:09,195|pysph.solver.solver|Writing output at time 1.10606, iteration 1460, dt = 0.000757576
INFO|2020-06-22 17:08:09,514|pysph.solver.solver|Writing output at time 1.12121, iteration 1480, dt = 0.000757576
INFO|2020-06-22 17:08:09,883|pysph.solver.solver|Writing output at time 1.13636, iteration 1500, dt = 0.000757576
INFO|2020-06-22 17:08:10,171|pysph.solver.solver|Writing output at time 1.15152, iteration 1520, dt = 0.000757576
INFO|2020-06-22 17:08:10,454|pysph.solver.solver|Writing output at time 1.16667, iteration 1540, dt = 0.000757576
INFO|2020-06-22 17:08:10,747|pysph.solver.solver|Writing output at time 1.18182, iteration 1560, dt = 0.000757576
INFO|2020-06-22 17:08:11,184|pysph.solver.solver|Writing output at time 1.19697, iteration 1580, dt = 0.000757576
INFO|2020-06-22 17:08:11,485|pysph.solver.solver|Writing output at time 1.21212, iteration 1600, dt = 0.000757576
INFO|2020-06-22 17:08:12,377|pysph.solver.solver|Writing output at time 1.22727, iteration 1620, dt = 0.000757576
INFO|2020-06-22 17:08:14,015|pysph.solver.solver|Writing output at time 1.24242, iteration 1640, dt = 0.000757576
INFO|2020-06-22 17:08:15,027|pysph.solver.solver|Writing output at time 1.25758, iteration 1660, dt = 0.000757576
INFO|2020-06-22 17:08:16,269|pysph.solver.solver|Writing output at time 1.27273, iteration 1680, dt = 0.000757576
INFO|2020-06-22 17:08:16,631|pysph.solver.solver|Writing output at time 1.28788, iteration 1700, dt = 0.000757576
INFO|2020-06-22 17:08:16,933|pysph.solver.solver|Writing output at time 1.30303, iteration 1720, dt = 0.000757576
INFO|2020-06-22 17:08:17,258|pysph.solver.solver|Writing output at time 1.31818, iteration 1740, dt = 0.000757576
INFO|2020-06-22 17:08:17,540|pysph.solver.solver|Writing output at time 1.33333, iteration 1760, dt = 0.000757576
INFO|2020-06-22 17:08:18,528|pysph.solver.solver|Writing output at time 1.34848, iteration 1780, dt = 0.000757576
INFO|2020-06-22 17:08:20,359|pysph.solver.solver|Writing output at time 1.36364, iteration 1800, dt = 0.000757576
INFO|2020-06-22 17:08:22,226|pysph.solver.solver|Writing output at time 1.37879, iteration 1820, dt = 0.000757576
INFO|2020-06-22 17:08:22,922|pysph.solver.solver|Writing output at time 1.39394, iteration 1840, dt = 0.000757576
INFO|2020-06-22 17:08:23,521|pysph.solver.solver|Writing output at time 1.40909, iteration 1860, dt = 0.000757576
INFO|2020-06-22 17:08:23,932|pysph.solver.solver|Writing output at time 1.42424, iteration 1880, dt = 0.000757576
INFO|2020-06-22 17:08:24,514|pysph.solver.solver|Writing output at time 1.43939, iteration 1900, dt = 0.000757576
INFO|2020-06-22 17:08:25,227|pysph.solver.solver|Writing output at time 1.45455, iteration 1920, dt = 0.000757576
INFO|2020-06-22 17:08:25,642|pysph.solver.solver|Writing output at time 1.4697, iteration 1940, dt = 0.000757576
INFO|2020-06-22 17:08:26,270|pysph.solver.solver|Writing output at time 1.48485, iteration 1960, dt = 0.000757576
INFO|2020-06-22 17:08:26,704|pysph.solver.solver|Writing output at time 1.5, iteration 1980, dt = 0.000757576
INFO|2020-06-22 17:08:27,112|pysph.solver.solver|Writing output at time 1.51515, iteration 2000, dt = 0.000757576
INFO|2020-06-22 17:08:27,747|pysph.solver.solver|Writing output at time 1.5303, iteration 2020, dt = 0.000757576
INFO|2020-06-22 17:08:28,020|pysph.solver.solver|Writing output at time 1.54545, iteration 2040, dt = 0.000757576
INFO|2020-06-22 17:08:28,553|pysph.solver.solver|Writing output at time 1.56061, iteration 2060, dt = 0.000757576
INFO|2020-06-22 17:08:29,043|pysph.solver.solver|Writing output at time 1.57576, iteration 2080, dt = 0.000757576
INFO|2020-06-22 17:08:29,618|pysph.solver.solver|Writing output at time 1.59091, iteration 2100, dt = 0.000757576
INFO|2020-06-22 17:08:29,974|pysph.solver.solver|Writing output at time 1.60606, iteration 2120, dt = 0.000757576
INFO|2020-06-22 17:08:30,268|pysph.solver.solver|Writing output at time 1.62121, iteration 2140, dt = 0.000757576
INFO|2020-06-22 17:08:30,606|pysph.solver.solver|Writing output at time 1.63636, iteration 2160, dt = 0.000757576
INFO|2020-06-22 17:08:31,183|pysph.solver.solver|Writing output at time 1.65152, iteration 2180, dt = 0.000757576
INFO|2020-06-22 17:08:31,761|pysph.solver.solver|Writing output at time 1.66667, iteration 2200, dt = 0.000757576
INFO|2020-06-22 17:08:32,311|pysph.solver.solver|Writing output at time 1.68182, iteration 2220, dt = 0.000757576
INFO|2020-06-22 17:08:32,921|pysph.solver.solver|Writing output at time 1.69697, iteration 2240, dt = 0.000757576
INFO|2020-06-22 17:08:33,472|pysph.solver.solver|Writing output at time 1.71212, iteration 2260, dt = 0.000757576
INFO|2020-06-22 17:08:33,974|pysph.solver.solver|Writing output at time 1.72727, iteration 2280, dt = 0.000757576
INFO|2020-06-22 17:08:34,475|pysph.solver.solver|Writing output at time 1.74242, iteration 2300, dt = 0.000757576
INFO|2020-06-22 17:08:35,063|pysph.solver.solver|Writing output at time 1.75758, iteration 2320, dt = 0.000757576
INFO|2020-06-22 17:08:35,709|pysph.solver.solver|Writing output at time 1.77273, iteration 2340, dt = 0.000757576
INFO|2020-06-22 17:08:36,336|pysph.solver.solver|Writing output at time 1.78788, iteration 2360, dt = 0.000757576
INFO|2020-06-22 17:08:37,071|pysph.solver.solver|Writing output at time 1.80303, iteration 2380, dt = 0.000757576
INFO|2020-06-22 17:08:37,392|pysph.solver.solver|Writing output at time 1.81818, iteration 2400, dt = 0.000757576
INFO|2020-06-22 17:08:37,671|pysph.solver.solver|Writing output at time 1.83333, iteration 2420, dt = 0.000757576
INFO|2020-06-22 17:08:38,049|pysph.solver.solver|Writing output at time 1.84848, iteration 2440, dt = 0.000757576
INFO|2020-06-22 17:08:38,808|pysph.solver.solver|Writing output at time 1.86364, iteration 2460, dt = 0.000757576
INFO|2020-06-22 17:08:39,226|pysph.solver.solver|Writing output at time 1.87879, iteration 2480, dt = 0.000757576
INFO|2020-06-22 17:08:39,712|pysph.solver.solver|Writing output at time 1.89394, iteration 2500, dt = 0.000757576
INFO|2020-06-22 17:08:40,212|pysph.solver.solver|Writing output at time 1.90909, iteration 2520, dt = 0.000757576
INFO|2020-06-22 17:08:40,853|pysph.solver.solver|Writing output at time 1.92424, iteration 2540, dt = 0.000757576
INFO|2020-06-22 17:08:41,362|pysph.solver.solver|Writing output at time 1.93939, iteration 2560, dt = 0.000757576
INFO|2020-06-22 17:08:41,686|pysph.solver.solver|Writing output at time 1.95455, iteration 2580, dt = 0.000757576
INFO|2020-06-22 17:08:41,988|pysph.solver.solver|Writing output at time 1.9697, iteration 2600, dt = 0.000757576
INFO|2020-06-22 17:08:42,344|pysph.solver.solver|Writing output at time 1.98485, iteration 2620, dt = 0.000757576
INFO|2020-06-22 17:08:42,635|pysph.solver.solver|Writing output at time 2, iteration 2640, dt = 0.000757576
INFO|2020-06-22 17:08:42,637|pysph.solver.application|Run took: 55.73802 secs
