INFO|2020-06-22 17:07:04,045|pysph.solver.application|Started as:
/home/prajwal/pysph/pysph/examples/taylor_green.py --openmp --nx 30 --pfreq 20 --perturb 0.2 --scheme tvf
INFO|2020-06-22 17:07:04,045|pysph.solver.application|Running on Hope with address 127.0.1.1
INFO|2020-06-22 17:07:04,045|pysph.solver.application|Using OpenMP
INFO|2020-06-22 17:07:04,045|pysph.solver.application|Using OpenMP schedule dynamic,64
INFO|2020-06-22 17:07:04,088|pysph.solver.application|Generating output in /home/prajwal/Desktop/Winter_Project/SLP-Smoothed-Particle-Hydrodynamics/SLP/Taylor Green Vortex/Output/nx_30/perturb_0.2/taylor_green_output
INFO|2020-06-22 17:07:04,292|compyle.ext_module|Precompiled code from: /home/prajwal/.pysph/source/py3.6-linux-x86_64/m_c0ed600ae9f574f5b672be93b036a7f4.pyx
INFO|2020-06-22 17:07:04,327|pysph.solver.application|Started multiprocessing interface on 0.0.0.0:8800
INFO|2020-06-22 17:07:04,327|pysph.solver.application|----------------------------------------------------------------------
No of particles:
  fluid: 1764
----------------------------------------------------------------------
INFO|2020-06-22 17:07:04,328|pysph.solver.application|Using kernel:
----------------------------------------------------------------------
  QuinticSpline(dim=2)
----------------------------------------------------------------------
INFO|2020-06-22 17:07:04,328|pysph.solver.application|Using nnps:
----------------------------------------------------------------------
  LinkedListNNPS(dim=2)
----------------------------------------------------------------------
INFO|2020-06-22 17:07:04,328|pysph.solver.application|Using integrator:
----------------------------------------------------------------------
  PECIntegrator(fluid=TransportVelocityStep())
----------------------------------------------------------------------
INFO|2020-06-22 17:07:04,329|pysph.solver.application|Using equations:
----------------------------------------------------------------------
[
Group(equations=[
    SummationDensity(dest='fluid', sources=['fluid'])
  ],
  real=False, update_nnps=False, iterate=False, max_iterations=1,
  min_iterations=0, pre=None, post=None),
Group(equations=[
    StateEquation(dest='fluid', sources=None, p0=100.0, rho0=1.0, b=1.0)
  ],
  real=False, update_nnps=False, iterate=False, max_iterations=1,
  min_iterations=0, pre=None, post=None),
Group(equations=[
    MomentumEquationPressureGradient(dest='fluid', sources=['fluid'],
    pb=100.0, gx=0.0, gy=0.0, gz=0.0, tdamp=0.0), 
    MomentumEquationViscosity(dest='fluid', sources=['fluid'], nu=0.01), 
    MomentumEquationArtificialStress(dest='fluid', sources=['fluid'])
  ],
  real=True, update_nnps=False, iterate=False, max_iterations=1,
  min_iterations=0, pre=None, post=None)
]
----------------------------------------------------------------------
INFO|2020-06-22 17:07:04,330|pysph.solver.application|Callbacks:
----------------------------------------------------------------------

INFO|2020-06-22 17:07:04,330|pysph.solver.application|Pre-step callbacks:
[]

INFO|2020-06-22 17:07:04,330|pysph.solver.application|Post-step callbacks:
[]

INFO|2020-06-22 17:07:04,330|pysph.solver.application|Post-stage callbacks:
[]
----------------------------------------------------------------------

INFO|2020-06-22 17:07:04,330|pysph.solver.application|Setup took: 0.29043 secs
INFO|2020-06-22 17:07:04,331|pysph.solver.solver|Writing output at time 0, iteration 0, dt = 0.000757576
INFO|2020-06-22 17:07:04,616|pysph.solver.solver|Writing output at time 0.0151515, iteration 20, dt = 0.000757576
INFO|2020-06-22 17:07:04,854|pysph.solver.solver|Writing output at time 0.030303, iteration 40, dt = 0.000757576
INFO|2020-06-22 17:07:05,070|pysph.solver.solver|Writing output at time 0.0454545, iteration 60, dt = 0.000757576
INFO|2020-06-22 17:07:05,270|pysph.solver.solver|Writing output at time 0.0606061, iteration 80, dt = 0.000757576
INFO|2020-06-22 17:07:05,474|pysph.solver.solver|Writing output at time 0.0757576, iteration 100, dt = 0.000757576
INFO|2020-06-22 17:07:05,712|pysph.solver.solver|Writing output at time 0.0909091, iteration 120, dt = 0.000757576
INFO|2020-06-22 17:07:05,946|pysph.solver.solver|Writing output at time 0.106061, iteration 140, dt = 0.000757576
INFO|2020-06-22 17:07:06,163|pysph.solver.solver|Writing output at time 0.121212, iteration 160, dt = 0.000757576
INFO|2020-06-22 17:07:06,390|pysph.solver.solver|Writing output at time 0.136364, iteration 180, dt = 0.000757576
INFO|2020-06-22 17:07:06,590|pysph.solver.solver|Writing output at time 0.151515, iteration 200, dt = 0.000757576
INFO|2020-06-22 17:07:06,798|pysph.solver.solver|Writing output at time 0.166667, iteration 220, dt = 0.000757576
INFO|2020-06-22 17:07:06,996|pysph.solver.solver|Writing output at time 0.181818, iteration 240, dt = 0.000757576
INFO|2020-06-22 17:07:07,196|pysph.solver.solver|Writing output at time 0.19697, iteration 260, dt = 0.000757576
INFO|2020-06-22 17:07:07,401|pysph.solver.solver|Writing output at time 0.212121, iteration 280, dt = 0.000757576
INFO|2020-06-22 17:07:07,600|pysph.solver.solver|Writing output at time 0.227273, iteration 300, dt = 0.000757576
INFO|2020-06-22 17:07:07,833|pysph.solver.solver|Writing output at time 0.242424, iteration 320, dt = 0.000757576
INFO|2020-06-22 17:07:08,057|pysph.solver.solver|Writing output at time 0.257576, iteration 340, dt = 0.000757576
INFO|2020-06-22 17:07:08,255|pysph.solver.solver|Writing output at time 0.272727, iteration 360, dt = 0.000757576
INFO|2020-06-22 17:07:08,459|pysph.solver.solver|Writing output at time 0.287879, iteration 380, dt = 0.000757576
INFO|2020-06-22 17:07:08,670|pysph.solver.solver|Writing output at time 0.30303, iteration 400, dt = 0.000757576
INFO|2020-06-22 17:07:08,885|pysph.solver.solver|Writing output at time 0.318182, iteration 420, dt = 0.000757576
INFO|2020-06-22 17:07:09,097|pysph.solver.solver|Writing output at time 0.333333, iteration 440, dt = 0.000757576
INFO|2020-06-22 17:07:09,331|pysph.solver.solver|Writing output at time 0.348485, iteration 460, dt = 0.000757576
INFO|2020-06-22 17:07:09,548|pysph.solver.solver|Writing output at time 0.363636, iteration 480, dt = 0.000757576
INFO|2020-06-22 17:07:09,760|pysph.solver.solver|Writing output at time 0.378788, iteration 500, dt = 0.000757576
INFO|2020-06-22 17:07:09,959|pysph.solver.solver|Writing output at time 0.393939, iteration 520, dt = 0.000757576
INFO|2020-06-22 17:07:10,181|pysph.solver.solver|Writing output at time 0.409091, iteration 540, dt = 0.000757576
INFO|2020-06-22 17:07:10,393|pysph.solver.solver|Writing output at time 0.424242, iteration 560, dt = 0.000757576
INFO|2020-06-22 17:07:10,874|pysph.solver.solver|Writing output at time 0.439394, iteration 580, dt = 0.000757576
INFO|2020-06-22 17:07:11,090|pysph.solver.solver|Writing output at time 0.454545, iteration 600, dt = 0.000757576
INFO|2020-06-22 17:07:11,294|pysph.solver.solver|Writing output at time 0.469697, iteration 620, dt = 0.000757576
INFO|2020-06-22 17:07:11,509|pysph.solver.solver|Writing output at time 0.484848, iteration 640, dt = 0.000757576
INFO|2020-06-22 17:07:11,732|pysph.solver.solver|Writing output at time 0.5, iteration 660, dt = 0.000757576
INFO|2020-06-22 17:07:12,234|pysph.solver.solver|Writing output at time 0.515152, iteration 680, dt = 0.000757576
INFO|2020-06-22 17:07:12,703|pysph.solver.solver|Writing output at time 0.530303, iteration 700, dt = 0.000757576
INFO|2020-06-22 17:07:13,056|pysph.solver.solver|Writing output at time 0.545455, iteration 720, dt = 0.000757576
INFO|2020-06-22 17:07:13,340|pysph.solver.solver|Writing output at time 0.560606, iteration 740, dt = 0.000757576
INFO|2020-06-22 17:07:13,811|pysph.solver.solver|Writing output at time 0.575758, iteration 760, dt = 0.000757576
INFO|2020-06-22 17:07:14,058|pysph.solver.solver|Writing output at time 0.590909, iteration 780, dt = 0.000757576
INFO|2020-06-22 17:07:14,278|pysph.solver.solver|Writing output at time 0.606061, iteration 800, dt = 0.000757576
INFO|2020-06-22 17:07:14,515|pysph.solver.solver|Writing output at time 0.621212, iteration 820, dt = 0.000757576
INFO|2020-06-22 17:07:14,734|pysph.solver.solver|Writing output at time 0.636364, iteration 840, dt = 0.000757576
INFO|2020-06-22 17:07:14,944|pysph.solver.solver|Writing output at time 0.651515, iteration 860, dt = 0.000757576
INFO|2020-06-22 17:07:15,145|pysph.solver.solver|Writing output at time 0.666667, iteration 880, dt = 0.000757576
INFO|2020-06-22 17:07:15,342|pysph.solver.solver|Writing output at time 0.681818, iteration 900, dt = 0.000757576
INFO|2020-06-22 17:07:15,582|pysph.solver.solver|Writing output at time 0.69697, iteration 920, dt = 0.000757576
INFO|2020-06-22 17:07:15,828|pysph.solver.solver|Writing output at time 0.712121, iteration 940, dt = 0.000757576
INFO|2020-06-22 17:07:16,038|pysph.solver.solver|Writing output at time 0.727273, iteration 960, dt = 0.000757576
INFO|2020-06-22 17:07:16,251|pysph.solver.solver|Writing output at time 0.742424, iteration 980, dt = 0.000757576
INFO|2020-06-22 17:07:16,467|pysph.solver.solver|Writing output at time 0.757576, iteration 1000, dt = 0.000757576
INFO|2020-06-22 17:07:16,715|pysph.solver.solver|Writing output at time 0.772727, iteration 1020, dt = 0.000757576
INFO|2020-06-22 17:07:16,924|pysph.solver.solver|Writing output at time 0.787879, iteration 1040, dt = 0.000757576
INFO|2020-06-22 17:07:17,168|pysph.solver.solver|Writing output at time 0.80303, iteration 1060, dt = 0.000757576
INFO|2020-06-22 17:07:17,385|pysph.solver.solver|Writing output at time 0.818182, iteration 1080, dt = 0.000757576
INFO|2020-06-22 17:07:17,597|pysph.solver.solver|Writing output at time 0.833333, iteration 1100, dt = 0.000757576
INFO|2020-06-22 17:07:17,824|pysph.solver.solver|Writing output at time 0.848485, iteration 1120, dt = 0.000757576
INFO|2020-06-22 17:07:18,061|pysph.solver.solver|Writing output at time 0.863636, iteration 1140, dt = 0.000757576
INFO|2020-06-22 17:07:18,270|pysph.solver.solver|Writing output at time 0.878788, iteration 1160, dt = 0.000757576
INFO|2020-06-22 17:07:18,488|pysph.solver.solver|Writing output at time 0.893939, iteration 1180, dt = 0.000757576
INFO|2020-06-22 17:07:18,724|pysph.solver.solver|Writing output at time 0.909091, iteration 1200, dt = 0.000757576
INFO|2020-06-22 17:07:18,934|pysph.solver.solver|Writing output at time 0.924242, iteration 1220, dt = 0.000757576
INFO|2020-06-22 17:07:19,151|pysph.solver.solver|Writing output at time 0.939394, iteration 1240, dt = 0.000757576
INFO|2020-06-22 17:07:19,360|pysph.solver.solver|Writing output at time 0.954545, iteration 1260, dt = 0.000757576
INFO|2020-06-22 17:07:19,577|pysph.solver.solver|Writing output at time 0.969697, iteration 1280, dt = 0.000757576
INFO|2020-06-22 17:07:19,800|pysph.solver.solver|Writing output at time 0.984848, iteration 1300, dt = 0.000757576
INFO|2020-06-22 17:07:20,131|pysph.solver.solver|Writing output at time 1, iteration 1320, dt = 0.000757576
INFO|2020-06-22 17:07:20,342|pysph.solver.solver|Writing output at time 1.01515, iteration 1340, dt = 0.000757576
INFO|2020-06-22 17:07:20,748|pysph.solver.solver|Writing output at time 1.0303, iteration 1360, dt = 0.000757576
INFO|2020-06-22 17:07:20,953|pysph.solver.solver|Writing output at time 1.04545, iteration 1380, dt = 0.000757576
INFO|2020-06-22 17:07:21,165|pysph.solver.solver|Writing output at time 1.06061, iteration 1400, dt = 0.000757576
INFO|2020-06-22 17:07:21,391|pysph.solver.solver|Writing output at time 1.07576, iteration 1420, dt = 0.000757576
INFO|2020-06-22 17:07:21,627|pysph.solver.solver|Writing output at time 1.09091, iteration 1440, dt = 0.000757576
INFO|2020-06-22 17:07:21,859|pysph.solver.solver|Writing output at time 1.10606, iteration 1460, dt = 0.000757576
INFO|2020-06-22 17:07:22,086|pysph.solver.solver|Writing output at time 1.12121, iteration 1480, dt = 0.000757576
INFO|2020-06-22 17:07:22,308|pysph.solver.solver|Writing output at time 1.13636, iteration 1500, dt = 0.000757576
INFO|2020-06-22 17:07:22,536|pysph.solver.solver|Writing output at time 1.15152, iteration 1520, dt = 0.000757576
INFO|2020-06-22 17:07:22,769|pysph.solver.solver|Writing output at time 1.16667, iteration 1540, dt = 0.000757576
INFO|2020-06-22 17:07:22,985|pysph.solver.solver|Writing output at time 1.18182, iteration 1560, dt = 0.000757576
INFO|2020-06-22 17:07:23,220|pysph.solver.solver|Writing output at time 1.19697, iteration 1580, dt = 0.000757576
INFO|2020-06-22 17:07:23,444|pysph.solver.solver|Writing output at time 1.21212, iteration 1600, dt = 0.000757576
INFO|2020-06-22 17:07:23,658|pysph.solver.solver|Writing output at time 1.22727, iteration 1620, dt = 0.000757576
INFO|2020-06-22 17:07:23,883|pysph.solver.solver|Writing output at time 1.24242, iteration 1640, dt = 0.000757576
INFO|2020-06-22 17:07:24,109|pysph.solver.solver|Writing output at time 1.25758, iteration 1660, dt = 0.000757576
INFO|2020-06-22 17:07:24,323|pysph.solver.solver|Writing output at time 1.27273, iteration 1680, dt = 0.000757576
INFO|2020-06-22 17:07:24,532|pysph.solver.solver|Writing output at time 1.28788, iteration 1700, dt = 0.000757576
INFO|2020-06-22 17:07:24,788|pysph.solver.solver|Writing output at time 1.30303, iteration 1720, dt = 0.000757576
INFO|2020-06-22 17:07:25,001|pysph.solver.solver|Writing output at time 1.31818, iteration 1740, dt = 0.000757576
INFO|2020-06-22 17:07:25,221|pysph.solver.solver|Writing output at time 1.33333, iteration 1760, dt = 0.000757576
INFO|2020-06-22 17:07:25,428|pysph.solver.solver|Writing output at time 1.34848, iteration 1780, dt = 0.000757576
INFO|2020-06-22 17:07:25,644|pysph.solver.solver|Writing output at time 1.36364, iteration 1800, dt = 0.000757576
INFO|2020-06-22 17:07:25,890|pysph.solver.solver|Writing output at time 1.37879, iteration 1820, dt = 0.000757576
INFO|2020-06-22 17:07:26,174|pysph.solver.solver|Writing output at time 1.39394, iteration 1840, dt = 0.000757576
INFO|2020-06-22 17:07:26,395|pysph.solver.solver|Writing output at time 1.40909, iteration 1860, dt = 0.000757576
INFO|2020-06-22 17:07:26,612|pysph.solver.solver|Writing output at time 1.42424, iteration 1880, dt = 0.000757576
INFO|2020-06-22 17:07:26,842|pysph.solver.solver|Writing output at time 1.43939, iteration 1900, dt = 0.000757576
INFO|2020-06-22 17:07:27,064|pysph.solver.solver|Writing output at time 1.45455, iteration 1920, dt = 0.000757576
INFO|2020-06-22 17:07:27,278|pysph.solver.solver|Writing output at time 1.4697, iteration 1940, dt = 0.000757576
INFO|2020-06-22 17:07:27,503|pysph.solver.solver|Writing output at time 1.48485, iteration 1960, dt = 0.000757576
INFO|2020-06-22 17:07:27,765|pysph.solver.solver|Writing output at time 1.5, iteration 1980, dt = 0.000757576
INFO|2020-06-22 17:07:27,987|pysph.solver.solver|Writing output at time 1.51515, iteration 2000, dt = 0.000757576
INFO|2020-06-22 17:07:28,207|pysph.solver.solver|Writing output at time 1.5303, iteration 2020, dt = 0.000757576
INFO|2020-06-22 17:07:28,434|pysph.solver.solver|Writing output at time 1.54545, iteration 2040, dt = 0.000757576
INFO|2020-06-22 17:07:28,655|pysph.solver.solver|Writing output at time 1.56061, iteration 2060, dt = 0.000757576
INFO|2020-06-22 17:07:28,901|pysph.solver.solver|Writing output at time 1.57576, iteration 2080, dt = 0.000757576
INFO|2020-06-22 17:07:29,138|pysph.solver.solver|Writing output at time 1.59091, iteration 2100, dt = 0.000757576
INFO|2020-06-22 17:07:29,379|pysph.solver.solver|Writing output at time 1.60606, iteration 2120, dt = 0.000757576
INFO|2020-06-22 17:07:29,600|pysph.solver.solver|Writing output at time 1.62121, iteration 2140, dt = 0.000757576
INFO|2020-06-22 17:07:29,855|pysph.solver.solver|Writing output at time 1.63636, iteration 2160, dt = 0.000757576
INFO|2020-06-22 17:07:30,092|pysph.solver.solver|Writing output at time 1.65152, iteration 2180, dt = 0.000757576
INFO|2020-06-22 17:07:30,322|pysph.solver.solver|Writing output at time 1.66667, iteration 2200, dt = 0.000757576
INFO|2020-06-22 17:07:30,561|pysph.solver.solver|Writing output at time 1.68182, iteration 2220, dt = 0.000757576
INFO|2020-06-22 17:07:30,829|pysph.solver.solver|Writing output at time 1.69697, iteration 2240, dt = 0.000757576
INFO|2020-06-22 17:07:31,063|pysph.solver.solver|Writing output at time 1.71212, iteration 2260, dt = 0.000757576
INFO|2020-06-22 17:07:31,291|pysph.solver.solver|Writing output at time 1.72727, iteration 2280, dt = 0.000757576
INFO|2020-06-22 17:07:31,525|pysph.solver.solver|Writing output at time 1.74242, iteration 2300, dt = 0.000757576
INFO|2020-06-22 17:07:31,781|pysph.solver.solver|Writing output at time 1.75758, iteration 2320, dt = 0.000757576
INFO|2020-06-22 17:07:32,030|pysph.solver.solver|Writing output at time 1.77273, iteration 2340, dt = 0.000757576
INFO|2020-06-22 17:07:32,252|pysph.solver.solver|Writing output at time 1.78788, iteration 2360, dt = 0.000757576
INFO|2020-06-22 17:07:32,515|pysph.solver.solver|Writing output at time 1.80303, iteration 2380, dt = 0.000757576
INFO|2020-06-22 17:07:32,754|pysph.solver.solver|Writing output at time 1.81818, iteration 2400, dt = 0.000757576
INFO|2020-06-22 17:07:32,983|pysph.solver.solver|Writing output at time 1.83333, iteration 2420, dt = 0.000757576
INFO|2020-06-22 17:07:33,220|pysph.solver.solver|Writing output at time 1.84848, iteration 2440, dt = 0.000757576
INFO|2020-06-22 17:07:33,455|pysph.solver.solver|Writing output at time 1.86364, iteration 2460, dt = 0.000757576
INFO|2020-06-22 17:07:33,692|pysph.solver.solver|Writing output at time 1.87879, iteration 2480, dt = 0.000757576
INFO|2020-06-22 17:07:33,947|pysph.solver.solver|Writing output at time 1.89394, iteration 2500, dt = 0.000757576
INFO|2020-06-22 17:07:34,190|pysph.solver.solver|Writing output at time 1.90909, iteration 2520, dt = 0.000757576
INFO|2020-06-22 17:07:34,416|pysph.solver.solver|Writing output at time 1.92424, iteration 2540, dt = 0.000757576
INFO|2020-06-22 17:07:34,655|pysph.solver.solver|Writing output at time 1.93939, iteration 2560, dt = 0.000757576
INFO|2020-06-22 17:07:34,899|pysph.solver.solver|Writing output at time 1.95455, iteration 2580, dt = 0.000757576
INFO|2020-06-22 17:07:35,130|pysph.solver.solver|Writing output at time 1.9697, iteration 2600, dt = 0.000757576
INFO|2020-06-22 17:07:35,389|pysph.solver.solver|Writing output at time 1.98485, iteration 2620, dt = 0.000757576
INFO|2020-06-22 17:07:35,620|pysph.solver.solver|Writing output at time 2, iteration 2640, dt = 0.000757576
INFO|2020-06-22 17:07:35,622|pysph.solver.application|Run took: 31.29099 secs
INFO|2020-06-22 17:07:35,706|compyle.ext_module|Precompiled code from: /home/prajwal/.pysph/source/py3.6-linux-x86_64/m_edceb88299a1b4a260df20393e2ac840.pyx
