INFO|2020-06-22 17:02:41,623|pysph.solver.application|Started as:
/home/prajwal/pysph/pysph/examples/taylor_green.py --openmp --nx 30 --perturb 0 --pfreq 20 --scheme edac
INFO|2020-06-22 17:02:41,623|pysph.solver.application|Running on Hope with address 127.0.1.1
INFO|2020-06-22 17:02:41,623|pysph.solver.application|Using OpenMP
INFO|2020-06-22 17:02:41,623|pysph.solver.application|Using OpenMP schedule dynamic,64
INFO|2020-06-22 17:02:41,633|pysph.solver.application|Generating output in /home/prajwal/Desktop/Winter_Project/SLP-Smoothed-Particle-Hydrodynamics/SLP/Taylor Green Vortex/Output/nx_30/perturb_0/taylor_green_output
INFO|2020-06-22 17:02:41,767|compyle.ext_module|Precompiled code from: /home/prajwal/.pysph/source/py3.6-linux-x86_64/m_52cdc7c45b9f50e09043f401b704c263.pyx
INFO|2020-06-22 17:02:41,968|pysph.solver.application|Started multiprocessing interface on 0.0.0.0:8800
INFO|2020-06-22 17:02:41,969|pysph.solver.application|----------------------------------------------------------------------
No of particles:
  fluid: 1764
----------------------------------------------------------------------
INFO|2020-06-22 17:02:41,969|pysph.solver.application|Using kernel:
----------------------------------------------------------------------
  QuinticSpline(dim=2)
----------------------------------------------------------------------
INFO|2020-06-22 17:02:41,970|pysph.solver.application|Using nnps:
----------------------------------------------------------------------
  LinkedListNNPS(dim=2)
----------------------------------------------------------------------
INFO|2020-06-22 17:02:41,970|pysph.solver.application|Using integrator:
----------------------------------------------------------------------
  PECIntegrator(fluid=EDACTVFStep())
----------------------------------------------------------------------
INFO|2020-06-22 17:02:41,972|pysph.solver.application|Using equations:
----------------------------------------------------------------------
[
Group(equations=[
    SummationDensity(dest='fluid', sources=['fluid']), 
    ComputeAveragePressure(dest='fluid', sources=['fluid'])
  ],
  real=False, update_nnps=False, iterate=False, max_iterations=1,
  min_iterations=0, pre=None, post=None),
Group(equations=[
    MomentumEquationPressureGradient(dest='fluid', sources=['fluid'],
    pb=100.0, gx=0.0, gy=0.0, gz=0.0, tdamp=0.0), 
    MomentumEquationViscosity(dest='fluid', sources=['fluid'], nu=0.01), 
    MomentumEquationArtificialStress(dest='fluid', sources=['fluid']), 
    EDACEquation(dest='fluid', sources=['fluid'], cs=10.0,
    nu=0.020833333333333332, rho0=1.0)
  ],
  real=True, update_nnps=False, iterate=False, max_iterations=1,
  min_iterations=0, pre=None, post=None)
]
----------------------------------------------------------------------
INFO|2020-06-22 17:02:41,972|pysph.solver.application|Callbacks:
----------------------------------------------------------------------

INFO|2020-06-22 17:02:41,973|pysph.solver.application|Pre-step callbacks:
[]

INFO|2020-06-22 17:02:41,973|pysph.solver.application|Post-step callbacks:
[]

INFO|2020-06-22 17:02:41,973|pysph.solver.application|Post-stage callbacks:
[]
----------------------------------------------------------------------

INFO|2020-06-22 17:02:41,973|pysph.solver.application|Setup took: 0.35443 secs
INFO|2020-06-22 17:02:41,982|pysph.solver.solver|Writing output at time 0, iteration 0, dt = 0.000757576
INFO|2020-06-22 17:02:42,509|pysph.solver.solver|Writing output at time 0.0151515, iteration 20, dt = 0.000757576
INFO|2020-06-22 17:02:42,894|pysph.solver.solver|Writing output at time 0.030303, iteration 40, dt = 0.000757576
INFO|2020-06-22 17:02:43,197|pysph.solver.solver|Writing output at time 0.0454545, iteration 60, dt = 0.000757576
INFO|2020-06-22 17:02:43,486|pysph.solver.solver|Writing output at time 0.0606061, iteration 80, dt = 0.000757576
INFO|2020-06-22 17:02:43,755|pysph.solver.solver|Writing output at time 0.0757576, iteration 100, dt = 0.000757576
INFO|2020-06-22 17:02:44,044|pysph.solver.solver|Writing output at time 0.0909091, iteration 120, dt = 0.000757576
INFO|2020-06-22 17:02:44,316|pysph.solver.solver|Writing output at time 0.106061, iteration 140, dt = 0.000757576
INFO|2020-06-22 17:02:44,600|pysph.solver.solver|Writing output at time 0.121212, iteration 160, dt = 0.000757576
INFO|2020-06-22 17:02:44,874|pysph.solver.solver|Writing output at time 0.136364, iteration 180, dt = 0.000757576
INFO|2020-06-22 17:02:45,159|pysph.solver.solver|Writing output at time 0.151515, iteration 200, dt = 0.000757576
INFO|2020-06-22 17:02:45,428|pysph.solver.solver|Writing output at time 0.166667, iteration 220, dt = 0.000757576
INFO|2020-06-22 17:02:45,698|pysph.solver.solver|Writing output at time 0.181818, iteration 240, dt = 0.000757576
INFO|2020-06-22 17:02:45,967|pysph.solver.solver|Writing output at time 0.19697, iteration 260, dt = 0.000757576
INFO|2020-06-22 17:02:46,233|pysph.solver.solver|Writing output at time 0.212121, iteration 280, dt = 0.000757576
INFO|2020-06-22 17:02:46,523|pysph.solver.solver|Writing output at time 0.227273, iteration 300, dt = 0.000757576
INFO|2020-06-22 17:02:46,776|pysph.solver.solver|Writing output at time 0.242424, iteration 320, dt = 0.000757576
INFO|2020-06-22 17:02:47,043|pysph.solver.solver|Writing output at time 0.257576, iteration 340, dt = 0.000757576
INFO|2020-06-22 17:02:47,318|pysph.solver.solver|Writing output at time 0.272727, iteration 360, dt = 0.000757576
INFO|2020-06-22 17:02:47,584|pysph.solver.solver|Writing output at time 0.287879, iteration 380, dt = 0.000757576
INFO|2020-06-22 17:02:47,869|pysph.solver.solver|Writing output at time 0.30303, iteration 400, dt = 0.000757576
INFO|2020-06-22 17:02:48,154|pysph.solver.solver|Writing output at time 0.318182, iteration 420, dt = 0.000757576
INFO|2020-06-22 17:02:48,425|pysph.solver.solver|Writing output at time 0.333333, iteration 440, dt = 0.000757576
INFO|2020-06-22 17:02:48,685|pysph.solver.solver|Writing output at time 0.348485, iteration 460, dt = 0.000757576
INFO|2020-06-22 17:02:48,950|pysph.solver.solver|Writing output at time 0.363636, iteration 480, dt = 0.000757576
INFO|2020-06-22 17:02:49,221|pysph.solver.solver|Writing output at time 0.378788, iteration 500, dt = 0.000757576
INFO|2020-06-22 17:02:49,496|pysph.solver.solver|Writing output at time 0.393939, iteration 520, dt = 0.000757576
INFO|2020-06-22 17:02:49,761|pysph.solver.solver|Writing output at time 0.409091, iteration 540, dt = 0.000757576
INFO|2020-06-22 17:02:50,029|pysph.solver.solver|Writing output at time 0.424242, iteration 560, dt = 0.000757576
INFO|2020-06-22 17:02:50,300|pysph.solver.solver|Writing output at time 0.439394, iteration 580, dt = 0.000757576
INFO|2020-06-22 17:02:50,561|pysph.solver.solver|Writing output at time 0.454545, iteration 600, dt = 0.000757576
INFO|2020-06-22 17:02:50,830|pysph.solver.solver|Writing output at time 0.469697, iteration 620, dt = 0.000757576
INFO|2020-06-22 17:02:51,109|pysph.solver.solver|Writing output at time 0.484848, iteration 640, dt = 0.000757576
INFO|2020-06-22 17:02:51,395|pysph.solver.solver|Writing output at time 0.5, iteration 660, dt = 0.000757576
INFO|2020-06-22 17:02:51,659|pysph.solver.solver|Writing output at time 0.515152, iteration 680, dt = 0.000757576
INFO|2020-06-22 17:02:51,915|pysph.solver.solver|Writing output at time 0.530303, iteration 700, dt = 0.000757576
INFO|2020-06-22 17:02:52,196|pysph.solver.solver|Writing output at time 0.545455, iteration 720, dt = 0.000757576
INFO|2020-06-22 17:02:52,456|pysph.solver.solver|Writing output at time 0.560606, iteration 740, dt = 0.000757576
INFO|2020-06-22 17:02:52,728|pysph.solver.solver|Writing output at time 0.575758, iteration 760, dt = 0.000757576
INFO|2020-06-22 17:02:52,997|pysph.solver.solver|Writing output at time 0.590909, iteration 780, dt = 0.000757576
INFO|2020-06-22 17:02:53,256|pysph.solver.solver|Writing output at time 0.606061, iteration 800, dt = 0.000757576
INFO|2020-06-22 17:02:53,521|pysph.solver.solver|Writing output at time 0.621212, iteration 820, dt = 0.000757576
INFO|2020-06-22 17:02:53,775|pysph.solver.solver|Writing output at time 0.636364, iteration 840, dt = 0.000757576
INFO|2020-06-22 17:02:54,029|pysph.solver.solver|Writing output at time 0.651515, iteration 860, dt = 0.000757576
INFO|2020-06-22 17:02:54,343|pysph.solver.solver|Writing output at time 0.666667, iteration 880, dt = 0.000757576
INFO|2020-06-22 17:02:54,996|pysph.solver.solver|Writing output at time 0.681818, iteration 900, dt = 0.000757576
INFO|2020-06-22 17:02:55,371|pysph.solver.solver|Writing output at time 0.69697, iteration 920, dt = 0.000757576
INFO|2020-06-22 17:02:55,920|pysph.solver.solver|Writing output at time 0.712121, iteration 940, dt = 0.000757576
INFO|2020-06-22 17:02:56,208|pysph.solver.solver|Writing output at time 0.727273, iteration 960, dt = 0.000757576
INFO|2020-06-22 17:02:56,480|pysph.solver.solver|Writing output at time 0.742424, iteration 980, dt = 0.000757576
INFO|2020-06-22 17:02:56,756|pysph.solver.solver|Writing output at time 0.757576, iteration 1000, dt = 0.000757576
INFO|2020-06-22 17:02:57,018|pysph.solver.solver|Writing output at time 0.772727, iteration 1020, dt = 0.000757576
INFO|2020-06-22 17:02:57,326|pysph.solver.solver|Writing output at time 0.787879, iteration 1040, dt = 0.000757576
INFO|2020-06-22 17:02:57,587|pysph.solver.solver|Writing output at time 0.80303, iteration 1060, dt = 0.000757576
INFO|2020-06-22 17:02:57,894|pysph.solver.solver|Writing output at time 0.818182, iteration 1080, dt = 0.000757576
INFO|2020-06-22 17:02:58,217|pysph.solver.solver|Writing output at time 0.833333, iteration 1100, dt = 0.000757576
INFO|2020-06-22 17:02:58,499|pysph.solver.solver|Writing output at time 0.848485, iteration 1120, dt = 0.000757576
INFO|2020-06-22 17:02:58,799|pysph.solver.solver|Writing output at time 0.863636, iteration 1140, dt = 0.000757576
INFO|2020-06-22 17:02:59,101|pysph.solver.solver|Writing output at time 0.878788, iteration 1160, dt = 0.000757576
INFO|2020-06-22 17:02:59,373|pysph.solver.solver|Writing output at time 0.893939, iteration 1180, dt = 0.000757576
INFO|2020-06-22 17:02:59,630|pysph.solver.solver|Writing output at time 0.909091, iteration 1200, dt = 0.000757576
INFO|2020-06-22 17:02:59,904|pysph.solver.solver|Writing output at time 0.924242, iteration 1220, dt = 0.000757576
INFO|2020-06-22 17:03:00,177|pysph.solver.solver|Writing output at time 0.939394, iteration 1240, dt = 0.000757576
INFO|2020-06-22 17:03:00,529|pysph.solver.solver|Writing output at time 0.954545, iteration 1260, dt = 0.000757576
INFO|2020-06-22 17:03:00,811|pysph.solver.solver|Writing output at time 0.969697, iteration 1280, dt = 0.000757576
INFO|2020-06-22 17:03:01,097|pysph.solver.solver|Writing output at time 0.984848, iteration 1300, dt = 0.000757576
INFO|2020-06-22 17:03:01,416|pysph.solver.solver|Writing output at time 1, iteration 1320, dt = 0.000757576
INFO|2020-06-22 17:03:01,692|pysph.solver.solver|Writing output at time 1.01515, iteration 1340, dt = 0.000757576
INFO|2020-06-22 17:03:02,114|pysph.solver.solver|Writing output at time 1.0303, iteration 1360, dt = 0.000757576
INFO|2020-06-22 17:03:02,422|pysph.solver.solver|Writing output at time 1.04545, iteration 1380, dt = 0.000757576
INFO|2020-06-22 17:03:02,724|pysph.solver.solver|Writing output at time 1.06061, iteration 1400, dt = 0.000757576
INFO|2020-06-22 17:03:02,993|pysph.solver.solver|Writing output at time 1.07576, iteration 1420, dt = 0.000757576
INFO|2020-06-22 17:03:03,277|pysph.solver.solver|Writing output at time 1.09091, iteration 1440, dt = 0.000757576
INFO|2020-06-22 17:03:03,587|pysph.solver.solver|Writing output at time 1.10606, iteration 1460, dt = 0.000757576
INFO|2020-06-22 17:03:03,860|pysph.solver.solver|Writing output at time 1.12121, iteration 1480, dt = 0.000757576
INFO|2020-06-22 17:03:04,134|pysph.solver.solver|Writing output at time 1.13636, iteration 1500, dt = 0.000757576
INFO|2020-06-22 17:03:04,417|pysph.solver.solver|Writing output at time 1.15152, iteration 1520, dt = 0.000757576
INFO|2020-06-22 17:03:04,700|pysph.solver.solver|Writing output at time 1.16667, iteration 1540, dt = 0.000757576
INFO|2020-06-22 17:03:04,986|pysph.solver.solver|Writing output at time 1.18182, iteration 1560, dt = 0.000757576
INFO|2020-06-22 17:03:05,259|pysph.solver.solver|Writing output at time 1.19697, iteration 1580, dt = 0.000757576
INFO|2020-06-22 17:03:05,555|pysph.solver.solver|Writing output at time 1.21212, iteration 1600, dt = 0.000757576
INFO|2020-06-22 17:03:05,837|pysph.solver.solver|Writing output at time 1.22727, iteration 1620, dt = 0.000757576
INFO|2020-06-22 17:03:06,113|pysph.solver.solver|Writing output at time 1.24242, iteration 1640, dt = 0.000757576
INFO|2020-06-22 17:03:06,413|pysph.solver.solver|Writing output at time 1.25758, iteration 1660, dt = 0.000757576
INFO|2020-06-22 17:03:06,729|pysph.solver.solver|Writing output at time 1.27273, iteration 1680, dt = 0.000757576
INFO|2020-06-22 17:03:07,014|pysph.solver.solver|Writing output at time 1.28788, iteration 1700, dt = 0.000757576
INFO|2020-06-22 17:03:07,307|pysph.solver.solver|Writing output at time 1.30303, iteration 1720, dt = 0.000757576
INFO|2020-06-22 17:03:07,584|pysph.solver.solver|Writing output at time 1.31818, iteration 1740, dt = 0.000757576
INFO|2020-06-22 17:03:07,861|pysph.solver.solver|Writing output at time 1.33333, iteration 1760, dt = 0.000757576
INFO|2020-06-22 17:03:08,170|pysph.solver.solver|Writing output at time 1.34848, iteration 1780, dt = 0.000757576
INFO|2020-06-22 17:03:08,460|pysph.solver.solver|Writing output at time 1.36364, iteration 1800, dt = 0.000757576
INFO|2020-06-22 17:03:08,743|pysph.solver.solver|Writing output at time 1.37879, iteration 1820, dt = 0.000757576
INFO|2020-06-22 17:03:09,047|pysph.solver.solver|Writing output at time 1.39394, iteration 1840, dt = 0.000757576
INFO|2020-06-22 17:03:09,340|pysph.solver.solver|Writing output at time 1.40909, iteration 1860, dt = 0.000757576
INFO|2020-06-22 17:03:09,647|pysph.solver.solver|Writing output at time 1.42424, iteration 1880, dt = 0.000757576
INFO|2020-06-22 17:03:09,945|pysph.solver.solver|Writing output at time 1.43939, iteration 1900, dt = 0.000757576
INFO|2020-06-22 17:03:10,221|pysph.solver.solver|Writing output at time 1.45455, iteration 1920, dt = 0.000757576
INFO|2020-06-22 17:03:10,513|pysph.solver.solver|Writing output at time 1.4697, iteration 1940, dt = 0.000757576
INFO|2020-06-22 17:03:10,788|pysph.solver.solver|Writing output at time 1.48485, iteration 1960, dt = 0.000757576
INFO|2020-06-22 17:03:11,090|pysph.solver.solver|Writing output at time 1.5, iteration 1980, dt = 0.000757576
INFO|2020-06-22 17:03:11,376|pysph.solver.solver|Writing output at time 1.51515, iteration 2000, dt = 0.000757576
INFO|2020-06-22 17:03:11,650|pysph.solver.solver|Writing output at time 1.5303, iteration 2020, dt = 0.000757576
INFO|2020-06-22 17:03:11,925|pysph.solver.solver|Writing output at time 1.54545, iteration 2040, dt = 0.000757576
INFO|2020-06-22 17:03:12,193|pysph.solver.solver|Writing output at time 1.56061, iteration 2060, dt = 0.000757576
INFO|2020-06-22 17:03:12,483|pysph.solver.solver|Writing output at time 1.57576, iteration 2080, dt = 0.000757576
INFO|2020-06-22 17:03:12,796|pysph.solver.solver|Writing output at time 1.59091, iteration 2100, dt = 0.000757576
INFO|2020-06-22 17:03:13,085|pysph.solver.solver|Writing output at time 1.60606, iteration 2120, dt = 0.000757576
INFO|2020-06-22 17:03:13,375|pysph.solver.solver|Writing output at time 1.62121, iteration 2140, dt = 0.000757576
INFO|2020-06-22 17:03:13,643|pysph.solver.solver|Writing output at time 1.63636, iteration 2160, dt = 0.000757576
INFO|2020-06-22 17:03:13,955|pysph.solver.solver|Writing output at time 1.65152, iteration 2180, dt = 0.000757576
INFO|2020-06-22 17:03:14,252|pysph.solver.solver|Writing output at time 1.66667, iteration 2200, dt = 0.000757576
INFO|2020-06-22 17:03:14,539|pysph.solver.solver|Writing output at time 1.68182, iteration 2220, dt = 0.000757576
INFO|2020-06-22 17:03:14,816|pysph.solver.solver|Writing output at time 1.69697, iteration 2240, dt = 0.000757576
INFO|2020-06-22 17:03:15,094|pysph.solver.solver|Writing output at time 1.71212, iteration 2260, dt = 0.000757576
INFO|2020-06-22 17:03:15,396|pysph.solver.solver|Writing output at time 1.72727, iteration 2280, dt = 0.000757576
INFO|2020-06-22 17:03:15,699|pysph.solver.solver|Writing output at time 1.74242, iteration 2300, dt = 0.000757576
INFO|2020-06-22 17:03:15,993|pysph.solver.solver|Writing output at time 1.75758, iteration 2320, dt = 0.000757576
INFO|2020-06-22 17:03:16,290|pysph.solver.solver|Writing output at time 1.77273, iteration 2340, dt = 0.000757576
INFO|2020-06-22 17:03:16,583|pysph.solver.solver|Writing output at time 1.78788, iteration 2360, dt = 0.000757576
INFO|2020-06-22 17:03:16,891|pysph.solver.solver|Writing output at time 1.80303, iteration 2380, dt = 0.000757576
INFO|2020-06-22 17:03:17,213|pysph.solver.solver|Writing output at time 1.81818, iteration 2400, dt = 0.000757576
INFO|2020-06-22 17:03:17,525|pysph.solver.solver|Writing output at time 1.83333, iteration 2420, dt = 0.000757576
INFO|2020-06-22 17:03:17,817|pysph.solver.solver|Writing output at time 1.84848, iteration 2440, dt = 0.000757576
INFO|2020-06-22 17:03:18,115|pysph.solver.solver|Writing output at time 1.86364, iteration 2460, dt = 0.000757576
INFO|2020-06-22 17:03:18,412|pysph.solver.solver|Writing output at time 1.87879, iteration 2480, dt = 0.000757576
INFO|2020-06-22 17:03:18,730|pysph.solver.solver|Writing output at time 1.89394, iteration 2500, dt = 0.000757576
INFO|2020-06-22 17:03:19,023|pysph.solver.solver|Writing output at time 1.90909, iteration 2520, dt = 0.000757576
INFO|2020-06-22 17:03:19,315|pysph.solver.solver|Writing output at time 1.92424, iteration 2540, dt = 0.000757576
INFO|2020-06-22 17:03:19,606|pysph.solver.solver|Writing output at time 1.93939, iteration 2560, dt = 0.000757576
INFO|2020-06-22 17:03:19,903|pysph.solver.solver|Writing output at time 1.95455, iteration 2580, dt = 0.000757576
INFO|2020-06-22 17:03:20,189|pysph.solver.solver|Writing output at time 1.9697, iteration 2600, dt = 0.000757576
INFO|2020-06-22 17:03:20,518|pysph.solver.solver|Writing output at time 1.98485, iteration 2620, dt = 0.000757576
INFO|2020-06-22 17:03:20,792|pysph.solver.solver|Writing output at time 2, iteration 2640, dt = 0.000757576
INFO|2020-06-22 17:03:20,794|pysph.solver.application|Run took: 38.81374 secs
