INFO|2020-06-22 17:14:57,422|pysph.solver.application|Started as:
/home/prajwal/pysph/pysph/examples/taylor_green.py --openmp --nx 50 --pfreq 100 --perturb 0 --scheme tvf
INFO|2020-06-22 17:14:57,422|pysph.solver.application|Running on Hope with address 127.0.1.1
INFO|2020-06-22 17:14:57,422|pysph.solver.application|Using OpenMP
INFO|2020-06-22 17:14:57,422|pysph.solver.application|Using OpenMP schedule dynamic,64
INFO|2020-06-22 17:14:57,427|pysph.solver.application|Generating output in /home/prajwal/Desktop/Winter_Project/SLP-Smoothed-Particle-Hydrodynamics/SLP/Taylor Green Vortex/Output/nx_50/perturb_0/taylor_green_output
INFO|2020-06-22 17:14:57,544|compyle.ext_module|Precompiled code from: /home/prajwal/.pysph/source/py3.6-linux-x86_64/m_c0ed600ae9f574f5b672be93b036a7f4.pyx
INFO|2020-06-22 17:14:57,578|pysph.solver.application|Started multiprocessing interface on 0.0.0.0:8800
INFO|2020-06-22 17:14:57,578|pysph.solver.application|----------------------------------------------------------------------
No of particles:
  fluid: 3844
----------------------------------------------------------------------
INFO|2020-06-22 17:14:57,578|pysph.solver.application|Using kernel:
----------------------------------------------------------------------
  QuinticSpline(dim=2)
----------------------------------------------------------------------
INFO|2020-06-22 17:14:57,578|pysph.solver.application|Using nnps:
----------------------------------------------------------------------
  LinkedListNNPS(dim=2)
----------------------------------------------------------------------
INFO|2020-06-22 17:14:57,578|pysph.solver.application|Using integrator:
----------------------------------------------------------------------
  PECIntegrator(fluid=TransportVelocityStep())
----------------------------------------------------------------------
INFO|2020-06-22 17:14:57,579|pysph.solver.application|Using equations:
----------------------------------------------------------------------
[
Group(equations=[
    SummationDensity(dest='fluid', sources=['fluid'])
  ],
  real=False, update_nnps=False, iterate=False, max_iterations=1,
  min_iterations=0, pre=None, post=None),
Group(equations=[
    StateEquation(dest='fluid', sources=None, p0=100.0, rho0=1.0, b=1.0)
  ],
  real=False, update_nnps=False, iterate=False, max_iterations=1,
  min_iterations=0, pre=None, post=None),
Group(equations=[
    MomentumEquationPressureGradient(dest='fluid', sources=['fluid'],
    pb=100.0, gx=0.0, gy=0.0, gz=0.0, tdamp=0.0), 
    MomentumEquationViscosity(dest='fluid', sources=['fluid'], nu=0.01), 
    MomentumEquationArtificialStress(dest='fluid', sources=['fluid'])
  ],
  real=True, update_nnps=False, iterate=False, max_iterations=1,
  min_iterations=0, pre=None, post=None)
]
----------------------------------------------------------------------
INFO|2020-06-22 17:14:57,580|pysph.solver.application|Callbacks:
----------------------------------------------------------------------

INFO|2020-06-22 17:14:57,580|pysph.solver.application|Pre-step callbacks:
[]

INFO|2020-06-22 17:14:57,582|pysph.solver.application|Post-step callbacks:
[]

INFO|2020-06-22 17:14:57,582|pysph.solver.application|Post-stage callbacks:
[]
----------------------------------------------------------------------

INFO|2020-06-22 17:14:57,583|pysph.solver.application|Setup took: 0.16512 secs
INFO|2020-06-22 17:14:57,584|pysph.solver.solver|Writing output at time 0, iteration 0, dt = 0.000454545
INFO|2020-06-22 17:14:59,249|pysph.solver.solver|Writing output at time 0.0454545, iteration 100, dt = 0.000454545
INFO|2020-06-22 17:15:00,987|pysph.solver.solver|Writing output at time 0.0909091, iteration 200, dt = 0.000454545
INFO|2020-06-22 17:15:02,761|pysph.solver.solver|Writing output at time 0.136364, iteration 300, dt = 0.000454545
INFO|2020-06-22 17:15:04,560|pysph.solver.solver|Writing output at time 0.181818, iteration 400, dt = 0.000454545
INFO|2020-06-22 17:15:06,238|pysph.solver.solver|Writing output at time 0.227273, iteration 500, dt = 0.000454545
INFO|2020-06-22 17:15:07,907|pysph.solver.solver|Writing output at time 0.272727, iteration 600, dt = 0.000454545
INFO|2020-06-22 17:15:09,706|pysph.solver.solver|Writing output at time 0.318182, iteration 700, dt = 0.000454545
INFO|2020-06-22 17:15:11,360|pysph.solver.solver|Writing output at time 0.363636, iteration 800, dt = 0.000454545
INFO|2020-06-22 17:15:13,032|pysph.solver.solver|Writing output at time 0.409091, iteration 900, dt = 0.000454545
INFO|2020-06-22 17:15:15,267|pysph.solver.solver|Writing output at time 0.454545, iteration 1000, dt = 0.000454545
INFO|2020-06-22 17:15:17,051|pysph.solver.solver|Writing output at time 0.5, iteration 1100, dt = 0.000454545
INFO|2020-06-22 17:15:18,725|pysph.solver.solver|Writing output at time 0.545455, iteration 1200, dt = 0.000454545
INFO|2020-06-22 17:15:20,435|pysph.solver.solver|Writing output at time 0.590909, iteration 1300, dt = 0.000454545
INFO|2020-06-22 17:15:22,148|pysph.solver.solver|Writing output at time 0.636364, iteration 1400, dt = 0.000454545
INFO|2020-06-22 17:15:23,906|pysph.solver.solver|Writing output at time 0.681818, iteration 1500, dt = 0.000454545
INFO|2020-06-22 17:15:25,592|pysph.solver.solver|Writing output at time 0.727273, iteration 1600, dt = 0.000454545
INFO|2020-06-22 17:15:27,418|pysph.solver.solver|Writing output at time 0.772727, iteration 1700, dt = 0.000454545
INFO|2020-06-22 17:15:29,164|pysph.solver.solver|Writing output at time 0.818182, iteration 1800, dt = 0.000454545
INFO|2020-06-22 17:15:30,861|pysph.solver.solver|Writing output at time 0.863636, iteration 1900, dt = 0.000454545
INFO|2020-06-22 17:15:32,609|pysph.solver.solver|Writing output at time 0.909091, iteration 2000, dt = 0.000454545
INFO|2020-06-22 17:15:34,572|pysph.solver.solver|Writing output at time 0.954545, iteration 2100, dt = 0.000454545
INFO|2020-06-22 17:15:36,263|pysph.solver.solver|Writing output at time 1, iteration 2200, dt = 0.000454545
INFO|2020-06-22 17:15:38,037|pysph.solver.solver|Writing output at time 1.04545, iteration 2300, dt = 0.000454545
INFO|2020-06-22 17:15:39,757|pysph.solver.solver|Writing output at time 1.09091, iteration 2400, dt = 0.000454545
INFO|2020-06-22 17:15:41,452|pysph.solver.solver|Writing output at time 1.13636, iteration 2500, dt = 0.000454545
INFO|2020-06-22 17:15:43,448|pysph.solver.solver|Writing output at time 1.18182, iteration 2600, dt = 0.000454545
INFO|2020-06-22 17:15:45,154|pysph.solver.solver|Writing output at time 1.22727, iteration 2700, dt = 0.000454545
INFO|2020-06-22 17:15:47,168|pysph.solver.solver|Writing output at time 1.27273, iteration 2800, dt = 0.000454545
INFO|2020-06-22 17:15:48,896|pysph.solver.solver|Writing output at time 1.31818, iteration 2900, dt = 0.000454545
INFO|2020-06-22 17:15:50,794|pysph.solver.solver|Writing output at time 1.36364, iteration 3000, dt = 0.000454545
INFO|2020-06-22 17:15:52,534|pysph.solver.solver|Writing output at time 1.40909, iteration 3100, dt = 0.000454545
INFO|2020-06-22 17:15:54,212|pysph.solver.solver|Writing output at time 1.45455, iteration 3200, dt = 0.000454545
INFO|2020-06-22 17:15:55,902|pysph.solver.solver|Writing output at time 1.5, iteration 3300, dt = 0.000454545
INFO|2020-06-22 17:15:57,625|pysph.solver.solver|Writing output at time 1.54545, iteration 3400, dt = 0.000454545
INFO|2020-06-22 17:15:59,389|pysph.solver.solver|Writing output at time 1.59091, iteration 3500, dt = 0.000454545
INFO|2020-06-22 17:16:01,138|pysph.solver.solver|Writing output at time 1.63636, iteration 3600, dt = 0.000454545
INFO|2020-06-22 17:16:02,931|pysph.solver.solver|Writing output at time 1.68182, iteration 3700, dt = 0.000454545
INFO|2020-06-22 17:16:04,694|pysph.solver.solver|Writing output at time 1.72727, iteration 3800, dt = 0.000454545
INFO|2020-06-22 17:16:06,432|pysph.solver.solver|Writing output at time 1.77273, iteration 3900, dt = 0.000454545
INFO|2020-06-22 17:16:08,502|pysph.solver.solver|Writing output at time 1.81818, iteration 4000, dt = 0.000454545
INFO|2020-06-22 17:16:10,505|pysph.solver.solver|Writing output at time 1.86364, iteration 4100, dt = 0.000454545
INFO|2020-06-22 17:16:12,448|pysph.solver.solver|Writing output at time 1.90909, iteration 4200, dt = 0.000454545
INFO|2020-06-22 17:16:14,412|pysph.solver.solver|Writing output at time 1.95455, iteration 4300, dt = 0.000454545
INFO|2020-06-22 17:16:16,091|pysph.solver.solver|Writing output at time 2, iteration 4400, dt = 0.000454545
INFO|2020-06-22 17:16:16,108|pysph.solver.application|Run took: 78.52368 secs
INFO|2020-06-22 17:16:16,169|compyle.ext_module|Precompiled code from: /home/prajwal/.pysph/source/py3.6-linux-x86_64/m_edceb88299a1b4a260df20393e2ac840.pyx
