INFO|2020-06-22 17:20:44,443|pysph.solver.application|Started as:
Taylor_Green_3.py --openmp --pfreq 100
INFO|2020-06-22 17:20:44,443|pysph.solver.application|Running on Hope with address 127.0.1.1
INFO|2020-06-22 17:20:44,443|pysph.solver.application|Using OpenMP
INFO|2020-06-22 17:20:44,443|pysph.solver.application|Using OpenMP schedule dynamic,64
INFO|2020-06-22 17:20:44,448|pysph.solver.application|Generating output in /home/prajwal/Desktop/Winter_Project/SLP-Smoothed-Particle-Hydrodynamics/SLP/Taylor Green Vortex/Taylor_Green_3_output
INFO|2020-06-22 17:20:44,559|compyle.ext_module|Precompiled code from: /home/prajwal/.pysph/source/py3.6-linux-x86_64/m_0c5e133bbbccc64f7ee497e1ae1aa117.pyx
INFO|2020-06-22 17:20:44,633|compyle.ext_module|Precompiled code from: /home/prajwal/.pysph/source/py3.6-linux-x86_64/m_0fe536394b4a728fbeaea957dad49482.pyx
INFO|2020-06-22 17:20:44,697|pysph.solver.application|Started multiprocessing interface on 0.0.0.0:8800
INFO|2020-06-22 17:20:44,697|pysph.solver.application|----------------------------------------------------------------------
No of particles:
  fluid: 3364
----------------------------------------------------------------------
INFO|2020-06-22 17:20:44,697|pysph.solver.application|Using kernel:
----------------------------------------------------------------------
  WendlandQuintic(dim=2)
----------------------------------------------------------------------
INFO|2020-06-22 17:20:44,697|pysph.solver.application|Using nnps:
----------------------------------------------------------------------
  LinkedListNNPS(dim=2)
----------------------------------------------------------------------
INFO|2020-06-22 17:20:44,697|pysph.solver.application|Using integrator:
----------------------------------------------------------------------
  EulerIntegrator_DPSPH(fluid=EulerStep_DPSPH())
----------------------------------------------------------------------
INFO|2020-06-22 17:20:44,697|pysph.solver.application|Using equations:
----------------------------------------------------------------------
MultiStageEquations(groups=[
  [
  # Stage 0
  Group(equations=[
      EOS_DPSPH(dest='fluid', sources=['fluid'], rho0=1000.0, c0=15.0)
    ],
    real=False, update_nnps=False, iterate=False, max_iterations=1,
    min_iterations=0, pre=None, post=None), 
  Group(equations=[
      RenormalizationTensor2D_DPSPH(dest='fluid', sources=['fluid'], dim=2), 
      RDGC_DPSPH(dest='fluid', sources=['fluid'], dim=2), 
      ContinuityEquation_RDGC_DPSPH(dest='fluid', sources=['fluid'],
      delta=0.1, c0=15.0, H=0.02, dim=2), 
      MomentumEquation_DPSPH(dest='fluid', sources=['fluid'], dim=2,
      mu=10.0, fx=0.0, fy=0.0, fz=0.0)
    ],
    real=True, update_nnps=False, iterate=False, max_iterations=1,
    min_iterations=0, pre=None, post=None)
  # End Stage 0
  ],
  [
  # Stage 1
  Group(equations=[
      AverageSpacing(dest='fluid', sources=['fluid'], dim=2), 
      ParticleShiftingTechnique(dest='fluid', sources=['fluid'], H=0.02,
      dim=2, cfl=0.5, Uc0=15.0, R_coeff=0.2, n_exp=4.0, Rh=0.115)
    ],
    real=True, update_nnps=False, iterate=False, max_iterations=1,
    min_iterations=0, pre=None, post=None)
  # End Stage 1
  ],
])
----------------------------------------------------------------------
INFO|2020-06-22 17:20:44,699|pysph.solver.application|Callbacks:
----------------------------------------------------------------------

INFO|2020-06-22 17:20:44,699|pysph.solver.application|Pre-step callbacks:
[]

INFO|2020-06-22 17:20:44,699|pysph.solver.application|Post-step callbacks:
[]

INFO|2020-06-22 17:20:44,699|pysph.solver.application|Post-stage callbacks:
[]
----------------------------------------------------------------------

INFO|2020-06-22 17:20:44,702|pysph.solver.application|Setup took: 0.26183 secs
INFO|2020-06-22 17:20:44,703|pysph.solver.solver|Writing output at time 0, iteration 0, dt = 0.0003125
INFO|2020-06-22 17:20:46,776|pysph.solver.solver|Writing output at time 0.03125, iteration 100, dt = 0.0003125
INFO|2020-06-22 17:20:48,472|pysph.solver.solver|Writing output at time 0.0625, iteration 200, dt = 0.0003125
INFO|2020-06-22 17:20:50,081|pysph.solver.solver|Writing output at time 0.09375, iteration 300, dt = 0.0003125
INFO|2020-06-22 17:20:51,813|pysph.solver.solver|Writing output at time 0.125, iteration 400, dt = 0.0003125
INFO|2020-06-22 17:20:53,238|pysph.solver.solver|Writing output at time 0.15625, iteration 500, dt = 0.0003125
INFO|2020-06-22 17:20:54,675|pysph.solver.solver|Writing output at time 0.1875, iteration 600, dt = 0.0003125
INFO|2020-06-22 17:20:56,124|pysph.solver.solver|Writing output at time 0.21875, iteration 700, dt = 0.0003125
INFO|2020-06-22 17:20:57,519|pysph.solver.solver|Writing output at time 0.25, iteration 800, dt = 0.0003125
INFO|2020-06-22 17:20:58,944|pysph.solver.solver|Writing output at time 0.28125, iteration 900, dt = 0.0003125
INFO|2020-06-22 17:21:00,380|pysph.solver.solver|Writing output at time 0.3125, iteration 1000, dt = 0.0003125
INFO|2020-06-22 17:21:01,807|pysph.solver.solver|Writing output at time 0.34375, iteration 1100, dt = 0.0003125
INFO|2020-06-22 17:21:03,213|pysph.solver.solver|Writing output at time 0.375, iteration 1200, dt = 0.0003125
INFO|2020-06-22 17:21:04,646|pysph.solver.solver|Writing output at time 0.40625, iteration 1300, dt = 0.0003125
INFO|2020-06-22 17:21:06,125|pysph.solver.solver|Writing output at time 0.4375, iteration 1400, dt = 0.0003125
INFO|2020-06-22 17:21:07,580|pysph.solver.solver|Writing output at time 0.46875, iteration 1500, dt = 0.0003125
INFO|2020-06-22 17:21:09,032|pysph.solver.solver|Writing output at time 0.5, iteration 1600, dt = 0.0003125
INFO|2020-06-22 17:21:10,457|pysph.solver.solver|Writing output at time 0.53125, iteration 1700, dt = 0.0003125
INFO|2020-06-22 17:21:12,076|pysph.solver.solver|Writing output at time 0.5625, iteration 1800, dt = 0.0003125
INFO|2020-06-22 17:21:13,538|pysph.solver.solver|Writing output at time 0.59375, iteration 1900, dt = 0.0003125
INFO|2020-06-22 17:21:14,952|pysph.solver.solver|Writing output at time 0.625, iteration 2000, dt = 0.0003125
INFO|2020-06-22 17:21:16,387|pysph.solver.solver|Writing output at time 0.65625, iteration 2100, dt = 0.0003125
INFO|2020-06-22 17:21:17,864|pysph.solver.solver|Writing output at time 0.6875, iteration 2200, dt = 0.0003125
INFO|2020-06-22 17:21:19,301|pysph.solver.solver|Writing output at time 0.71875, iteration 2300, dt = 0.0003125
INFO|2020-06-22 17:21:20,721|pysph.solver.solver|Writing output at time 0.75, iteration 2400, dt = 0.0003125
INFO|2020-06-22 17:21:22,335|pysph.solver.solver|Writing output at time 0.78125, iteration 2500, dt = 0.0003125
INFO|2020-06-22 17:21:23,852|pysph.solver.solver|Writing output at time 0.8125, iteration 2600, dt = 0.0003125
INFO|2020-06-22 17:21:25,534|pysph.solver.solver|Writing output at time 0.84375, iteration 2700, dt = 0.0003125
INFO|2020-06-22 17:21:27,052|pysph.solver.solver|Writing output at time 0.875, iteration 2800, dt = 0.0003125
INFO|2020-06-22 17:21:29,476|pysph.solver.solver|Writing output at time 0.90625, iteration 2900, dt = 0.0003125
INFO|2020-06-22 17:21:30,902|pysph.solver.solver|Writing output at time 0.9375, iteration 3000, dt = 0.0003125
INFO|2020-06-22 17:21:32,520|pysph.solver.solver|Writing output at time 0.96875, iteration 3100, dt = 0.0003125
INFO|2020-06-22 17:21:33,916|pysph.solver.solver|Writing output at time 1, iteration 3200, dt = 0.0003125
INFO|2020-06-22 17:21:35,299|pysph.solver.solver|Writing output at time 1.03125, iteration 3300, dt = 0.0003125
INFO|2020-06-22 17:21:36,673|pysph.solver.solver|Writing output at time 1.0625, iteration 3400, dt = 0.0003125
INFO|2020-06-22 17:21:38,170|pysph.solver.solver|Writing output at time 1.09375, iteration 3500, dt = 0.0003125
INFO|2020-06-22 17:21:39,523|pysph.solver.solver|Writing output at time 1.125, iteration 3600, dt = 0.0003125
INFO|2020-06-22 17:21:40,966|pysph.solver.solver|Writing output at time 1.15625, iteration 3700, dt = 0.0003125
INFO|2020-06-22 17:21:42,367|pysph.solver.solver|Writing output at time 1.1875, iteration 3800, dt = 0.0003125
INFO|2020-06-22 17:21:43,756|pysph.solver.solver|Writing output at time 1.21875, iteration 3900, dt = 0.0003125
INFO|2020-06-22 17:21:45,162|pysph.solver.solver|Writing output at time 1.25, iteration 4000, dt = 0.0003125
INFO|2020-06-22 17:21:46,535|pysph.solver.solver|Writing output at time 1.28125, iteration 4100, dt = 0.0003125
INFO|2020-06-22 17:21:48,035|pysph.solver.solver|Writing output at time 1.3125, iteration 4200, dt = 0.0003125
INFO|2020-06-22 17:21:49,854|pysph.solver.solver|Writing output at time 1.34375, iteration 4300, dt = 0.0003125
INFO|2020-06-22 17:21:51,326|pysph.solver.solver|Writing output at time 1.375, iteration 4400, dt = 0.0003125
INFO|2020-06-22 17:21:52,738|pysph.solver.solver|Writing output at time 1.40625, iteration 4500, dt = 0.0003125
INFO|2020-06-22 17:21:54,222|pysph.solver.solver|Writing output at time 1.4375, iteration 4600, dt = 0.0003125
INFO|2020-06-22 17:21:55,876|pysph.solver.solver|Writing output at time 1.46875, iteration 4700, dt = 0.0003125
INFO|2020-06-22 17:21:57,539|pysph.solver.solver|Writing output at time 1.5, iteration 4800, dt = 0.0003125
INFO|2020-06-22 17:21:59,068|pysph.solver.solver|Writing output at time 1.53125, iteration 4900, dt = 0.0003125
INFO|2020-06-22 17:22:00,549|pysph.solver.solver|Writing output at time 1.5625, iteration 5000, dt = 0.0003125
INFO|2020-06-22 17:22:02,369|pysph.solver.solver|Writing output at time 1.59375, iteration 5100, dt = 0.0003125
INFO|2020-06-22 17:22:03,775|pysph.solver.solver|Writing output at time 1.625, iteration 5200, dt = 0.0003125
INFO|2020-06-22 17:22:05,434|pysph.solver.solver|Writing output at time 1.65625, iteration 5300, dt = 0.0003125
INFO|2020-06-22 17:22:06,990|pysph.solver.solver|Writing output at time 1.6875, iteration 5400, dt = 0.0003125
INFO|2020-06-22 17:22:08,501|pysph.solver.solver|Writing output at time 1.71875, iteration 5500, dt = 0.0003125
INFO|2020-06-22 17:22:09,997|pysph.solver.solver|Writing output at time 1.75, iteration 5600, dt = 0.0003125
INFO|2020-06-22 17:22:11,475|pysph.solver.solver|Writing output at time 1.78125, iteration 5700, dt = 0.0003125
INFO|2020-06-22 17:22:12,977|pysph.solver.solver|Writing output at time 1.8125, iteration 5800, dt = 0.0003125
INFO|2020-06-22 17:22:14,432|pysph.solver.solver|Writing output at time 1.84375, iteration 5900, dt = 0.0003125
INFO|2020-06-22 17:22:15,905|pysph.solver.solver|Writing output at time 1.875, iteration 6000, dt = 0.0003125
INFO|2020-06-22 17:22:17,357|pysph.solver.solver|Writing output at time 1.90625, iteration 6100, dt = 0.0003125
INFO|2020-06-22 17:22:20,397|pysph.solver.solver|Writing output at time 1.9375, iteration 6200, dt = 0.0003125
INFO|2020-06-22 17:22:22,101|pysph.solver.solver|Writing output at time 1.96875, iteration 6300, dt = 0.0003125
INFO|2020-06-22 17:22:23,583|pysph.solver.solver|Writing output at time 2, iteration 6400, dt = 0.0003125
INFO|2020-06-22 17:22:23,601|pysph.solver.application|Run took: 98.89829 secs
INFO|2020-06-22 17:22:23,660|compyle.ext_module|Precompiled code from: /home/prajwal/.pysph/source/py3.6-linux-x86_64/m_25a958e554d2fd92b4c5823a697fbacd.pyx
