INFO|2020-06-22 17:01:59,030|pysph.solver.application|Started as:
/home/prajwal/pysph/pysph/examples/taylor_green.py --openmp --nx 30 --perturb 0 --pfreq 20 --scheme tvf
INFO|2020-06-22 17:01:59,031|pysph.solver.application|Running on Hope with address 127.0.1.1
INFO|2020-06-22 17:01:59,031|pysph.solver.application|Using OpenMP
INFO|2020-06-22 17:01:59,032|pysph.solver.application|Using OpenMP schedule dynamic,64
INFO|2020-06-22 17:01:59,045|pysph.solver.application|Generating output in /home/prajwal/Desktop/Winter_Project/SLP-Smoothed-Particle-Hydrodynamics/SLP/Taylor Green Vortex/Output/nx_30/perturb_0/taylor_green_output
INFO|2020-06-22 17:01:59,339|compyle.ext_module|Precompiled code from: /home/prajwal/.pysph/source/py3.6-linux-x86_64/m_c0ed600ae9f574f5b672be93b036a7f4.pyx
INFO|2020-06-22 17:01:59,499|pysph.solver.application|Started multiprocessing interface on 0.0.0.0:8800
INFO|2020-06-22 17:01:59,501|pysph.solver.application|----------------------------------------------------------------------
No of particles:
  fluid: 1764
----------------------------------------------------------------------
INFO|2020-06-22 17:01:59,501|pysph.solver.application|Using kernel:
----------------------------------------------------------------------
  QuinticSpline(dim=2)
----------------------------------------------------------------------
INFO|2020-06-22 17:01:59,501|pysph.solver.application|Using nnps:
----------------------------------------------------------------------
  LinkedListNNPS(dim=2)
----------------------------------------------------------------------
INFO|2020-06-22 17:01:59,502|pysph.solver.application|Using integrator:
----------------------------------------------------------------------
  PECIntegrator(fluid=TransportVelocityStep())
----------------------------------------------------------------------
INFO|2020-06-22 17:01:59,506|pysph.solver.application|Using equations:
----------------------------------------------------------------------
[
Group(equations=[
    SummationDensity(dest='fluid', sources=['fluid'])
  ],
  real=False, update_nnps=False, iterate=False, max_iterations=1,
  min_iterations=0, pre=None, post=None),
Group(equations=[
    StateEquation(dest='fluid', sources=None, p0=100.0, rho0=1.0, b=1.0)
  ],
  real=False, update_nnps=False, iterate=False, max_iterations=1,
  min_iterations=0, pre=None, post=None),
Group(equations=[
    MomentumEquationPressureGradient(dest='fluid', sources=['fluid'],
    pb=100.0, gx=0.0, gy=0.0, gz=0.0, tdamp=0.0), 
    MomentumEquationViscosity(dest='fluid', sources=['fluid'], nu=0.01), 
    MomentumEquationArtificialStress(dest='fluid', sources=['fluid'])
  ],
  real=True, update_nnps=False, iterate=False, max_iterations=1,
  min_iterations=0, pre=None, post=None)
]
----------------------------------------------------------------------
INFO|2020-06-22 17:01:59,507|pysph.solver.application|Callbacks:
----------------------------------------------------------------------

INFO|2020-06-22 17:01:59,507|pysph.solver.application|Pre-step callbacks:
[]

INFO|2020-06-22 17:01:59,507|pysph.solver.application|Post-step callbacks:
[]

INFO|2020-06-22 17:01:59,507|pysph.solver.application|Post-stage callbacks:
[]
----------------------------------------------------------------------

INFO|2020-06-22 17:01:59,508|pysph.solver.application|Setup took: 0.49256 secs
INFO|2020-06-22 17:01:59,509|pysph.solver.solver|Writing output at time 0, iteration 0, dt = 0.000757576
INFO|2020-06-22 17:01:59,894|pysph.solver.solver|Writing output at time 0.0151515, iteration 20, dt = 0.000757576
INFO|2020-06-22 17:02:00,128|pysph.solver.solver|Writing output at time 0.030303, iteration 40, dt = 0.000757576
INFO|2020-06-22 17:02:00,398|pysph.solver.solver|Writing output at time 0.0454545, iteration 60, dt = 0.000757576
INFO|2020-06-22 17:02:00,618|pysph.solver.solver|Writing output at time 0.0606061, iteration 80, dt = 0.000757576
INFO|2020-06-22 17:02:00,829|pysph.solver.solver|Writing output at time 0.0757576, iteration 100, dt = 0.000757576
INFO|2020-06-22 17:02:01,103|pysph.solver.solver|Writing output at time 0.0909091, iteration 120, dt = 0.000757576
INFO|2020-06-22 17:02:01,536|pysph.solver.solver|Writing output at time 0.106061, iteration 140, dt = 0.000757576
INFO|2020-06-22 17:02:02,039|pysph.solver.solver|Writing output at time 0.121212, iteration 160, dt = 0.000757576
INFO|2020-06-22 17:02:02,537|pysph.solver.solver|Writing output at time 0.136364, iteration 180, dt = 0.000757576
INFO|2020-06-22 17:02:02,775|pysph.solver.solver|Writing output at time 0.151515, iteration 200, dt = 0.000757576
INFO|2020-06-22 17:02:02,990|pysph.solver.solver|Writing output at time 0.166667, iteration 220, dt = 0.000757576
INFO|2020-06-22 17:02:03,201|pysph.solver.solver|Writing output at time 0.181818, iteration 240, dt = 0.000757576
INFO|2020-06-22 17:02:03,446|pysph.solver.solver|Writing output at time 0.19697, iteration 260, dt = 0.000757576
INFO|2020-06-22 17:02:03,662|pysph.solver.solver|Writing output at time 0.212121, iteration 280, dt = 0.000757576
INFO|2020-06-22 17:02:03,883|pysph.solver.solver|Writing output at time 0.227273, iteration 300, dt = 0.000757576
INFO|2020-06-22 17:02:04,082|pysph.solver.solver|Writing output at time 0.242424, iteration 320, dt = 0.000757576
INFO|2020-06-22 17:02:04,295|pysph.solver.solver|Writing output at time 0.257576, iteration 340, dt = 0.000757576
INFO|2020-06-22 17:02:04,522|pysph.solver.solver|Writing output at time 0.272727, iteration 360, dt = 0.000757576
INFO|2020-06-22 17:02:04,724|pysph.solver.solver|Writing output at time 0.287879, iteration 380, dt = 0.000757576
INFO|2020-06-22 17:02:04,963|pysph.solver.solver|Writing output at time 0.30303, iteration 400, dt = 0.000757576
INFO|2020-06-22 17:02:05,189|pysph.solver.solver|Writing output at time 0.318182, iteration 420, dt = 0.000757576
INFO|2020-06-22 17:02:05,407|pysph.solver.solver|Writing output at time 0.333333, iteration 440, dt = 0.000757576
INFO|2020-06-22 17:02:05,619|pysph.solver.solver|Writing output at time 0.348485, iteration 460, dt = 0.000757576
INFO|2020-06-22 17:02:05,943|pysph.solver.solver|Writing output at time 0.363636, iteration 480, dt = 0.000757576
INFO|2020-06-22 17:02:06,159|pysph.solver.solver|Writing output at time 0.378788, iteration 500, dt = 0.000757576
INFO|2020-06-22 17:02:06,412|pysph.solver.solver|Writing output at time 0.393939, iteration 520, dt = 0.000757576
INFO|2020-06-22 17:02:06,831|pysph.solver.solver|Writing output at time 0.409091, iteration 540, dt = 0.000757576
INFO|2020-06-22 17:02:07,038|pysph.solver.solver|Writing output at time 0.424242, iteration 560, dt = 0.000757576
INFO|2020-06-22 17:02:07,251|pysph.solver.solver|Writing output at time 0.439394, iteration 580, dt = 0.000757576
INFO|2020-06-22 17:02:07,464|pysph.solver.solver|Writing output at time 0.454545, iteration 600, dt = 0.000757576
INFO|2020-06-22 17:02:07,661|pysph.solver.solver|Writing output at time 0.469697, iteration 620, dt = 0.000757576
INFO|2020-06-22 17:02:07,852|pysph.solver.solver|Writing output at time 0.484848, iteration 640, dt = 0.000757576
INFO|2020-06-22 17:02:08,085|pysph.solver.solver|Writing output at time 0.5, iteration 660, dt = 0.000757576
INFO|2020-06-22 17:02:08,292|pysph.solver.solver|Writing output at time 0.515152, iteration 680, dt = 0.000757576
INFO|2020-06-22 17:02:08,495|pysph.solver.solver|Writing output at time 0.530303, iteration 700, dt = 0.000757576
INFO|2020-06-22 17:02:08,708|pysph.solver.solver|Writing output at time 0.545455, iteration 720, dt = 0.000757576
INFO|2020-06-22 17:02:08,918|pysph.solver.solver|Writing output at time 0.560606, iteration 740, dt = 0.000757576
INFO|2020-06-22 17:02:09,133|pysph.solver.solver|Writing output at time 0.575758, iteration 760, dt = 0.000757576
INFO|2020-06-22 17:02:09,368|pysph.solver.solver|Writing output at time 0.590909, iteration 780, dt = 0.000757576
INFO|2020-06-22 17:02:09,611|pysph.solver.solver|Writing output at time 0.606061, iteration 800, dt = 0.000757576
INFO|2020-06-22 17:02:09,817|pysph.solver.solver|Writing output at time 0.621212, iteration 820, dt = 0.000757576
INFO|2020-06-22 17:02:10,032|pysph.solver.solver|Writing output at time 0.636364, iteration 840, dt = 0.000757576
INFO|2020-06-22 17:02:10,236|pysph.solver.solver|Writing output at time 0.651515, iteration 860, dt = 0.000757576
INFO|2020-06-22 17:02:10,448|pysph.solver.solver|Writing output at time 0.666667, iteration 880, dt = 0.000757576
INFO|2020-06-22 17:02:10,654|pysph.solver.solver|Writing output at time 0.681818, iteration 900, dt = 0.000757576
INFO|2020-06-22 17:02:10,858|pysph.solver.solver|Writing output at time 0.69697, iteration 920, dt = 0.000757576
INFO|2020-06-22 17:02:11,075|pysph.solver.solver|Writing output at time 0.712121, iteration 940, dt = 0.000757576
INFO|2020-06-22 17:02:11,293|pysph.solver.solver|Writing output at time 0.727273, iteration 960, dt = 0.000757576
INFO|2020-06-22 17:02:11,508|pysph.solver.solver|Writing output at time 0.742424, iteration 980, dt = 0.000757576
INFO|2020-06-22 17:02:11,710|pysph.solver.solver|Writing output at time 0.757576, iteration 1000, dt = 0.000757576
INFO|2020-06-22 17:02:11,944|pysph.solver.solver|Writing output at time 0.772727, iteration 1020, dt = 0.000757576
INFO|2020-06-22 17:02:12,151|pysph.solver.solver|Writing output at time 0.787879, iteration 1040, dt = 0.000757576
INFO|2020-06-22 17:02:12,370|pysph.solver.solver|Writing output at time 0.80303, iteration 1060, dt = 0.000757576
INFO|2020-06-22 17:02:12,576|pysph.solver.solver|Writing output at time 0.818182, iteration 1080, dt = 0.000757576
INFO|2020-06-22 17:02:12,794|pysph.solver.solver|Writing output at time 0.833333, iteration 1100, dt = 0.000757576
INFO|2020-06-22 17:02:13,006|pysph.solver.solver|Writing output at time 0.848485, iteration 1120, dt = 0.000757576
INFO|2020-06-22 17:02:13,218|pysph.solver.solver|Writing output at time 0.863636, iteration 1140, dt = 0.000757576
INFO|2020-06-22 17:02:13,441|pysph.solver.solver|Writing output at time 0.878788, iteration 1160, dt = 0.000757576
INFO|2020-06-22 17:02:13,662|pysph.solver.solver|Writing output at time 0.893939, iteration 1180, dt = 0.000757576
INFO|2020-06-22 17:02:13,892|pysph.solver.solver|Writing output at time 0.909091, iteration 1200, dt = 0.000757576
INFO|2020-06-22 17:02:14,104|pysph.solver.solver|Writing output at time 0.924242, iteration 1220, dt = 0.000757576
INFO|2020-06-22 17:02:14,353|pysph.solver.solver|Writing output at time 0.939394, iteration 1240, dt = 0.000757576
INFO|2020-06-22 17:02:14,566|pysph.solver.solver|Writing output at time 0.954545, iteration 1260, dt = 0.000757576
INFO|2020-06-22 17:02:14,774|pysph.solver.solver|Writing output at time 0.969697, iteration 1280, dt = 0.000757576
INFO|2020-06-22 17:02:14,990|pysph.solver.solver|Writing output at time 0.984848, iteration 1300, dt = 0.000757576
INFO|2020-06-22 17:02:15,206|pysph.solver.solver|Writing output at time 1, iteration 1320, dt = 0.000757576
INFO|2020-06-22 17:02:15,431|pysph.solver.solver|Writing output at time 1.01515, iteration 1340, dt = 0.000757576
INFO|2020-06-22 17:02:15,648|pysph.solver.solver|Writing output at time 1.0303, iteration 1360, dt = 0.000757576
INFO|2020-06-22 17:02:15,878|pysph.solver.solver|Writing output at time 1.04545, iteration 1380, dt = 0.000757576
INFO|2020-06-22 17:02:16,089|pysph.solver.solver|Writing output at time 1.06061, iteration 1400, dt = 0.000757576
INFO|2020-06-22 17:02:16,316|pysph.solver.solver|Writing output at time 1.07576, iteration 1420, dt = 0.000757576
INFO|2020-06-22 17:02:16,547|pysph.solver.solver|Writing output at time 1.09091, iteration 1440, dt = 0.000757576
INFO|2020-06-22 17:02:16,761|pysph.solver.solver|Writing output at time 1.10606, iteration 1460, dt = 0.000757576
INFO|2020-06-22 17:02:16,995|pysph.solver.solver|Writing output at time 1.12121, iteration 1480, dt = 0.000757576
INFO|2020-06-22 17:02:17,239|pysph.solver.solver|Writing output at time 1.13636, iteration 1500, dt = 0.000757576
INFO|2020-06-22 17:02:17,470|pysph.solver.solver|Writing output at time 1.15152, iteration 1520, dt = 0.000757576
INFO|2020-06-22 17:02:17,684|pysph.solver.solver|Writing output at time 1.16667, iteration 1540, dt = 0.000757576
INFO|2020-06-22 17:02:17,920|pysph.solver.solver|Writing output at time 1.18182, iteration 1560, dt = 0.000757576
INFO|2020-06-22 17:02:18,139|pysph.solver.solver|Writing output at time 1.19697, iteration 1580, dt = 0.000757576
INFO|2020-06-22 17:02:18,365|pysph.solver.solver|Writing output at time 1.21212, iteration 1600, dt = 0.000757576
INFO|2020-06-22 17:02:18,601|pysph.solver.solver|Writing output at time 1.22727, iteration 1620, dt = 0.000757576
INFO|2020-06-22 17:02:18,842|pysph.solver.solver|Writing output at time 1.24242, iteration 1640, dt = 0.000757576
INFO|2020-06-22 17:02:19,060|pysph.solver.solver|Writing output at time 1.25758, iteration 1660, dt = 0.000757576
INFO|2020-06-22 17:02:19,301|pysph.solver.solver|Writing output at time 1.27273, iteration 1680, dt = 0.000757576
INFO|2020-06-22 17:02:19,521|pysph.solver.solver|Writing output at time 1.28788, iteration 1700, dt = 0.000757576
INFO|2020-06-22 17:02:19,738|pysph.solver.solver|Writing output at time 1.30303, iteration 1720, dt = 0.000757576
INFO|2020-06-22 17:02:19,963|pysph.solver.solver|Writing output at time 1.31818, iteration 1740, dt = 0.000757576
INFO|2020-06-22 17:02:20,184|pysph.solver.solver|Writing output at time 1.33333, iteration 1760, dt = 0.000757576
INFO|2020-06-22 17:02:20,500|pysph.solver.solver|Writing output at time 1.34848, iteration 1780, dt = 0.000757576
INFO|2020-06-22 17:02:20,731|pysph.solver.solver|Writing output at time 1.36364, iteration 1800, dt = 0.000757576
INFO|2020-06-22 17:02:20,952|pysph.solver.solver|Writing output at time 1.37879, iteration 1820, dt = 0.000757576
INFO|2020-06-22 17:02:21,167|pysph.solver.solver|Writing output at time 1.39394, iteration 1840, dt = 0.000757576
INFO|2020-06-22 17:02:21,408|pysph.solver.solver|Writing output at time 1.40909, iteration 1860, dt = 0.000757576
INFO|2020-06-22 17:02:21,621|pysph.solver.solver|Writing output at time 1.42424, iteration 1880, dt = 0.000757576
INFO|2020-06-22 17:02:21,878|pysph.solver.solver|Writing output at time 1.43939, iteration 1900, dt = 0.000757576
INFO|2020-06-22 17:02:22,107|pysph.solver.solver|Writing output at time 1.45455, iteration 1920, dt = 0.000757576
INFO|2020-06-22 17:02:22,333|pysph.solver.solver|Writing output at time 1.4697, iteration 1940, dt = 0.000757576
INFO|2020-06-22 17:02:22,556|pysph.solver.solver|Writing output at time 1.48485, iteration 1960, dt = 0.000757576
INFO|2020-06-22 17:02:22,790|pysph.solver.solver|Writing output at time 1.5, iteration 1980, dt = 0.000757576
INFO|2020-06-22 17:02:23,006|pysph.solver.solver|Writing output at time 1.51515, iteration 2000, dt = 0.000757576
INFO|2020-06-22 17:02:23,230|pysph.solver.solver|Writing output at time 1.5303, iteration 2020, dt = 0.000757576
INFO|2020-06-22 17:02:23,491|pysph.solver.solver|Writing output at time 1.54545, iteration 2040, dt = 0.000757576
INFO|2020-06-22 17:02:23,707|pysph.solver.solver|Writing output at time 1.56061, iteration 2060, dt = 0.000757576
INFO|2020-06-22 17:02:23,928|pysph.solver.solver|Writing output at time 1.57576, iteration 2080, dt = 0.000757576
INFO|2020-06-22 17:02:24,152|pysph.solver.solver|Writing output at time 1.59091, iteration 2100, dt = 0.000757576
INFO|2020-06-22 17:02:24,388|pysph.solver.solver|Writing output at time 1.60606, iteration 2120, dt = 0.000757576
INFO|2020-06-22 17:02:24,603|pysph.solver.solver|Writing output at time 1.62121, iteration 2140, dt = 0.000757576
INFO|2020-06-22 17:02:24,832|pysph.solver.solver|Writing output at time 1.63636, iteration 2160, dt = 0.000757576
INFO|2020-06-22 17:02:25,080|pysph.solver.solver|Writing output at time 1.65152, iteration 2180, dt = 0.000757576
INFO|2020-06-22 17:02:25,315|pysph.solver.solver|Writing output at time 1.66667, iteration 2200, dt = 0.000757576
INFO|2020-06-22 17:02:25,558|pysph.solver.solver|Writing output at time 1.68182, iteration 2220, dt = 0.000757576
INFO|2020-06-22 17:02:25,792|pysph.solver.solver|Writing output at time 1.69697, iteration 2240, dt = 0.000757576
INFO|2020-06-22 17:02:26,021|pysph.solver.solver|Writing output at time 1.71212, iteration 2260, dt = 0.000757576
INFO|2020-06-22 17:02:26,256|pysph.solver.solver|Writing output at time 1.72727, iteration 2280, dt = 0.000757576
INFO|2020-06-22 17:02:26,522|pysph.solver.solver|Writing output at time 1.74242, iteration 2300, dt = 0.000757576
INFO|2020-06-22 17:02:26,750|pysph.solver.solver|Writing output at time 1.75758, iteration 2320, dt = 0.000757576
INFO|2020-06-22 17:02:26,979|pysph.solver.solver|Writing output at time 1.77273, iteration 2340, dt = 0.000757576
INFO|2020-06-22 17:02:27,213|pysph.solver.solver|Writing output at time 1.78788, iteration 2360, dt = 0.000757576
INFO|2020-06-22 17:02:27,461|pysph.solver.solver|Writing output at time 1.80303, iteration 2380, dt = 0.000757576
INFO|2020-06-22 17:02:27,712|pysph.solver.solver|Writing output at time 1.81818, iteration 2400, dt = 0.000757576
INFO|2020-06-22 17:02:27,965|pysph.solver.solver|Writing output at time 1.83333, iteration 2420, dt = 0.000757576
INFO|2020-06-22 17:02:28,196|pysph.solver.solver|Writing output at time 1.84848, iteration 2440, dt = 0.000757576
INFO|2020-06-22 17:02:28,470|pysph.solver.solver|Writing output at time 1.86364, iteration 2460, dt = 0.000757576
INFO|2020-06-22 17:02:28,700|pysph.solver.solver|Writing output at time 1.87879, iteration 2480, dt = 0.000757576
INFO|2020-06-22 17:02:28,936|pysph.solver.solver|Writing output at time 1.89394, iteration 2500, dt = 0.000757576
INFO|2020-06-22 17:02:29,185|pysph.solver.solver|Writing output at time 1.90909, iteration 2520, dt = 0.000757576
INFO|2020-06-22 17:02:29,428|pysph.solver.solver|Writing output at time 1.92424, iteration 2540, dt = 0.000757576
INFO|2020-06-22 17:02:29,676|pysph.solver.solver|Writing output at time 1.93939, iteration 2560, dt = 0.000757576
INFO|2020-06-22 17:02:29,897|pysph.solver.solver|Writing output at time 1.95455, iteration 2580, dt = 0.000757576
INFO|2020-06-22 17:02:30,145|pysph.solver.solver|Writing output at time 1.9697, iteration 2600, dt = 0.000757576
INFO|2020-06-22 17:02:30,399|pysph.solver.solver|Writing output at time 1.98485, iteration 2620, dt = 0.000757576
INFO|2020-06-22 17:02:30,616|pysph.solver.solver|Writing output at time 2, iteration 2640, dt = 0.000757576
INFO|2020-06-22 17:02:30,620|pysph.solver.application|Run took: 31.11072 secs
INFO|2020-06-22 17:02:30,682|compyle.ext_module|Precompiled code from: /home/prajwal/.pysph/source/py3.6-linux-x86_64/m_edceb88299a1b4a260df20393e2ac840.pyx
