INFO|2020-06-18 05:03:08,949|pysph.solver.application|Started as:
/home/prajwal/pysph/pysph/examples/taylor_green.py --openmp --nx 30 --pfreq 10
INFO|2020-06-18 05:03:08,949|pysph.solver.application|Running on Hope with address 127.0.1.1
INFO|2020-06-18 05:03:08,949|pysph.solver.application|Using OpenMP
INFO|2020-06-18 05:03:08,949|pysph.solver.application|Using OpenMP schedule dynamic,64
INFO|2020-06-18 05:03:08,954|pysph.solver.application|Generating output in /home/prajwal/Desktop/Winter_Project/SLP-Smoothed-Particle-Hydrodynamics/SLP/taylor_green_output
INFO|2020-06-18 05:03:09,058|compyle.ext_module|Precompiled code from: /home/prajwal/.pysph/source/py3.6-linux-x86_64/m_c0ed600ae9f574f5b672be93b036a7f4.pyx
INFO|2020-06-18 05:03:09,091|pysph.solver.application|Started multiprocessing interface on 0.0.0.0:8800
INFO|2020-06-18 05:03:09,092|pysph.solver.application|----------------------------------------------------------------------
No of particles:
  fluid: 1764
----------------------------------------------------------------------
INFO|2020-06-18 05:03:09,093|pysph.solver.application|Using kernel:
----------------------------------------------------------------------
  QuinticSpline(dim=2)
----------------------------------------------------------------------
INFO|2020-06-18 05:03:09,093|pysph.solver.application|Using nnps:
----------------------------------------------------------------------
  LinkedListNNPS(dim=2)
----------------------------------------------------------------------
INFO|2020-06-18 05:03:09,093|pysph.solver.application|Using integrator:
----------------------------------------------------------------------
  PECIntegrator(fluid=TransportVelocityStep())
----------------------------------------------------------------------
INFO|2020-06-18 05:03:09,094|pysph.solver.application|Using equations:
----------------------------------------------------------------------
[
Group(equations=[
    SummationDensity(dest='fluid', sources=['fluid'])
  ],
  real=False, update_nnps=False, iterate=False, max_iterations=1,
  min_iterations=0, pre=None, post=None),
Group(equations=[
    StateEquation(dest='fluid', sources=None, p0=100.0, rho0=1.0, b=1.0)
  ],
  real=False, update_nnps=False, iterate=False, max_iterations=1,
  min_iterations=0, pre=None, post=None),
Group(equations=[
    MomentumEquationPressureGradient(dest='fluid', sources=['fluid'],
    pb=100.0, gx=0.0, gy=0.0, gz=0.0, tdamp=0.0), 
    MomentumEquationViscosity(dest='fluid', sources=['fluid'], nu=0.01), 
    MomentumEquationArtificialStress(dest='fluid', sources=['fluid'])
  ],
  real=True, update_nnps=False, iterate=False, max_iterations=1,
  min_iterations=0, pre=None, post=None)
]
----------------------------------------------------------------------
INFO|2020-06-18 05:03:09,094|pysph.solver.application|Callbacks:
----------------------------------------------------------------------

INFO|2020-06-18 05:03:09,094|pysph.solver.application|Pre-step callbacks:
[]

INFO|2020-06-18 05:03:09,095|pysph.solver.application|Post-step callbacks:
[]

INFO|2020-06-18 05:03:09,095|pysph.solver.application|Post-stage callbacks:
[]
----------------------------------------------------------------------

INFO|2020-06-18 05:03:09,095|pysph.solver.application|Setup took: 0.14929 secs
INFO|2020-06-18 05:03:09,096|pysph.solver.solver|Writing output at time 0, iteration 0, dt = 0.000757576
INFO|2020-06-18 05:03:09,246|pysph.solver.solver|Writing output at time 0.00757576, iteration 10, dt = 0.000757576
INFO|2020-06-18 05:03:09,389|pysph.solver.solver|Writing output at time 0.0151515, iteration 20, dt = 0.000757576
INFO|2020-06-18 05:03:09,476|pysph.solver.solver|Writing output at time 0.0227273, iteration 30, dt = 0.000757576
INFO|2020-06-18 05:03:09,620|pysph.solver.solver|Writing output at time 0.030303, iteration 40, dt = 0.000757576
INFO|2020-06-18 05:03:09,718|pysph.solver.solver|Writing output at time 0.0378788, iteration 50, dt = 0.000757576
INFO|2020-06-18 05:03:09,807|pysph.solver.solver|Writing output at time 0.0454545, iteration 60, dt = 0.000757576
INFO|2020-06-18 05:03:09,922|pysph.solver.solver|Writing output at time 0.0530303, iteration 70, dt = 0.000757576
INFO|2020-06-18 05:03:10,014|pysph.solver.solver|Writing output at time 0.0606061, iteration 80, dt = 0.000757576
INFO|2020-06-18 05:03:10,116|pysph.solver.solver|Writing output at time 0.0681818, iteration 90, dt = 0.000757576
INFO|2020-06-18 05:03:10,207|pysph.solver.solver|Writing output at time 0.0757576, iteration 100, dt = 0.000757576
INFO|2020-06-18 05:03:10,353|pysph.solver.solver|Writing output at time 0.0833333, iteration 110, dt = 0.000757576
INFO|2020-06-18 05:03:10,443|pysph.solver.solver|Writing output at time 0.0909091, iteration 120, dt = 0.000757576
INFO|2020-06-18 05:03:10,532|pysph.solver.solver|Writing output at time 0.0984848, iteration 130, dt = 0.000757576
INFO|2020-06-18 05:03:10,620|pysph.solver.solver|Writing output at time 0.106061, iteration 140, dt = 0.000757576
INFO|2020-06-18 05:03:10,708|pysph.solver.solver|Writing output at time 0.113636, iteration 150, dt = 0.000757576
INFO|2020-06-18 05:03:10,797|pysph.solver.solver|Writing output at time 0.121212, iteration 160, dt = 0.000757576
INFO|2020-06-18 05:03:10,889|pysph.solver.solver|Writing output at time 0.128788, iteration 170, dt = 0.000757576
INFO|2020-06-18 05:03:10,985|pysph.solver.solver|Writing output at time 0.136364, iteration 180, dt = 0.000757576
INFO|2020-06-18 05:03:11,084|pysph.solver.solver|Writing output at time 0.143939, iteration 190, dt = 0.000757576
INFO|2020-06-18 05:03:11,177|pysph.solver.solver|Writing output at time 0.151515, iteration 200, dt = 0.000757576
INFO|2020-06-18 05:03:11,271|pysph.solver.solver|Writing output at time 0.159091, iteration 210, dt = 0.000757576
INFO|2020-06-18 05:03:11,384|pysph.solver.solver|Writing output at time 0.166667, iteration 220, dt = 0.000757576
INFO|2020-06-18 05:03:11,482|pysph.solver.solver|Writing output at time 0.174242, iteration 230, dt = 0.000757576
INFO|2020-06-18 05:03:11,576|pysph.solver.solver|Writing output at time 0.181818, iteration 240, dt = 0.000757576
INFO|2020-06-18 05:03:11,672|pysph.solver.solver|Writing output at time 0.189394, iteration 250, dt = 0.000757576
INFO|2020-06-18 05:03:11,765|pysph.solver.solver|Writing output at time 0.19697, iteration 260, dt = 0.000757576
INFO|2020-06-18 05:03:11,856|pysph.solver.solver|Writing output at time 0.204545, iteration 270, dt = 0.000757576
INFO|2020-06-18 05:03:11,948|pysph.solver.solver|Writing output at time 0.212121, iteration 280, dt = 0.000757576
INFO|2020-06-18 05:03:12,046|pysph.solver.solver|Writing output at time 0.219697, iteration 290, dt = 0.000757576
INFO|2020-06-18 05:03:12,140|pysph.solver.solver|Writing output at time 0.227273, iteration 300, dt = 0.000757576
INFO|2020-06-18 05:03:12,237|pysph.solver.solver|Writing output at time 0.234848, iteration 310, dt = 0.000757576
INFO|2020-06-18 05:03:12,335|pysph.solver.solver|Writing output at time 0.242424, iteration 320, dt = 0.000757576
INFO|2020-06-18 05:03:12,433|pysph.solver.solver|Writing output at time 0.25, iteration 330, dt = 0.000757576
INFO|2020-06-18 05:03:12,530|pysph.solver.solver|Writing output at time 0.257576, iteration 340, dt = 0.000757576
INFO|2020-06-18 05:03:12,626|pysph.solver.solver|Writing output at time 0.265152, iteration 350, dt = 0.000757576
INFO|2020-06-18 05:03:12,723|pysph.solver.solver|Writing output at time 0.272727, iteration 360, dt = 0.000757576
INFO|2020-06-18 05:03:12,819|pysph.solver.solver|Writing output at time 0.280303, iteration 370, dt = 0.000757576
INFO|2020-06-18 05:03:12,987|pysph.solver.solver|Writing output at time 0.287879, iteration 380, dt = 0.000757576
INFO|2020-06-18 05:03:13,225|pysph.solver.solver|Writing output at time 0.295455, iteration 390, dt = 0.000757576
INFO|2020-06-18 05:03:13,667|pysph.solver.solver|Writing output at time 0.30303, iteration 400, dt = 0.000757576
INFO|2020-06-18 05:03:13,810|pysph.solver.solver|Writing output at time 0.310606, iteration 410, dt = 0.000757576
INFO|2020-06-18 05:03:13,922|pysph.solver.solver|Writing output at time 0.318182, iteration 420, dt = 0.000757576
INFO|2020-06-18 05:03:14,026|pysph.solver.solver|Writing output at time 0.325758, iteration 430, dt = 0.000757576
INFO|2020-06-18 05:03:14,131|pysph.solver.solver|Writing output at time 0.333333, iteration 440, dt = 0.000757576
INFO|2020-06-18 05:03:14,234|pysph.solver.solver|Writing output at time 0.340909, iteration 450, dt = 0.000757576
INFO|2020-06-18 05:03:14,348|pysph.solver.solver|Writing output at time 0.348485, iteration 460, dt = 0.000757576
INFO|2020-06-18 05:03:14,469|pysph.solver.solver|Writing output at time 0.356061, iteration 470, dt = 0.000757576
INFO|2020-06-18 05:03:14,576|pysph.solver.solver|Writing output at time 0.363636, iteration 480, dt = 0.000757576
INFO|2020-06-18 05:03:14,675|pysph.solver.solver|Writing output at time 0.371212, iteration 490, dt = 0.000757576
INFO|2020-06-18 05:03:14,776|pysph.solver.solver|Writing output at time 0.378788, iteration 500, dt = 0.000757576
INFO|2020-06-18 05:03:14,879|pysph.solver.solver|Writing output at time 0.386364, iteration 510, dt = 0.000757576
INFO|2020-06-18 05:03:15,026|pysph.solver.solver|Writing output at time 0.393939, iteration 520, dt = 0.000757576
INFO|2020-06-18 05:03:15,129|pysph.solver.solver|Writing output at time 0.401515, iteration 530, dt = 0.000757576
INFO|2020-06-18 05:03:15,225|pysph.solver.solver|Writing output at time 0.409091, iteration 540, dt = 0.000757576
INFO|2020-06-18 05:03:15,324|pysph.solver.solver|Writing output at time 0.416667, iteration 550, dt = 0.000757576
INFO|2020-06-18 05:03:15,418|pysph.solver.solver|Writing output at time 0.424242, iteration 560, dt = 0.000757576
INFO|2020-06-18 05:03:15,511|pysph.solver.solver|Writing output at time 0.431818, iteration 570, dt = 0.000757576
INFO|2020-06-18 05:03:15,605|pysph.solver.solver|Writing output at time 0.439394, iteration 580, dt = 0.000757576
INFO|2020-06-18 05:03:15,703|pysph.solver.solver|Writing output at time 0.44697, iteration 590, dt = 0.000757576
INFO|2020-06-18 05:03:15,797|pysph.solver.solver|Writing output at time 0.454545, iteration 600, dt = 0.000757576
INFO|2020-06-18 05:03:15,899|pysph.solver.solver|Writing output at time 0.462121, iteration 610, dt = 0.000757576
INFO|2020-06-18 05:03:16,230|pysph.solver.solver|Writing output at time 0.469697, iteration 620, dt = 0.000757576
INFO|2020-06-18 05:03:16,666|pysph.solver.solver|Writing output at time 0.477273, iteration 630, dt = 0.000757576
INFO|2020-06-18 05:03:16,807|pysph.solver.solver|Writing output at time 0.484848, iteration 640, dt = 0.000757576
INFO|2020-06-18 05:03:16,926|pysph.solver.solver|Writing output at time 0.492424, iteration 650, dt = 0.000757576
INFO|2020-06-18 05:03:17,031|pysph.solver.solver|Writing output at time 0.5, iteration 660, dt = 0.000757576
INFO|2020-06-18 05:03:17,204|pysph.solver.solver|Writing output at time 0.507576, iteration 670, dt = 0.000757576
INFO|2020-06-18 05:03:17,314|pysph.solver.solver|Writing output at time 0.515152, iteration 680, dt = 0.000757576
INFO|2020-06-18 05:03:17,411|pysph.solver.solver|Writing output at time 0.522727, iteration 690, dt = 0.000757576
INFO|2020-06-18 05:03:17,539|pysph.solver.solver|Writing output at time 0.530303, iteration 700, dt = 0.000757576
INFO|2020-06-18 05:03:17,639|pysph.solver.solver|Writing output at time 0.537879, iteration 710, dt = 0.000757576
INFO|2020-06-18 05:03:17,890|pysph.solver.solver|Writing output at time 0.545455, iteration 720, dt = 0.000757576
INFO|2020-06-18 05:03:18,077|pysph.solver.solver|Writing output at time 0.55303, iteration 730, dt = 0.000757576
INFO|2020-06-18 05:03:18,233|pysph.solver.solver|Writing output at time 0.560606, iteration 740, dt = 0.000757576
INFO|2020-06-18 05:03:18,415|pysph.solver.solver|Writing output at time 0.568182, iteration 750, dt = 0.000757576
INFO|2020-06-18 05:03:18,864|pysph.solver.solver|Writing output at time 0.575758, iteration 760, dt = 0.000757576
INFO|2020-06-18 05:03:19,333|pysph.solver.solver|Writing output at time 0.583333, iteration 770, dt = 0.000757576
INFO|2020-06-18 05:03:19,458|pysph.solver.solver|Writing output at time 0.590909, iteration 780, dt = 0.000757576
INFO|2020-06-18 05:03:19,629|pysph.solver.solver|Writing output at time 0.598485, iteration 790, dt = 0.000757576
INFO|2020-06-18 05:03:19,756|pysph.solver.solver|Writing output at time 0.606061, iteration 800, dt = 0.000757576
INFO|2020-06-18 05:03:19,882|pysph.solver.solver|Writing output at time 0.613636, iteration 810, dt = 0.000757576
INFO|2020-06-18 05:03:19,982|pysph.solver.solver|Writing output at time 0.621212, iteration 820, dt = 0.000757576
INFO|2020-06-18 05:03:20,195|pysph.solver.solver|Writing output at time 0.628788, iteration 830, dt = 0.000757576
INFO|2020-06-18 05:03:20,582|pysph.solver.solver|Writing output at time 0.636364, iteration 840, dt = 0.000757576
INFO|2020-06-18 05:03:20,792|pysph.solver.solver|Writing output at time 0.643939, iteration 850, dt = 0.000757576
INFO|2020-06-18 05:03:21,036|pysph.solver.solver|Writing output at time 0.651515, iteration 860, dt = 0.000757576
INFO|2020-06-18 05:03:21,227|pysph.solver.solver|Writing output at time 0.659091, iteration 870, dt = 0.000757576
INFO|2020-06-18 05:03:21,594|pysph.solver.solver|Writing output at time 0.666667, iteration 880, dt = 0.000757576
INFO|2020-06-18 05:03:21,782|pysph.solver.solver|Writing output at time 0.674242, iteration 890, dt = 0.000757576
INFO|2020-06-18 05:03:21,900|pysph.solver.solver|Writing output at time 0.681818, iteration 900, dt = 0.000757576
INFO|2020-06-18 05:03:22,003|pysph.solver.solver|Writing output at time 0.689394, iteration 910, dt = 0.000757576
INFO|2020-06-18 05:03:22,146|pysph.solver.solver|Writing output at time 0.69697, iteration 920, dt = 0.000757576
INFO|2020-06-18 05:03:22,348|pysph.solver.solver|Writing output at time 0.704545, iteration 930, dt = 0.000757576
INFO|2020-06-18 05:03:22,709|pysph.solver.solver|Writing output at time 0.712121, iteration 940, dt = 0.000757576
INFO|2020-06-18 05:03:23,077|pysph.solver.solver|Writing output at time 0.719697, iteration 950, dt = 0.000757576
INFO|2020-06-18 05:03:23,198|pysph.solver.solver|Writing output at time 0.727273, iteration 960, dt = 0.000757576
INFO|2020-06-18 05:03:23,550|pysph.solver.solver|Writing output at time 0.734848, iteration 970, dt = 0.000757576
INFO|2020-06-18 05:03:24,002|pysph.solver.solver|Writing output at time 0.742424, iteration 980, dt = 0.000757576
INFO|2020-06-18 05:03:24,128|pysph.solver.solver|Writing output at time 0.75, iteration 990, dt = 0.000757576
INFO|2020-06-18 05:03:24,238|pysph.solver.solver|Writing output at time 0.757576, iteration 1000, dt = 0.000757576
INFO|2020-06-18 05:03:24,384|pysph.solver.solver|Writing output at time 0.765152, iteration 1010, dt = 0.000757576
INFO|2020-06-18 05:03:24,490|pysph.solver.solver|Writing output at time 0.772727, iteration 1020, dt = 0.000757576
INFO|2020-06-18 05:03:24,599|pysph.solver.solver|Writing output at time 0.780303, iteration 1030, dt = 0.000757576
INFO|2020-06-18 05:03:24,708|pysph.solver.solver|Writing output at time 0.787879, iteration 1040, dt = 0.000757576
INFO|2020-06-18 05:03:24,816|pysph.solver.solver|Writing output at time 0.795455, iteration 1050, dt = 0.000757576
INFO|2020-06-18 05:03:24,920|pysph.solver.solver|Writing output at time 0.80303, iteration 1060, dt = 0.000757576
INFO|2020-06-18 05:03:25,371|pysph.solver.solver|Writing output at time 0.810606, iteration 1070, dt = 0.000757576
INFO|2020-06-18 05:03:25,489|pysph.solver.solver|Writing output at time 0.818182, iteration 1080, dt = 0.000757576
INFO|2020-06-18 05:03:25,608|pysph.solver.solver|Writing output at time 0.825758, iteration 1090, dt = 0.000757576
INFO|2020-06-18 05:03:25,722|pysph.solver.solver|Writing output at time 0.833333, iteration 1100, dt = 0.000757576
INFO|2020-06-18 05:03:25,855|pysph.solver.solver|Writing output at time 0.840909, iteration 1110, dt = 0.000757576
INFO|2020-06-18 05:03:26,058|pysph.solver.solver|Writing output at time 0.848485, iteration 1120, dt = 0.000757576
INFO|2020-06-18 05:03:26,204|pysph.solver.solver|Writing output at time 0.856061, iteration 1130, dt = 0.000757576
INFO|2020-06-18 05:03:26,377|pysph.solver.solver|Writing output at time 0.863636, iteration 1140, dt = 0.000757576
INFO|2020-06-18 05:03:26,563|pysph.solver.solver|Writing output at time 0.871212, iteration 1150, dt = 0.000757576
INFO|2020-06-18 05:03:26,678|pysph.solver.solver|Writing output at time 0.878788, iteration 1160, dt = 0.000757576
INFO|2020-06-18 05:03:26,826|pysph.solver.solver|Writing output at time 0.886364, iteration 1170, dt = 0.000757576
INFO|2020-06-18 05:03:26,948|pysph.solver.solver|Writing output at time 0.893939, iteration 1180, dt = 0.000757576
INFO|2020-06-18 05:03:27,086|pysph.solver.solver|Writing output at time 0.901515, iteration 1190, dt = 0.000757576
INFO|2020-06-18 05:03:27,191|pysph.solver.solver|Writing output at time 0.909091, iteration 1200, dt = 0.000757576
INFO|2020-06-18 05:03:27,294|pysph.solver.solver|Writing output at time 0.916667, iteration 1210, dt = 0.000757576
INFO|2020-06-18 05:03:27,413|pysph.solver.solver|Writing output at time 0.924242, iteration 1220, dt = 0.000757576
INFO|2020-06-18 05:03:27,514|pysph.solver.solver|Writing output at time 0.931818, iteration 1230, dt = 0.000757576
INFO|2020-06-18 05:03:27,616|pysph.solver.solver|Writing output at time 0.939394, iteration 1240, dt = 0.000757576
INFO|2020-06-18 05:03:27,716|pysph.solver.solver|Writing output at time 0.94697, iteration 1250, dt = 0.000757576
INFO|2020-06-18 05:03:27,832|pysph.solver.solver|Writing output at time 0.954545, iteration 1260, dt = 0.000757576
INFO|2020-06-18 05:03:28,152|pysph.solver.solver|Writing output at time 0.962121, iteration 1270, dt = 0.000757576
INFO|2020-06-18 05:03:28,358|pysph.solver.solver|Writing output at time 0.969697, iteration 1280, dt = 0.000757576
INFO|2020-06-18 05:03:28,474|pysph.solver.solver|Writing output at time 0.977273, iteration 1290, dt = 0.000757576
INFO|2020-06-18 05:03:28,614|pysph.solver.solver|Writing output at time 0.984848, iteration 1300, dt = 0.000757576
INFO|2020-06-18 05:03:28,751|pysph.solver.solver|Writing output at time 0.992424, iteration 1310, dt = 0.000757576
INFO|2020-06-18 05:03:28,891|pysph.solver.solver|Writing output at time 1, iteration 1320, dt = 0.000757576
INFO|2020-06-18 05:03:29,025|pysph.solver.solver|Writing output at time 1.00758, iteration 1330, dt = 0.000757576
INFO|2020-06-18 05:03:29,152|pysph.solver.solver|Writing output at time 1.01515, iteration 1340, dt = 0.000757576
INFO|2020-06-18 05:03:29,269|pysph.solver.solver|Writing output at time 1.02273, iteration 1350, dt = 0.000757576
INFO|2020-06-18 05:03:29,385|pysph.solver.solver|Writing output at time 1.0303, iteration 1360, dt = 0.000757576
INFO|2020-06-18 05:03:29,494|pysph.solver.solver|Writing output at time 1.03788, iteration 1370, dt = 0.000757576
INFO|2020-06-18 05:03:29,672|pysph.solver.solver|Writing output at time 1.04545, iteration 1380, dt = 0.000757576
INFO|2020-06-18 05:03:29,970|pysph.solver.solver|Writing output at time 1.05303, iteration 1390, dt = 0.000757576
INFO|2020-06-18 05:03:30,234|pysph.solver.solver|Writing output at time 1.06061, iteration 1400, dt = 0.000757576
INFO|2020-06-18 05:03:30,525|pysph.solver.solver|Writing output at time 1.06818, iteration 1410, dt = 0.000757576
INFO|2020-06-18 05:03:30,898|pysph.solver.solver|Writing output at time 1.07576, iteration 1420, dt = 0.000757576
INFO|2020-06-18 05:03:31,131|pysph.solver.solver|Writing output at time 1.08333, iteration 1430, dt = 0.000757576
INFO|2020-06-18 05:03:31,252|pysph.solver.solver|Writing output at time 1.09091, iteration 1440, dt = 0.000757576
INFO|2020-06-18 05:03:31,399|pysph.solver.solver|Writing output at time 1.09848, iteration 1450, dt = 0.000757576
INFO|2020-06-18 05:03:31,549|pysph.solver.solver|Writing output at time 1.10606, iteration 1460, dt = 0.000757576
INFO|2020-06-18 05:03:31,686|pysph.solver.solver|Writing output at time 1.11364, iteration 1470, dt = 0.000757576
INFO|2020-06-18 05:03:31,909|pysph.solver.solver|Writing output at time 1.12121, iteration 1480, dt = 0.000757576
INFO|2020-06-18 05:03:32,307|pysph.solver.solver|Writing output at time 1.12879, iteration 1490, dt = 0.000757576
INFO|2020-06-18 05:03:32,456|pysph.solver.solver|Writing output at time 1.13636, iteration 1500, dt = 0.000757576
INFO|2020-06-18 05:03:32,579|pysph.solver.solver|Writing output at time 1.14394, iteration 1510, dt = 0.000757576
INFO|2020-06-18 05:03:32,696|pysph.solver.solver|Writing output at time 1.15152, iteration 1520, dt = 0.000757576
INFO|2020-06-18 05:03:33,089|pysph.solver.solver|Writing output at time 1.15909, iteration 1530, dt = 0.000757576
INFO|2020-06-18 05:03:33,421|pysph.solver.solver|Writing output at time 1.16667, iteration 1540, dt = 0.000757576
INFO|2020-06-18 05:03:33,549|pysph.solver.solver|Writing output at time 1.17424, iteration 1550, dt = 0.000757576
INFO|2020-06-18 05:03:33,759|pysph.solver.solver|Writing output at time 1.18182, iteration 1560, dt = 0.000757576
INFO|2020-06-18 05:03:33,885|pysph.solver.solver|Writing output at time 1.18939, iteration 1570, dt = 0.000757576
INFO|2020-06-18 05:03:34,006|pysph.solver.solver|Writing output at time 1.19697, iteration 1580, dt = 0.000757576
INFO|2020-06-18 05:03:34,147|pysph.solver.solver|Writing output at time 1.20455, iteration 1590, dt = 0.000757576
INFO|2020-06-18 05:03:34,323|pysph.solver.solver|Writing output at time 1.21212, iteration 1600, dt = 0.000757576
INFO|2020-06-18 05:03:34,486|pysph.solver.solver|Writing output at time 1.2197, iteration 1610, dt = 0.000757576
INFO|2020-06-18 05:03:34,628|pysph.solver.solver|Writing output at time 1.22727, iteration 1620, dt = 0.000757576
INFO|2020-06-18 05:03:34,766|pysph.solver.solver|Writing output at time 1.23485, iteration 1630, dt = 0.000757576
INFO|2020-06-18 05:03:34,900|pysph.solver.solver|Writing output at time 1.24242, iteration 1640, dt = 0.000757576
INFO|2020-06-18 05:03:35,131|pysph.solver.solver|Writing output at time 1.25, iteration 1650, dt = 0.000757576
INFO|2020-06-18 05:03:35,256|pysph.solver.solver|Writing output at time 1.25758, iteration 1660, dt = 0.000757576
INFO|2020-06-18 05:03:35,380|pysph.solver.solver|Writing output at time 1.26515, iteration 1670, dt = 0.000757576
INFO|2020-06-18 05:03:35,514|pysph.solver.solver|Writing output at time 1.27273, iteration 1680, dt = 0.000757576
INFO|2020-06-18 05:03:35,855|pysph.solver.solver|Writing output at time 1.2803, iteration 1690, dt = 0.000757576
INFO|2020-06-18 05:03:36,007|pysph.solver.solver|Writing output at time 1.28788, iteration 1700, dt = 0.000757576
INFO|2020-06-18 05:03:36,138|pysph.solver.solver|Writing output at time 1.29545, iteration 1710, dt = 0.000757576
INFO|2020-06-18 05:03:36,260|pysph.solver.solver|Writing output at time 1.30303, iteration 1720, dt = 0.000757576
INFO|2020-06-18 05:03:36,448|pysph.solver.solver|Writing output at time 1.31061, iteration 1730, dt = 0.000757576
INFO|2020-06-18 05:03:36,572|pysph.solver.solver|Writing output at time 1.31818, iteration 1740, dt = 0.000757576
INFO|2020-06-18 05:03:36,693|pysph.solver.solver|Writing output at time 1.32576, iteration 1750, dt = 0.000757576
INFO|2020-06-18 05:03:36,809|pysph.solver.solver|Writing output at time 1.33333, iteration 1760, dt = 0.000757576
INFO|2020-06-18 05:03:36,938|pysph.solver.solver|Writing output at time 1.34091, iteration 1770, dt = 0.000757576
INFO|2020-06-18 05:03:37,181|pysph.solver.solver|Writing output at time 1.34848, iteration 1780, dt = 0.000757576
INFO|2020-06-18 05:03:37,366|pysph.solver.solver|Writing output at time 1.35606, iteration 1790, dt = 0.000757576
INFO|2020-06-18 05:03:37,507|pysph.solver.solver|Writing output at time 1.36364, iteration 1800, dt = 0.000757576
INFO|2020-06-18 05:03:37,635|pysph.solver.solver|Writing output at time 1.37121, iteration 1810, dt = 0.000757576
INFO|2020-06-18 05:03:37,791|pysph.solver.solver|Writing output at time 1.37879, iteration 1820, dt = 0.000757576
INFO|2020-06-18 05:03:37,923|pysph.solver.solver|Writing output at time 1.38636, iteration 1830, dt = 0.000757576
INFO|2020-06-18 05:03:38,073|pysph.solver.solver|Writing output at time 1.39394, iteration 1840, dt = 0.000757576
INFO|2020-06-18 05:03:38,191|pysph.solver.solver|Writing output at time 1.40152, iteration 1850, dt = 0.000757576
INFO|2020-06-18 05:03:38,313|pysph.solver.solver|Writing output at time 1.40909, iteration 1860, dt = 0.000757576
INFO|2020-06-18 05:03:38,431|pysph.solver.solver|Writing output at time 1.41667, iteration 1870, dt = 0.000757576
INFO|2020-06-18 05:03:38,545|pysph.solver.solver|Writing output at time 1.42424, iteration 1880, dt = 0.000757576
INFO|2020-06-18 05:03:38,665|pysph.solver.solver|Writing output at time 1.43182, iteration 1890, dt = 0.000757576
INFO|2020-06-18 05:03:38,803|pysph.solver.solver|Writing output at time 1.43939, iteration 1900, dt = 0.000757576
INFO|2020-06-18 05:03:39,030|pysph.solver.solver|Writing output at time 1.44697, iteration 1910, dt = 0.000757576
INFO|2020-06-18 05:03:39,181|pysph.solver.solver|Writing output at time 1.45455, iteration 1920, dt = 0.000757576
INFO|2020-06-18 05:03:39,439|pysph.solver.solver|Writing output at time 1.46212, iteration 1930, dt = 0.000757576
INFO|2020-06-18 05:03:39,901|pysph.solver.solver|Writing output at time 1.4697, iteration 1940, dt = 0.000757576
INFO|2020-06-18 05:03:40,373|pysph.solver.solver|Writing output at time 1.47727, iteration 1950, dt = 0.000757576
INFO|2020-06-18 05:03:40,538|pysph.solver.solver|Writing output at time 1.48485, iteration 1960, dt = 0.000757576
INFO|2020-06-18 05:03:40,672|pysph.solver.solver|Writing output at time 1.49242, iteration 1970, dt = 0.000757576
INFO|2020-06-18 05:03:40,785|pysph.solver.solver|Writing output at time 1.5, iteration 1980, dt = 0.000757576
INFO|2020-06-18 05:03:40,914|pysph.solver.solver|Writing output at time 1.50758, iteration 1990, dt = 0.000757576
INFO|2020-06-18 05:03:41,033|pysph.solver.solver|Writing output at time 1.51515, iteration 2000, dt = 0.000757576
INFO|2020-06-18 05:03:41,154|pysph.solver.solver|Writing output at time 1.52273, iteration 2010, dt = 0.000757576
INFO|2020-06-18 05:03:41,268|pysph.solver.solver|Writing output at time 1.5303, iteration 2020, dt = 0.000757576
INFO|2020-06-18 05:03:41,384|pysph.solver.solver|Writing output at time 1.53788, iteration 2030, dt = 0.000757576
INFO|2020-06-18 05:03:41,506|pysph.solver.solver|Writing output at time 1.54545, iteration 2040, dt = 0.000757576
INFO|2020-06-18 05:03:41,629|pysph.solver.solver|Writing output at time 1.55303, iteration 2050, dt = 0.000757576
INFO|2020-06-18 05:03:41,756|pysph.solver.solver|Writing output at time 1.56061, iteration 2060, dt = 0.000757576
INFO|2020-06-18 05:03:41,918|pysph.solver.solver|Writing output at time 1.56818, iteration 2070, dt = 0.000757576
INFO|2020-06-18 05:03:42,195|pysph.solver.solver|Writing output at time 1.57576, iteration 2080, dt = 0.000757576
INFO|2020-06-18 05:03:42,807|pysph.solver.solver|Writing output at time 1.58333, iteration 2090, dt = 0.000757576
INFO|2020-06-18 05:03:43,177|pysph.solver.solver|Writing output at time 1.59091, iteration 2100, dt = 0.000757576
INFO|2020-06-18 05:03:43,309|pysph.solver.solver|Writing output at time 1.59848, iteration 2110, dt = 0.000757576
INFO|2020-06-18 05:03:43,461|pysph.solver.solver|Writing output at time 1.60606, iteration 2120, dt = 0.000757576
INFO|2020-06-18 05:03:43,614|pysph.solver.solver|Writing output at time 1.61364, iteration 2130, dt = 0.000757576
INFO|2020-06-18 05:03:43,751|pysph.solver.solver|Writing output at time 1.62121, iteration 2140, dt = 0.000757576
INFO|2020-06-18 05:03:43,888|pysph.solver.solver|Writing output at time 1.62879, iteration 2150, dt = 0.000757576
INFO|2020-06-18 05:03:44,013|pysph.solver.solver|Writing output at time 1.63636, iteration 2160, dt = 0.000757576
INFO|2020-06-18 05:03:44,143|pysph.solver.solver|Writing output at time 1.64394, iteration 2170, dt = 0.000757576
INFO|2020-06-18 05:03:44,284|pysph.solver.solver|Writing output at time 1.65152, iteration 2180, dt = 0.000757576
INFO|2020-06-18 05:03:44,414|pysph.solver.solver|Writing output at time 1.65909, iteration 2190, dt = 0.000757576
INFO|2020-06-18 05:03:44,537|pysph.solver.solver|Writing output at time 1.66667, iteration 2200, dt = 0.000757576
INFO|2020-06-18 05:03:44,672|pysph.solver.solver|Writing output at time 1.67424, iteration 2210, dt = 0.000757576
INFO|2020-06-18 05:03:44,802|pysph.solver.solver|Writing output at time 1.68182, iteration 2220, dt = 0.000757576
INFO|2020-06-18 05:03:44,936|pysph.solver.solver|Writing output at time 1.68939, iteration 2230, dt = 0.000757576
INFO|2020-06-18 05:03:45,092|pysph.solver.solver|Writing output at time 1.69697, iteration 2240, dt = 0.000757576
INFO|2020-06-18 05:03:45,256|pysph.solver.solver|Writing output at time 1.70455, iteration 2250, dt = 0.000757576
INFO|2020-06-18 05:03:45,384|pysph.solver.solver|Writing output at time 1.71212, iteration 2260, dt = 0.000757576
INFO|2020-06-18 05:03:45,511|pysph.solver.solver|Writing output at time 1.7197, iteration 2270, dt = 0.000757576
INFO|2020-06-18 05:03:45,641|pysph.solver.solver|Writing output at time 1.72727, iteration 2280, dt = 0.000757576
INFO|2020-06-18 05:03:45,769|pysph.solver.solver|Writing output at time 1.73485, iteration 2290, dt = 0.000757576
INFO|2020-06-18 05:03:45,897|pysph.solver.solver|Writing output at time 1.74242, iteration 2300, dt = 0.000757576
INFO|2020-06-18 05:03:46,027|pysph.solver.solver|Writing output at time 1.75, iteration 2310, dt = 0.000757576
INFO|2020-06-18 05:03:46,166|pysph.solver.solver|Writing output at time 1.75758, iteration 2320, dt = 0.000757576
INFO|2020-06-18 05:03:46,321|pysph.solver.solver|Writing output at time 1.76515, iteration 2330, dt = 0.000757576
INFO|2020-06-18 05:03:46,469|pysph.solver.solver|Writing output at time 1.77273, iteration 2340, dt = 0.000757576
INFO|2020-06-18 05:03:46,612|pysph.solver.solver|Writing output at time 1.7803, iteration 2350, dt = 0.000757576
INFO|2020-06-18 05:03:46,767|pysph.solver.solver|Writing output at time 1.78788, iteration 2360, dt = 0.000757576
INFO|2020-06-18 05:03:46,906|pysph.solver.solver|Writing output at time 1.79545, iteration 2370, dt = 0.000757576
INFO|2020-06-18 05:03:47,050|pysph.solver.solver|Writing output at time 1.80303, iteration 2380, dt = 0.000757576
INFO|2020-06-18 05:03:47,186|pysph.solver.solver|Writing output at time 1.81061, iteration 2390, dt = 0.000757576
INFO|2020-06-18 05:03:47,311|pysph.solver.solver|Writing output at time 1.81818, iteration 2400, dt = 0.000757576
INFO|2020-06-18 05:03:47,463|pysph.solver.solver|Writing output at time 1.82576, iteration 2410, dt = 0.000757576
INFO|2020-06-18 05:03:47,600|pysph.solver.solver|Writing output at time 1.83333, iteration 2420, dt = 0.000757576
INFO|2020-06-18 05:03:47,729|pysph.solver.solver|Writing output at time 1.84091, iteration 2430, dt = 0.000757576
INFO|2020-06-18 05:03:47,851|pysph.solver.solver|Writing output at time 1.84848, iteration 2440, dt = 0.000757576
INFO|2020-06-18 05:03:48,098|pysph.solver.solver|Writing output at time 1.85606, iteration 2450, dt = 0.000757576
INFO|2020-06-18 05:03:48,456|pysph.solver.solver|Writing output at time 1.86364, iteration 2460, dt = 0.000757576
INFO|2020-06-18 05:03:48,636|pysph.solver.solver|Writing output at time 1.87121, iteration 2470, dt = 0.000757576
INFO|2020-06-18 05:03:48,782|pysph.solver.solver|Writing output at time 1.87879, iteration 2480, dt = 0.000757576
INFO|2020-06-18 05:03:48,940|pysph.solver.solver|Writing output at time 1.88636, iteration 2490, dt = 0.000757576
INFO|2020-06-18 05:03:49,088|pysph.solver.solver|Writing output at time 1.89394, iteration 2500, dt = 0.000757576
INFO|2020-06-18 05:03:49,242|pysph.solver.solver|Writing output at time 1.90152, iteration 2510, dt = 0.000757576
INFO|2020-06-18 05:03:49,379|pysph.solver.solver|Writing output at time 1.90909, iteration 2520, dt = 0.000757576
INFO|2020-06-18 05:03:49,557|pysph.solver.solver|Writing output at time 1.91667, iteration 2530, dt = 0.000757576
INFO|2020-06-18 05:03:49,700|pysph.solver.solver|Writing output at time 1.92424, iteration 2540, dt = 0.000757576
INFO|2020-06-18 05:03:49,851|pysph.solver.solver|Writing output at time 1.93182, iteration 2550, dt = 0.000757576
INFO|2020-06-18 05:03:50,021|pysph.solver.solver|Writing output at time 1.93939, iteration 2560, dt = 0.000757576
INFO|2020-06-18 05:03:50,157|pysph.solver.solver|Writing output at time 1.94697, iteration 2570, dt = 0.000757576
INFO|2020-06-18 05:03:50,322|pysph.solver.solver|Writing output at time 1.95455, iteration 2580, dt = 0.000757576
INFO|2020-06-18 05:03:50,449|pysph.solver.solver|Writing output at time 1.96212, iteration 2590, dt = 0.000757576
INFO|2020-06-18 05:03:50,590|pysph.solver.solver|Writing output at time 1.9697, iteration 2600, dt = 0.000757576
INFO|2020-06-18 05:03:50,734|pysph.solver.solver|Writing output at time 1.97727, iteration 2610, dt = 0.000757576
INFO|2020-06-18 05:03:50,878|pysph.solver.solver|Writing output at time 1.98485, iteration 2620, dt = 0.000757576
INFO|2020-06-18 05:03:51,024|pysph.solver.solver|Writing output at time 1.99242, iteration 2630, dt = 0.000757576
INFO|2020-06-18 05:03:51,156|pysph.solver.solver|Writing output at time 2, iteration 2640, dt = 0.000757576
INFO|2020-06-18 05:03:51,161|pysph.solver.application|Run took: 42.06607 secs
INFO|2020-06-18 05:03:51,238|compyle.ext_module|Precompiled code from: /home/prajwal/.pysph/source/py3.6-linux-x86_64/m_edceb88299a1b4a260df20393e2ac840.pyx
