INFO|2020-06-20 15:04:51,634|pysph.solver.application|Started as:
/home/prajwal/pysph/pysph/examples/taylor_green.py --openmp --tf 2.0 --perturb 0.2 --scheme tvf
INFO|2020-06-20 15:04:51,635|pysph.solver.application|Running on Hope with address 127.0.1.1
INFO|2020-06-20 15:04:51,635|pysph.solver.application|Using OpenMP
INFO|2020-06-20 15:04:51,635|pysph.solver.application|Using OpenMP schedule dynamic,64
INFO|2020-06-20 15:04:51,653|pysph.solver.application|Generating output in /home/prajwal/Desktop/Winter_Project/SLP-Smoothed-Particle-Hydrodynamics/SLP/Taylor Green Vortex/taylor_green_output
INFO|2020-06-20 15:04:51,740|compyle.ext_module|Precompiled code from: /home/prajwal/.pysph/source/py3.6-linux-x86_64/m_c0ed600ae9f574f5b672be93b036a7f4.pyx
INFO|2020-06-20 15:04:51,824|pysph.solver.application|Started multiprocessing interface on 0.0.0.0:8800
INFO|2020-06-20 15:04:51,825|pysph.solver.application|----------------------------------------------------------------------
No of particles:
  fluid: 3844
----------------------------------------------------------------------
INFO|2020-06-20 15:04:51,825|pysph.solver.application|Using kernel:
----------------------------------------------------------------------
  QuinticSpline(dim=2)
----------------------------------------------------------------------
INFO|2020-06-20 15:04:51,825|pysph.solver.application|Using nnps:
----------------------------------------------------------------------
  LinkedListNNPS(dim=2)
----------------------------------------------------------------------
INFO|2020-06-20 15:04:51,825|pysph.solver.application|Using integrator:
----------------------------------------------------------------------
  PECIntegrator(fluid=TransportVelocityStep())
----------------------------------------------------------------------
INFO|2020-06-20 15:04:51,826|pysph.solver.application|Using equations:
----------------------------------------------------------------------
[
Group(equations=[
    SummationDensity(dest='fluid', sources=['fluid'])
  ],
  real=False, update_nnps=False, iterate=False, max_iterations=1,
  min_iterations=0, pre=None, post=None),
Group(equations=[
    StateEquation(dest='fluid', sources=None, p0=100.0, rho0=1.0, b=1.0)
  ],
  real=False, update_nnps=False, iterate=False, max_iterations=1,
  min_iterations=0, pre=None, post=None),
Group(equations=[
    MomentumEquationPressureGradient(dest='fluid', sources=['fluid'],
    pb=100.0, gx=0.0, gy=0.0, gz=0.0, tdamp=0.0), 
    MomentumEquationViscosity(dest='fluid', sources=['fluid'], nu=0.01), 
    MomentumEquationArtificialStress(dest='fluid', sources=['fluid'])
  ],
  real=True, update_nnps=False, iterate=False, max_iterations=1,
  min_iterations=0, pre=None, post=None)
]
----------------------------------------------------------------------
INFO|2020-06-20 15:04:51,827|pysph.solver.application|Callbacks:
----------------------------------------------------------------------

INFO|2020-06-20 15:04:51,827|pysph.solver.application|Pre-step callbacks:
[]

INFO|2020-06-20 15:04:51,827|pysph.solver.application|Post-step callbacks:
[]

INFO|2020-06-20 15:04:51,827|pysph.solver.application|Post-stage callbacks:
[]
----------------------------------------------------------------------

INFO|2020-06-20 15:04:51,827|pysph.solver.application|Setup took: 0.20316 secs
INFO|2020-06-20 15:04:51,828|pysph.solver.solver|Writing output at time 0, iteration 0, dt = 0.000454545
INFO|2020-06-20 15:04:53,434|pysph.solver.solver|Writing output at time 0.0454545, iteration 100, dt = 0.000454545
INFO|2020-06-20 15:04:54,885|pysph.solver.solver|Writing output at time 0.0909091, iteration 200, dt = 0.000454545
INFO|2020-06-20 15:04:57,311|pysph.solver.solver|Writing output at time 0.136364, iteration 300, dt = 0.000454545
INFO|2020-06-20 15:04:59,137|pysph.solver.solver|Writing output at time 0.181818, iteration 400, dt = 0.000454545
INFO|2020-06-20 15:05:01,095|pysph.solver.solver|Writing output at time 0.227273, iteration 500, dt = 0.000454545
INFO|2020-06-20 15:05:02,784|pysph.solver.solver|Writing output at time 0.272727, iteration 600, dt = 0.000454545
INFO|2020-06-20 15:05:04,490|pysph.solver.solver|Writing output at time 0.318182, iteration 700, dt = 0.000454545
INFO|2020-06-20 15:05:06,153|pysph.solver.solver|Writing output at time 0.363636, iteration 800, dt = 0.000454545
INFO|2020-06-20 15:05:08,095|pysph.solver.solver|Writing output at time 0.409091, iteration 900, dt = 0.000454545
INFO|2020-06-20 15:05:10,238|pysph.solver.solver|Writing output at time 0.454545, iteration 1000, dt = 0.000454545
INFO|2020-06-20 15:05:12,058|pysph.solver.solver|Writing output at time 0.5, iteration 1100, dt = 0.000454545
INFO|2020-06-20 15:05:13,800|pysph.solver.solver|Writing output at time 0.545455, iteration 1200, dt = 0.000454545
INFO|2020-06-20 15:05:15,932|pysph.solver.solver|Writing output at time 0.590909, iteration 1300, dt = 0.000454545
INFO|2020-06-20 15:05:18,507|pysph.solver.solver|Writing output at time 0.636364, iteration 1400, dt = 0.000454545
INFO|2020-06-20 15:05:20,075|pysph.solver.solver|Writing output at time 0.681818, iteration 1500, dt = 0.000454545
INFO|2020-06-20 15:05:21,598|pysph.solver.solver|Writing output at time 0.727273, iteration 1600, dt = 0.000454545
INFO|2020-06-20 15:05:23,436|pysph.solver.solver|Writing output at time 0.772727, iteration 1700, dt = 0.000454545
INFO|2020-06-20 15:05:24,996|pysph.solver.solver|Writing output at time 0.818182, iteration 1800, dt = 0.000454545
INFO|2020-06-20 15:05:26,650|pysph.solver.solver|Writing output at time 0.863636, iteration 1900, dt = 0.000454545
INFO|2020-06-20 15:05:28,349|pysph.solver.solver|Writing output at time 0.909091, iteration 2000, dt = 0.000454545
INFO|2020-06-20 15:05:30,093|pysph.solver.solver|Writing output at time 0.954545, iteration 2100, dt = 0.000454545
INFO|2020-06-20 15:05:31,825|pysph.solver.solver|Writing output at time 1, iteration 2200, dt = 0.000454545
INFO|2020-06-20 15:05:33,656|pysph.solver.solver|Writing output at time 1.04545, iteration 2300, dt = 0.000454545
INFO|2020-06-20 15:05:35,238|pysph.solver.solver|Writing output at time 1.09091, iteration 2400, dt = 0.000454545
INFO|2020-06-20 15:05:36,998|pysph.solver.solver|Writing output at time 1.13636, iteration 2500, dt = 0.000454545
INFO|2020-06-20 15:05:38,732|pysph.solver.solver|Writing output at time 1.18182, iteration 2600, dt = 0.000454545
INFO|2020-06-20 15:05:40,935|pysph.solver.solver|Writing output at time 1.22727, iteration 2700, dt = 0.000454545
INFO|2020-06-20 15:05:42,498|pysph.solver.solver|Writing output at time 1.27273, iteration 2800, dt = 0.000454545
INFO|2020-06-20 15:05:44,645|pysph.solver.solver|Writing output at time 1.31818, iteration 2900, dt = 0.000454545
INFO|2020-06-20 15:05:46,191|pysph.solver.solver|Writing output at time 1.36364, iteration 3000, dt = 0.000454545
INFO|2020-06-20 15:05:47,744|pysph.solver.solver|Writing output at time 1.40909, iteration 3100, dt = 0.000454545
INFO|2020-06-20 15:05:49,373|pysph.solver.solver|Writing output at time 1.45455, iteration 3200, dt = 0.000454545
INFO|2020-06-20 15:05:51,524|pysph.solver.solver|Writing output at time 1.5, iteration 3300, dt = 0.000454545
INFO|2020-06-20 15:05:53,237|pysph.solver.solver|Writing output at time 1.54545, iteration 3400, dt = 0.000454545
INFO|2020-06-20 15:05:55,449|pysph.solver.solver|Writing output at time 1.59091, iteration 3500, dt = 0.000454545
INFO|2020-06-20 15:05:56,980|pysph.solver.solver|Writing output at time 1.63636, iteration 3600, dt = 0.000454545
INFO|2020-06-20 15:05:58,541|pysph.solver.solver|Writing output at time 1.68182, iteration 3700, dt = 0.000454545
INFO|2020-06-20 15:06:00,398|pysph.solver.solver|Writing output at time 1.72727, iteration 3800, dt = 0.000454545
INFO|2020-06-20 15:06:02,336|pysph.solver.solver|Writing output at time 1.77273, iteration 3900, dt = 0.000454545
INFO|2020-06-20 15:06:04,512|pysph.solver.solver|Writing output at time 1.81818, iteration 4000, dt = 0.000454545
INFO|2020-06-20 15:06:06,092|pysph.solver.solver|Writing output at time 1.86364, iteration 4100, dt = 0.000454545
INFO|2020-06-20 15:06:07,850|pysph.solver.solver|Writing output at time 1.90909, iteration 4200, dt = 0.000454545
INFO|2020-06-20 15:06:09,801|pysph.solver.solver|Writing output at time 1.95455, iteration 4300, dt = 0.000454545
INFO|2020-06-20 15:06:11,829|pysph.solver.solver|Writing output at time 2, iteration 4400, dt = 0.000454545
INFO|2020-06-20 15:06:11,843|pysph.solver.application|Run took: 80.01601 secs
INFO|2020-06-20 15:06:12,088|compyle.ext_module|Precompiled code from: /home/prajwal/.pysph/source/py3.6-linux-x86_64/m_edceb88299a1b4a260df20393e2ac840.pyx
