INFO|2020-06-20 15:10:36,044|pysph.solver.application|Started as:
/home/prajwal/pysph/pysph/examples/taylor_green.py --openmp --tf 2.0 --perturb 0.2 --scheme tvf --nx 30 --pfreq 30
INFO|2020-06-20 15:10:36,044|pysph.solver.application|Running on Hope with address 127.0.1.1
INFO|2020-06-20 15:10:36,044|pysph.solver.application|Using OpenMP
INFO|2020-06-20 15:10:36,044|pysph.solver.application|Using OpenMP schedule dynamic,64
INFO|2020-06-20 15:10:36,049|pysph.solver.application|Generating output in /home/prajwal/Desktop/Winter_Project/SLP-Smoothed-Particle-Hydrodynamics/SLP/Taylor Green Vortex/taylor_green_output
INFO|2020-06-20 15:10:36,138|compyle.ext_module|Precompiled code from: /home/prajwal/.pysph/source/py3.6-linux-x86_64/m_c0ed600ae9f574f5b672be93b036a7f4.pyx
INFO|2020-06-20 15:10:36,168|pysph.solver.application|Started multiprocessing interface on 0.0.0.0:8800
INFO|2020-06-20 15:10:36,169|pysph.solver.application|----------------------------------------------------------------------
No of particles:
  fluid: 1764
----------------------------------------------------------------------
INFO|2020-06-20 15:10:36,169|pysph.solver.application|Using kernel:
----------------------------------------------------------------------
  QuinticSpline(dim=2)
----------------------------------------------------------------------
INFO|2020-06-20 15:10:36,169|pysph.solver.application|Using nnps:
----------------------------------------------------------------------
  LinkedListNNPS(dim=2)
----------------------------------------------------------------------
INFO|2020-06-20 15:10:36,169|pysph.solver.application|Using integrator:
----------------------------------------------------------------------
  PECIntegrator(fluid=TransportVelocityStep())
----------------------------------------------------------------------
INFO|2020-06-20 15:10:36,171|pysph.solver.application|Using equations:
----------------------------------------------------------------------
[
Group(equations=[
    SummationDensity(dest='fluid', sources=['fluid'])
  ],
  real=False, update_nnps=False, iterate=False, max_iterations=1,
  min_iterations=0, pre=None, post=None),
Group(equations=[
    StateEquation(dest='fluid', sources=None, p0=100.0, rho0=1.0, b=1.0)
  ],
  real=False, update_nnps=False, iterate=False, max_iterations=1,
  min_iterations=0, pre=None, post=None),
Group(equations=[
    MomentumEquationPressureGradient(dest='fluid', sources=['fluid'],
    pb=100.0, gx=0.0, gy=0.0, gz=0.0, tdamp=0.0), 
    MomentumEquationViscosity(dest='fluid', sources=['fluid'], nu=0.01), 
    MomentumEquationArtificialStress(dest='fluid', sources=['fluid'])
  ],
  real=True, update_nnps=False, iterate=False, max_iterations=1,
  min_iterations=0, pre=None, post=None)
]
----------------------------------------------------------------------
INFO|2020-06-20 15:10:36,171|pysph.solver.application|Callbacks:
----------------------------------------------------------------------

INFO|2020-06-20 15:10:36,171|pysph.solver.application|Pre-step callbacks:
[]

INFO|2020-06-20 15:10:36,171|pysph.solver.application|Post-step callbacks:
[]

INFO|2020-06-20 15:10:36,171|pysph.solver.application|Post-stage callbacks:
[]
----------------------------------------------------------------------

INFO|2020-06-20 15:10:36,171|pysph.solver.application|Setup took: 0.14282 secs
INFO|2020-06-20 15:10:36,172|pysph.solver.solver|Writing output at time 0, iteration 0, dt = 0.000757576
INFO|2020-06-20 15:10:36,455|pysph.solver.solver|Writing output at time 0.0227273, iteration 30, dt = 0.000757576
INFO|2020-06-20 15:10:36,721|pysph.solver.solver|Writing output at time 0.0454545, iteration 60, dt = 0.000757576
INFO|2020-06-20 15:10:36,986|pysph.solver.solver|Writing output at time 0.0681818, iteration 90, dt = 0.000757576
INFO|2020-06-20 15:10:37,271|pysph.solver.solver|Writing output at time 0.0909091, iteration 120, dt = 0.000757576
INFO|2020-06-20 15:10:37,571|pysph.solver.solver|Writing output at time 0.113636, iteration 150, dt = 0.000757576
INFO|2020-06-20 15:10:37,868|pysph.solver.solver|Writing output at time 0.136364, iteration 180, dt = 0.000757576
INFO|2020-06-20 15:10:38,248|pysph.solver.solver|Writing output at time 0.159091, iteration 210, dt = 0.000757576
INFO|2020-06-20 15:10:38,690|pysph.solver.solver|Writing output at time 0.181818, iteration 240, dt = 0.000757576
INFO|2020-06-20 15:10:39,121|pysph.solver.solver|Writing output at time 0.204545, iteration 270, dt = 0.000757576
INFO|2020-06-20 15:10:39,517|pysph.solver.solver|Writing output at time 0.227273, iteration 300, dt = 0.000757576
INFO|2020-06-20 15:10:39,907|pysph.solver.solver|Writing output at time 0.25, iteration 330, dt = 0.000757576
INFO|2020-06-20 15:10:40,230|pysph.solver.solver|Writing output at time 0.272727, iteration 360, dt = 0.000757576
INFO|2020-06-20 15:10:40,530|pysph.solver.solver|Writing output at time 0.295455, iteration 390, dt = 0.000757576
INFO|2020-06-20 15:10:40,815|pysph.solver.solver|Writing output at time 0.318182, iteration 420, dt = 0.000757576
INFO|2020-06-20 15:10:41,151|pysph.solver.solver|Writing output at time 0.340909, iteration 450, dt = 0.000757576
INFO|2020-06-20 15:10:41,440|pysph.solver.solver|Writing output at time 0.363636, iteration 480, dt = 0.000757576
INFO|2020-06-20 15:10:41,721|pysph.solver.solver|Writing output at time 0.386364, iteration 510, dt = 0.000757576
INFO|2020-06-20 15:10:42,180|pysph.solver.solver|Writing output at time 0.409091, iteration 540, dt = 0.000757576
INFO|2020-06-20 15:10:42,555|pysph.solver.solver|Writing output at time 0.431818, iteration 570, dt = 0.000757576
INFO|2020-06-20 15:10:42,925|pysph.solver.solver|Writing output at time 0.454545, iteration 600, dt = 0.000757576
INFO|2020-06-20 15:10:43,252|pysph.solver.solver|Writing output at time 0.477273, iteration 630, dt = 0.000757576
INFO|2020-06-20 15:10:43,612|pysph.solver.solver|Writing output at time 0.5, iteration 660, dt = 0.000757576
INFO|2020-06-20 15:10:43,966|pysph.solver.solver|Writing output at time 0.522727, iteration 690, dt = 0.000757576
INFO|2020-06-20 15:10:44,334|pysph.solver.solver|Writing output at time 0.545455, iteration 720, dt = 0.000757576
INFO|2020-06-20 15:10:45,111|pysph.solver.solver|Writing output at time 0.568182, iteration 750, dt = 0.000757576
INFO|2020-06-20 15:10:45,421|pysph.solver.solver|Writing output at time 0.590909, iteration 780, dt = 0.000757576
INFO|2020-06-20 15:10:45,710|pysph.solver.solver|Writing output at time 0.613636, iteration 810, dt = 0.000757576
INFO|2020-06-20 15:10:45,980|pysph.solver.solver|Writing output at time 0.636364, iteration 840, dt = 0.000757576
INFO|2020-06-20 15:10:46,268|pysph.solver.solver|Writing output at time 0.659091, iteration 870, dt = 0.000757576
INFO|2020-06-20 15:10:46,588|pysph.solver.solver|Writing output at time 0.681818, iteration 900, dt = 0.000757576
INFO|2020-06-20 15:10:46,964|pysph.solver.solver|Writing output at time 0.704545, iteration 930, dt = 0.000757576
INFO|2020-06-20 15:10:47,287|pysph.solver.solver|Writing output at time 0.727273, iteration 960, dt = 0.000757576
INFO|2020-06-20 15:10:47,570|pysph.solver.solver|Writing output at time 0.75, iteration 990, dt = 0.000757576
INFO|2020-06-20 15:10:47,936|pysph.solver.solver|Writing output at time 0.772727, iteration 1020, dt = 0.000757576
INFO|2020-06-20 15:10:48,230|pysph.solver.solver|Writing output at time 0.795455, iteration 1050, dt = 0.000757576
INFO|2020-06-20 15:10:48,507|pysph.solver.solver|Writing output at time 0.818182, iteration 1080, dt = 0.000757576
INFO|2020-06-20 15:10:48,943|pysph.solver.solver|Writing output at time 0.840909, iteration 1110, dt = 0.000757576
INFO|2020-06-20 15:10:49,375|pysph.solver.solver|Writing output at time 0.863636, iteration 1140, dt = 0.000757576
INFO|2020-06-20 15:10:49,791|pysph.solver.solver|Writing output at time 0.886364, iteration 1170, dt = 0.000757576
INFO|2020-06-20 15:10:50,149|pysph.solver.solver|Writing output at time 0.909091, iteration 1200, dt = 0.000757576
INFO|2020-06-20 15:10:50,491|pysph.solver.solver|Writing output at time 0.931818, iteration 1230, dt = 0.000757576
INFO|2020-06-20 15:10:50,795|pysph.solver.solver|Writing output at time 0.954545, iteration 1260, dt = 0.000757576
INFO|2020-06-20 15:10:51,102|pysph.solver.solver|Writing output at time 0.977273, iteration 1290, dt = 0.000757576
INFO|2020-06-20 15:10:51,409|pysph.solver.solver|Writing output at time 1, iteration 1320, dt = 0.000757576
INFO|2020-06-20 15:10:51,723|pysph.solver.solver|Writing output at time 1.02273, iteration 1350, dt = 0.000757576
INFO|2020-06-20 15:10:52,032|pysph.solver.solver|Writing output at time 1.04545, iteration 1380, dt = 0.000757576
INFO|2020-06-20 15:10:52,374|pysph.solver.solver|Writing output at time 1.06818, iteration 1410, dt = 0.000757576
INFO|2020-06-20 15:10:52,697|pysph.solver.solver|Writing output at time 1.09091, iteration 1440, dt = 0.000757576
INFO|2020-06-20 15:10:53,004|pysph.solver.solver|Writing output at time 1.11364, iteration 1470, dt = 0.000757576
INFO|2020-06-20 15:10:53,591|pysph.solver.solver|Writing output at time 1.13636, iteration 1500, dt = 0.000757576
INFO|2020-06-20 15:10:53,961|pysph.solver.solver|Writing output at time 1.15909, iteration 1530, dt = 0.000757576
INFO|2020-06-20 15:10:54,285|pysph.solver.solver|Writing output at time 1.18182, iteration 1560, dt = 0.000757576
INFO|2020-06-20 15:10:54,589|pysph.solver.solver|Writing output at time 1.20455, iteration 1590, dt = 0.000757576
INFO|2020-06-20 15:10:54,971|pysph.solver.solver|Writing output at time 1.22727, iteration 1620, dt = 0.000757576
INFO|2020-06-20 15:10:55,466|pysph.solver.solver|Writing output at time 1.25, iteration 1650, dt = 0.000757576
INFO|2020-06-20 15:10:56,050|pysph.solver.solver|Writing output at time 1.27273, iteration 1680, dt = 0.000757576
INFO|2020-06-20 15:10:56,494|pysph.solver.solver|Writing output at time 1.29545, iteration 1710, dt = 0.000757576
INFO|2020-06-20 15:10:56,780|pysph.solver.solver|Writing output at time 1.31818, iteration 1740, dt = 0.000757576
INFO|2020-06-20 15:10:57,133|pysph.solver.solver|Writing output at time 1.34091, iteration 1770, dt = 0.000757576
INFO|2020-06-20 15:10:57,605|pysph.solver.solver|Writing output at time 1.36364, iteration 1800, dt = 0.000757576
INFO|2020-06-20 15:10:58,034|pysph.solver.solver|Writing output at time 1.38636, iteration 1830, dt = 0.000757576
INFO|2020-06-20 15:10:58,329|pysph.solver.solver|Writing output at time 1.40909, iteration 1860, dt = 0.000757576
INFO|2020-06-20 15:10:58,920|pysph.solver.solver|Writing output at time 1.43182, iteration 1890, dt = 0.000757576
INFO|2020-06-20 15:10:59,225|pysph.solver.solver|Writing output at time 1.45455, iteration 1920, dt = 0.000757576
INFO|2020-06-20 15:10:59,512|pysph.solver.solver|Writing output at time 1.47727, iteration 1950, dt = 0.000757576
INFO|2020-06-20 15:10:59,802|pysph.solver.solver|Writing output at time 1.5, iteration 1980, dt = 0.000757576
INFO|2020-06-20 15:11:00,099|pysph.solver.solver|Writing output at time 1.52273, iteration 2010, dt = 0.000757576
INFO|2020-06-20 15:11:00,612|pysph.solver.solver|Writing output at time 1.54545, iteration 2040, dt = 0.000757576
INFO|2020-06-20 15:11:01,096|pysph.solver.solver|Writing output at time 1.56818, iteration 2070, dt = 0.000757576
INFO|2020-06-20 15:11:01,784|pysph.solver.solver|Writing output at time 1.59091, iteration 2100, dt = 0.000757576
INFO|2020-06-20 15:11:02,091|pysph.solver.solver|Writing output at time 1.61364, iteration 2130, dt = 0.000757576
INFO|2020-06-20 15:11:02,372|pysph.solver.solver|Writing output at time 1.63636, iteration 2160, dt = 0.000757576
INFO|2020-06-20 15:11:02,650|pysph.solver.solver|Writing output at time 1.65909, iteration 2190, dt = 0.000757576
INFO|2020-06-20 15:11:02,928|pysph.solver.solver|Writing output at time 1.68182, iteration 2220, dt = 0.000757576
INFO|2020-06-20 15:11:03,220|pysph.solver.solver|Writing output at time 1.70455, iteration 2250, dt = 0.000757576
INFO|2020-06-20 15:11:03,501|pysph.solver.solver|Writing output at time 1.72727, iteration 2280, dt = 0.000757576
INFO|2020-06-20 15:11:03,786|pysph.solver.solver|Writing output at time 1.75, iteration 2310, dt = 0.000757576
INFO|2020-06-20 15:11:04,065|pysph.solver.solver|Writing output at time 1.77273, iteration 2340, dt = 0.000757576
INFO|2020-06-20 15:11:04,339|pysph.solver.solver|Writing output at time 1.79545, iteration 2370, dt = 0.000757576
INFO|2020-06-20 15:11:04,614|pysph.solver.solver|Writing output at time 1.81818, iteration 2400, dt = 0.000757576
INFO|2020-06-20 15:11:04,899|pysph.solver.solver|Writing output at time 1.84091, iteration 2430, dt = 0.000757576
INFO|2020-06-20 15:11:05,171|pysph.solver.solver|Writing output at time 1.86364, iteration 2460, dt = 0.000757576
INFO|2020-06-20 15:11:05,446|pysph.solver.solver|Writing output at time 1.88636, iteration 2490, dt = 0.000757576
INFO|2020-06-20 15:11:05,719|pysph.solver.solver|Writing output at time 1.90909, iteration 2520, dt = 0.000757576
INFO|2020-06-20 15:11:05,990|pysph.solver.solver|Writing output at time 1.93182, iteration 2550, dt = 0.000757576
INFO|2020-06-20 15:11:06,266|pysph.solver.solver|Writing output at time 1.95455, iteration 2580, dt = 0.000757576
INFO|2020-06-20 15:11:06,537|pysph.solver.solver|Writing output at time 1.97727, iteration 2610, dt = 0.000757576
INFO|2020-06-20 15:11:06,812|pysph.solver.solver|Writing output at time 2, iteration 2640, dt = 0.000757576
INFO|2020-06-20 15:11:06,813|pysph.solver.application|Run took: 30.64140 secs
INFO|2020-06-20 15:11:06,863|compyle.ext_module|Precompiled code from: /home/prajwal/.pysph/source/py3.6-linux-x86_64/m_edceb88299a1b4a260df20393e2ac840.pyx
