INFO|2020-06-22 17:16:29,220|pysph.solver.application|Started as:
/home/prajwal/pysph/pysph/examples/taylor_green.py --openmp --nx 50 --pfreq 100 --perturb 0 --scheme edac
INFO|2020-06-22 17:16:29,220|pysph.solver.application|Running on Hope with address 127.0.1.1
INFO|2020-06-22 17:16:29,220|pysph.solver.application|Using OpenMP
INFO|2020-06-22 17:16:29,220|pysph.solver.application|Using OpenMP schedule dynamic,64
INFO|2020-06-22 17:16:29,226|pysph.solver.application|Generating output in /home/prajwal/Desktop/Winter_Project/SLP-Smoothed-Particle-Hydrodynamics/SLP/Taylor Green Vortex/Output/nx_50/perturb_0/taylor_green_output
INFO|2020-06-22 17:16:29,368|compyle.ext_module|Precompiled code from: /home/prajwal/.pysph/source/py3.6-linux-x86_64/m_52cdc7c45b9f50e09043f401b704c263.pyx
INFO|2020-06-22 17:16:29,402|pysph.solver.application|Started multiprocessing interface on 0.0.0.0:8800
INFO|2020-06-22 17:16:29,403|pysph.solver.application|----------------------------------------------------------------------
No of particles:
  fluid: 3844
----------------------------------------------------------------------
INFO|2020-06-22 17:16:29,403|pysph.solver.application|Using kernel:
----------------------------------------------------------------------
  QuinticSpline(dim=2)
----------------------------------------------------------------------
INFO|2020-06-22 17:16:29,403|pysph.solver.application|Using nnps:
----------------------------------------------------------------------
  LinkedListNNPS(dim=2)
----------------------------------------------------------------------
INFO|2020-06-22 17:16:29,403|pysph.solver.application|Using integrator:
----------------------------------------------------------------------
  PECIntegrator(fluid=EDACTVFStep())
----------------------------------------------------------------------
INFO|2020-06-22 17:16:29,405|pysph.solver.application|Using equations:
----------------------------------------------------------------------
[
Group(equations=[
    SummationDensity(dest='fluid', sources=['fluid']), 
    ComputeAveragePressure(dest='fluid', sources=['fluid'])
  ],
  real=False, update_nnps=False, iterate=False, max_iterations=1,
  min_iterations=0, pre=None, post=None),
Group(equations=[
    MomentumEquationPressureGradient(dest='fluid', sources=['fluid'],
    pb=100.0, gx=0.0, gy=0.0, gz=0.0, tdamp=0.0), 
    MomentumEquationViscosity(dest='fluid', sources=['fluid'], nu=0.01), 
    MomentumEquationArtificialStress(dest='fluid', sources=['fluid']), 
    EDACEquation(dest='fluid', sources=['fluid'], cs=10.0, nu=0.0125,
    rho0=1.0)
  ],
  real=True, update_nnps=False, iterate=False, max_iterations=1,
  min_iterations=0, pre=None, post=None)
]
----------------------------------------------------------------------
INFO|2020-06-22 17:16:29,405|pysph.solver.application|Callbacks:
----------------------------------------------------------------------

INFO|2020-06-22 17:16:29,405|pysph.solver.application|Pre-step callbacks:
[]

INFO|2020-06-22 17:16:29,405|pysph.solver.application|Post-step callbacks:
[]

INFO|2020-06-22 17:16:29,405|pysph.solver.application|Post-stage callbacks:
[]
----------------------------------------------------------------------

INFO|2020-06-22 17:16:29,405|pysph.solver.application|Setup took: 0.18965 secs
INFO|2020-06-22 17:16:29,406|pysph.solver.solver|Writing output at time 0, iteration 0, dt = 0.000454545
INFO|2020-06-22 17:16:31,679|pysph.solver.solver|Writing output at time 0.0454545, iteration 100, dt = 0.000454545
INFO|2020-06-22 17:16:34,027|pysph.solver.solver|Writing output at time 0.0909091, iteration 200, dt = 0.000454545
INFO|2020-06-22 17:16:36,362|pysph.solver.solver|Writing output at time 0.136364, iteration 300, dt = 0.000454545
INFO|2020-06-22 17:16:38,751|pysph.solver.solver|Writing output at time 0.181818, iteration 400, dt = 0.000454545
INFO|2020-06-22 17:16:40,960|pysph.solver.solver|Writing output at time 0.227273, iteration 500, dt = 0.000454545
INFO|2020-06-22 17:16:43,176|pysph.solver.solver|Writing output at time 0.272727, iteration 600, dt = 0.000454545
INFO|2020-06-22 17:16:45,423|pysph.solver.solver|Writing output at time 0.318182, iteration 700, dt = 0.000454545
INFO|2020-06-22 17:16:47,590|pysph.solver.solver|Writing output at time 0.363636, iteration 800, dt = 0.000454545
INFO|2020-06-22 17:16:49,784|pysph.solver.solver|Writing output at time 0.409091, iteration 900, dt = 0.000454545
INFO|2020-06-22 17:16:51,991|pysph.solver.solver|Writing output at time 0.454545, iteration 1000, dt = 0.000454545
INFO|2020-06-22 17:16:54,234|pysph.solver.solver|Writing output at time 0.5, iteration 1100, dt = 0.000454545
INFO|2020-06-22 17:16:56,443|pysph.solver.solver|Writing output at time 0.545455, iteration 1200, dt = 0.000454545
INFO|2020-06-22 17:16:58,576|pysph.solver.solver|Writing output at time 0.590909, iteration 1300, dt = 0.000454545
INFO|2020-06-22 17:17:00,811|pysph.solver.solver|Writing output at time 0.636364, iteration 1400, dt = 0.000454545
INFO|2020-06-22 17:17:02,996|pysph.solver.solver|Writing output at time 0.681818, iteration 1500, dt = 0.000454545
INFO|2020-06-22 17:17:05,293|pysph.solver.solver|Writing output at time 0.727273, iteration 1600, dt = 0.000454545
INFO|2020-06-22 17:17:07,446|pysph.solver.solver|Writing output at time 0.772727, iteration 1700, dt = 0.000454545
INFO|2020-06-22 17:17:09,619|pysph.solver.solver|Writing output at time 0.818182, iteration 1800, dt = 0.000454545
INFO|2020-06-22 17:17:11,788|pysph.solver.solver|Writing output at time 0.863636, iteration 1900, dt = 0.000454545
INFO|2020-06-22 17:17:14,035|pysph.solver.solver|Writing output at time 0.909091, iteration 2000, dt = 0.000454545
INFO|2020-06-22 17:17:16,225|pysph.solver.solver|Writing output at time 0.954545, iteration 2100, dt = 0.000454545
INFO|2020-06-22 17:17:18,439|pysph.solver.solver|Writing output at time 1, iteration 2200, dt = 0.000454545
INFO|2020-06-22 17:17:20,632|pysph.solver.solver|Writing output at time 1.04545, iteration 2300, dt = 0.000454545
INFO|2020-06-22 17:17:24,651|pysph.solver.solver|Writing output at time 1.09091, iteration 2400, dt = 0.000454545
INFO|2020-06-22 17:17:33,438|pysph.solver.solver|Writing output at time 1.13636, iteration 2500, dt = 0.000454545
INFO|2020-06-22 17:17:39,261|pysph.solver.solver|Writing output at time 1.18182, iteration 2600, dt = 0.000454545
INFO|2020-06-22 17:17:42,179|pysph.solver.solver|Writing output at time 1.22727, iteration 2700, dt = 0.000454545
INFO|2020-06-22 17:17:45,813|pysph.solver.solver|Writing output at time 1.27273, iteration 2800, dt = 0.000454545
INFO|2020-06-22 17:17:51,424|pysph.solver.solver|Writing output at time 1.31818, iteration 2900, dt = 0.000454545
INFO|2020-06-22 17:17:56,796|pysph.solver.solver|Writing output at time 1.36364, iteration 3000, dt = 0.000454545
INFO|2020-06-22 17:18:00,546|pysph.solver.solver|Writing output at time 1.40909, iteration 3100, dt = 0.000454545
INFO|2020-06-22 17:18:05,396|pysph.solver.solver|Writing output at time 1.45455, iteration 3200, dt = 0.000454545
INFO|2020-06-22 17:18:10,041|pysph.solver.solver|Writing output at time 1.5, iteration 3300, dt = 0.000454545
INFO|2020-06-22 17:18:12,801|pysph.solver.solver|Writing output at time 1.54545, iteration 3400, dt = 0.000454545
INFO|2020-06-22 17:18:15,089|pysph.solver.solver|Writing output at time 1.59091, iteration 3500, dt = 0.000454545
INFO|2020-06-22 17:18:17,502|pysph.solver.solver|Writing output at time 1.63636, iteration 3600, dt = 0.000454545
INFO|2020-06-22 17:18:19,744|pysph.solver.solver|Writing output at time 1.68182, iteration 3700, dt = 0.000454545
INFO|2020-06-22 17:18:22,097|pysph.solver.solver|Writing output at time 1.72727, iteration 3800, dt = 0.000454545
INFO|2020-06-22 17:18:24,665|pysph.solver.solver|Writing output at time 1.77273, iteration 3900, dt = 0.000454545
INFO|2020-06-22 17:18:26,901|pysph.solver.solver|Writing output at time 1.81818, iteration 4000, dt = 0.000454545
INFO|2020-06-22 17:18:29,487|pysph.solver.solver|Writing output at time 1.86364, iteration 4100, dt = 0.000454545
INFO|2020-06-22 17:18:31,699|pysph.solver.solver|Writing output at time 1.90909, iteration 4200, dt = 0.000454545
INFO|2020-06-22 17:18:34,047|pysph.solver.solver|Writing output at time 1.95455, iteration 4300, dt = 0.000454545
INFO|2020-06-22 17:18:36,388|pysph.solver.solver|Writing output at time 2, iteration 4400, dt = 0.000454545
INFO|2020-06-22 17:18:36,402|pysph.solver.application|Run took: 126.99626 secs
